2024-08-15 08:09:52.010 : SN 7115 : Sent: m0x   To: /dev/tty.usbserial-B003BNDC   Received: m0,255
2024-08-15 08:09:52.041 : SN 7115 : Sent: m1x   To: /dev/tty.usbserial-B003BNDC   Received: m1,255
2024-08-15 08:09:52.073 : SN 7115 : Sent: m2x   To: /dev/tty.usbserial-B003BNDC   Received: m2,255
2024-08-15 08:09:52.090 : SN 7115 : Sent: Lvx   To: /dev/tty.usbserial-B003BNDC   Received: Lv,2
2024-08-15 08:09:52.093 : SN 7115 : ContCheck(Yx)
2024-08-15 08:09:52.121 : SN 7115 : Sent: Yx   To: /dev/tty.usbserial-B003BNDC   Received: Yrcpu
2024-08-15 08:09:52.185 : SN 7115 : Sent: A5x   To: /dev/tty.usbserial-B003BNDC   Received: A5,0,d
2024-08-15 08:09:52.250 : SN 7115 : Sent: LIx   To: /dev/tty.usbserial-B003BNDC   Received: LI,0000000000s,0000000255m,0000000000s,0000000214m,00000000.00m,
2024-08-15 08:09:52.281 : SN 7115 : Sent: Lmx   To: /dev/tty.usbserial-B003BNDC   Received: LM,3
2024-08-15 08:09:52.313 : SN 7115 : Sent: LZx   To: /dev/tty.usbserial-B003BNDC   Received: LZ,0001048576
2024-08-15 08:09:52.345 : SN 7115 : Sent: L1x   To: /dev/tty.usbserial-B003BNDC   Received: L1,0000000000
2024-08-15 08:09:52.377 : SN 7115 : Sent: Lcx   To: /dev/tty.usbserial-B003BNDC   Received: Lc,00-01-01 1 00:00:00
2024-08-15 08:09:52.383 : SN 7115 : Real Time Clock difference: 777024592
2024-08-15 08:09:52.409 : SN 7115 : Sent: Ldx   To: /dev/tty.usbserial-B003BNDC   Received: Ld,1
2024-08-15 08:09:52.441 : SN 7115 : Sent: LD1x   To: /dev/tty.usbserial-B003BNDC   Received: Ld,1
2024-08-15 08:09:52.457 : SN 7115 : Sent: Ldx   To: /dev/tty.usbserial-B003BNDC   Received: Ld,1
2024-08-15 08:09:52.488 : SN 7115 : CheckLockVisibility()
2024-08-15 08:09:52.537 : SN 7115 : Sent: Ix   To: /dev/tty.usbserial-B003BNDC   Received: 0000000000s,0000000000s,00000000.00m,00000000.00m
2024-08-15 08:09:52.541 : SN 7115 : ParseReportInterval response: 0000000000s,0000000000s,00000000.00m,00000000.00m
2024-08-15 08:09:52.550 : SN 7115 : GetVersion result: i,00000004,00000006,00000082,00007115
2024-08-15 08:09:52.550 : SN 7115 : Reading Interval Settings: 0000000000s,0000000000s,00000000.00m,00000000.00m
2024-08-15 08:09:52.585 : SN 7115 : Sent: rx   To: /dev/tty.usbserial-B003BNDC   Received: r, 09.18m,0000019641Hz,0000000000c,0000000.000s, 023.5C
2024-08-15 08:11:49.006 : SN 7115 : Sent: LIx   To: /dev/tty.usbserial-B003BNDC   Received: LI,0000000000s,0000000255m,0000000000s,0000000214m,00000000.00m,
2024-08-15 08:11:49.102 : SN 7115 : Sent: Lmx   To: /dev/tty.usbserial-B003BNDC   Received: LM,3
2024-08-15 08:11:49.134 : SN 7115 : Sent: LZx   To: /dev/tty.usbserial-B003BNDC   Received: LZ,0001048576
2024-08-15 08:11:49.166 : SN 7115 : Sent: L1x   To: /dev/tty.usbserial-B003BNDC   Received: L1,0000000000
2024-08-15 08:11:49.198 : SN 7115 : Sent: Lcx   To: /dev/tty.usbserial-B003BNDC   Received: Lc,00-01-01 1 00:00:55
2024-08-15 08:11:49.203 : SN 7115 : Real Time Clock difference: 777024654
2024-08-15 08:11:49.230 : SN 7115 : Sent: Ldx   To: /dev/tty.usbserial-B003BNDC   Received: Ld,1
2024-08-15 08:11:49.262 : SN 7115 : Sent: L1x   To: /dev/tty.usbserial-B003BNDC   Received: L1,0000000000
2024-08-15 08:11:49.294 : SN 7115 : Sent: L1x   To: /dev/tty.usbserial-B003BNDC   Received: L1,0000000000
2024-08-15 08:13:03.502 : SN 7115 : Setting unit clock...
2024-08-15 08:13:03.555 : SN 7115 : Sent: LC24-08-15 5 08:13:03x   To: /dev/tty.usbserial-B003BNDC   Received: LC,24-08-15 5 08:13:03
2024-08-15 08:13:15.578 : SN 7115 : Sent: LIx   To: /dev/tty.usbserial-B003BNDC   Received: LI,0000000000s,0000000255m,0000000000s,0000000214m,00000000.00m,
2024-08-15 08:13:15.642 : SN 7115 : Sent: Lmx   To: /dev/tty.usbserial-B003BNDC   Received: LM,3
2024-08-15 08:13:15.674 : SN 7115 : Sent: LZx   To: /dev/tty.usbserial-B003BNDC   Received: LZ,0001048576
2024-08-15 08:13:15.706 : SN 7115 : Sent: L1x   To: /dev/tty.usbserial-B003BNDC   Received: L1,0000000000
2024-08-15 08:13:15.738 : SN 7115 : Sent: Lcx   To: /dev/tty.usbserial-B003BNDC   Received: Lc,24-08-15 5 08:13:15
2024-08-15 08:13:15.741 : SN 7115 : Real Time Clock difference: 0
2024-08-15 08:13:15.770 : SN 7115 : Sent: Ldx   To: /dev/tty.usbserial-B003BNDC   Received: Ld,1
2024-09-09 11:06:46.144 : SN 7115 : Sent: m0x   To: /dev/tty.usbserial-B003BNDC   Received: m0,255
2024-09-09 11:06:46.176 : SN 7115 : Sent: m1x   To: /dev/tty.usbserial-B003BNDC   Received: m1,255
2024-09-09 11:06:46.209 : SN 7115 : Sent: m2x   To: /dev/tty.usbserial-B003BNDC   Received: m2,255
2024-09-09 11:06:46.224 : SN 7115 : Sent: Lvx   To: /dev/tty.usbserial-B003BNDC   Received: Lv,2
2024-09-09 11:06:46.228 : SN 7115 : ContCheck(Yx)
2024-09-09 11:06:46.256 : SN 7115 : Sent: Yx   To: /dev/tty.usbserial-B003BNDC   Received: Yrcpu
2024-09-09 11:06:46.321 : SN 7115 : Sent: A5x   To: /dev/tty.usbserial-B003BNDC   Received: A5,0,d
2024-09-09 11:06:46.384 : SN 7115 : Sent: LIx   To: /dev/tty.usbserial-B003BNDC   Received: LI,0000000000s,0000000255m,0000000000s,0000000198m,00000000.00m,
2024-09-09 11:06:46.416 : SN 7115 : Sent: Lmx   To: /dev/tty.usbserial-B003BNDC   Received: LM,3
2024-09-09 11:06:46.448 : SN 7115 : Sent: LZx   To: /dev/tty.usbserial-B003BNDC   Received: LZ,0001048576
2024-09-09 11:06:46.480 : SN 7115 : Sent: L1x   To: /dev/tty.usbserial-B003BNDC   Received: L1,0000007237
2024-09-09 11:06:46.512 : SN 7115 : Sent: L1x   To: /dev/tty.usbserial-B003BNDC   Received: L1,0000007237
2024-09-09 11:06:46.560 : SN 7115 : Sent: L40000007236x   To: /dev/tty.usbserial-B003BNDC   Received: L4,24-09-09 2 11:05:05,07.66, 016.7C,226,1
2024-09-09 11:06:46.592 : SN 7115 : Sent: Lcx   To: /dev/tty.usbserial-B003BNDC   Received: Lc,24-09-09 2 11:06:49
2024-09-09 11:06:46.595 : SN 7115 : Real Time Clock difference: 2
2024-09-09 11:06:46.608 : SN 7115 : Sent: Ldx   To: /dev/tty.usbserial-B003BNDC   Received: Ld,1
2024-09-09 11:06:46.640 : SN 7115 : Sent: LD1x   To: /dev/tty.usbserial-B003BNDC   Received: Ld,1
2024-09-09 11:06:46.656 : SN 7115 : Sent: Ldx   To: /dev/tty.usbserial-B003BNDC   Received: Ld,1
2024-09-09 11:06:46.691 : SN 7115 : CheckLockVisibility()
2024-09-09 11:06:46.736 : SN 7115 : Sent: Ix   To: /dev/tty.usbserial-B003BNDC   Received: 0000000000s,0000000000s,00000000.00m,00000000.00m
2024-09-09 11:06:46.740 : SN 7115 : ParseReportInterval response: 0000000000s,0000000000s,00000000.00m,00000000.00m
2024-09-09 11:06:46.748 : SN 7115 : GetVersion result: i,00000004,00000006,00000082,00007115
2024-09-09 11:06:46.748 : SN 7115 : Reading Interval Settings: 0000000000s,0000000000s,00000000.00m,00000000.00m
2024-09-09 11:06:46.784 : SN 7115 : Sent: rx   To: /dev/tty.usbserial-B003BNDC   Received: r, 14.55m,0000000101Hz,0000003318c,0000000.007s, 016.4C
2024-09-09 11:06:56.979 : SN 7115 : Sent: LIx   To: /dev/tty.usbserial-B003BNDC   Received: LI,0000000000s,0000000255m,0000000000s,0000000198m,00000000.00m,
2024-09-09 11:06:57.059 : SN 7115 : Sent: Lmx   To: /dev/tty.usbserial-B003BNDC   Received: LM,3
2024-09-09 11:06:57.091 : SN 7115 : Sent: LZx   To: /dev/tty.usbserial-B003BNDC   Received: LZ,0001048576
2024-09-09 11:06:57.123 : SN 7115 : Sent: L1x   To: /dev/tty.usbserial-B003BNDC   Received: L1,0000007237
2024-09-09 11:06:57.155 : SN 7115 : Sent: L1x   To: /dev/tty.usbserial-B003BNDC   Received: L1,0000007237
2024-09-09 11:06:57.203 : SN 7115 : Sent: L40000007236x   To: /dev/tty.usbserial-B003BNDC   Received: L4,24-09-09 2 11:05:05,07.66, 016.7C,226,1
2024-09-09 11:06:57.235 : SN 7115 : Sent: Lcx   To: /dev/tty.usbserial-B003BNDC   Received: Lc,24-09-09 2 11:07:00
2024-09-09 11:06:57.241 : SN 7115 : Real Time Clock difference: 2
2024-09-09 11:06:57.267 : SN 7115 : Sent: Ldx   To: /dev/tty.usbserial-B003BNDC   Received: Ld,1
2024-09-09 11:06:57.299 : SN 7115 : Sent: L1x   To: /dev/tty.usbserial-B003BNDC   Received: L1,0000007237
2024-09-09 11:06:57.331 : SN 7115 : Sent: L1x   To: /dev/tty.usbserial-B003BNDC   Received: L1,0000007237
2024-09-09 11:06:57.379 : SN 7115 : Sent: L40000000000x   To: /dev/tty.usbserial-B003BNDC   Received: L4,24-08-15 5 08:19:06,08.52, 024.4C,236,0
2024-09-09 11:07:02.813 : SN 7115 : Setting unit clock...
2024-09-09 11:07:02.867 : SN 7115 : Sent: LC24-09-09 2 11:07:02x   To: /dev/tty.usbserial-B003BNDC   Received: LC,24-09-09 2 11:07:02
2024-09-09 11:07:07.763 : SN 7115 : Sent: LIx   To: /dev/tty.usbserial-B003BNDC   Received: LI,0000000000s,0000000255m,0000000000s,0000000198m,00000000.00m,
2024-09-09 11:07:07.843 : SN 7115 : Sent: Lmx   To: /dev/tty.usbserial-B003BNDC   Received: LM,3
2024-09-09 11:07:07.875 : SN 7115 : Sent: LZx   To: /dev/tty.usbserial-B003BNDC   Received: LZ,0001048576
2024-09-09 11:07:07.907 : SN 7115 : Sent: L1x   To: /dev/tty.usbserial-B003BNDC   Received: L1,0000007237
2024-09-09 11:07:07.939 : SN 7115 : Sent: L1x   To: /dev/tty.usbserial-B003BNDC   Received: L1,0000007237
2024-09-09 11:07:07.987 : SN 7115 : Sent: L40000007236x   To: /dev/tty.usbserial-B003BNDC   Received: L4,24-09-09 2 11:05:05,07.66, 016.7C,226,1
2024-09-09 11:07:08.035 : SN 7115 : Sent: Lcx   To: /dev/tty.usbserial-B003BNDC   Received: Lc,24-09-09 2 11:07:07
2024-09-09 11:07:08.040 : SN 7115 : Real Time Clock difference: 1
2024-09-09 11:07:08.067 : SN 7115 : Sent: Ldx   To: /dev/tty.usbserial-B003BNDC   Received: Ld,1
2024-09-09 11:07:15.218 : SN 7115 : DL Trigger mode button changed.
2024-09-09 11:07:15.263 : SN 7115 : Sent: Lmx   To: /dev/tty.usbserial-B003BNDC   Received: LM,3
2024-09-09 11:07:15.295 : SN 7115 : Sent: LM2x   To: /dev/tty.usbserial-B003BNDC   Received: LM,2
2024-09-09 11:07:15.299 : SN 7115 : Set trigger mode to value 2
2024-09-09 11:07:23.158 : SN 7115 : Sent: LPM0000000005x   To: /dev/tty.usbserial-B003BNDC   Received: LP,M0000000000s,0000000005m,0000000000s,0000000005m,00000000.00m,
2024-09-09 11:07:31.523 : SN 7115 : Sent: m0x   To: /dev/tty.usbserial-B003BNDC   Received: m0,255
2024-09-09 11:07:31.555 : SN 7115 : Sent: m1x   To: /dev/tty.usbserial-B003BNDC   Received: m1,255
2024-09-09 11:07:31.587 : SN 7115 : Sent: m2x   To: /dev/tty.usbserial-B003BNDC   Received: m2,255
2024-09-09 11:07:31.620 : SN 7115 : Sent: Lvx   To: /dev/tty.usbserial-B003BNDC   Received: Lv,2
2024-09-09 11:07:31.623 : SN 7115 : ContCheck(Yx)
2024-09-09 11:07:31.651 : SN 7115 : Sent: Yx   To: /dev/tty.usbserial-B003BNDC   Received: Yrcpu
2024-09-09 11:07:31.683 : SN 7115 : Sent: A5x   To: /dev/tty.usbserial-B003BNDC   Received: A5,0,d
2024-09-09 11:07:31.731 : SN 7115 : Sent: LIx   To: /dev/tty.usbserial-B003BNDC   Received: LI,0000000000s,0000000005m,0000000000s,0000000005m,00000000.00m,
2024-09-09 11:07:31.763 : SN 7115 : Sent: Lmx   To: /dev/tty.usbserial-B003BNDC   Received: LM,2
2024-09-09 11:07:31.795 : SN 7115 : Sent: LZx   To: /dev/tty.usbserial-B003BNDC   Received: LZ,0001048576
2024-09-09 11:07:31.827 : SN 7115 : Sent: L1x   To: /dev/tty.usbserial-B003BNDC   Received: L1,0000007237
2024-09-09 11:07:31.859 : SN 7115 : Sent: L1x   To: /dev/tty.usbserial-B003BNDC   Received: L1,0000007237
2024-09-09 11:07:31.907 : SN 7115 : Sent: L40000007236x   To: /dev/tty.usbserial-B003BNDC   Received: L4,24-09-09 2 11:05:05,07.66, 016.7C,226,1
2024-09-09 11:07:31.939 : SN 7115 : Sent: Lcx   To: /dev/tty.usbserial-B003BNDC   Received: Lc,24-09-09 2 11:07:31
2024-09-09 11:07:31.944 : SN 7115 : Real Time Clock difference: 0
2024-09-09 11:07:31.971 : SN 7115 : Sent: Ldx   To: /dev/tty.usbserial-B003BNDC   Received: Ld,1
2024-09-09 11:07:32.008 : SN 7115 : CheckLockVisibility()
2024-09-09 11:07:32.051 : SN 7115 : Sent: Ix   To: /dev/tty.usbserial-B003BNDC   Received: 0000000000s,0000000000s,00000000.00m,00000000.00m
2024-09-09 11:07:32.054 : SN 7115 : ParseReportInterval response: 0000000000s,0000000000s,00000000.00m,00000000.00m
2024-09-09 11:07:32.057 : SN 7115 : GetVersion result: i,00000004,00000006,00000082,00007115
2024-09-09 11:07:32.058 : SN 7115 : Reading Interval Settings: 0000000000s,0000000000s,00000000.00m,00000000.00m
2024-09-09 11:07:32.083 : SN 7115 : Sent: rx   To: /dev/tty.usbserial-B003BNDC   Received: r, 14.37m,0000000165Hz,0000000000c,0000000.000s, 016.4C
2024-09-09 11:07:49.867 : SN 7115 : Sent: LIx   To: /dev/tty.usbserial-B003BNDC   Received: LI,0000000000s,0000000005m,0000000000s,0000000005m,00000000.00m,
2024-09-09 11:07:49.931 : SN 7115 : Sent: Lmx   To: /dev/tty.usbserial-B003BNDC   Received: LM,2
2024-09-09 11:07:49.963 : SN 7115 : Sent: LZx   To: /dev/tty.usbserial-B003BNDC   Received: LZ,0001048576
2024-09-09 11:07:49.995 : SN 7115 : Sent: L1x   To: /dev/tty.usbserial-B003BNDC   Received: L1,0000007237
2024-09-09 11:07:50.027 : SN 7115 : Sent: L1x   To: /dev/tty.usbserial-B003BNDC   Received: L1,0000007237
2024-09-09 11:07:50.075 : SN 7115 : Sent: L40000007236x   To: /dev/tty.usbserial-B003BNDC   Received: L4,24-09-09 2 11:05:05,07.66, 016.7C,226,1
2024-09-09 11:07:50.123 : SN 7115 : Sent: Lcx   To: /dev/tty.usbserial-B003BNDC   Received: Lc,24-09-09 2 11:07:49
2024-09-09 11:07:50.128 : SN 7115 : Real Time Clock difference: 1
2024-09-09 11:07:50.155 : SN 7115 : Sent: Ldx   To: /dev/tty.usbserial-B003BNDC   Received: Ld,1
2024-09-09 11:07:50.187 : SN 7115 : Sent: L1x   To: /dev/tty.usbserial-B003BNDC   Received: L1,0000007237
2024-09-09 11:07:50.219 : SN 7115 : Sent: L1x   To: /dev/tty.usbserial-B003BNDC   Received: L1,0000007237
2024-09-09 11:07:50.267 : SN 7115 : Sent: L40000000000x   To: /dev/tty.usbserial-B003BNDC   Received: L4,24-08-15 5 08:19:06,08.52, 024.4C,236,0
2024-09-09 11:07:52.363 : SN 7115 : Sent: L1x   To: /dev/tty.usbserial-B003BNDC   Received: L1,0000007237
2024-09-09 11:07:56.364 : SN 7115 : DL binary retrieve initiated.
2024-09-09 11:07:56.410 : SN 7115 : Sent: Lmx   To: /dev/tty.usbserial-B003BNDC   Received: LM,2
2024-09-09 11:08:14.319 : SN 7115 : DL binary retrieve initiated.
2024-09-09 11:08:14.369 : SN 7115 : Sent: Lmx   To: /dev/tty.usbserial-B003BNDC   Received: LM,2
2024-09-09 11:08:27.737 : SN 7115 : DL binary retrieve initiated.
2024-09-09 11:08:27.771 : SN 7115 : Sent: Lmx   To: /dev/tty.usbserial-B003BNDC   Received: LM,2
2024-09-09 11:08:31.284 : SN 7115 : DL binary retrieve initiated.
2024-09-09 11:08:31.337 : SN 7115 : Sent: Lmx   To: /dev/tty.usbserial-B003BNDC   Received: LM,2
2024-09-09 11:08:47.407 : SN 7115 : DL binary retrieve initiated.
2024-09-09 11:08:47.456 : SN 7115 : Sent: Lmx   To: /dev/tty.usbserial-B003BNDC   Received: LM,2
2024-09-09 11:08:55.828 : SN 7115 : DL binary retrieve initiated.
2024-09-09 11:08:55.869 : SN 7115 : Sent: Lmx   To: /dev/tty.usbserial-B003BNDC   Received: LM,2
2024-09-09 11:09:17.290 : SN 7115 : DL binary retrieve initiated.
2024-09-09 11:09:17.329 : SN 7115 : Sent: Lmx   To: /dev/tty.usbserial-B003BNDC   Received: LM,2
2024-09-09 11:09:17.361 : SN 7115 : Sent: ix   To: /dev/tty.usbserial-B003BNDC   Received: i,00000004,00000006,00000082,00007115
2024-09-09 11:09:17.393 : SN 7115 : Sent: rx   To: /dev/tty.usbserial-B003BNDC   Received: r, 15.15m,0000000081Hz,0000005751c,0000000.012s, 016.7C
2024-09-09 11:09:17.424 : SN 7115 : Sent: cx   To: /dev/tty.usbserial-B003BNDC   Received: c,00000019.91m,0000274.655s, 018.6C,00000008.71m, 018.6C
2024-09-09 11:09:17.457 : SN 7115 : Sent: Ix   To: /dev/tty.usbserial-B003BNDC   Received: 0000000000s,0000000000s,00000000.00m,00000000.00m
2024-09-09 11:09:17.489 : SN 7115 : Sent: Lcx   To: /dev/tty.usbserial-B003BNDC   Received: Lc,24-09-09 2 11:09:16
2024-09-09 11:09:17.531 : SN 7115 : Sent: LIx   To: /dev/tty.usbserial-B003BNDC   Received: LI,0000000000s,0000000005m,0000000000s,0000000005m,00000000.00m,
2024-09-09 11:09:17.547 : SN 7115 : 7237 Packets 16 bytes long.
2024-09-13 15:15:07.552 : SN 7115 : Sent: m0x   To: /dev/tty.usbserial-B003BNDC   Received: m0,255
2024-09-13 15:15:07.584 : SN 7115 : Sent: m1x   To: /dev/tty.usbserial-B003BNDC   Received: m1,255
2024-09-13 15:15:07.616 : SN 7115 : Sent: m2x   To: /dev/tty.usbserial-B003BNDC   Received: m2,255
2024-09-13 15:15:07.648 : SN 7115 : Sent: Lvx   To: /dev/tty.usbserial-B003BNDC   Received: Lv,2
2024-09-13 15:15:07.652 : SN 7115 : ContCheck(Yx)
2024-09-13 15:15:07.680 : SN 7115 : Sent: Yx   To: /dev/tty.usbserial-B003BNDC   Received: Yrcpu
2024-09-13 15:15:07.744 : SN 7115 : Sent: A5x   To: /dev/tty.usbserial-B003BNDC   Received: A5,0,d
2024-09-13 15:15:07.824 : SN 7115 : Sent: LIx   To: /dev/tty.usbserial-B003BNDC   Received: LI,0000000000s,0000000005m,0000000000s,0000000005m,00000000.00m,
2024-09-13 15:15:07.856 : SN 7115 : Sent: Lmx   To: /dev/tty.usbserial-B003BNDC   Received: LM,2
2024-09-13 15:15:07.888 : SN 7115 : Sent: LZx   To: /dev/tty.usbserial-B003BNDC   Received: LZ,0001048576
2024-09-13 15:15:07.904 : SN 7115 : Sent: L1x   To: /dev/tty.usbserial-B003BNDC   Received: L1,0000008438
2024-09-13 15:15:07.920 : SN 7115 : Sent: L1x   To: /dev/tty.usbserial-B003BNDC   Received: L1,0000008438
2024-09-13 15:15:07.968 : SN 7115 : Sent: L40000008437x   To: /dev/tty.usbserial-B003BNDC   Received: L4,24-09-13 6 15:14:05,06.27, 019.3C,226,1
2024-09-13 15:15:08.001 : SN 7115 : Sent: Lcx   To: /dev/tty.usbserial-B003BNDC   Received: Lc,24-09-13 6 15:15:06
2024-09-13 15:15:08.005 : SN 7115 : Real Time Clock difference: 2
2024-09-13 15:15:08.032 : SN 7115 : Sent: Ldx   To: /dev/tty.usbserial-B003BNDC   Received: Ld,1
2024-09-13 15:15:08.064 : SN 7115 : Sent: LD1x   To: /dev/tty.usbserial-B003BNDC   Received: Ld,1
2024-09-13 15:15:08.096 : SN 7115 : Sent: Ldx   To: /dev/tty.usbserial-B003BNDC   Received: Ld,1
2024-09-13 15:15:08.131 : SN 7115 : CheckLockVisibility()
2024-09-13 15:15:08.176 : SN 7115 : Sent: Ix   To: /dev/tty.usbserial-B003BNDC   Received: 0000000000s,0000000000s,00000000.00m,00000000.00m
2024-09-13 15:15:08.180 : SN 7115 : ParseReportInterval response: 0000000000s,0000000000s,00000000.00m,00000000.00m
2024-09-13 15:15:08.188 : SN 7115 : GetVersion result: i,00000004,00000006,00000082,00007115
2024-09-13 15:15:08.188 : SN 7115 : Reading Interval Settings: 0000000000s,0000000000s,00000000.00m,00000000.00m
2024-09-13 15:15:08.224 : SN 7115 : Sent: rx   To: /dev/tty.usbserial-B003BNDC   Received: r, 07.71m,0000075991Hz,0000000000c,0000000.000s, 018.3C
2024-09-13 15:15:38.216 : SN 7115 : Sent: LIx   To: /dev/tty.usbserial-B003BNDC   Received: LI,0000000000s,0000000005m,0000000000s,0000000005m,00000000.00m,
2024-09-13 15:15:38.280 : SN 7115 : Sent: Lmx   To: /dev/tty.usbserial-B003BNDC   Received: LM,2
2024-09-13 15:15:38.312 : SN 7115 : Sent: LZx   To: /dev/tty.usbserial-B003BNDC   Received: LZ,0001048576
2024-09-13 15:15:38.328 : SN 7115 : Sent: L1x   To: /dev/tty.usbserial-B003BNDC   Received: L1,0000008438
2024-09-13 15:15:38.360 : SN 7115 : Sent: L1x   To: /dev/tty.usbserial-B003BNDC   Received: L1,0000008438
2024-09-13 15:15:38.408 : SN 7115 : Sent: L40000008437x   To: /dev/tty.usbserial-B003BNDC   Received: L4,24-09-13 6 15:14:05,06.27, 019.3C,226,1
2024-09-13 15:15:38.440 : SN 7115 : Sent: Lcx   To: /dev/tty.usbserial-B003BNDC   Received: Lc,24-09-13 6 15:15:37
2024-09-13 15:15:38.444 : SN 7115 : Real Time Clock difference: 1
2024-09-13 15:15:38.472 : SN 7115 : Sent: Ldx   To: /dev/tty.usbserial-B003BNDC   Received: Ld,1
2024-09-13 15:15:38.504 : SN 7115 : Sent: L1x   To: /dev/tty.usbserial-B003BNDC   Received: L1,0000008438
2024-09-13 15:15:38.536 : SN 7115 : Sent: L1x   To: /dev/tty.usbserial-B003BNDC   Received: L1,0000008438
2024-09-13 15:15:38.585 : SN 7115 : Sent: L40000000000x   To: /dev/tty.usbserial-B003BNDC   Received: L4,24-08-15 5 08:19:06,08.52, 024.4C,236,0
2024-09-13 15:15:42.055 : SN 7115 : Sent: L1x   To: /dev/tty.usbserial-B003BNDC   Received: L1,0000008438
2024-09-13 15:15:45.432 : SN 7115 : DL binary retrieve initiated.
2024-09-13 15:15:45.479 : SN 7115 : Sent: Lmx   To: /dev/tty.usbserial-B003BNDC   Received: LM,2
2024-09-13 15:15:45.511 : SN 7115 : Sent: ix   To: /dev/tty.usbserial-B003BNDC   Received: i,00000004,00000006,00000082,00007115
2024-09-13 15:15:45.543 : SN 7115 : Sent: rx   To: /dev/tty.usbserial-B003BNDC   Received: r, 07.72m,0000075720Hz,0000000000c,0000000.000s, 018.6C
2024-09-13 15:15:45.575 : SN 7115 : Sent: cx   To: /dev/tty.usbserial-B003BNDC   Received: c,00000019.91m,0000274.655s, 018.6C,00000008.71m, 018.6C
2024-09-13 15:15:45.607 : SN 7115 : Sent: Ix   To: /dev/tty.usbserial-B003BNDC   Received: 0000000000s,0000000000s,00000000.00m,00000000.00m
2024-09-13 15:15:45.639 : SN 7115 : Sent: Lcx   To: /dev/tty.usbserial-B003BNDC   Received: Lc,24-09-13 6 15:15:44
2024-09-13 15:15:45.681 : SN 7115 : Sent: LIx   To: /dev/tty.usbserial-B003BNDC   Received: LI,0000000000s,0000000005m,0000000000s,0000000005m,00000000.00m,
2024-09-13 15:15:45.697 : SN 7115 : 8438 Packets 16 bytes long.
2024-10-06 17:06:04.101 : SN 7115 : Sent: m0x   To: /dev/tty.usbserial-B003BNDC   Received: m0,255
2024-10-06 17:06:04.132 : SN 7115 : Sent: m1x   To: /dev/tty.usbserial-B003BNDC   Received: m1,255
2024-10-06 17:06:04.164 : SN 7115 : Sent: m2x   To: /dev/tty.usbserial-B003BNDC   Received: m2,255
2024-10-06 17:06:04.180 : SN 7115 : Sent: Lvx   To: /dev/tty.usbserial-B003BNDC   Received: Lv,2
2024-10-06 17:06:04.184 : SN 7115 : ContCheck(Yx)
2024-10-06 17:06:04.196 : SN 7115 : Sent: Yx   To: /dev/tty.usbserial-B003BNDC   Received: Yrcpu
2024-10-06 17:06:04.260 : SN 7115 : Sent: A5x   To: /dev/tty.usbserial-B003BNDC   Received: A5,0,d
2024-10-06 17:06:04.349 : SN 7115 : Sent: LIx   To: /dev/tty.usbserial-B003BNDC   Received: LI,0000000000s,0000000005m,0000000000s,0000000005m,00000000.00m,
2024-10-06 17:06:04.381 : SN 7115 : Sent: Lmx   To: /dev/tty.usbserial-B003BNDC   Received: LM,2
2024-10-06 17:06:04.414 : SN 7115 : Sent: LZx   To: /dev/tty.usbserial-B003BNDC   Received: LZ,0001048576
2024-10-06 17:06:04.445 : SN 7115 : Sent: L1x   To: /dev/tty.usbserial-B003BNDC   Received: L1,0000015084
2024-10-06 17:06:04.478 : SN 7115 : Sent: L1x   To: /dev/tty.usbserial-B003BNDC   Received: L1,0000015084
2024-10-06 17:06:04.526 : SN 7115 : Sent: L40000015083x   To: /dev/tty.usbserial-B003BNDC   Received: L4,24-10-06 1 17:02:05,10.59, 007.7C,226,1
2024-10-06 17:06:04.558 : SN 7115 : Sent: Lcx   To: /dev/tty.usbserial-B003BNDC   Received: Lc,24-10-06 1 17:06:07
2024-10-06 17:06:04.562 : SN 7115 : Real Time Clock difference: 2
2024-10-06 17:06:04.589 : SN 7115 : Sent: Ldx   To: /dev/tty.usbserial-B003BNDC   Received: Ld,1
2024-10-06 17:06:04.621 : SN 7115 : Sent: LD1x   To: /dev/tty.usbserial-B003BNDC   Received: Ld,1
2024-10-06 17:06:04.638 : SN 7115 : Sent: Ldx   To: /dev/tty.usbserial-B003BNDC   Received: Ld,1
2024-10-06 17:06:04.672 : SN 7115 : CheckLockVisibility()
2024-10-06 17:06:04.718 : SN 7115 : Sent: Ix   To: /dev/tty.usbserial-B003BNDC   Received: 0000000000s,0000000000s,00000000.00m,00000000.00m
2024-10-06 17:06:04.721 : SN 7115 : ParseReportInterval response: 0000000000s,0000000000s,00000000.00m,00000000.00m
2024-10-06 17:06:04.729 : SN 7115 : GetVersion result: i,00000004,00000006,00000082,00007115
2024-10-06 17:06:04.732 : SN 7115 : Reading Interval Settings: 0000000000s,0000000000s,00000000.00m,00000000.00m
2024-10-06 17:06:04.766 : SN 7115 : Sent: rx   To: /dev/tty.usbserial-B003BNDC   Received: r, 15.08m,0000000085Hz,0000005431c,0000000.012s, 007.7C
2024-10-06 17:06:15.545 : SN 7115 : Sent: LIx   To: /dev/tty.usbserial-B003BNDC   Received: LI,0000000000s,0000000005m,0000000000s,0000000005m,00000000.00m,
2024-10-06 17:06:15.608 : SN 7115 : Sent: Lmx   To: /dev/tty.usbserial-B003BNDC   Received: LM,2
2024-10-06 17:06:15.640 : SN 7115 : Sent: LZx   To: /dev/tty.usbserial-B003BNDC   Received: LZ,0001048576
2024-10-06 17:06:15.673 : SN 7115 : Sent: L1x   To: /dev/tty.usbserial-B003BNDC   Received: L1,0000015084
2024-10-06 17:06:15.704 : SN 7115 : Sent: L1x   To: /dev/tty.usbserial-B003BNDC   Received: L1,0000015084
2024-10-06 17:06:15.752 : SN 7115 : Sent: L40000015083x   To: /dev/tty.usbserial-B003BNDC   Received: L4,24-10-06 1 17:02:05,10.59, 007.7C,226,1
2024-10-06 17:06:15.784 : SN 7115 : Sent: Lcx   To: /dev/tty.usbserial-B003BNDC   Received: Lc,24-10-06 1 17:06:18
2024-10-06 17:06:15.788 : SN 7115 : Real Time Clock difference: 2
2024-10-06 17:06:15.816 : SN 7115 : Sent: Ldx   To: /dev/tty.usbserial-B003BNDC   Received: Ld,1
2024-10-06 17:06:15.849 : SN 7115 : Sent: L1x   To: /dev/tty.usbserial-B003BNDC   Received: L1,0000015084
2024-10-06 17:06:15.881 : SN 7115 : Sent: L1x   To: /dev/tty.usbserial-B003BNDC   Received: L1,0000015084
2024-10-06 17:06:15.928 : SN 7115 : Sent: L40000000000x   To: /dev/tty.usbserial-B003BNDC   Received: L4,24-08-15 5 08:19:06,08.52, 024.4C,236,0
2024-10-06 17:06:24.291 : SN 7115 : Sent: m0x   To: /dev/tty.usbserial-B003BNDC   Received: m0,255
2024-10-06 17:06:24.323 : SN 7115 : Sent: m1x   To: /dev/tty.usbserial-B003BNDC   Received: m1,255
2024-10-06 17:06:24.339 : SN 7115 : Sent: m2x   To: /dev/tty.usbserial-B003BNDC   Received: m2,255
2024-10-06 17:06:24.355 : SN 7115 : Sent: Lvx   To: /dev/tty.usbserial-B003BNDC   Received: Lv,2
2024-10-06 17:06:24.358 : SN 7115 : ContCheck(Yx)
2024-10-06 17:06:24.371 : SN 7115 : Sent: Yx   To: /dev/tty.usbserial-B003BNDC   Received: Yrcpu
2024-10-06 17:06:24.387 : SN 7115 : Sent: A5x   To: /dev/tty.usbserial-B003BNDC   Received: A5,0,d
2024-10-06 17:06:24.451 : SN 7115 : Sent: LIx   To: /dev/tty.usbserial-B003BNDC   Received: LI,0000000000s,0000000005m,0000000000s,0000000005m,00000000.00m,
2024-10-06 17:06:24.484 : SN 7115 : Sent: Lmx   To: /dev/tty.usbserial-B003BNDC   Received: LM,2
2024-10-06 17:06:24.516 : SN 7115 : Sent: LZx   To: /dev/tty.usbserial-B003BNDC   Received: LZ,0001048576
2024-10-06 17:06:24.547 : SN 7115 : Sent: L1x   To: /dev/tty.usbserial-B003BNDC   Received: L1,0000015084
2024-10-06 17:06:24.579 : SN 7115 : Sent: L1x   To: /dev/tty.usbserial-B003BNDC   Received: L1,0000015084
2024-10-06 17:06:24.628 : SN 7115 : Sent: L40000015083x   To: /dev/tty.usbserial-B003BNDC   Received: L4,24-10-06 1 17:02:05,10.59, 007.7C,226,1
2024-10-06 17:06:24.660 : SN 7115 : Sent: Lcx   To: /dev/tty.usbserial-B003BNDC   Received: Lc,24-10-06 1 17:06:27
2024-10-06 17:06:24.664 : SN 7115 : Real Time Clock difference: 2
2024-10-06 17:06:24.691 : SN 7115 : Sent: Ldx   To: /dev/tty.usbserial-B003BNDC   Received: Ld,1
2024-10-06 17:06:24.725 : SN 7115 : CheckLockVisibility()
2024-10-06 17:06:24.772 : SN 7115 : Sent: Ix   To: /dev/tty.usbserial-B003BNDC   Received: 0000000000s,0000000000s,00000000.00m,00000000.00m
2024-10-06 17:06:24.775 : SN 7115 : ParseReportInterval response: 0000000000s,0000000000s,00000000.00m,00000000.00m
2024-10-06 17:06:24.781 : SN 7115 : GetVersion result: i,00000004,00000006,00000082,00007115
2024-10-06 17:06:24.784 : SN 7115 : Reading Interval Settings: 0000000000s,0000000000s,00000000.00m,00000000.00m
2024-10-06 17:06:24.819 : SN 7115 : Sent: rx   To: /dev/tty.usbserial-B003BNDC   Received: r, 15.10m,0000000084Hz,0000005472c,0000000.012s, 007.7C
2024-10-06 17:06:42.672 : SN 7115 : Sent: LIx   To: /dev/tty.usbserial-B003BNDC   Received: LI,0000000000s,0000000005m,0000000000s,0000000005m,00000000.00m,
2024-10-06 17:06:42.736 : SN 7115 : Sent: Lmx   To: /dev/tty.usbserial-B003BNDC   Received: LM,2
2024-10-06 17:06:42.768 : SN 7115 : Sent: LZx   To: /dev/tty.usbserial-B003BNDC   Received: LZ,0001048576
2024-10-06 17:06:42.800 : SN 7115 : Sent: L1x   To: /dev/tty.usbserial-B003BNDC   Received: L1,0000015084
2024-10-06 17:06:42.832 : SN 7115 : Sent: L1x   To: /dev/tty.usbserial-B003BNDC   Received: L1,0000015084
2024-10-06 17:06:42.880 : SN 7115 : Sent: L40000015083x   To: /dev/tty.usbserial-B003BNDC   Received: L4,24-10-06 1 17:02:05,10.59, 007.7C,226,1
2024-10-06 17:06:42.912 : SN 7115 : Sent: Lcx   To: /dev/tty.usbserial-B003BNDC   Received: Lc,24-10-06 1 17:06:45
2024-10-06 17:06:42.917 : SN 7115 : Real Time Clock difference: 2
2024-10-06 17:06:42.944 : SN 7115 : Sent: Ldx   To: /dev/tty.usbserial-B003BNDC   Received: Ld,1
2024-10-06 17:06:42.976 : SN 7115 : Sent: L1x   To: /dev/tty.usbserial-B003BNDC   Received: L1,0000015084
2024-10-06 17:06:43.008 : SN 7115 : Sent: L1x   To: /dev/tty.usbserial-B003BNDC   Received: L1,0000015084
2024-10-06 17:06:43.056 : SN 7115 : Sent: L40000000000x   To: /dev/tty.usbserial-B003BNDC   Received: L4,24-08-15 5 08:19:06,08.52, 024.4C,236,0
2024-10-06 17:07:05.508 : SN 7115 : Sent: L1x   To: /dev/tty.usbserial-B003BNDC   Received: L1,0000015084
2024-10-06 17:07:10.096 : SN 7115 : DL binary retrieve initiated.
2024-10-06 17:07:10.129 : SN 7115 : Sent: Lmx   To: /dev/tty.usbserial-B003BNDC   Received: LM,2
2024-10-06 17:07:10.161 : SN 7115 : Sent: ix   To: /dev/tty.usbserial-B003BNDC   Received: i,00000004,00000006,00000082,00007115
2024-10-06 17:07:10.193 : SN 7115 : Sent: rx   To: /dev/tty.usbserial-B003BNDC   Received: r, 15.11m,0000000082Hz,0000005562c,0000000.012s, 008.3C
2024-10-06 17:07:10.225 : SN 7115 : Sent: cx   To: /dev/tty.usbserial-B003BNDC   Received: c,00000019.91m,0000274.655s, 018.6C,00000008.71m, 018.6C
2024-10-06 17:07:10.257 : SN 7115 : Sent: Ix   To: /dev/tty.usbserial-B003BNDC   Received: 0000000000s,0000000000s,00000000.00m,00000000.00m
2024-10-06 17:07:10.288 : SN 7115 : Sent: Lcx   To: /dev/tty.usbserial-B003BNDC   Received: Lc,24-10-06 1 17:07:12
2024-10-06 17:07:10.330 : SN 7115 : Sent: LIx   To: /dev/tty.usbserial-B003BNDC   Received: LI,0000000000s,0000000005m,0000000000s,0000000005m,00000000.00m,
2024-10-06 17:07:10.346 : SN 7115 : 15084 Packets 16 bytes long.
2024-11-05 15:03:37.580 : SN 7115 : Sent: m0x   To: /dev/tty.usbserial-B003BNDC   Received: m0,255
2024-11-05 15:03:37.612 : SN 7115 : Sent: m1x   To: /dev/tty.usbserial-B003BNDC   Received: m1,255
2024-11-05 15:03:37.644 : SN 7115 : Sent: m2x   To: /dev/tty.usbserial-B003BNDC   Received: m2,255
2024-11-05 15:03:37.659 : SN 7115 : Sent: Lvx   To: /dev/tty.usbserial-B003BNDC   Received: Lv,2
2024-11-05 15:03:37.662 : SN 7115 : ContCheck(Yx)
2024-11-05 15:03:37.675 : SN 7115 : Sent: Yx   To: /dev/tty.usbserial-B003BNDC   Received: Yrcpu
2024-11-05 15:03:37.723 : SN 7115 : Sent: A5x   To: /dev/tty.usbserial-B003BNDC   Received: A5,0,d
2024-11-05 15:03:37.804 : SN 7115 : Sent: LIx   To: /dev/tty.usbserial-B003BNDC   Received: LI,0000000000s,0000000005m,0000000000s,0000000005m,00000000.00m,
2024-11-05 15:03:37.836 : SN 7115 : Sent: Lmx   To: /dev/tty.usbserial-B003BNDC   Received: LM,2
2024-11-05 15:03:37.868 : SN 7115 : Sent: LZx   To: /dev/tty.usbserial-B003BNDC   Received: LZ,0001048576
2024-11-05 15:03:37.900 : SN 7115 : Sent: L1x   To: /dev/tty.usbserial-B003BNDC   Received: L1,0000023699
2024-11-05 15:03:37.932 : SN 7115 : Sent: L1x   To: /dev/tty.usbserial-B003BNDC   Received: L1,0000023699
2024-11-05 15:03:37.980 : SN 7115 : Sent: L40000023698x   To: /dev/tty.usbserial-B003BNDC   Received: L4,24-11-05 3 15:00:05,06.19, 007.7C,226,1
2024-11-05 15:03:38.012 : SN 7115 : Sent: Lcx   To: /dev/tty.usbserial-B003BNDC   Received: Lc,24-11-05 3 15:03:44
2024-11-05 15:03:38.014 : SN 7115 : Real Time Clock difference: 5
2024-11-05 15:03:38.028 : SN 7115 : Sent: Ldx   To: /dev/tty.usbserial-B003BNDC   Received: Ld,1
2024-11-05 15:03:38.060 : SN 7115 : Sent: LD1x   To: /dev/tty.usbserial-B003BNDC   Received: Ld,1
2024-11-05 15:03:38.076 : SN 7115 : Sent: Ldx   To: /dev/tty.usbserial-B003BNDC   Received: Ld,1
2024-11-05 15:03:38.107 : SN 7115 : CheckLockVisibility()
2024-11-05 15:03:38.156 : SN 7115 : Sent: Ix   To: /dev/tty.usbserial-B003BNDC   Received: 0000000000s,0000000000s,00000000.00m,00000000.00m
2024-11-05 15:03:38.159 : SN 7115 : ParseReportInterval response: 0000000000s,0000000000s,00000000.00m,00000000.00m
2024-11-05 15:03:38.165 : SN 7115 : GetVersion result: i,00000004,00000006,00000082,00007115
2024-11-05 15:03:38.165 : SN 7115 : Reading Interval Settings: 0000000000s,0000000000s,00000000.00m,00000000.00m
2024-11-05 15:03:38.204 : SN 7115 : Sent: rx   To: /dev/tty.usbserial-B003BNDC   Received: r, 10.91m,0000004006Hz,0000000000c,0000000.000s, 006.7C
2024-11-05 15:03:48.390 : SN 7115 : Sent: m0x   To: /dev/tty.usbserial-B003BNDC   Received: m0,255
2024-11-05 15:03:48.407 : SN 7115 : Sent: m1x   To: /dev/tty.usbserial-B003BNDC   Received: m1,255
2024-11-05 15:03:48.438 : SN 7115 : Sent: m2x   To: /dev/tty.usbserial-B003BNDC   Received: m2,255
2024-11-05 15:03:48.454 : SN 7115 : Sent: Lvx   To: /dev/tty.usbserial-B003BNDC   Received: Lv,2
2024-11-05 15:03:48.457 : SN 7115 : ContCheck(Yx)
2024-11-05 15:03:48.470 : SN 7115 : Sent: Yx   To: /dev/tty.usbserial-B003BNDC   Received: Yrcpu
2024-11-05 15:03:48.486 : SN 7115 : Sent: A5x   To: /dev/tty.usbserial-B003BNDC   Received: A5,0,d
2024-11-05 15:03:48.548 : SN 7115 : Sent: LIx   To: /dev/tty.usbserial-B003BNDC   Received: LI,0000000000s,0000000005m,0000000000s,0000000005m,00000000.00m,
2024-11-05 15:03:48.580 : SN 7115 : Sent: Lmx   To: /dev/tty.usbserial-B003BNDC   Received: LM,2
2024-11-05 15:03:48.612 : SN 7115 : Sent: LZx   To: /dev/tty.usbserial-B003BNDC   Received: LZ,0001048576
2024-11-05 15:03:48.645 : SN 7115 : Sent: L1x   To: /dev/tty.usbserial-B003BNDC   Received: L1,0000023699
2024-11-05 15:03:48.676 : SN 7115 : Sent: L1x   To: /dev/tty.usbserial-B003BNDC   Received: L1,0000023699
2024-11-05 15:03:48.725 : SN 7115 : Sent: L40000023698x   To: /dev/tty.usbserial-B003BNDC   Received: L4,24-11-05 3 15:00:05,06.19, 007.7C,226,1
2024-11-05 15:03:48.757 : SN 7115 : Sent: Lcx   To: /dev/tty.usbserial-B003BNDC   Received: Lc,24-11-05 3 15:03:54
2024-11-05 15:03:48.760 : SN 7115 : Real Time Clock difference: 5
2024-11-05 15:03:48.772 : SN 7115 : Sent: Ldx   To: /dev/tty.usbserial-B003BNDC   Received: Ld,1
2024-11-05 15:03:48.821 : SN 7115 : CheckLockVisibility()
2024-11-05 15:03:48.869 : SN 7115 : Sent: Ix   To: /dev/tty.usbserial-B003BNDC   Received: 0000000000s,0000000000s,00000000.00m,00000000.00m
2024-11-05 15:03:48.872 : SN 7115 : ParseReportInterval response: 0000000000s,0000000000s,00000000.00m,00000000.00m
2024-11-05 15:03:48.875 : SN 7115 : GetVersion result: i,00000004,00000006,00000082,00007115
2024-11-05 15:03:48.876 : SN 7115 : Reading Interval Settings: 0000000000s,0000000000s,00000000.00m,00000000.00m
2024-11-05 15:03:48.900 : SN 7115 : Sent: rx   To: /dev/tty.usbserial-B003BNDC   Received: r, 10.92m,0000003966Hz,0000000000c,0000000.000s, 007.0C
2024-11-05 15:03:56.742 : SN 7115 : Sent: LIx   To: /dev/tty.usbserial-B003BNDC   Received: LI,0000000000s,0000000005m,0000000000s,0000000005m,00000000.00m,
2024-11-05 15:03:56.822 : SN 7115 : Sent: Lmx   To: /dev/tty.usbserial-B003BNDC   Received: LM,2
2024-11-05 15:03:56.854 : SN 7115 : Sent: LZx   To: /dev/tty.usbserial-B003BNDC   Received: LZ,0001048576
2024-11-05 15:03:56.886 : SN 7115 : Sent: L1x   To: /dev/tty.usbserial-B003BNDC   Received: L1,0000023699
2024-11-05 15:03:56.918 : SN 7115 : Sent: L1x   To: /dev/tty.usbserial-B003BNDC   Received: L1,0000023699
2024-11-05 15:03:56.966 : SN 7115 : Sent: L40000023698x   To: /dev/tty.usbserial-B003BNDC   Received: L4,24-11-05 3 15:00:05,06.19, 007.7C,226,1
2024-11-05 15:03:56.998 : SN 7115 : Sent: Lcx   To: /dev/tty.usbserial-B003BNDC   Received: Lc,24-11-05 3 15:04:03
2024-11-05 15:03:57.006 : SN 7115 : Real Time Clock difference: 5
2024-11-05 15:03:57.030 : SN 7115 : Sent: Ldx   To: /dev/tty.usbserial-B003BNDC   Received: Ld,1
2024-11-05 15:03:57.062 : SN 7115 : Sent: L1x   To: /dev/tty.usbserial-B003BNDC   Received: L1,0000023699
2024-11-05 15:03:57.078 : SN 7115 : Sent: L1x   To: /dev/tty.usbserial-B003BNDC   Received: L1,0000023699
2024-11-05 15:03:57.126 : SN 7115 : Sent: L40000000000x   To: /dev/tty.usbserial-B003BNDC   Received: L4,24-08-15 5 08:19:06,08.52, 024.4C,236,0
2024-11-05 15:04:00.580 : SN 7115 : Sent: L1x   To: /dev/tty.usbserial-B003BNDC   Received: L1,0000023699
2024-11-05 15:04:05.386 : SN 7115 : DL binary retrieve initiated.
2024-11-05 15:04:05.426 : SN 7115 : Sent: Lmx   To: /dev/tty.usbserial-B003BNDC   Received: LM,2
2024-11-05 15:04:05.458 : SN 7115 : Sent: ix   To: /dev/tty.usbserial-B003BNDC   Received: i,00000004,00000006,00000082,00007115
2024-11-05 15:04:05.490 : SN 7115 : Sent: rx   To: /dev/tty.usbserial-B003BNDC   Received: r, 10.94m,0000003895Hz,0000000000c,0000000.000s, 007.0C
2024-11-05 15:04:05.522 : SN 7115 : Sent: cx   To: /dev/tty.usbserial-B003BNDC   Received: c,00000019.91m,0000274.655s, 018.6C,00000008.71m, 018.6C
2024-11-05 15:04:05.554 : SN 7115 : Sent: Ix   To: /dev/tty.usbserial-B003BNDC   Received: 0000000000s,0000000000s,00000000.00m,00000000.00m
2024-11-05 15:04:05.586 : SN 7115 : Sent: Lcx   To: /dev/tty.usbserial-B003BNDC   Received: Lc,24-11-05 3 15:04:11
2024-11-05 15:04:05.628 : SN 7115 : Sent: LIx   To: /dev/tty.usbserial-B003BNDC   Received: LI,0000000000s,0000000005m,0000000000s,0000000005m,00000000.00m,
2024-11-05 15:04:05.644 : SN 7115 : 23699 Packets 16 bytes long.
2024-12-09 13:39:04.977 : SN 7115 : Sent: m0x   To: /dev/tty.usbserial-B003BNDC   Received: m0,255
2024-12-09 13:39:05.009 : SN 7115 : Sent: m1x   To: /dev/tty.usbserial-B003BNDC   Received: m1,255
2024-12-09 13:39:05.025 : SN 7115 : Sent: m2x   To: /dev/tty.usbserial-B003BNDC   Received: m2,255
2024-12-09 13:39:05.041 : SN 7115 : Sent: Lvx   To: /dev/tty.usbserial-B003BNDC   Received: Lv,2
2024-12-09 13:39:05.044 : SN 7115 : ContCheck(Yx)
2024-12-09 13:39:05.073 : SN 7115 : Sent: Yx   To: /dev/tty.usbserial-B003BNDC   Received: Yrcpu
2024-12-09 13:39:05.137 : SN 7115 : Sent: A5x   To: /dev/tty.usbserial-B003BNDC   Received: A5,0,d
2024-12-09 13:39:05.224 : SN 7115 : Sent: LIx   To: /dev/tty.usbserial-B003BNDC   Received: LI,0000000000s,0000000005m,0000000000s,0000000005m,00000000.00m,
2024-12-09 13:39:05.256 : SN 7115 : Sent: Lmx   To: /dev/tty.usbserial-B003BNDC   Received: LM,2
2024-12-09 13:39:05.288 : SN 7115 : Sent: LZx   To: /dev/tty.usbserial-B003BNDC   Received: LZ,0001048576
2024-12-09 13:39:05.320 : SN 7115 : Sent: L1x   To: /dev/tty.usbserial-B003BNDC   Received: L1,0000033473
2024-12-09 13:39:05.351 : SN 7115 : Sent: L1x   To: /dev/tty.usbserial-B003BNDC   Received: L1,0000033473
2024-12-09 13:39:05.400 : SN 7115 : Sent: L40000033472x   To: /dev/tty.usbserial-B003BNDC   Received: L4,24-12-09 2 13:38:05,00.00, 003.8C,226,1
2024-12-09 13:39:05.432 : SN 7115 : Sent: Lcx   To: /dev/tty.usbserial-B003BNDC   Received: Lc,24-12-09 2 13:39:14
2024-12-09 13:39:05.435 : SN 7115 : Real Time Clock difference: 8
2024-12-09 13:39:05.464 : SN 7115 : Sent: Ldx   To: /dev/tty.usbserial-B003BNDC   Received: Ld,1
2024-12-09 13:39:05.496 : SN 7115 : Sent: LD1x   To: /dev/tty.usbserial-B003BNDC   Received: Ld,1
2024-12-09 13:39:05.512 : SN 7115 : Sent: Ldx   To: /dev/tty.usbserial-B003BNDC   Received: Ld,1
2024-12-09 13:39:05.541 : SN 7115 : CheckLockVisibility()
2024-12-09 13:39:05.592 : SN 7115 : Sent: Ix   To: /dev/tty.usbserial-B003BNDC   Received: 0000000000s,0000000000s,00000000.00m,00000000.00m
2024-12-09 13:39:05.595 : SN 7115 : ParseReportInterval response: 0000000000s,0000000000s,00000000.00m,00000000.00m
2024-12-09 13:39:05.605 : SN 7115 : GetVersion result: i,00000004,00000006,00000082,00007115
2024-12-09 13:39:05.605 : SN 7115 : Reading Interval Settings: 0000000000s,0000000000s,00000000.00m,00000000.00m
2024-12-09 13:39:05.640 : SN 7115 : Sent: rx   To: /dev/tty.usbserial-B003BNDC   Received: r, 11.93m,0000001564Hz,0000000000c,0000000.000s, 003.2C
2024-12-09 13:39:11.158 : SN 7115 : Sent: m0x   To: /dev/tty.usbserial-B003BNDC   Received: m0,255
2024-12-09 13:39:11.174 : SN 7115 : Sent: m1x   To: /dev/tty.usbserial-B003BNDC   Received: m1,255
2024-12-09 13:39:11.206 : SN 7115 : Sent: m2x   To: /dev/tty.usbserial-B003BNDC   Received: m2,255
2024-12-09 13:39:11.238 : SN 7115 : Sent: Lvx   To: /dev/tty.usbserial-B003BNDC   Received: Lv,2
2024-12-09 13:39:11.242 : SN 7115 : ContCheck(Yx)
2024-12-09 13:39:11.270 : SN 7115 : Sent: Yx   To: /dev/tty.usbserial-B003BNDC   Received: Yrcpu
2024-12-09 13:39:11.302 : SN 7115 : Sent: A5x   To: /dev/tty.usbserial-B003BNDC   Received: A5,0,d
2024-12-09 13:39:11.372 : SN 7115 : Sent: LIx   To: /dev/tty.usbserial-B003BNDC   Received: LI,0000000000s,0000000005m,0000000000s,0000000005m,00000000.00m,
2024-12-09 13:39:11.404 : SN 7115 : Sent: Lmx   To: /dev/tty.usbserial-B003BNDC   Received: LM,2
2024-12-09 13:39:11.436 : SN 7115 : Sent: LZx   To: /dev/tty.usbserial-B003BNDC   Received: LZ,0001048576
2024-12-09 13:39:11.452 : SN 7115 : Sent: L1x   To: /dev/tty.usbserial-B003BNDC   Received: L1,0000033473
2024-12-09 13:39:11.468 : SN 7115 : Sent: L1x   To: /dev/tty.usbserial-B003BNDC   Received: L1,0000033473
2024-12-09 13:39:11.516 : SN 7115 : Sent: L40000033472x   To: /dev/tty.usbserial-B003BNDC   Received: L4,24-12-09 2 13:38:05,00.00, 003.8C,226,1
2024-12-09 13:39:11.548 : SN 7115 : Sent: Lcx   To: /dev/tty.usbserial-B003BNDC   Received: Lc,24-12-09 2 13:39:20
2024-12-09 13:39:11.552 : SN 7115 : Real Time Clock difference: 8
2024-12-09 13:39:11.580 : SN 7115 : Sent: Ldx   To: /dev/tty.usbserial-B003BNDC   Received: Ld,1
2024-12-09 13:39:11.618 : SN 7115 : CheckLockVisibility()
2024-12-09 13:39:11.676 : SN 7115 : Sent: Ix   To: /dev/tty.usbserial-B003BNDC   Received: 0000000000s,0000000000s,00000000.00m,00000000.00m
2024-12-09 13:39:11.680 : SN 7115 : ParseReportInterval response: 0000000000s,0000000000s,00000000.00m,00000000.00m
2024-12-09 13:39:11.685 : SN 7115 : GetVersion result: i,00000004,00000006,00000082,00007115
2024-12-09 13:39:11.685 : SN 7115 : Reading Interval Settings: 0000000000s,0000000000s,00000000.00m,00000000.00m
2024-12-09 13:39:11.724 : SN 7115 : Sent: rx   To: /dev/tty.usbserial-B003BNDC   Received: r, 11.90m,0000001601Hz,0000000000c,0000000.000s, 003.2C
2024-12-09 13:39:14.131 : SN 7115 : Sent: LIx   To: /dev/tty.usbserial-B003BNDC   Received: LI,0000000000s,0000000005m,0000000000s,0000000005m,00000000.00m,
2024-12-09 13:39:14.211 : SN 7115 : Sent: Lmx   To: /dev/tty.usbserial-B003BNDC   Received: LM,2
2024-12-09 13:39:14.243 : SN 7115 : Sent: LZx   To: /dev/tty.usbserial-B003BNDC   Received: LZ,0001048576
2024-12-09 13:39:14.276 : SN 7115 : Sent: L1x   To: /dev/tty.usbserial-B003BNDC   Received: L1,0000033473
2024-12-09 13:39:14.308 : SN 7115 : Sent: L1x   To: /dev/tty.usbserial-B003BNDC   Received: L1,0000033473
2024-12-09 13:39:14.355 : SN 7115 : Sent: L40000033472x   To: /dev/tty.usbserial-B003BNDC   Received: L4,24-12-09 2 13:38:05,00.00, 003.8C,226,1
2024-12-09 13:39:14.387 : SN 7115 : Sent: Lcx   To: /dev/tty.usbserial-B003BNDC   Received: Lc,24-12-09 2 13:39:22
2024-12-09 13:39:14.391 : SN 7115 : Real Time Clock difference: 7
2024-12-09 13:39:14.419 : SN 7115 : Sent: Ldx   To: /dev/tty.usbserial-B003BNDC   Received: Ld,1
2024-12-09 13:39:14.451 : SN 7115 : Sent: L1x   To: /dev/tty.usbserial-B003BNDC   Received: L1,0000033473
2024-12-09 13:39:14.467 : SN 7115 : Sent: L1x   To: /dev/tty.usbserial-B003BNDC   Received: L1,0000033473
2024-12-09 13:39:14.516 : SN 7115 : Sent: L40000000000x   To: /dev/tty.usbserial-B003BNDC   Received: L4,24-08-15 5 08:19:06,08.52, 024.4C,236,0
2024-12-09 13:39:16.707 : SN 7115 : Sent: L1x   To: /dev/tty.usbserial-B003BNDC   Received: L1,0000033473
2024-12-09 13:39:19.067 : SN 7115 : DL binary retrieve initiated.
2024-12-09 13:39:19.106 : SN 7115 : Sent: Lmx   To: /dev/tty.usbserial-B003BNDC   Received: LM,2
2024-12-09 13:39:19.138 : SN 7115 : Sent: ix   To: /dev/tty.usbserial-B003BNDC   Received: i,00000004,00000006,00000082,00007115
2024-12-09 13:39:19.170 : SN 7115 : Sent: rx   To: /dev/tty.usbserial-B003BNDC   Received: r, 11.89m,0000001628Hz,0000000000c,0000000.000s, 003.2C
2024-12-09 13:39:19.202 : SN 7115 : Sent: cx   To: /dev/tty.usbserial-B003BNDC   Received: c,00000019.91m,0000274.655s, 018.6C,00000008.71m, 018.6C
2024-12-09 13:39:19.234 : SN 7115 : Sent: Ix   To: /dev/tty.usbserial-B003BNDC   Received: 0000000000s,0000000000s,00000000.00m,00000000.00m
2024-12-09 13:39:19.266 : SN 7115 : Sent: Lcx   To: /dev/tty.usbserial-B003BNDC   Received: Lc,24-12-09 2 13:39:27
2024-12-09 13:39:19.307 : SN 7115 : Sent: LIx   To: /dev/tty.usbserial-B003BNDC   Received: LI,0000000000s,0000000005m,0000000000s,0000000005m,00000000.00m,
2024-12-09 13:39:19.323 : SN 7115 : 33473 Packets 16 bytes long.
2025-01-03 13:11:04.344 : SN 7115 : Sent: m0x   To: /dev/tty.usbserial-B003BNDC   Received: m0,255
2025-01-03 13:11:04.376 : SN 7115 : Sent: m1x   To: /dev/tty.usbserial-B003BNDC   Received: m1,255
2025-01-03 13:11:04.408 : SN 7115 : Sent: m2x   To: /dev/tty.usbserial-B003BNDC   Received: m2,255
2025-01-03 13:11:04.424 : SN 7115 : Sent: Lvx   To: /dev/tty.usbserial-B003BNDC   Received: Lv,2
2025-01-03 13:11:04.425 : SN 7115 : ContCheck(Yx)
2025-01-03 13:11:04.440 : SN 7115 : Sent: Yx   To: /dev/tty.usbserial-B003BNDC   Received: Yrcpu
2025-01-03 13:11:04.504 : SN 7115 : Sent: A5x   To: /dev/tty.usbserial-B003BNDC   Received: A5,0,d
2025-01-03 13:11:04.584 : SN 7115 : Sent: LIx   To: /dev/tty.usbserial-B003BNDC   Received: LI,0000000000s,0000000005m,0000000000s,0000000005m,00000000.00m,
2025-01-03 13:11:04.616 : SN 7115 : Sent: Lmx   To: /dev/tty.usbserial-B003BNDC   Received: LM,2
2025-01-03 13:11:04.649 : SN 7115 : Sent: LZx   To: /dev/tty.usbserial-B003BNDC   Received: LZ,0001048576
2025-01-03 13:11:04.681 : SN 7115 : Sent: L1x   To: /dev/tty.usbserial-B003BNDC   Received: L1,0000040664
2025-01-03 13:11:04.712 : SN 7115 : Sent: L1x   To: /dev/tty.usbserial-B003BNDC   Received: L1,0000040664
2025-01-03 13:11:04.760 : SN 7115 : Sent: L40000040663x   To: /dev/tty.usbserial-B003BNDC   Received: L4,25-01-03 6 13:10:05,00.00, 003.2C,194,1
2025-01-03 13:11:04.792 : SN 7115 : Sent: Lcx   To: /dev/tty.usbserial-B003BNDC   Received: Lc,25-01-03 6 13:11:15
2025-01-03 13:11:04.796 : SN 7115 : Real Time Clock difference: 10
2025-01-03 13:11:04.824 : SN 7115 : Sent: Ldx   To: /dev/tty.usbserial-B003BNDC   Received: Ld,1
2025-01-03 13:11:04.856 : SN 7115 : Sent: LD1x   To: /dev/tty.usbserial-B003BNDC   Received: Ld,1
2025-01-03 13:11:04.872 : SN 7115 : Sent: Ldx   To: /dev/tty.usbserial-B003BNDC   Received: Ld,1
2025-01-03 13:11:04.905 : SN 7115 : CheckLockVisibility()
2025-01-03 13:11:04.968 : SN 7115 : Sent: Ix   To: /dev/tty.usbserial-B003BNDC   Received: 0000000000s,0000000000s,00000000.00m,00000000.00m
2025-01-03 13:11:04.972 : SN 7115 : ParseReportInterval response: 0000000000s,0000000000s,00000000.00m,00000000.00m
2025-01-03 13:11:04.981 : SN 7115 : GetVersion result: i,00000004,00000006,00000082,00007115
2025-01-03 13:11:04.985 : SN 7115 : Reading Interval Settings: 0000000000s,0000000000s,00000000.00m,00000000.00m
2025-01-03 13:11:05.016 : SN 7115 : Sent: rx   To: /dev/tty.usbserial-B003BNDC   Received: r, 07.09m,0000135470Hz,0000000000c,0000000.000s, 002.2C
2025-01-03 13:11:18.167 : SN 7115 : Sent: LIx   To: /dev/tty.usbserial-B003BNDC   Received: LI,0000000000s,0000000005m,0000000000s,0000000005m,00000000.00m,
2025-01-03 13:11:18.263 : SN 7115 : Sent: Lmx   To: /dev/tty.usbserial-B003BNDC   Received: LM,2
2025-01-03 13:11:18.295 : SN 7115 : Sent: LZx   To: /dev/tty.usbserial-B003BNDC   Received: LZ,0001048576
2025-01-03 13:11:18.327 : SN 7115 : Sent: L1x   To: /dev/tty.usbserial-B003BNDC   Received: L1,0000040664
2025-01-03 13:11:18.359 : SN 7115 : Sent: L1x   To: /dev/tty.usbserial-B003BNDC   Received: L1,0000040664
2025-01-03 13:11:18.407 : SN 7115 : Sent: L40000040663x   To: /dev/tty.usbserial-B003BNDC   Received: L4,25-01-03 6 13:10:05,00.00, 003.2C,194,1
2025-01-03 13:11:18.439 : SN 7115 : Sent: Lcx   To: /dev/tty.usbserial-B003BNDC   Received: Lc,25-01-03 6 13:11:29
2025-01-03 13:11:18.443 : SN 7115 : Real Time Clock difference: 10
2025-01-03 13:11:18.471 : SN 7115 : Sent: Ldx   To: /dev/tty.usbserial-B003BNDC   Received: Ld,1
2025-01-03 13:11:18.503 : SN 7115 : Sent: L1x   To: /dev/tty.usbserial-B003BNDC   Received: L1,0000040664
2025-01-03 13:11:18.535 : SN 7115 : Sent: L1x   To: /dev/tty.usbserial-B003BNDC   Received: L1,0000040664
2025-01-03 13:11:18.583 : SN 7115 : Sent: L40000000000x   To: /dev/tty.usbserial-B003BNDC   Received: L4,24-08-15 5 08:19:06,08.52, 024.4C,236,0
2025-01-03 13:11:20.838 : SN 7115 : Sent: L1x   To: /dev/tty.usbserial-B003BNDC   Received: L1,0000040664
2025-01-03 13:11:23.507 : SN 7115 : DL binary retrieve initiated.
2025-01-03 13:11:23.541 : SN 7115 : Sent: Lmx   To: /dev/tty.usbserial-B003BNDC   Received: LM,2
2025-01-03 13:11:23.573 : SN 7115 : Sent: ix   To: /dev/tty.usbserial-B003BNDC   Received: i,00000004,00000006,00000082,00007115
2025-01-03 13:11:23.605 : SN 7115 : Sent: rx   To: /dev/tty.usbserial-B003BNDC   Received: r, 07.07m,0000137303Hz,0000000000c,0000000.000s, 002.5C
2025-01-03 13:11:23.637 : SN 7115 : Sent: cx   To: /dev/tty.usbserial-B003BNDC   Received: c,00000019.91m,0000274.655s, 018.6C,00000008.71m, 018.6C
2025-01-03 13:11:23.669 : SN 7115 : Sent: Ix   To: /dev/tty.usbserial-B003BNDC   Received: 0000000000s,0000000000s,00000000.00m,00000000.00m
2025-01-03 13:11:23.701 : SN 7115 : Sent: Lcx   To: /dev/tty.usbserial-B003BNDC   Received: Lc,25-01-03 6 13:11:34
2025-01-03 13:11:23.742 : SN 7115 : Sent: LIx   To: /dev/tty.usbserial-B003BNDC   Received: LI,0000000000s,0000000005m,0000000000s,0000000005m,00000000.00m,
2025-01-03 13:11:23.758 : SN 7115 : 40664 Packets 16 bytes long.
2025-02-06 16:45:38.973 : SN 7115 : Sent: m0x   To: /dev/cu.usbserial-B003BNDC   Received: m0,255
2025-02-06 16:45:39.006 : SN 7115 : Sent: m1x   To: /dev/cu.usbserial-B003BNDC   Received: m1,255
2025-02-06 16:45:39.038 : SN 7115 : Sent: m2x   To: /dev/cu.usbserial-B003BNDC   Received: m2,255
2025-02-06 16:45:39.070 : SN 7115 : Sent: Lvx   To: /dev/cu.usbserial-B003BNDC   Received: Lv,2
2025-02-06 16:45:39.073 : SN 7115 : ContCheck(Yx)
2025-02-06 16:45:39.102 : SN 7115 : Sent: Yx   To: /dev/cu.usbserial-B003BNDC   Received: Yrcpu
2025-02-06 16:45:39.117 : SN 7115 : Sent: A5x   To: /dev/cu.usbserial-B003BNDC   Received: A5,0,d
2025-02-06 16:45:39.196 : SN 7115 : Sent: LIx   To: /dev/cu.usbserial-B003BNDC   Received: LI,0000000000s,0000000005m,0000000000s,0000000005m,00000000.00m,
2025-02-06 16:45:39.228 : SN 7115 : Sent: Lmx   To: /dev/cu.usbserial-B003BNDC   Received: LM,2
2025-02-06 16:45:39.260 : SN 7115 : Sent: LZx   To: /dev/cu.usbserial-B003BNDC   Received: LZ,0001048576
2025-02-06 16:45:39.293 : SN 7115 : Sent: L1x   To: /dev/cu.usbserial-B003BNDC   Received: L1,0000050498
2025-02-06 16:45:39.325 : SN 7115 : Sent: L1x   To: /dev/cu.usbserial-B003BNDC   Received: L1,0000050498
2025-02-06 16:45:39.372 : SN 7115 : Sent: L40000050497x   To: /dev/cu.usbserial-B003BNDC   Received: L4,25-02-06 5 16:42:05,13.49, 011.6C,226,1
2025-02-06 16:45:39.405 : SN 7115 : Sent: Lcx   To: /dev/cu.usbserial-B003BNDC   Received: Lc,25-02-06 5 16:45:52
2025-02-06 16:45:39.409 : SN 7115 : Real Time Clock difference: 12
2025-02-06 16:45:39.437 : SN 7115 : Sent: Ldx   To: /dev/cu.usbserial-B003BNDC   Received: Ld,1
2025-02-06 16:45:39.472 : SN 7115 : CheckLockVisibility()
2025-02-06 16:45:39.517 : SN 7115 : Sent: Ix   To: /dev/cu.usbserial-B003BNDC   Received: 0000000000s,0000000000s,00000000.00m,00000000.00m
2025-02-06 16:45:39.520 : SN 7115 : ParseReportInterval response: 0000000000s,0000000000s,00000000.00m,00000000.00m
2025-02-06 16:45:39.528 : SN 7115 : GetVersion result: i,00000004,00000006,00000082,00007115
2025-02-06 16:45:39.528 : SN 7115 : Reading Interval Settings: 0000000000s,0000000000s,00000000.00m,00000000.00m
2025-02-06 16:45:39.564 : SN 7115 : Sent: rx   To: /dev/cu.usbserial-B003BNDC   Received: r, 11.97m,0000001504Hz,0000000000c,0000000.000s, 011.9C
2025-02-06 16:45:48.662 : SN 7115 : Sent: LIx   To: /dev/cu.usbserial-B003BNDC   Received: LI,0000000000s,0000000005m,0000000000s,0000000005m,00000000.00m,
2025-02-06 16:45:48.742 : SN 7115 : Sent: Lmx   To: /dev/cu.usbserial-B003BNDC   Received: LM,2
2025-02-06 16:45:48.774 : SN 7115 : Sent: LZx   To: /dev/cu.usbserial-B003BNDC   Received: LZ,0001048576
2025-02-06 16:45:48.806 : SN 7115 : Sent: L1x   To: /dev/cu.usbserial-B003BNDC   Received: L1,0000050498
2025-02-06 16:45:48.838 : SN 7115 : Sent: L1x   To: /dev/cu.usbserial-B003BNDC   Received: L1,0000050498
2025-02-06 16:45:48.886 : SN 7115 : Sent: L40000050497x   To: /dev/cu.usbserial-B003BNDC   Received: L4,25-02-06 5 16:42:05,13.49, 011.6C,226,1
2025-02-06 16:45:48.918 : SN 7115 : Sent: Lcx   To: /dev/cu.usbserial-B003BNDC   Received: Lc,25-02-06 5 16:46:01
2025-02-06 16:45:48.924 : SN 7115 : Real Time Clock difference: 12
2025-02-06 16:45:48.950 : SN 7115 : Sent: Ldx   To: /dev/cu.usbserial-B003BNDC   Received: Ld,1
2025-02-06 16:45:48.982 : SN 7115 : Sent: L1x   To: /dev/cu.usbserial-B003BNDC   Received: L1,0000050498
2025-02-06 16:45:49.014 : SN 7115 : Sent: L1x   To: /dev/cu.usbserial-B003BNDC   Received: L1,0000050498
2025-02-06 16:45:49.062 : SN 7115 : Sent: L40000000000x   To: /dev/cu.usbserial-B003BNDC   Received: L4,24-08-15 5 08:19:06,08.52, 024.4C,236,0
2025-02-06 16:45:51.605 : SN 7115 : Sent: L1x   To: /dev/cu.usbserial-B003BNDC   Received: L1,0000050498
2025-02-06 16:45:59.106 : SN 7115 : DL binary retrieve initiated.
2025-02-06 16:45:59.137 : SN 7115 : Sent: Lmx   To: /dev/cu.usbserial-B003BNDC   Received: LM,2
2025-02-06 16:45:59.169 : SN 7115 : Sent: ix   To: /dev/cu.usbserial-B003BNDC   Received: i,00000004,00000006,00000082,00007115
2025-02-06 16:45:59.201 : SN 7115 : Sent: rx   To: /dev/cu.usbserial-B003BNDC   Received: r, 11.63m,0000002060Hz,0000000000c,0000000.000s, 012.2C
2025-02-06 16:45:59.233 : SN 7115 : Sent: cx   To: /dev/cu.usbserial-B003BNDC   Received: c,00000019.91m,0000274.655s, 018.6C,00000008.71m, 018.6C
2025-02-06 16:45:59.265 : SN 7115 : Sent: Ix   To: /dev/cu.usbserial-B003BNDC   Received: 0000000000s,0000000000s,00000000.00m,00000000.00m
2025-02-06 16:45:59.297 : SN 7115 : Sent: Lcx   To: /dev/cu.usbserial-B003BNDC   Received: Lc,25-02-06 5 16:46:12
2025-02-06 16:45:59.313 : SN 7115 : Sent: Lmx   To: /dev/cu.usbserial-B003BNDC   Received: LM,2
2025-02-06 16:45:59.355 : SN 7115 : Sent: LIx   To: /dev/cu.usbserial-B003BNDC   Received: LI,0000000000s,0000000005m,0000000000s,0000000005m,00000000.00m,
2025-02-06 16:45:59.371 : SN 7115 : 50498 Packets 16 bytes long.
2025-03-08 16:07:42.651 : SN 7115 : Sent: m0x   To: /dev/cu.usbserial-B003BNDC   Received: m0,255
2025-03-08 16:07:42.683 : SN 7115 : Sent: m1x   To: /dev/cu.usbserial-B003BNDC   Received: m1,255
2025-03-08 16:07:42.715 : SN 7115 : Sent: m2x   To: /dev/cu.usbserial-B003BNDC   Received: m2,255
2025-03-08 16:07:42.730 : SN 7115 : Sent: Lvx   To: /dev/cu.usbserial-B003BNDC   Received: Lv,2
2025-03-08 16:07:42.731 : SN 7115 : ContCheck(Yx)
2025-03-08 16:07:42.746 : SN 7115 : Sent: Yx   To: /dev/cu.usbserial-B003BNDC   Received: Yrcpu
2025-03-08 16:07:42.810 : SN 7115 : Sent: A5x   To: /dev/cu.usbserial-B003BNDC   Received: A5,0,d
2025-03-08 16:07:42.896 : SN 7115 : Sent: LIx   To: /dev/cu.usbserial-B003BNDC   Received: LI,0000000000s,0000000005m,0000000000s,0000000005m,00000000.00m,
2025-03-08 16:07:42.928 : SN 7115 : Sent: Lmx   To: /dev/cu.usbserial-B003BNDC   Received: LM,2
2025-03-08 16:07:42.960 : SN 7115 : Sent: LZx   To: /dev/cu.usbserial-B003BNDC   Received: LZ,0001048576
2025-03-08 16:07:42.992 : SN 7115 : Sent: L1x   To: /dev/cu.usbserial-B003BNDC   Received: L1,0000059128
2025-03-08 16:07:43.024 : SN 7115 : Sent: L1x   To: /dev/cu.usbserial-B003BNDC   Received: L1,0000059128
2025-03-08 16:07:43.072 : SN 7115 : Sent: L40000059127x   To: /dev/cu.usbserial-B003BNDC   Received: L4,25-03-08 7 16:07:05,10.88, 011.6C,225,1
2025-03-08 16:07:43.103 : SN 7115 : Sent: Lcx   To: /dev/cu.usbserial-B003BNDC   Received: Lc,25-03-08 7 16:07:57
2025-03-08 16:07:43.106 : SN 7115 : Real Time Clock difference: 13
2025-03-08 16:07:43.119 : SN 7115 : Sent: Ldx   To: /dev/cu.usbserial-B003BNDC   Received: Ld,1
2025-03-08 16:07:43.152 : SN 7115 : Sent: LD1x   To: /dev/cu.usbserial-B003BNDC   Received: Ld,1
2025-03-08 16:07:43.168 : SN 7115 : Sent: Ldx   To: /dev/cu.usbserial-B003BNDC   Received: Ld,1
2025-03-08 16:07:43.208 : SN 7115 : CheckLockVisibility()
2025-03-08 16:07:43.248 : SN 7115 : Sent: Ix   To: /dev/cu.usbserial-B003BNDC   Received: 0000000000s,0000000000s,00000000.00m,00000000.00m
2025-03-08 16:07:43.250 : SN 7115 : ParseReportInterval response: 0000000000s,0000000000s,00000000.00m,00000000.00m
2025-03-08 16:07:43.257 : SN 7115 : GetVersion result: i,00000004,00000006,00000082,00007115
2025-03-08 16:07:43.260 : SN 7115 : Reading Interval Settings: 0000000000s,0000000000s,00000000.00m,00000000.00m
2025-03-08 16:07:43.296 : SN 7115 : Sent: rx   To: /dev/cu.usbserial-B003BNDC   Received: r, 09.42m,0000015841Hz,0000000000c,0000000.000s, 011.2C
2025-03-08 16:07:49.989 : SN 7115 : Sent: LIx   To: /dev/cu.usbserial-B003BNDC   Received: LI,0000000000s,0000000005m,0000000000s,0000000005m,00000000.00m,
2025-03-08 16:07:50.068 : SN 7115 : Sent: Lmx   To: /dev/cu.usbserial-B003BNDC   Received: LM,2
2025-03-08 16:07:50.100 : SN 7115 : Sent: LZx   To: /dev/cu.usbserial-B003BNDC   Received: LZ,0001048576
2025-03-08 16:07:50.132 : SN 7115 : Sent: L1x   To: /dev/cu.usbserial-B003BNDC   Received: L1,0000059128
2025-03-08 16:07:50.164 : SN 7115 : Sent: L1x   To: /dev/cu.usbserial-B003BNDC   Received: L1,0000059128
2025-03-08 16:07:50.212 : SN 7115 : Sent: L40000059127x   To: /dev/cu.usbserial-B003BNDC   Received: L4,25-03-08 7 16:07:05,10.88, 011.6C,225,1
2025-03-08 16:07:50.244 : SN 7115 : Sent: Lcx   To: /dev/cu.usbserial-B003BNDC   Received: Lc,25-03-08 7 16:08:05
2025-03-08 16:07:50.248 : SN 7115 : Real Time Clock difference: 14
2025-03-08 16:07:50.276 : SN 7115 : Sent: Ldx   To: /dev/cu.usbserial-B003BNDC   Received: Ld,1
2025-03-08 16:07:50.308 : SN 7115 : Sent: L1x   To: /dev/cu.usbserial-B003BNDC   Received: L1,0000059128
2025-03-08 16:07:50.340 : SN 7115 : Sent: L1x   To: /dev/cu.usbserial-B003BNDC   Received: L1,0000059128
2025-03-08 16:07:50.388 : SN 7115 : Sent: L40000000000x   To: /dev/cu.usbserial-B003BNDC   Received: L4,24-08-15 5 08:19:06,08.52, 024.4C,236,0
2025-03-08 16:07:52.116 : SN 7115 : Sent: L1x   To: /dev/cu.usbserial-B003BNDC   Received: L1,0000059128
2025-03-08 16:07:56.015 : SN 7115 : DL binary retrieve initiated.
2025-03-08 16:07:56.050 : SN 7115 : Sent: Lmx   To: /dev/cu.usbserial-B003BNDC   Received: LM,2
2025-03-08 16:07:56.082 : SN 7115 : Sent: ix   To: /dev/cu.usbserial-B003BNDC   Received: i,00000004,00000006,00000082,00007115
2025-03-08 16:07:56.114 : SN 7115 : Sent: rx   To: /dev/cu.usbserial-B003BNDC   Received: r, 09.24m,0000018594Hz,0000000000c,0000000.000s, 011.6C
2025-03-08 16:07:56.146 : SN 7115 : Sent: cx   To: /dev/cu.usbserial-B003BNDC   Received: c,00000019.91m,0000274.655s, 018.6C,00000008.71m, 018.6C
2025-03-08 16:07:56.178 : SN 7115 : Sent: Ix   To: /dev/cu.usbserial-B003BNDC   Received: 0000000000s,0000000000s,00000000.00m,00000000.00m
2025-03-08 16:07:56.210 : SN 7115 : Sent: Lcx   To: /dev/cu.usbserial-B003BNDC   Received: Lc,25-03-08 7 16:08:11
2025-03-08 16:07:56.242 : SN 7115 : Sent: Lmx   To: /dev/cu.usbserial-B003BNDC   Received: LM,2
2025-03-08 16:07:56.282 : SN 7115 : Sent: LIx   To: /dev/cu.usbserial-B003BNDC   Received: LI,0000000000s,0000000005m,0000000000s,0000000005m,00000000.00m,
2025-03-08 16:07:56.298 : SN 7115 : 59128 Packets 16 bytes long.
2025-03-08 16:16:14.265 : SN 7115 : DL binary retrieve initiated.
2025-03-08 16:16:14.300 : SN 7115 : Sent: Lmx   To: /dev/cu.usbserial-B003BNDC   Received: LM,2
2025-03-08 16:16:14.333 : SN 7115 : Sent: ix   To: /dev/cu.usbserial-B003BNDC   Received: i,00000004,00000006,00000082,00007115
2025-03-08 16:16:14.364 : SN 7115 : Sent: rx   To: /dev/cu.usbserial-B003BNDC   Received: r, 11.01m,0000003632Hz,0000000000c,0000000.000s, 016.7C
2025-03-08 16:16:14.396 : SN 7115 : Sent: cx   To: /dev/cu.usbserial-B003BNDC   Received: c,00000019.91m,0000274.655s, 018.6C,00000008.71m, 018.6C
2025-03-08 16:16:14.429 : SN 7115 : Sent: Ix   To: /dev/cu.usbserial-B003BNDC   Received: 0000000000s,0000000000s,00000000.00m,00000000.00m
2025-03-08 16:16:14.460 : SN 7115 : Sent: Lcx   To: /dev/cu.usbserial-B003BNDC   Received: Lc,25-03-08 7 16:16:29
2025-03-08 16:16:14.493 : SN 7115 : Sent: Lmx   To: /dev/cu.usbserial-B003BNDC   Received: LM,2
2025-03-08 16:16:14.535 : SN 7115 : Sent: LIx   To: /dev/cu.usbserial-B003BNDC   Received: LI,0000000000s,0000000005m,0000000000s,0000000005m,00000000.00m,
2025-03-08 16:16:14.550 : SN 7115 : 59128 Packets 16 bytes long.
2025-03-08 16:16:32.582 : SN 7115 : Sent: Lmx   To: /dev/cu.usbserial-B003BNDC   Received:  "$ZI #LM,2
2025-03-08 16:16:46.320 : SN 7115 : Sent: m0x   To: /dev/cu.usbserial-B003BNDC   Received: m0,255
2025-03-08 16:16:46.352 : SN 7115 : Sent: m1x   To: /dev/cu.usbserial-B003BNDC   Received: m1,255
2025-03-08 16:16:46.384 : SN 7115 : Sent: m2x   To: /dev/cu.usbserial-B003BNDC   Received: m2,255
2025-03-08 16:16:46.416 : SN 7115 : Sent: Lvx   To: /dev/cu.usbserial-B003BNDC   Received: Lv,2
2025-03-08 16:16:46.426 : SN 7115 : ContCheck(Yx)
2025-03-08 16:16:46.448 : SN 7115 : Sent: Yx   To: /dev/cu.usbserial-B003BNDC   Received: Yrcpu
2025-03-08 16:16:46.512 : SN 7115 : Sent: A5x   To: /dev/cu.usbserial-B003BNDC   Received: A5,0,d
2025-03-08 16:16:46.590 : SN 7115 : Sent: LIx   To: /dev/cu.usbserial-B003BNDC   Received: LI,0000000000s,0000000005m,0000000000s,0000000005m,00000000.00m,
2025-03-08 16:16:46.622 : SN 7115 : Sent: Lmx   To: /dev/cu.usbserial-B003BNDC   Received: LM,2
2025-03-08 16:16:46.654 : SN 7115 : Sent: LZx   To: /dev/cu.usbserial-B003BNDC   Received: LZ,0001048576
2025-03-08 16:16:46.686 : SN 7115 : Sent: L1x   To: /dev/cu.usbserial-B003BNDC   Received: L1,0000059128
2025-03-08 16:16:46.718 : SN 7115 : Sent: L1x   To: /dev/cu.usbserial-B003BNDC   Received: L1,0000059128
2025-03-08 16:16:46.766 : SN 7115 : Sent: L40000059127x   To: /dev/cu.usbserial-B003BNDC   Received: L4,25-03-08 7 16:07:05,10.88, 011.6C,225,1
2025-03-08 16:16:46.814 : SN 7115 : Sent: Lcx   To: /dev/cu.usbserial-B003BNDC   Received: Lc,25-03-08 7 16:17:01
2025-03-08 16:16:46.823 : SN 7115 : Real Time Clock difference: 14
2025-03-08 16:16:46.846 : SN 7115 : Sent: Ldx   To: /dev/cu.usbserial-B003BNDC   Received: Ld,1
2025-03-08 16:16:46.878 : SN 7115 : Sent: LD1x   To: /dev/cu.usbserial-B003BNDC   Received: Ld,1
2025-03-08 16:16:46.910 : SN 7115 : Sent: Ldx   To: /dev/cu.usbserial-B003BNDC   Received: Ld,1
2025-03-08 16:16:46.947 : SN 7115 : CheckLockVisibility()
2025-03-08 16:16:46.990 : SN 7115 : Sent: Ix   To: /dev/cu.usbserial-B003BNDC   Received: 0000000000s,0000000000s,00000000.00m,00000000.00m
2025-03-08 16:16:46.998 : SN 7115 : ParseReportInterval response: 0000000000s,0000000000s,00000000.00m,00000000.00m
2025-03-08 16:16:47.009 : SN 7115 : GetVersion result: i,00000004,00000006,00000082,00007115
2025-03-08 16:16:47.010 : SN 7115 : Reading Interval Settings: 0000000000s,0000000000s,00000000.00m,00000000.00m
2025-03-08 16:16:47.038 : SN 7115 : Sent: rx   To: /dev/cu.usbserial-B003BNDC   Received: r, 12.32m,0000001101Hz,0000000000c,0000000.000s, 016.7C
2025-03-08 16:36:59.427 : SN 7115 : Sent: LIx   To: /dev/cu.usbserial-B003BNDC   Received: Error: Instance not yet connected
2025-03-08 16:36:59.495 : SN 7115 : Sent: Lmx   To: /dev/cu.usbserial-B003BNDC   Received: Error: Instance not yet connected
2025-03-08 16:36:59.507 : SN 7115 : Sent: LZx   To: /dev/cu.usbserial-B003BNDC   Received: Error: Instance not yet connected
2025-03-08 16:36:59.523 : SN 7115 : Sent: L1x   To: /dev/cu.usbserial-B003BNDC   Received: Error: Instance not yet connected
2025-03-08 16:36:59.538 : SN 7115 : Sent: Lcx   To: /dev/cu.usbserial-B003BNDC   Received: Error: Instance not yet connected
2025-03-08 16:36:59.560 : SN 7115 : Sent: Ldx   To: /dev/cu.usbserial-B003BNDC   Received: Error: Instance not yet connected
2025-03-08 16:36:59.572 : SN 7115 : Sent: LD0x   To: /dev/cu.usbserial-B003BNDC   Received: Error: Instance not yet connected
2025-03-08 16:36:59.588 : SN 7115 : Sent: Ldx   To: /dev/cu.usbserial-B003BNDC   Received: Error: Instance not yet connected
2025-03-08 16:36:59.603 : SN 7115 : Sent: L1x   To: /dev/cu.usbserial-B003BNDC   Received: Error: Instance not yet connected
2025-03-08 16:36:59.618 : SN 7115 : Sent: L1x   To: /dev/cu.usbserial-B003BNDC   Received: Error: Instance not yet connected
2025-03-08 16:36:59.631 : SN 7115 : Sent: L40000000000x   To: /dev/cu.usbserial-B003BNDC   Received: Error: Instance not yet connected
2025-03-08 16:37:01.163 : SN 7115 : Sent: L1x   To: /dev/cu.usbserial-B003BNDC   Received: Error: Instance not yet connected
2025-03-08 16:37:05.929 : SN 7115 : DL binary retrieve initiated.
2025-03-08 16:37:05.955 : SN 7115 : Sent: Lmx   To: /dev/cu.usbserial-B003BNDC   Received: Error: Instance not yet connected
2025-04-21 20:02:58.508 : SN 7115 : Sent: m0x   To: /dev/cu.usbserial-B003BNDC   Received: m0,255
2025-04-21 20:02:58.540 : SN 7115 : Sent: m1x   To: /dev/cu.usbserial-B003BNDC   Received: m1,255
2025-04-21 20:02:58.556 : SN 7115 : Sent: m2x   To: /dev/cu.usbserial-B003BNDC   Received: m2,255
2025-04-21 20:02:58.572 : SN 7115 : Sent: Lvx   To: /dev/cu.usbserial-B003BNDC   Received: Lv,2
2025-04-21 20:02:58.575 : SN 7115 : ContCheck(Yx)
2025-04-21 20:02:58.588 : SN 7115 : Sent: Yx   To: /dev/cu.usbserial-B003BNDC   Received: Yrcpu
2025-04-21 20:02:58.652 : SN 7115 : Sent: A5x   To: /dev/cu.usbserial-B003BNDC   Received: A5,0,d
2025-04-21 20:02:58.753 : SN 7115 : Sent: LIx   To: /dev/cu.usbserial-B003BNDC   Received: LI,0000000000s,0000000005m,0000000000s,0000000005m,00000000.00m,
2025-04-21 20:02:58.786 : SN 7115 : Sent: Lmx   To: /dev/cu.usbserial-B003BNDC   Received: LM,2
2025-04-21 20:02:58.818 : SN 7115 : Sent: LZx   To: /dev/cu.usbserial-B003BNDC   Received: LZ,0001048576
2025-04-21 20:02:58.850 : SN 7115 : Sent: L1x   To: /dev/cu.usbserial-B003BNDC   Received: L1,0000071845
2025-04-21 20:02:58.881 : SN 7115 : Sent: L1x   To: /dev/cu.usbserial-B003BNDC   Received: L1,0000071845
2025-04-21 20:02:58.930 : SN 7115 : Sent: L40000071844x   To: /dev/cu.usbserial-B003BNDC   Received: L4,25-04-21 2 19:58:05,19.43, 006.7C,225,1
2025-04-21 20:02:58.962 : SN 7115 : Sent: Lcx   To: /dev/cu.usbserial-B003BNDC   Received: Lc,25-04-21 2 20:03:19
2025-04-21 20:02:58.968 : SN 7115 : Real Time Clock difference: 20
2025-04-21 20:02:58.994 : SN 7115 : Sent: Ldx   To: /dev/cu.usbserial-B003BNDC   Received: Ld,1
2025-04-21 20:02:59.026 : SN 7115 : Sent: LD1x   To: /dev/cu.usbserial-B003BNDC   Received: Ld,1
2025-04-21 20:02:59.058 : SN 7115 : Sent: Ldx   To: /dev/cu.usbserial-B003BNDC   Received: Ld,1
2025-04-21 20:02:59.097 : SN 7115 : CheckLockVisibility()
2025-04-21 20:02:59.137 : SN 7115 : Sent: Ix   To: /dev/cu.usbserial-B003BNDC   Received: 0000000000s,0000000000s,00000000.00m,00000000.00m
2025-04-21 20:02:59.140 : SN 7115 : ParseReportInterval response: 0000000000s,0000000000s,00000000.00m,00000000.00m
2025-04-21 20:02:59.145 : SN 7115 : GetVersion result: i,00000004,00000006,00000082,00007115
2025-04-21 20:02:59.145 : SN 7115 : Reading Interval Settings: 0000000000s,0000000000s,00000000.00m,00000000.00m
2025-04-21 20:02:59.185 : SN 7115 : Sent: rx   To: /dev/cu.usbserial-B003BNDC   Received: r, 19.91m,0000000001Hz,0000000000c,0000000.000s, 006.7C
2025-04-21 20:03:06.390 : SN 7115 : Sent: LIx   To: /dev/cu.usbserial-B003BNDC   Received: LI,0000000000s,0000000005m,0000000000s,0000000005m,00000000.00m,
2025-04-21 20:03:06.486 : SN 7115 : Sent: Lmx   To: /dev/cu.usbserial-B003BNDC   Received: LM,2
2025-04-21 20:03:06.518 : SN 7115 : Sent: LZx   To: /dev/cu.usbserial-B003BNDC   Received: LZ,0001048576
2025-04-21 20:03:06.550 : SN 7115 : Sent: L1x   To: /dev/cu.usbserial-B003BNDC   Received: L1,0000071845
2025-04-21 20:03:06.582 : SN 7115 : Sent: L1x   To: /dev/cu.usbserial-B003BNDC   Received: L1,0000071845
2025-04-21 20:03:06.630 : SN 7115 : Sent: L40000071844x   To: /dev/cu.usbserial-B003BNDC   Received: L4,25-04-21 2 19:58:05,19.43, 006.7C,225,1
2025-04-21 20:03:06.662 : SN 7115 : Sent: Lcx   To: /dev/cu.usbserial-B003BNDC   Received: Lc,25-04-21 2 20:03:27
2025-04-21 20:03:06.665 : SN 7115 : Real Time Clock difference: 20
2025-04-21 20:03:06.694 : SN 7115 : Sent: Ldx   To: /dev/cu.usbserial-B003BNDC   Received: Ld,1
2025-04-21 20:03:06.726 : SN 7115 : Sent: L1x   To: /dev/cu.usbserial-B003BNDC   Received: L1,0000071845
2025-04-21 20:03:06.758 : SN 7115 : Sent: L1x   To: /dev/cu.usbserial-B003BNDC   Received: L1,0000071845
2025-04-21 20:03:06.806 : SN 7115 : Sent: L40000000000x   To: /dev/cu.usbserial-B003BNDC   Received: L4,24-08-15 5 08:19:06,08.52, 024.4C,236,0
2025-04-21 20:03:08.310 : SN 7115 : Sent: L1x   To: /dev/cu.usbserial-B003BNDC   Received: L1,0000071845
2025-04-21 20:03:18.828 : SN 7115 : DL binary retrieve initiated.
2025-04-21 20:03:18.881 : SN 7115 : Sent: Lmx   To: /dev/cu.usbserial-B003BNDC   Received: LM,2
2025-04-21 20:03:18.913 : SN 7115 : Sent: ix   To: /dev/cu.usbserial-B003BNDC   Received: i,00000004,00000006,00000082,00007115
2025-04-21 20:03:18.945 : SN 7115 : Sent: rx   To: /dev/cu.usbserial-B003BNDC   Received: r, 00.00m,0000000000Hz,0000000000c,0000000.000s, 007.0C
2025-04-21 20:03:18.977 : SN 7115 : Sent: cx   To: /dev/cu.usbserial-B003BNDC   Received: c,00000019.91m,0000274.655s, 018.6C,00000008.71m, 018.6C
2025-04-21 20:03:19.009 : SN 7115 : Sent: Ix   To: /dev/cu.usbserial-B003BNDC   Received: 0000000000s,0000000000s,00000000.00m,00000000.00m
2025-04-21 20:03:19.041 : SN 7115 : Sent: Lcx   To: /dev/cu.usbserial-B003BNDC   Received: Lc,25-04-21 2 20:03:40
2025-04-21 20:03:19.057 : SN 7115 : Sent: Lmx   To: /dev/cu.usbserial-B003BNDC   Received: LM,2
2025-04-21 20:03:19.096 : SN 7115 : Sent: LIx   To: /dev/cu.usbserial-B003BNDC   Received: LI,0000000000s,0000000005m,0000000000s,0000000005m,00000000.00m,
2025-04-21 20:03:19.112 : SN 7115 : 71845 Packets 16 bytes long.
2025-05-25 05:43:41.384 : SN 7115 : Sent: m0x   To: /dev/cu.usbserial-B003BNDC   Received: m0,255
2025-05-25 05:43:41.417 : SN 7115 : Sent: m1x   To: /dev/cu.usbserial-B003BNDC   Received: m1,255
2025-05-25 05:43:41.448 : SN 7115 : Sent: m2x   To: /dev/cu.usbserial-B003BNDC   Received: m2,255
2025-05-25 05:43:41.464 : SN 7115 : Sent: Lvx   To: /dev/cu.usbserial-B003BNDC   Received: Lv,2
2025-05-25 05:43:41.465 : SN 7115 : ContCheck(Yx)
2025-05-25 05:43:41.496 : SN 7115 : Sent: Yx   To: /dev/cu.usbserial-B003BNDC   Received: Yrcpu
2025-05-25 05:43:41.560 : SN 7115 : Sent: A5x   To: /dev/cu.usbserial-B003BNDC   Received: A5,0,d
2025-05-25 05:43:41.665 : SN 7115 : Sent: LIx   To: /dev/cu.usbserial-B003BNDC   Received: LI,0000000000s,0000000005m,0000000000s,0000000005m,00000000.00m,
2025-05-25 05:43:41.697 : SN 7115 : Sent: Lmx   To: /dev/cu.usbserial-B003BNDC   Received: LM,2
2025-05-25 05:43:41.729 : SN 7115 : Sent: LZx   To: /dev/cu.usbserial-B003BNDC   Received: LZ,0001048576
2025-05-25 05:43:41.761 : SN 7115 : Sent: L1x   To: /dev/cu.usbserial-B003BNDC   Received: L1,0000081449
2025-05-25 05:43:41.793 : SN 7115 : Sent: L1x   To: /dev/cu.usbserial-B003BNDC   Received: L1,0000081449
2025-05-25 05:43:41.841 : SN 7115 : Sent: L40000081448x   To: /dev/cu.usbserial-B003BNDC   Received: L4,25-05-25 1 05:43:05,06.15, 011.2C,225,1
2025-05-25 05:43:41.873 : SN 7115 : Sent: Lcx   To: /dev/cu.usbserial-B003BNDC   Received: Lc,25-05-25 1 05:44:07
2025-05-25 05:43:41.877 : SN 7115 : Real Time Clock difference: 25
2025-05-25 05:43:41.905 : SN 7115 : Sent: Ldx   To: /dev/cu.usbserial-B003BNDC   Received: Ld,1
2025-05-25 05:43:41.937 : SN 7115 : Sent: LD1x   To: /dev/cu.usbserial-B003BNDC   Received: Ld,1
2025-05-25 05:43:41.953 : SN 7115 : Sent: Ldx   To: /dev/cu.usbserial-B003BNDC   Received: Ld,1
2025-05-25 05:43:41.999 : SN 7115 : CheckLockVisibility()
2025-05-25 05:43:42.033 : SN 7115 : Sent: Ix   To: /dev/cu.usbserial-B003BNDC   Received: 0000000000s,0000000000s,00000000.00m,00000000.00m
2025-05-25 05:43:42.037 : SN 7115 : ParseReportInterval response: 0000000000s,0000000000s,00000000.00m,00000000.00m
2025-05-25 05:43:42.044 : SN 7115 : GetVersion result: i,00000004,00000006,00000082,00007115
2025-05-25 05:43:42.044 : SN 7115 : Reading Interval Settings: 0000000000s,0000000000s,00000000.00m,00000000.00m
2025-05-25 05:43:42.081 : SN 7115 : Sent: rx   To: /dev/cu.usbserial-B003BNDC   Received: r, 09.48m,0000014965Hz,0000000000c,0000000.000s, 010.3C
2025-05-25 05:43:45.920 : SN 7115 : Sent: LIx   To: /dev/cu.usbserial-B003BNDC   Received: LI,0000000000s,0000000005m,0000000000s,0000000005m,00000000.00m,
2025-05-25 05:43:46.000 : SN 7115 : Sent: Lmx   To: /dev/cu.usbserial-B003BNDC   Received: LM,2
2025-05-25 05:43:46.032 : SN 7115 : Sent: LZx   To: /dev/cu.usbserial-B003BNDC   Received: LZ,0001048576
2025-05-25 05:43:46.064 : SN 7115 : Sent: L1x   To: /dev/cu.usbserial-B003BNDC   Received: L1,0000081449
2025-05-25 05:43:46.095 : SN 7115 : Sent: L1x   To: /dev/cu.usbserial-B003BNDC   Received: L1,0000081449
2025-05-25 05:43:46.144 : SN 7115 : Sent: L40000081448x   To: /dev/cu.usbserial-B003BNDC   Received: L4,25-05-25 1 05:43:05,06.15, 011.2C,225,1
2025-05-25 05:43:46.176 : SN 7115 : Sent: Lcx   To: /dev/cu.usbserial-B003BNDC   Received: Lc,25-05-25 1 05:44:11
2025-05-25 05:43:46.180 : SN 7115 : Real Time Clock difference: 24
2025-05-25 05:43:46.208 : SN 7115 : Sent: Ldx   To: /dev/cu.usbserial-B003BNDC   Received: Ld,1
2025-05-25 05:43:46.240 : SN 7115 : Sent: L1x   To: /dev/cu.usbserial-B003BNDC   Received: L1,0000081449
2025-05-25 05:43:46.272 : SN 7115 : Sent: L1x   To: /dev/cu.usbserial-B003BNDC   Received: L1,0000081449
2025-05-25 05:43:46.320 : SN 7115 : Sent: L40000000000x   To: /dev/cu.usbserial-B003BNDC   Received: L4,24-08-15 5 08:19:06,08.52, 024.4C,236,0
2025-05-25 05:43:48.719 : SN 7115 : Sent: L1x   To: /dev/cu.usbserial-B003BNDC   Received: L1,0000081449
2025-05-25 05:43:53.594 : SN 7115 : DL binary retrieve initiated.
2025-05-25 05:43:53.629 : SN 7115 : Sent: Lmx   To: /dev/cu.usbserial-B003BNDC   Received: LM,2
2025-05-25 05:43:53.661 : SN 7115 : Sent: ix   To: /dev/cu.usbserial-B003BNDC   Received: i,00000004,00000006,00000082,00007115
2025-05-25 05:43:53.693 : SN 7115 : Sent: rx   To: /dev/cu.usbserial-B003BNDC   Received: r, 09.47m,0000015030Hz,0000000000c,0000000.000s, 010.6C
2025-05-25 05:43:53.725 : SN 7115 : Sent: cx   To: /dev/cu.usbserial-B003BNDC   Received: c,00000019.91m,0000274.655s, 018.6C,00000008.71m, 018.6C
2025-05-25 05:43:53.757 : SN 7115 : Sent: Ix   To: /dev/cu.usbserial-B003BNDC   Received: 0000000000s,0000000000s,00000000.00m,00000000.00m
2025-05-25 05:43:53.789 : SN 7115 : Sent: Lcx   To: /dev/cu.usbserial-B003BNDC   Received: Lc,25-05-25 1 05:44:19
2025-05-25 05:43:53.805 : SN 7115 : Sent: Lmx   To: /dev/cu.usbserial-B003BNDC   Received: LM,2
2025-05-25 05:43:53.845 : SN 7115 : Sent: LIx   To: /dev/cu.usbserial-B003BNDC   Received: LI,0000000000s,0000000005m,0000000000s,0000000005m,00000000.00m,
2025-05-25 05:43:53.861 : SN 7115 : 81449 Packets 16 bytes long.
2025-05-25 05:54:34.102 : SN 7115 : DL binary retrieve initiated.
2025-05-25 05:54:34.129 : SN 7115 : Sent: Lmx   To: /dev/cu.usbserial-B003BNDC   Received: X#%nN  LM,2
2025-05-25 05:54:37.994 : SN 7115 : Error receiving data: Instance not yet connected at record #: 79939
2025-05-25 05:55:29.439 : SN 7115 : Sent: Lmx   To: /dev/cu.usbserial-B003BNDC   Received: LM,2
2025-05-25 05:55:29.487 : SN 7115 : Sent: ix   To: /dev/cu.usbserial-B003BNDC   Received: i,00000004,00000006,00000082,00007115
2025-05-25 05:55:29.519 : SN 7115 : Sent: rx   To: /dev/cu.usbserial-B003BNDC   Received: r, 14.01m,0000000230Hz,0000000000c,0000000.000s, 012.5C
2025-05-25 05:55:29.551 : SN 7115 : Sent: cx   To: /dev/cu.usbserial-B003BNDC   Received: c,00000019.91m,0000274.655s, 018.6C,00000008.71m, 018.6C
2025-05-25 05:55:29.583 : SN 7115 : Sent: Ix   To: /dev/cu.usbserial-B003BNDC   Received: 0000000000s,0000000000s,00000000.00m,00000000.00m
2025-05-25 05:55:29.615 : SN 7115 : Sent: Lcx   To: /dev/cu.usbserial-B003BNDC   Received: Lc,25-05-25 1 05:55:54
2025-05-25 05:55:29.647 : SN 7115 : Sent: Lmx   To: /dev/cu.usbserial-B003BNDC   Received: LM,2
2025-05-25 05:55:29.688 : SN 7115 : Sent: LIx   To: /dev/cu.usbserial-B003BNDC   Received: LI,0000000000s,0000000005m,0000000000s,0000000005m,00000000.00m,
2025-05-25 05:55:29.692 : SN 7115 : DLRetrieveRange: End record was -1, set to 81449
2025-05-25 05:56:44.093 : SN 7115 : Retrieved range ASCII: 79900 to -1
2025-06-22 15:30:58.706 : SN 7115 : Sent: m0x   To: /dev/cu.usbserial-B003BNDC   Received: m0,255
2025-06-22 15:30:58.737 : SN 7115 : Sent: m1x   To: /dev/cu.usbserial-B003BNDC   Received: m1,255
2025-06-22 15:30:58.770 : SN 7115 : Sent: m2x   To: /dev/cu.usbserial-B003BNDC   Received: m2,255
2025-06-22 15:30:58.802 : SN 7115 : Sent: Lvx   To: /dev/cu.usbserial-B003BNDC   Received: Lv,2
2025-06-22 15:30:58.810 : SN 7115 : ContCheck(Yx)
2025-06-22 15:30:58.834 : SN 7115 : Sent: Yx   To: /dev/cu.usbserial-B003BNDC   Received: Yrcpu
2025-06-22 15:30:58.897 : SN 7115 : Sent: A5x   To: /dev/cu.usbserial-B003BNDC   Received: A5,0,d
2025-06-22 15:30:58.978 : SN 7115 : Sent: LIx   To: /dev/cu.usbserial-B003BNDC   Received: LI,0000000000s,0000000005m,0000000000s,0000000005m,00000000.00m,
2025-06-22 15:30:59.010 : SN 7115 : Sent: Lmx   To: /dev/cu.usbserial-B003BNDC   Received: LM,2
2025-06-22 15:30:59.042 : SN 7115 : Sent: LZx   To: /dev/cu.usbserial-B003BNDC   Received: LZ,0001048576
2025-06-22 15:30:59.073 : SN 7115 : Sent: L1x   To: /dev/cu.usbserial-B003BNDC   Received: L1,0000089628
2025-06-22 15:30:59.105 : SN 7115 : Sent: L1x   To: /dev/cu.usbserial-B003BNDC   Received: L1,0000089628
2025-06-22 15:30:59.153 : SN 7115 : Sent: L40000089627x   To: /dev/cu.usbserial-B003BNDC   Received: L4,25-06-22 1 15:27:05,00.00, 023.8C,225,1
2025-06-22 15:30:59.186 : SN 7115 : Sent: Lcx   To: /dev/cu.usbserial-B003BNDC   Received: Lc,25-06-22 1 15:31:25
2025-06-22 15:30:59.190 : SN 7115 : Real Time Clock difference: 25
2025-06-22 15:30:59.218 : SN 7115 : Sent: Ldx   To: /dev/cu.usbserial-B003BNDC   Received: Ld,1
2025-06-22 15:30:59.250 : SN 7115 : Sent: LD1x   To: /dev/cu.usbserial-B003BNDC   Received: Ld,1
2025-06-22 15:30:59.282 : SN 7115 : Sent: Ldx   To: /dev/cu.usbserial-B003BNDC   Received: Ld,1
2025-06-22 15:30:59.318 : SN 7115 : CheckLockVisibility()
2025-06-22 15:30:59.345 : SN 7115 : Sent: Ix   To: /dev/cu.usbserial-B003BNDC   Received: 0000000000s,0000000000s,00000000.00m,00000000.00m
2025-06-22 15:30:59.348 : SN 7115 : ParseReportInterval response: 0000000000s,0000000000s,00000000.00m,00000000.00m
2025-06-22 15:30:59.354 : SN 7115 : GetVersion result: i,00000004,00000006,00000082,00007115
2025-06-22 15:30:59.354 : SN 7115 : Reading Interval Settings: 0000000000s,0000000000s,00000000.00m,00000000.00m
2025-06-22 15:30:59.393 : SN 7115 : Sent: rx   To: /dev/cu.usbserial-B003BNDC   Received: r, 10.36m,0000006637Hz,0000000000c,0000000.000s, 022.8C
2025-06-22 15:31:02.030 : SN 7115 : Sent: LIx   To: /dev/cu.usbserial-B003BNDC   Received: LI,0000000000s,0000000005m,0000000000s,0000000005m,00000000.00m,
2025-06-22 15:31:02.094 : SN 7115 : Sent: Lmx   To: /dev/cu.usbserial-B003BNDC   Received: LM,2
2025-06-22 15:31:02.126 : SN 7115 : Sent: LZx   To: /dev/cu.usbserial-B003BNDC   Received: LZ,0001048576
2025-06-22 15:31:02.158 : SN 7115 : Sent: L1x   To: /dev/cu.usbserial-B003BNDC   Received: L1,0000089628
2025-06-22 15:31:02.190 : SN 7115 : Sent: L1x   To: /dev/cu.usbserial-B003BNDC   Received: L1,0000089628
2025-06-22 15:31:02.238 : SN 7115 : Sent: L40000089627x   To: /dev/cu.usbserial-B003BNDC   Received: L4,25-06-22 1 15:27:05,00.00, 023.8C,225,1
2025-06-22 15:31:02.270 : SN 7115 : Sent: Lcx   To: /dev/cu.usbserial-B003BNDC   Received: Lc,25-06-22 1 15:31:28
2025-06-22 15:31:02.276 : SN 7115 : Real Time Clock difference: 25
2025-06-22 15:31:02.302 : SN 7115 : Sent: Ldx   To: /dev/cu.usbserial-B003BNDC   Received: Ld,1
2025-06-22 15:31:02.334 : SN 7115 : Sent: L1x   To: /dev/cu.usbserial-B003BNDC   Received: L1,0000089628
2025-06-22 15:31:02.366 : SN 7115 : Sent: L1x   To: /dev/cu.usbserial-B003BNDC   Received: L1,0000089628
2025-06-22 15:31:02.414 : SN 7115 : Sent: L40000000000x   To: /dev/cu.usbserial-B003BNDC   Received: L4,24-08-15 5 08:19:06,08.52, 024.4C,236,0
2025-06-22 15:31:04.366 : SN 7115 : Sent: L1x   To: /dev/cu.usbserial-B003BNDC   Received: L1,0000089628
2025-06-22 15:31:06.776 : SN 7115 : DL binary retrieve initiated.
2025-06-22 15:31:06.813 : SN 7115 : Sent: Lmx   To: /dev/cu.usbserial-B003BNDC   Received: LM,2
2025-06-22 15:31:06.845 : SN 7115 : Sent: ix   To: /dev/cu.usbserial-B003BNDC   Received: i,00000004,00000006,00000082,00007115
2025-06-22 15:31:06.877 : SN 7115 : Sent: rx   To: /dev/cu.usbserial-B003BNDC   Received: r, 10.36m,0000006624Hz,0000000000c,0000000.000s, 022.8C
2025-06-22 15:31:06.909 : SN 7115 : Sent: cx   To: /dev/cu.usbserial-B003BNDC   Received: c,00000019.91m,0000274.655s, 018.6C,00000008.71m, 018.6C
2025-06-22 15:31:06.941 : SN 7115 : Sent: Ix   To: /dev/cu.usbserial-B003BNDC   Received: 0000000000s,0000000000s,00000000.00m,00000000.00m
2025-06-22 15:31:06.973 : SN 7115 : Sent: Lcx   To: /dev/cu.usbserial-B003BNDC   Received: Lc,25-06-22 1 15:31:33
2025-06-22 15:31:07.005 : SN 7115 : Sent: Lmx   To: /dev/cu.usbserial-B003BNDC   Received: LM,2
2025-06-22 15:31:07.048 : SN 7115 : Sent: LIx   To: /dev/cu.usbserial-B003BNDC   Received: LI,0000000000s,0000000005m,0000000000s,0000000005m,00000000.00m,
2025-06-22 15:31:07.064 : SN 7115 : 89628 Packets 16 bytes long.
2025-06-22 15:36:55.945 : SN 7115 : Error receiving data: Timeout during operation at record #: 41410
2025-06-22 15:37:36.500 : SN 7115 : DL binary retrieve initiated.
2025-06-22 15:37:36.548 : SN 7115 : Sent: Lmx   To: /dev/cu.usbserial-B003BNDC   Received: LM,2
2025-06-22 15:37:36.580 : SN 7115 : Sent: ix   To: /dev/cu.usbserial-B003BNDC   Received: i,00000004,00000006,00000082,00007115
2025-06-22 15:37:36.612 : SN 7115 : Sent: rx   To: /dev/cu.usbserial-B003BNDC   Received: r, 11.77m,0000001802Hz,0000000000c,0000000.000s, 022.8C
2025-06-22 15:37:36.643 : SN 7115 : Sent: cx   To: /dev/cu.usbserial-B003BNDC   Received: c,00000019.91m,0000274.655s, 018.6C,00000008.71m, 018.6C
2025-06-22 15:37:36.676 : SN 7115 : Sent: Ix   To: /dev/cu.usbserial-B003BNDC   Received: 0000000000s,0000000000s,00000000.00m,00000000.00m
2025-06-22 15:37:36.708 : SN 7115 : Sent: Lcx   To: /dev/cu.usbserial-B003BNDC   Received: Lc,25-06-22 1 15:38:03
2025-06-22 15:37:36.740 : SN 7115 : Sent: Lmx   To: /dev/cu.usbserial-B003BNDC   Received: LM,2
2025-06-22 15:37:36.782 : SN 7115 : Sent: LIx   To: /dev/cu.usbserial-B003BNDC   Received: LI,0000000000s,0000000005m,0000000000s,0000000004m,00000000.00m,
2025-06-22 15:37:36.798 : SN 7115 : 89629 Packets 16 bytes long.
2025-06-22 15:37:56.669 : SN 7115 : Sent: Lmx   To: /dev/cu.usbserial-B003BNDC   Received: #$     #LM,2
2025-06-22 15:38:14.661 : SN 7115 : Sent: m0x   To: /dev/cu.usbserial-B003BNDC   Received: m0,255
2025-06-22 15:38:14.693 : SN 7115 : Sent: m1x   To: /dev/cu.usbserial-B003BNDC   Received: m1,255
2025-06-22 15:38:14.709 : SN 7115 : Sent: m2x   To: /dev/cu.usbserial-B003BNDC   Received: m2,255
2025-06-22 15:38:14.725 : SN 7115 : Sent: Lvx   To: /dev/cu.usbserial-B003BNDC   Received: Lv,2
2025-06-22 15:38:14.728 : SN 7115 : ContCheck(Yx)
2025-06-22 15:38:14.758 : SN 7115 : Sent: Yx   To: /dev/cu.usbserial-B003BNDC   Received: Yrcpu
2025-06-22 15:38:14.805 : SN 7115 : Sent: A5x   To: /dev/cu.usbserial-B003BNDC   Received: A5,0,d
2025-06-22 15:38:14.881 : SN 7115 : Sent: LIx   To: /dev/cu.usbserial-B003BNDC   Received: LI,0000000000s,0000000005m,0000000000s,0000000004m,00000000.00m,
2025-06-22 15:38:14.913 : SN 7115 : Sent: Lmx   To: /dev/cu.usbserial-B003BNDC   Received: LM,2
2025-06-22 15:38:14.944 : SN 7115 : Sent: LZx   To: /dev/cu.usbserial-B003BNDC   Received: LZ,0001048576
2025-06-22 15:38:14.976 : SN 7115 : Sent: L1x   To: /dev/cu.usbserial-B003BNDC   Received: L1,0000089629
2025-06-22 15:38:14.992 : SN 7115 : Sent: L1x   To: /dev/cu.usbserial-B003BNDC   Received: L1,0000089629
2025-06-22 15:38:15.041 : SN 7115 : Sent: L40000089628x   To: /dev/cu.usbserial-B003BNDC   Received: L4,25-06-22 1 15:37:05,12.33, 022.8C,235,0
2025-06-22 15:38:15.072 : SN 7115 : Sent: Lcx   To: /dev/cu.usbserial-B003BNDC   Received: Lc,25-06-22 1 15:38:41
2025-06-22 15:38:15.076 : SN 7115 : Real Time Clock difference: 25
2025-06-22 15:38:15.105 : SN 7115 : Sent: Ldx   To: /dev/cu.usbserial-B003BNDC   Received: Ld,1
2025-06-22 15:38:15.136 : SN 7115 : Sent: LD1x   To: /dev/cu.usbserial-B003BNDC   Received: Ld,1
2025-06-22 15:38:15.152 : SN 7115 : Sent: Ldx   To: /dev/cu.usbserial-B003BNDC   Received: Ld,1
2025-06-22 15:38:15.181 : SN 7115 : CheckLockVisibility()
2025-06-22 15:38:15.217 : SN 7115 : Sent: Ix   To: /dev/cu.usbserial-B003BNDC   Received: 0000000000s,0000000000s,00000000.00m,00000000.00m
2025-06-22 15:38:15.221 : SN 7115 : ParseReportInterval response: 0000000000s,0000000000s,00000000.00m,00000000.00m
2025-06-22 15:38:15.228 : SN 7115 : GetVersion result: i,00000004,00000006,00000082,00007115
2025-06-22 15:38:15.231 : SN 7115 : Reading Interval Settings: 0000000000s,0000000000s,00000000.00m,00000000.00m
2025-06-22 15:38:15.265 : SN 7115 : Sent: rx   To: /dev/cu.usbserial-B003BNDC   Received: r, 11.69m,0000001936Hz,0000000000c,0000000.000s, 022.8C
2025-06-22 15:38:19.589 : SN 7115 : Sent: LIx   To: /dev/cu.usbserial-B003BNDC   Received: LI,0000000000s,0000000005m,0000000000s,0000000004m,00000000.00m,
2025-06-22 15:38:19.669 : SN 7115 : Sent: Lmx   To: /dev/cu.usbserial-B003BNDC   Received: LM,2
2025-06-22 15:38:19.701 : SN 7115 : Sent: LZx   To: /dev/cu.usbserial-B003BNDC   Received: LZ,0001048576
2025-06-22 15:38:19.733 : SN 7115 : Sent: L1x   To: /dev/cu.usbserial-B003BNDC   Received: L1,0000089629
2025-06-22 15:38:19.765 : SN 7115 : Sent: L1x   To: /dev/cu.usbserial-B003BNDC   Received: L1,0000089629
2025-06-22 15:38:19.813 : SN 7115 : Sent: L40000089628x   To: /dev/cu.usbserial-B003BNDC   Received: L4,25-06-22 1 15:37:05,12.33, 022.8C,235,0
2025-06-22 15:38:19.845 : SN 7115 : Sent: Lcx   To: /dev/cu.usbserial-B003BNDC   Received: Lc,25-06-22 1 15:38:46
2025-06-22 15:38:19.850 : SN 7115 : Real Time Clock difference: 26
2025-06-22 15:38:19.877 : SN 7115 : Sent: Ldx   To: /dev/cu.usbserial-B003BNDC   Received: Ld,1
2025-06-22 15:38:19.909 : SN 7115 : Sent: L1x   To: /dev/cu.usbserial-B003BNDC   Received: L1,0000089629
2025-06-22 15:38:19.941 : SN 7115 : Sent: L1x   To: /dev/cu.usbserial-B003BNDC   Received: L1,0000089629
2025-06-22 15:38:19.989 : SN 7115 : Sent: L40000000000x   To: /dev/cu.usbserial-B003BNDC   Received: L4,24-08-15 5 08:19:06,08.52, 024.4C,236,0
2025-06-22 15:39:03.105 : SN 7115 : Sent: L1x   To: /dev/cu.usbserial-B003BNDC   Received: L1,0000089629
2025-06-22 15:40:13.074 : SN 7115 : Sent: Lmx   To: /dev/cu.usbserial-B003BNDC   Received: LM,2
2025-06-22 15:40:13.121 : SN 7115 : Sent: ix   To: /dev/cu.usbserial-B003BNDC   Received: i,00000004,00000006,00000082,00007115
2025-06-22 15:40:13.154 : SN 7115 : Sent: rx   To: /dev/cu.usbserial-B003BNDC   Received: r, 11.73m,0000001883Hz,0000000000c,0000000.000s, 022.5C
2025-06-22 15:40:13.186 : SN 7115 : Sent: cx   To: /dev/cu.usbserial-B003BNDC   Received: c,00000019.91m,0000274.655s, 018.6C,00000008.71m, 018.6C
2025-06-22 15:40:13.218 : SN 7115 : Sent: Ix   To: /dev/cu.usbserial-B003BNDC   Received: 0000000000s,0000000000s,00000000.00m,00000000.00m
2025-06-22 15:40:13.250 : SN 7115 : Sent: Lcx   To: /dev/cu.usbserial-B003BNDC   Received: Lc,25-06-22 1 15:40:40
2025-06-22 15:40:13.282 : SN 7115 : Sent: Lmx   To: /dev/cu.usbserial-B003BNDC   Received: LM,2
2025-06-22 15:40:13.324 : SN 7115 : Sent: LIx   To: /dev/cu.usbserial-B003BNDC   Received: LI,0000000000s,0000000005m,0000000000s,0000000004m,00000000.00m,
2025-06-22 15:41:22.505 : SN 7115 : Sent: Lmx   To: /dev/cu.usbserial-B003BNDC   Received: LM,2
2025-06-22 15:41:22.553 : SN 7115 : Sent: ix   To: /dev/cu.usbserial-B003BNDC   Received: i,00000004,00000006,00000082,00007115
2025-06-22 15:41:22.585 : SN 7115 : Sent: rx   To: /dev/cu.usbserial-B003BNDC   Received: r, 08.08m,0000054122Hz,0000000000c,0000000.000s, 022.5C
2025-06-22 15:41:22.618 : SN 7115 : Sent: cx   To: /dev/cu.usbserial-B003BNDC   Received: c,00000019.91m,0000274.655s, 018.6C,00000008.71m, 018.6C
2025-06-22 15:41:22.649 : SN 7115 : Sent: Ix   To: /dev/cu.usbserial-B003BNDC   Received: 0000000000s,0000000000s,00000000.00m,00000000.00m
2025-06-22 15:41:22.681 : SN 7115 : Sent: Lcx   To: /dev/cu.usbserial-B003BNDC   Received: Lc,25-06-22 1 15:41:49
2025-06-22 15:41:22.713 : SN 7115 : Sent: Lmx   To: /dev/cu.usbserial-B003BNDC   Received: LM,2
2025-06-22 15:41:22.756 : SN 7115 : Sent: LIx   To: /dev/cu.usbserial-B003BNDC   Received: LI,0000000000s,0000000005m,0000000000s,0000000004m,00000000.00m,
2025-06-22 15:41:22.761 : SN 7115 : DLRetrieveRange: End record was -1, set to 89629
2025-06-22 15:50:08.002 : SN 7115 : Failed: actual count = 0 , desired count = 8 
2025-06-22 15:50:11.027 : SN 7115 : Failed: actual count = 0 , desired count = 8 
2025-06-22 16:04:04.141 : SN 7115 : Failed: actual count = 0 , desired count = 8 
2025-06-22 16:04:07.157 : SN 7115 : Failed: actual count = 0 , desired count = 8 
2025-06-22 16:15:23.238 : SN 7115 : Sent: Lmx   To: /dev/cu.usbserial-B003BNDC   Received: LM,2
2025-06-22 16:15:23.268 : SN 7115 : Sent: ix   To: /dev/cu.usbserial-B003BNDC   Received: i,00000004,00000006,00000082,00007115
2025-06-22 16:15:23.300 : SN 7115 : Sent: rx   To: /dev/cu.usbserial-B003BNDC   Received: r, 10.65m,0000005063Hz,0000000000c,0000000.000s, 024.1C
2025-06-22 16:15:23.332 : SN 7115 : Sent: cx   To: /dev/cu.usbserial-B003BNDC   Received: c,00000019.91m,0000274.655s, 018.6C,00000008.71m, 018.6C
2025-06-22 16:15:23.364 : SN 7115 : Sent: Ix   To: /dev/cu.usbserial-B003BNDC   Received: 0000000000s,0000000000s,00000000.00m,00000000.00m
2025-06-22 16:15:23.396 : SN 7115 : Sent: Lcx   To: /dev/cu.usbserial-B003BNDC   Received: Lc,25-06-22 1 16:15:50
2025-06-22 16:15:23.428 : SN 7115 : Sent: Lmx   To: /dev/cu.usbserial-B003BNDC   Received: LM,2
2025-06-22 16:15:23.469 : SN 7115 : Sent: LIx   To: /dev/cu.usbserial-B003BNDC   Received: LI,0000000000s,0000000005m,0000000000s,0000000005m,00000000.00m,
2025-06-22 16:15:23.474 : SN 7115 : DLRetrieveRange: End record was -1, set to 89629
2025-06-22 16:16:11.300 : SN 7115 : DL Retrieve cancelled.
2025-06-22 16:16:11.301 : SN 7115 : Retrieved range ASCII: 44000 to -1
2025-06-22 16:16:11.320 : SN 7115 : DLRetRangeASCII: ERROR! IORESULT: 0
2025-06-22 16:16:11.320 : SN 7115 : Retrieved range ASCII: 44000 to -1
2025-06-22 16:16:11.356 : SN 7115 : DLRetRangeASCII: ERROR! IORESULT: 0
2025-06-22 16:16:11.364 : SN 7115 : Retrieved range ASCII: 44000 to 89629
2025-08-10 17:08:25.373 : SN 7115 : Sent: m0x   To: /dev/cu.usbserial-B003BNDC   Received: m0,255
2025-08-10 17:08:25.404 : SN 7115 : Sent: m1x   To: /dev/cu.usbserial-B003BNDC   Received: m1,255
2025-08-10 17:08:25.436 : SN 7115 : Sent: m2x   To: /dev/cu.usbserial-B003BNDC   Received: m2,255
2025-08-10 17:08:25.453 : SN 7115 : Sent: Lvx   To: /dev/cu.usbserial-B003BNDC   Received: Lv,2
2025-08-10 17:08:25.456 : SN 7115 : ContCheck(Yx)
2025-08-10 17:08:25.484 : SN 7115 : Sent: Yx   To: /dev/cu.usbserial-B003BNDC   Received: Yrcpu
2025-08-10 17:08:25.532 : SN 7115 : Sent: A5x   To: /dev/cu.usbserial-B003BNDC   Received: A5,0,d
2025-08-10 17:08:25.610 : SN 7115 : Sent: LIx   To: /dev/cu.usbserial-B003BNDC   Received: LI,0000000000s,0000000005m,0000000000s,0000000005m,00000000.00m,
2025-08-10 17:08:25.642 : SN 7115 : Sent: Lmx   To: /dev/cu.usbserial-B003BNDC   Received: LM,2
2025-08-10 17:08:25.674 : SN 7115 : Sent: LZx   To: /dev/cu.usbserial-B003BNDC   Received: LZ,0001048576
2025-08-10 17:08:25.706 : SN 7115 : Sent: L1x   To: /dev/cu.usbserial-B003BNDC   Received: L1,0000103753
2025-08-10 17:08:25.738 : SN 7115 : Sent: L1x   To: /dev/cu.usbserial-B003BNDC   Received: L1,0000103753
2025-08-10 17:08:25.786 : SN 7115 : Sent: L40000103752x   To: /dev/cu.usbserial-B003BNDC   Received: L4,25-08-10 1 17:06:05,00.00, 016.7C,225,1
2025-08-10 17:08:25.818 : SN 7115 : Sent: Lcx   To: /dev/cu.usbserial-B003BNDC   Received: Lc,25-08-10 1 17:08:58
2025-08-10 17:08:25.823 : SN 7115 : Real Time Clock difference: 32
2025-08-10 17:08:25.850 : SN 7115 : Sent: Ldx   To: /dev/cu.usbserial-B003BNDC   Received: Ld,1
2025-08-10 17:08:25.882 : SN 7115 : Sent: LD1x   To: /dev/cu.usbserial-B003BNDC   Received: Ld,1
2025-08-10 17:08:25.914 : SN 7115 : Sent: Ldx   To: /dev/cu.usbserial-B003BNDC   Received: Ld,1
2025-08-10 17:08:25.947 : SN 7115 : CheckLockVisibility()
2025-08-10 17:08:25.978 : SN 7115 : Sent: Ix   To: /dev/cu.usbserial-B003BNDC   Received: 0000000000s,0000000000s,00000000.00m,00000000.00m
2025-08-10 17:08:25.982 : SN 7115 : ParseReportInterval response: 0000000000s,0000000000s,00000000.00m,00000000.00m
2025-08-10 17:08:25.991 : SN 7115 : GetVersion result: i,00000004,00000006,00000082,00007115
2025-08-10 17:08:25.993 : SN 7115 : Reading Interval Settings: 0000000000s,0000000000s,00000000.00m,00000000.00m
2025-08-10 17:08:26.026 : SN 7115 : Sent: rx   To: /dev/cu.usbserial-B003BNDC   Received: r, 11.78m,0000001790Hz,0000000000c,0000000.000s, 016.4C
2025-08-10 17:08:30.110 : SN 7115 : Sent: LIx   To: /dev/cu.usbserial-B003BNDC   Received: LI,0000000000s,0000000005m,0000000000s,0000000005m,00000000.00m,
2025-08-10 17:08:30.206 : SN 7115 : Sent: Lmx   To: /dev/cu.usbserial-B003BNDC   Received: LM,2
2025-08-10 17:08:30.238 : SN 7115 : Sent: LZx   To: /dev/cu.usbserial-B003BNDC   Received: LZ,0001048576
2025-08-10 17:08:30.270 : SN 7115 : Sent: L1x   To: /dev/cu.usbserial-B003BNDC   Received: L1,0000103753
2025-08-10 17:08:30.302 : SN 7115 : Sent: L1x   To: /dev/cu.usbserial-B003BNDC   Received: L1,0000103753
2025-08-10 17:08:30.350 : SN 7115 : Sent: L40000103752x   To: /dev/cu.usbserial-B003BNDC   Received: L4,25-08-10 1 17:06:05,00.00, 016.7C,225,1
2025-08-10 17:08:30.382 : SN 7115 : Sent: Lcx   To: /dev/cu.usbserial-B003BNDC   Received: Lc,25-08-10 1 17:09:02
2025-08-10 17:08:30.388 : SN 7115 : Real Time Clock difference: 31
2025-08-10 17:08:30.414 : SN 7115 : Sent: Ldx   To: /dev/cu.usbserial-B003BNDC   Received: Ld,1
2025-08-10 17:08:30.446 : SN 7115 : Sent: L1x   To: /dev/cu.usbserial-B003BNDC   Received: L1,0000103753
2025-08-10 17:08:30.478 : SN 7115 : Sent: L1x   To: /dev/cu.usbserial-B003BNDC   Received: L1,0000103753
2025-08-10 17:08:30.526 : SN 7115 : Sent: L40000000000x   To: /dev/cu.usbserial-B003BNDC   Received: L4,24-08-15 5 08:19:06,08.52, 024.4C,236,0
2025-08-10 17:08:31.981 : SN 7115 : Sent: L1x   To: /dev/cu.usbserial-B003BNDC   Received: L1,0000103753
2025-08-10 17:08:34.601 : SN 7115 : DL binary retrieve initiated.
2025-08-10 17:08:34.636 : SN 7115 : Sent: Lmx   To: /dev/cu.usbserial-B003BNDC   Received: LM,2
2025-08-10 17:08:34.668 : SN 7115 : Sent: ix   To: /dev/cu.usbserial-B003BNDC   Received: i,00000004,00000006,00000082,00007115
2025-08-10 17:08:34.700 : SN 7115 : Sent: rx   To: /dev/cu.usbserial-B003BNDC   Received: r, 11.78m,0000001790Hz,0000000000c,0000000.000s, 016.4C
2025-08-10 17:08:34.732 : SN 7115 : Sent: cx   To: /dev/cu.usbserial-B003BNDC   Received: c,00000019.91m,0000274.655s, 018.6C,00000008.71m, 018.6C
2025-08-10 17:08:34.764 : SN 7115 : Sent: Ix   To: /dev/cu.usbserial-B003BNDC   Received: 0000000000s,0000000000s,00000000.00m,00000000.00m
2025-08-10 17:08:34.796 : SN 7115 : Sent: Lcx   To: /dev/cu.usbserial-B003BNDC   Received: Lc,25-08-10 1 17:09:07
2025-08-10 17:08:34.812 : SN 7115 : Sent: Lmx   To: /dev/cu.usbserial-B003BNDC   Received: LM,2
2025-08-10 17:08:34.853 : SN 7115 : Sent: LIx   To: /dev/cu.usbserial-B003BNDC   Received: LI,0000000000s,0000000005m,0000000000s,0000000005m,00000000.00m,
2025-08-10 17:08:34.869 : SN 7115 : 103753 Packets 16 bytes long.
