2024-08-15 18:33:24.150 : SN 7110 : Sent: m0x   To: /dev/tty.usbserial-B003BND8   Received: m0,255
2024-08-15 18:33:24.182 : SN 7110 : Sent: m1x   To: /dev/tty.usbserial-B003BND8   Received: m1,255
2024-08-15 18:33:24.197 : SN 7110 : Sent: m2x   To: /dev/tty.usbserial-B003BND8   Received: m2,255
2024-08-15 18:33:24.214 : SN 7110 : Sent: Lvx   To: /dev/tty.usbserial-B003BND8   Received: Lv,2
2024-08-15 18:33:24.216 : SN 7110 : ContCheck(Yx)
2024-08-15 18:33:24.294 : SN 7110 : Sent: Yx   To: /dev/tty.usbserial-B003BND8   Received: Yrcpu
2024-08-15 18:33:24.326 : SN 7110 : Sent: A5x   To: /dev/tty.usbserial-B003BND8   Received: A5,0,d
2024-08-15 18:33:24.374 : SN 7110 : Sent: LIx   To: /dev/tty.usbserial-B003BND8   Received: LI,0000000000s,0000000255m,0000000000s,0000000067m,00000000.00m,
2024-08-15 18:33:24.406 : SN 7110 : Sent: Lmx   To: /dev/tty.usbserial-B003BND8   Received: LM,3
2024-08-15 18:33:24.438 : SN 7110 : Sent: LZx   To: /dev/tty.usbserial-B003BND8   Received: LZ,0001048576
2024-08-15 18:33:24.470 : SN 7110 : Sent: L1x   To: /dev/tty.usbserial-B003BND8   Received: L1,0000000000
2024-08-15 18:33:24.502 : SN 7110 : Sent: Lcx   To: /dev/tty.usbserial-B003BND8   Received: Lc,00-01-01 1 00:00:00
2024-08-15 18:33:24.518 : SN 7110 : Real Time Clock difference: 777062004
2024-08-15 18:33:24.533 : SN 7110 : Sent: Ldx   To: /dev/tty.usbserial-B003BND8   Received: Ld,1
2024-08-15 18:33:24.600 : SN 7110 : CheckLockVisibility()
2024-08-15 18:33:24.661 : SN 7110 : Sent: Ix   To: /dev/tty.usbserial-B003BND8   Received: 0000000000s,0000000000s,00000000.00m,00000000.00m
2024-08-15 18:33:24.665 : SN 7110 : ParseReportInterval response: 0000000000s,0000000000s,00000000.00m,00000000.00m
2024-08-15 18:33:24.670 : SN 7110 : GetVersion result: i,00000004,00000006,00000082,00007110
2024-08-15 18:33:24.674 : SN 7110 : Reading Interval Settings: 0000000000s,0000000000s,00000000.00m,00000000.00m
2024-08-15 18:33:24.709 : SN 7110 : Sent: rx   To: /dev/tty.usbserial-B003BND8   Received: r, 12.37m,0000001028Hz,0000000000c,0000000.000s, 024.4C
2024-08-15 18:37:24.486 : SN 7110 : Sent: LIx   To: /dev/tty.usbserial-B003BND8   Received: LI,0000000000s,0000000255m,0000000000s,0000000067m,00000000.00m,
2024-08-15 18:37:24.566 : SN 7110 : Sent: Lmx   To: /dev/tty.usbserial-B003BND8   Received: LM,3
2024-08-15 18:37:24.599 : SN 7110 : Sent: LZx   To: /dev/tty.usbserial-B003BND8   Received: LZ,0001048576
2024-08-15 18:37:24.630 : SN 7110 : Sent: L1x   To: /dev/tty.usbserial-B003BND8   Received: L1,0000000000
2024-08-15 18:37:24.662 : SN 7110 : Sent: Lcx   To: /dev/tty.usbserial-B003BND8   Received: Lc,00-01-01 1 00:02:54
2024-08-15 18:37:24.666 : SN 7110 : Real Time Clock difference: 777062070
2024-08-15 18:37:24.694 : SN 7110 : Sent: Ldx   To: /dev/tty.usbserial-B003BND8   Received: Ld,1
2024-08-15 18:37:24.726 : SN 7110 : Sent: L1x   To: /dev/tty.usbserial-B003BND8   Received: L1,0000000000
2024-08-15 18:37:24.758 : SN 7110 : Sent: L1x   To: /dev/tty.usbserial-B003BND8   Received: L1,0000000000
2024-08-15 18:37:55.995 : SN 7110 : Setting unit clock...
2024-08-15 18:37:56.048 : SN 7110 : Sent: LC24-08-15 5 18:37:55x   To: /dev/tty.usbserial-B003BND8   Received: LC,24-08-15 5 18:37:55
2024-08-15 18:38:06.084 : SN 7110 : Sent: LIx   To: /dev/tty.usbserial-B003BND8   Received: LI,0000000000s,0000000255m,0000000000s,0000000067m,00000000.00m,
2024-08-15 18:38:06.148 : SN 7110 : Sent: Lmx   To: /dev/tty.usbserial-B003BND8   Received: LM,3
2024-08-15 18:38:06.180 : SN 7110 : Sent: LZx   To: /dev/tty.usbserial-B003BND8   Received: LZ,0001048576
2024-08-15 18:38:06.212 : SN 7110 : Sent: L1x   To: /dev/tty.usbserial-B003BND8   Received: L1,0000000000
2024-08-15 18:38:06.244 : SN 7110 : Sent: Lcx   To: /dev/tty.usbserial-B003BND8   Received: Lc,24-08-15 5 18:38:06
2024-08-15 18:38:06.249 : SN 7110 : Real Time Clock difference: 0
2024-08-15 18:38:06.276 : SN 7110 : Sent: Ldx   To: /dev/tty.usbserial-B003BND8   Received: Ld,1
2024-09-02 16:02:10.572 : SN 7110 : Sent: m0x   To: /dev/tty.usbserial-B003BND8   Received: m0,255
2024-09-02 16:02:10.603 : SN 7110 : Sent: m1x   To: /dev/tty.usbserial-B003BND8   Received: m1,255
2024-09-02 16:02:10.635 : SN 7110 : Sent: m2x   To: /dev/tty.usbserial-B003BND8   Received: m2,255
2024-09-02 16:02:10.667 : SN 7110 : Sent: Lvx   To: /dev/tty.usbserial-B003BND8   Received: Lv,2
2024-09-02 16:02:10.671 : SN 7110 : ContCheck(Yx)
2024-09-02 16:02:10.699 : SN 7110 : Sent: Yx   To: /dev/tty.usbserial-B003BND8   Received: Yrcpu
2024-09-02 16:02:10.763 : SN 7110 : Sent: A5x   To: /dev/tty.usbserial-B003BND8   Received: A5,0,d
2024-09-02 16:02:10.827 : SN 7110 : Sent: LIx   To: /dev/tty.usbserial-B003BND8   Received: LI,0000000000s,0000000255m,0000000000s,0000000067m,00000000.00m,
2024-09-02 16:02:10.859 : SN 7110 : Sent: Lmx   To: /dev/tty.usbserial-B003BND8   Received: LM,3
2024-09-02 16:02:10.891 : SN 7110 : Sent: LZx   To: /dev/tty.usbserial-B003BND8   Received: LZ,0001048576
2024-09-02 16:02:10.923 : SN 7110 : Sent: L1x   To: /dev/tty.usbserial-B003BND8   Received: L1,0000005153
2024-09-02 16:02:10.955 : SN 7110 : Sent: Lcx   To: /dev/tty.usbserial-B003BND8   Received: Lc,24-09-02 2 16:02:12
2024-09-02 16:02:10.959 : SN 7110 : Real Time Clock difference: 1
2024-09-02 16:02:10.987 : SN 7110 : Sent: Ldx   To: /dev/tty.usbserial-B003BND8   Received: Ld,1
2024-09-02 16:02:11.019 : SN 7110 : Sent: LD1x   To: /dev/tty.usbserial-B003BND8   Received: Ld,1
2024-09-02 16:02:11.051 : SN 7110 : Sent: Ldx   To: /dev/tty.usbserial-B003BND8   Received: Ld,1
2024-09-02 16:02:11.082 : SN 7110 : CheckLockVisibility()
2024-09-02 16:02:11.131 : SN 7110 : Sent: Ix   To: /dev/tty.usbserial-B003BND8   Received: 0000000000s,0000000000s,00000000.00m,00000000.00m
2024-09-02 16:02:11.134 : SN 7110 : ParseReportInterval response: 0000000000s,0000000000s,00000000.00m,00000000.00m
2024-09-02 16:02:11.144 : SN 7110 : GetVersion result: i,00000004,00000006,00000082,00007110
2024-09-02 16:02:11.146 : SN 7110 : Reading Interval Settings: 0000000000s,0000000000s,00000000.00m,00000000.00m
2024-09-02 16:02:11.179 : SN 7110 : Sent: rx   To: /dev/tty.usbserial-B003BND8   Received: r, 10.38m,0000006371Hz,0000000000c,0000000.000s, 024.1C
2024-09-02 16:02:34.019 : SN 7110 : Sent: LIx   To: /dev/tty.usbserial-B003BND8   Received: LI,0000000000s,0000000255m,0000000000s,0000000067m,00000000.00m,
2024-09-02 16:02:34.099 : SN 7110 : Sent: Lmx   To: /dev/tty.usbserial-B003BND8   Received: LM,3
2024-09-02 16:02:34.131 : SN 7110 : Sent: LZx   To: /dev/tty.usbserial-B003BND8   Received: LZ,0001048576
2024-09-02 16:02:34.163 : SN 7110 : Sent: L1x   To: /dev/tty.usbserial-B003BND8   Received: L1,0000005153
2024-09-02 16:02:34.195 : SN 7110 : Sent: Lcx   To: /dev/tty.usbserial-B003BND8   Received: Lc,24-09-02 2 16:02:35
2024-09-02 16:02:34.199 : SN 7110 : Real Time Clock difference: 0
2024-09-02 16:02:34.227 : SN 7110 : Sent: Ldx   To: /dev/tty.usbserial-B003BND8   Received: Ld,1
2024-09-02 16:02:34.259 : SN 7110 : Sent: L1x   To: /dev/tty.usbserial-B003BND8   Received: L1,0000005153
2024-09-02 16:02:34.291 : SN 7110 : Sent: L1x   To: /dev/tty.usbserial-B003BND8   Received: L1,0000005153
2024-09-02 16:02:34.339 : SN 7110 : Sent: L40000000000x   To: /dev/tty.usbserial-B003BND8   Received: L4,24-08-15 5 18:45:52,12.31, 025.4C,236,0
2024-09-02 16:02:47.427 : SN 7110 : Sent: L1x   To: /dev/tty.usbserial-B003BND8   Received: L1,0000005153
2024-09-02 16:03:04.721 : SN 7110 : Sent: Lmx   To: /dev/tty.usbserial-B003BND8   Received: LM,3
2024-09-02 16:03:07.037 : SN 7110 : Retrieved all ASCII
2024-09-02 16:03:10.465 : SN 7110 : Sent: Lmx   To: /dev/tty.usbserial-B003BND8   Received: LM,3
2024-09-02 16:03:14.957 : SN 7110 : Retrieved all ASCII
2024-09-02 16:04:07.228 : SN 7110 : Sent: Lmx   To: /dev/tty.usbserial-B003BND8   Received: LM,3
2024-09-02 16:04:12.030 : SN 7110 : Retrieved all ASCII
2024-09-02 16:05:41.291 : SN 7110 : Sent: L1x   To: /dev/tty.usbserial-B003BND8   Received: L1,0000005153
2024-09-02 16:09:26.906 : SN 7110 : Sent: Lmx   To: /dev/tty.usbserial-B003BND8   Received: LM,3
2024-09-02 16:09:26.986 : SN 7110 : Sent: L1x   To: /dev/tty.usbserial-B003BND8   Received: L1,0000005153
2024-09-02 16:09:27.018 : SN 7110 : Sent: LZx   To: /dev/tty.usbserial-B003BND8   Received: LZ,0001048576
2024-09-02 16:09:27.050 : SN 7110 : Sent: L0x   To: /dev/tty.usbserial-B003BND8   Received: L0,239,023
2024-09-02 16:09:39.346 : SN 7110 : Erasing meter database.
2024-09-02 16:09:39.401 : SN 7110 : Sent: L2x   To: /dev/tty.usbserial-B003BND8   Received: L2
2024-09-02 16:09:39.433 : SN 7110 : Sent: L6x   To: /dev/tty.usbserial-B003BND8   Received: L6,003
2024-09-02 16:09:40.472 : SN 7110 : Sent: L6x   To: /dev/tty.usbserial-B003BND8   Received: L6,003
2024-09-02 16:09:41.464 : SN 7110 : Sent: L6x   To: /dev/tty.usbserial-B003BND8   Received: L6,003
2024-09-02 16:09:42.472 : SN 7110 : Sent: L6x   To: /dev/tty.usbserial-B003BND8   Received: L6,003
2024-09-02 16:09:43.464 : SN 7110 : Sent: L6x   To: /dev/tty.usbserial-B003BND8   Received: L6,003
2024-09-02 16:09:44.472 : SN 7110 : Sent: L6x   To: /dev/tty.usbserial-B003BND8   Received: L6,003
2024-09-02 16:09:45.464 : SN 7110 : Sent: L6x   To: /dev/tty.usbserial-B003BND8   Received: L6,003
2024-09-02 16:09:46.472 : SN 7110 : Sent: L6x   To: /dev/tty.usbserial-B003BND8   Received: L6,003
2024-09-02 16:09:47.464 : SN 7110 : Sent: L6x   To: /dev/tty.usbserial-B003BND8   Received: L6,003
2024-09-02 16:09:48.472 : SN 7110 : Sent: L6x   To: /dev/tty.usbserial-B003BND8   Received: L6,003
2024-09-02 16:09:49.464 : SN 7110 : Sent: L6x   To: /dev/tty.usbserial-B003BND8   Received: L6,003
2024-09-02 16:09:50.471 : SN 7110 : Sent: L6x   To: /dev/tty.usbserial-B003BND8   Received: L6,003
2024-09-02 16:09:51.463 : SN 7110 : Sent: L6x   To: /dev/tty.usbserial-B003BND8   Received: L6,003
2024-09-02 16:09:52.471 : SN 7110 : Sent: L6x   To: /dev/tty.usbserial-B003BND8   Received: L6,003
2024-09-02 16:09:53.463 : SN 7110 : Sent: L6x   To: /dev/tty.usbserial-B003BND8   Received: L6,003
2024-09-02 16:09:54.471 : SN 7110 : Sent: L6x   To: /dev/tty.usbserial-B003BND8   Received: L6,003
2024-09-02 16:09:55.463 : SN 7110 : Sent: L6x   To: /dev/tty.usbserial-B003BND8   Received: L6,003
2024-09-02 16:09:56.471 : SN 7110 : Sent: L6x   To: /dev/tty.usbserial-B003BND8   Received: L6,003
2024-09-02 16:09:57.462 : SN 7110 : Sent: L6x   To: /dev/tty.usbserial-B003BND8   Received: L6,003
2024-09-02 16:09:58.470 : SN 7110 : Sent: L6x   To: /dev/tty.usbserial-B003BND8   Received: L6,003
2024-09-02 16:09:59.462 : SN 7110 : Sent: L6x   To: /dev/tty.usbserial-B003BND8   Received: L6,003
2024-09-02 16:10:00.470 : SN 7110 : Sent: L6x   To: /dev/tty.usbserial-B003BND8   Received: L6,003
2024-09-02 16:10:01.462 : SN 7110 : Sent: L6x   To: /dev/tty.usbserial-B003BND8   Received: L6,003
2024-09-02 16:10:02.470 : SN 7110 : Sent: L6x   To: /dev/tty.usbserial-B003BND8   Received: L6,003
2024-09-02 16:10:03.461 : SN 7110 : Sent: L6x   To: /dev/tty.usbserial-B003BND8   Received: L6,003
2024-09-02 16:16:16.887 : SN 7110 : Sent: m0x   To: /dev/tty.usbserial-B003BND8   Received: m0,255
2024-09-02 16:16:16.918 : SN 7110 : Sent: m1x   To: /dev/tty.usbserial-B003BND8   Received: m1,255
2024-09-02 16:16:16.950 : SN 7110 : Sent: m2x   To: /dev/tty.usbserial-B003BND8   Received: m2,255
2024-09-02 16:16:16.966 : SN 7110 : Sent: Lvx   To: /dev/tty.usbserial-B003BND8   Received: Lv,2
2024-09-02 16:16:16.969 : SN 7110 : ContCheck(Yx)
2024-09-02 16:16:16.998 : SN 7110 : Sent: Yx   To: /dev/tty.usbserial-B003BND8   Received: Yrcpu
2024-09-02 16:16:17.078 : SN 7110 : Sent: A5x   To: /dev/tty.usbserial-B003BND8   Received: A5,0,d
2024-09-02 16:16:17.189 : SN 7110 : Sent: LIx   To: /dev/tty.usbserial-B003BND8   Received: LI,0000000000s,0000000255m,0000000000s,0000000067m,00000000.00m,
2024-09-02 16:16:17.221 : SN 7110 : Sent: Lmx   To: /dev/tty.usbserial-B003BND8   Received: LM,3
2024-09-02 16:16:17.253 : SN 7110 : Sent: LZx   To: /dev/tty.usbserial-B003BND8   Received: LZ,0001048576
2024-09-02 16:16:17.285 : SN 7110 : Sent: L1x   To: /dev/tty.usbserial-B003BND8   Received: L1,0000000002
2024-09-02 16:16:17.317 : SN 7110 : Sent: Lcx   To: /dev/tty.usbserial-B003BND8   Received: Lc,24-09-02 2 16:16:18
2024-09-02 16:16:17.323 : SN 7110 : Real Time Clock difference: 0
2024-09-02 16:16:17.349 : SN 7110 : Sent: Ldx   To: /dev/tty.usbserial-B003BND8   Received: Ld,1
2024-09-02 16:16:17.381 : SN 7110 : Sent: LD1x   To: /dev/tty.usbserial-B003BND8   Received: Ld,1
2024-09-02 16:16:17.397 : SN 7110 : Sent: Ldx   To: /dev/tty.usbserial-B003BND8   Received: Ld,1
2024-09-02 16:16:17.440 : SN 7110 : CheckLockVisibility()
2024-09-02 16:16:17.509 : SN 7110 : Sent: Ix   To: /dev/tty.usbserial-B003BND8   Received: 0000000000s,0000000000s,00000000.00m,00000000.00m
2024-09-02 16:16:17.519 : SN 7110 : ParseReportInterval response: 0000000000s,0000000000s,00000000.00m,00000000.00m
2024-09-02 16:16:17.529 : SN 7110 : GetVersion result: i,00000004,00000006,00000082,00007110
2024-09-02 16:16:17.532 : SN 7110 : Reading Interval Settings: 0000000000s,0000000000s,00000000.00m,00000000.00m
2024-09-02 16:16:17.573 : SN 7110 : Sent: rx   To: /dev/tty.usbserial-B003BND8   Received: r, 10.51m,0000005664Hz,0000000000c,0000000.000s,-050.0C
2024-09-02 16:16:41.448 : SN 7110 : Sent: LIx   To: /dev/tty.usbserial-B003BND8   Received: LI,0000000000s,0000000255m,0000000000s,0000000067m,00000000.00m,
2024-09-02 16:16:41.528 : SN 7110 : Sent: Lmx   To: /dev/tty.usbserial-B003BND8   Received: LM,3
2024-09-02 16:16:41.560 : SN 7110 : Sent: LZx   To: /dev/tty.usbserial-B003BND8   Received: LZ,0001048576
2024-09-02 16:16:41.592 : SN 7110 : Sent: L1x   To: /dev/tty.usbserial-B003BND8   Received: L1,0000000002
2024-09-02 16:16:41.624 : SN 7110 : Sent: Lcx   To: /dev/tty.usbserial-B003BND8   Received: Lc,24-09-02 2 16:16:42
2024-09-02 16:16:41.629 : SN 7110 : Real Time Clock difference: 0
2024-09-02 16:16:41.656 : SN 7110 : Sent: Ldx   To: /dev/tty.usbserial-B003BND8   Received: Ld,1
2024-09-02 16:16:41.688 : SN 7110 : Sent: L1x   To: /dev/tty.usbserial-B003BND8   Received: L1,0000000002
2024-09-02 16:16:41.720 : SN 7110 : Sent: L1x   To: /dev/tty.usbserial-B003BND8   Received: L1,0000000002
2024-09-02 16:16:41.768 : SN 7110 : Sent: L40000000000x   To: /dev/tty.usbserial-B003BND8   Received: L4,24-09-02 2 16:10:23,07.62, 023.5C,226,0
2024-09-02 16:16:49.591 : SN 7110 : Sent: L1x   To: /dev/tty.usbserial-B003BND8   Received: L1,0000000002
2024-09-02 16:17:42.531 : SN 7110 : Sent: Lmx   To: /dev/tty.usbserial-B003BND8   Received: LM,3
2024-09-02 16:17:42.626 : SN 7110 : Sent: L1x   To: /dev/tty.usbserial-B003BND8   Received: L1,0000000002
2024-09-02 16:17:42.658 : SN 7110 : Sent: LZx   To: /dev/tty.usbserial-B003BND8   Received: LZ,0001048576
2024-09-02 16:17:42.690 : SN 7110 : Sent: L0x   To: /dev/tty.usbserial-B003BND8   Received: L0,239,023
2024-09-02 16:17:45.517 : SN 7110 : Erasing meter database.
2024-09-02 16:17:45.554 : SN 7110 : Sent: L2x   To: /dev/tty.usbserial-B003BND8   Received: L2
2024-09-02 16:17:45.586 : SN 7110 : Sent: L6x   To: /dev/tty.usbserial-B003BND8   Received: L6,003
2024-09-02 16:17:46.625 : SN 7110 : Sent: L6x   To: /dev/tty.usbserial-B003BND8   Received: L6,003
2024-09-02 16:17:47.617 : SN 7110 : Sent: L6x   To: /dev/tty.usbserial-B003BND8   Received: L6,003
2024-09-02 16:17:48.625 : SN 7110 : Sent: L6x   To: /dev/tty.usbserial-B003BND8   Received: L6,003
2024-09-02 16:17:49.617 : SN 7110 : Sent: L6x   To: /dev/tty.usbserial-B003BND8   Received: L6,003
2024-09-02 16:17:50.625 : SN 7110 : Sent: L6x   To: /dev/tty.usbserial-B003BND8   Received: L6,003
2024-09-02 16:17:51.617 : SN 7110 : Sent: L6x   To: /dev/tty.usbserial-B003BND8   Received: L6,003
2024-09-02 16:17:52.625 : SN 7110 : Sent: L6x   To: /dev/tty.usbserial-B003BND8   Received: L6,003
2024-09-02 16:17:53.617 : SN 7110 : Sent: L6x   To: /dev/tty.usbserial-B003BND8   Received: L6,003
2024-09-02 16:17:54.624 : SN 7110 : Sent: L6x   To: /dev/tty.usbserial-B003BND8   Received: L6,003
2024-09-02 16:17:55.616 : SN 7110 : Sent: L6x   To: /dev/tty.usbserial-B003BND8   Received: L6,003
2024-09-02 16:17:56.624 : SN 7110 : Sent: L6x   To: /dev/tty.usbserial-B003BND8   Received: L6,003
2024-09-02 16:17:57.616 : SN 7110 : Sent: L6x   To: /dev/tty.usbserial-B003BND8   Received: L6,003
2024-09-02 16:17:58.624 : SN 7110 : Sent: L6x   To: /dev/tty.usbserial-B003BND8   Received: L6,003
2024-09-02 16:17:59.615 : SN 7110 : Sent: L6x   To: /dev/tty.usbserial-B003BND8   Received: L6,003
2024-09-02 16:18:00.623 : SN 7110 : Sent: L6x   To: /dev/tty.usbserial-B003BND8   Received: L6,003
2024-09-02 16:18:01.615 : SN 7110 : Sent: L6x   To: /dev/tty.usbserial-B003BND8   Received: L6,003
2024-09-02 16:18:02.623 : SN 7110 : Sent: L6x   To: /dev/tty.usbserial-B003BND8   Received: L6,003
2024-09-02 16:18:03.614 : SN 7110 : Sent: L6x   To: /dev/tty.usbserial-B003BND8   Received: L6,003
2024-09-02 16:18:04.622 : SN 7110 : Sent: L6x   To: /dev/tty.usbserial-B003BND8   Received: L6,003
2024-09-02 16:18:05.614 : SN 7110 : Sent: L6x   To: /dev/tty.usbserial-B003BND8   Received: L6,003
2024-09-02 16:18:06.622 : SN 7110 : Sent: L6x   To: /dev/tty.usbserial-B003BND8   Received: L6,003
2024-09-02 16:18:07.614 : SN 7110 : Sent: L6x   To: /dev/tty.usbserial-B003BND8   Received: L6,003
2024-09-02 16:18:08.622 : SN 7110 : Sent: L6x   To: /dev/tty.usbserial-B003BND8   Received: L6,003
2024-09-02 16:18:09.613 : SN 7110 : Sent: L6x   To: /dev/tty.usbserial-B003BND8   Received: L6,003
2024-09-02 16:18:10.621 : SN 7110 : Sent: L6x   To: /dev/tty.usbserial-B003BND8   Received: L6,003
2024-09-02 16:18:11.613 : SN 7110 : Sent: L6x   To: /dev/tty.usbserial-B003BND8   Received: L6,003
2024-09-02 16:18:12.621 : SN 7110 : Sent: L6x   To: /dev/tty.usbserial-B003BND8   Received: L6,003
2024-09-02 16:18:13.613 : SN 7110 : Sent: L6x   To: /dev/tty.usbserial-B003BND8   Received: L6,003
2024-09-02 16:18:14.621 : SN 7110 : Sent: L6x   To: /dev/tty.usbserial-B003BND8   Received: L6,003
2024-09-02 16:18:15.612 : SN 7110 : Sent: L6x   To: /dev/tty.usbserial-B003BND8   Received: L6,003
2024-09-02 16:18:16.620 : SN 7110 : Sent: L6x   To: /dev/tty.usbserial-B003BND8   Received: L6,003
2024-09-02 16:18:17.612 : SN 7110 : Sent: L6x   To: /dev/tty.usbserial-B003BND8   Received: L6,003
2024-09-02 16:18:18.620 : SN 7110 : Sent: L6x   To: /dev/tty.usbserial-B003BND8   Received: L6,003
2024-09-02 16:18:19.612 : SN 7110 : Sent: L6x   To: /dev/tty.usbserial-B003BND8   Received: L6,003
2024-09-02 16:18:20.620 : SN 7110 : Sent: L6x   To: /dev/tty.usbserial-B003BND8   Received: L6,003
2024-09-02 16:18:21.611 : SN 7110 : Sent: L6x   To: /dev/tty.usbserial-B003BND8   Received: L6,003
2024-09-02 16:18:22.619 : SN 7110 : Sent: L6x   To: /dev/tty.usbserial-B003BND8   Received: L6,003
2024-09-02 16:18:23.611 : SN 7110 : Sent: L6x   To: /dev/tty.usbserial-B003BND8   Received: L6,003
2024-09-02 16:18:24.619 : SN 7110 : Sent: L6x   To: /dev/tty.usbserial-B003BND8   Received: L6,003
2024-09-02 16:18:25.627 : SN 7110 : Sent: L6x   To: /dev/tty.usbserial-B003BND8   Received: L6,003
2024-09-02 16:18:26.619 : SN 7110 : Sent: L6x   To: /dev/tty.usbserial-B003BND8   Received: L6,003
2024-09-02 16:18:27.626 : SN 7110 : Sent: L6x   To: /dev/tty.usbserial-B003BND8   Received: L6,003
2024-09-02 16:18:28.618 : SN 7110 : Sent: L6x   To: /dev/tty.usbserial-B003BND8   Received: L6,003
2024-09-02 16:18:29.610 : SN 7110 : Sent: L6x   To: /dev/tty.usbserial-B003BND8   Received: L6,003
2024-09-02 16:18:30.618 : SN 7110 : Sent: L6x   To: /dev/tty.usbserial-B003BND8   Received: L6,003
2024-09-02 16:18:31.626 : SN 7110 : Sent: L6x   To: /dev/tty.usbserial-B003BND8   Received: L6,000
2024-09-02 16:18:36.754 : SN 7110 : Sent: LIx   To: /dev/tty.usbserial-B003BND8   Received: LI,0000000000s,0000000255m,0000000000s,0000000067m,00000000.00m,
2024-09-02 16:18:36.833 : SN 7110 : Sent: Lmx   To: /dev/tty.usbserial-B003BND8   Received: LM,3
2024-09-02 16:18:36.866 : SN 7110 : Sent: LZx   To: /dev/tty.usbserial-B003BND8   Received: LZ,0001048576
2024-09-02 16:18:36.898 : SN 7110 : Sent: L1x   To: /dev/tty.usbserial-B003BND8   Received: L1,0000000000
2024-09-02 16:18:36.929 : SN 7110 : Sent: Lcx   To: /dev/tty.usbserial-B003BND8   Received: Lc,24-09-02 2 16:18:38
2024-09-02 16:18:36.944 : SN 7110 : Real Time Clock difference: 1
2024-09-02 16:18:36.961 : SN 7110 : Sent: Ldx   To: /dev/tty.usbserial-B003BND8   Received: Ld,1
2024-09-02 16:18:36.994 : SN 7110 : Sent: L1x   To: /dev/tty.usbserial-B003BND8   Received: L1,0000000000
2024-09-02 16:18:37.025 : SN 7110 : Sent: L1x   To: /dev/tty.usbserial-B003BND8   Received: L1,0000000000
2024-09-09 12:15:09.481 : SN 7110 : Sent: m0x   To: /dev/tty.usbserial-B003BND8   Received: m0,255
2024-09-09 12:15:09.513 : SN 7110 : Sent: m1x   To: /dev/tty.usbserial-B003BND8   Received: m1,255
2024-09-09 12:15:09.545 : SN 7110 : Sent: m2x   To: /dev/tty.usbserial-B003BND8   Received: m2,255
2024-09-09 12:15:09.561 : SN 7110 : Sent: Lvx   To: /dev/tty.usbserial-B003BND8   Received: Lv,2
2024-09-09 12:15:09.564 : SN 7110 : ContCheck(Yx)
2024-09-09 12:15:09.593 : SN 7110 : Sent: Yx   To: /dev/tty.usbserial-B003BND8   Received: Yrcpu
2024-09-09 12:15:09.673 : SN 7110 : Sent: A5x   To: /dev/tty.usbserial-B003BND8   Received: A5,0,d
2024-09-09 12:15:09.790 : SN 7110 : Sent: LIx   To: /dev/tty.usbserial-B003BND8   Received: LI,0000000000s,0000000255m,0000000000s,0000000067m,00000000.00m,
2024-09-09 12:15:09.822 : SN 7110 : Sent: Lmx   To: /dev/tty.usbserial-B003BND8   Received: LM,3
2024-09-09 12:15:09.854 : SN 7110 : Sent: LZx   To: /dev/tty.usbserial-B003BND8   Received: LZ,0001048576
2024-09-09 12:15:09.886 : SN 7110 : Sent: L1x   To: /dev/tty.usbserial-B003BND8   Received: L1,0000001968
2024-09-09 12:15:09.918 : SN 7110 : Sent: Lcx   To: /dev/tty.usbserial-B003BND8   Received: Lc,24-09-09 2 12:15:14
2024-09-09 12:15:09.921 : SN 7110 : Real Time Clock difference: 4
2024-09-09 12:15:09.950 : SN 7110 : Sent: Ldx   To: /dev/tty.usbserial-B003BND8   Received: Ld,1
2024-09-09 12:15:09.982 : SN 7110 : Sent: LD1x   To: /dev/tty.usbserial-B003BND8   Received: Ld,1
2024-09-09 12:15:09.998 : SN 7110 : Sent: Ldx   To: /dev/tty.usbserial-B003BND8   Received: Ld,1
2024-09-09 12:15:10.046 : SN 7110 : CheckLockVisibility()
2024-09-09 12:15:10.110 : SN 7110 : Sent: Ix   To: /dev/tty.usbserial-B003BND8   Received: 0000000000s,0000000000s,00000000.00m,00000000.00m
2024-09-09 12:15:10.121 : SN 7110 : ParseReportInterval response: 0000000000s,0000000000s,00000000.00m,00000000.00m
2024-09-09 12:15:10.134 : SN 7110 : GetVersion result: i,00000004,00000006,00000082,00007110
2024-09-09 12:15:10.138 : SN 7110 : Reading Interval Settings: 0000000000s,0000000000s,00000000.00m,00000000.00m
2024-09-09 12:15:10.174 : SN 7110 : Sent: rx   To: /dev/tty.usbserial-B003BND8   Received: r, 08.81m,0000027143Hz,0000000000c,0000000.000s, 019.3C
2024-09-09 12:15:14.556 : SN 7110 : Sent: LIx   To: /dev/tty.usbserial-B003BND8   Received: LI,0000000000s,0000000255m,0000000000s,0000000067m,00000000.00m,
2024-09-09 12:15:14.620 : SN 7110 : Sent: Lmx   To: /dev/tty.usbserial-B003BND8   Received: LM,3
2024-09-09 12:15:14.652 : SN 7110 : Sent: LZx   To: /dev/tty.usbserial-B003BND8   Received: LZ,0001048576
2024-09-09 12:15:14.684 : SN 7110 : Sent: L1x   To: /dev/tty.usbserial-B003BND8   Received: L1,0000001968
2024-09-09 12:15:14.716 : SN 7110 : Sent: Lcx   To: /dev/tty.usbserial-B003BND8   Received: Lc,24-09-09 2 12:15:19
2024-09-09 12:15:14.720 : SN 7110 : Real Time Clock difference: 4
2024-09-09 12:15:14.748 : SN 7110 : Sent: Ldx   To: /dev/tty.usbserial-B003BND8   Received: Ld,1
2024-09-09 12:15:14.780 : SN 7110 : Sent: L1x   To: /dev/tty.usbserial-B003BND8   Received: L1,0000001968
2024-09-09 12:15:14.812 : SN 7110 : Sent: L1x   To: /dev/tty.usbserial-B003BND8   Received: L1,0000001968
2024-09-09 12:15:14.860 : SN 7110 : Sent: L40000000000x   To: /dev/tty.usbserial-B003BND8   Received: L4,24-09-02 2 16:19:05,07.61, 023.2C,226,0
2024-09-09 12:15:20.087 : SN 7110 : Setting unit clock...
2024-09-09 12:15:20.124 : SN 7110 : Sent: LC24-09-09 2 12:15:20x   To: /dev/tty.usbserial-B003BND8   Received: LC,24-09-09 2 12:15:20
2024-09-09 12:15:25.976 : SN 7110 : Sent: LIx   To: /dev/tty.usbserial-B003BND8   Received: LI,0000000000s,0000000255m,0000000000s,0000000067m,00000000.00m,
2024-09-09 12:15:26.040 : SN 7110 : Sent: Lmx   To: /dev/tty.usbserial-B003BND8   Received: LM,3
2024-09-09 12:15:26.072 : SN 7110 : Sent: LZx   To: /dev/tty.usbserial-B003BND8   Received: LZ,0001048576
2024-09-09 12:15:26.104 : SN 7110 : Sent: L1x   To: /dev/tty.usbserial-B003BND8   Received: L1,0000001968
2024-09-09 12:15:26.136 : SN 7110 : Sent: Lcx   To: /dev/tty.usbserial-B003BND8   Received: Lc,24-09-09 2 12:15:26
2024-09-09 12:15:26.138 : SN 7110 : Real Time Clock difference: 0
2024-09-09 12:15:26.168 : SN 7110 : Sent: Ldx   To: /dev/tty.usbserial-B003BND8   Received: Ld,1
2024-09-09 12:15:33.156 : SN 7110 : DL Trigger mode button changed.
2024-09-09 12:15:33.191 : SN 7110 : Sent: Lmx   To: /dev/tty.usbserial-B003BND8   Received: LM,3
2024-09-09 12:15:33.223 : SN 7110 : Sent: LM2x   To: /dev/tty.usbserial-B003BND8   Received: LM,2
2024-09-09 12:15:33.226 : SN 7110 : Set trigger mode to value 2
2024-09-09 12:15:40.060 : SN 7110 : Sent: LPM0000000005x   To: /dev/tty.usbserial-B003BND8   Received: LP,M0000000000s,0000000005m,0000000000s,0000000005m,00000000.00m,
2024-09-09 12:15:45.562 : SN 7110 : Sent: m0x   To: /dev/tty.usbserial-B003BND8   Received: m0,255
2024-09-09 12:15:45.594 : SN 7110 : Sent: m1x   To: /dev/tty.usbserial-B003BND8   Received: m1,255
2024-09-09 12:15:45.626 : SN 7110 : Sent: m2x   To: /dev/tty.usbserial-B003BND8   Received: m2,255
2024-09-09 12:15:45.658 : SN 7110 : Sent: Lvx   To: /dev/tty.usbserial-B003BND8   Received: Lv,2
2024-09-09 12:15:45.662 : SN 7110 : ContCheck(Yx)
2024-09-09 12:15:45.690 : SN 7110 : Sent: Yx   To: /dev/tty.usbserial-B003BND8   Received: Yrcpu
2024-09-09 12:15:45.722 : SN 7110 : Sent: A5x   To: /dev/tty.usbserial-B003BND8   Received: A5,0,d
2024-09-09 12:15:45.786 : SN 7110 : Sent: LIx   To: /dev/tty.usbserial-B003BND8   Received: LI,0000000000s,0000000005m,0000000000s,0000000005m,00000000.00m,
2024-09-09 12:15:45.818 : SN 7110 : Sent: Lmx   To: /dev/tty.usbserial-B003BND8   Received: LM,2
2024-09-09 12:15:45.850 : SN 7110 : Sent: LZx   To: /dev/tty.usbserial-B003BND8   Received: LZ,0001048576
2024-09-09 12:15:45.882 : SN 7110 : Sent: L1x   To: /dev/tty.usbserial-B003BND8   Received: L1,0000001968
2024-09-09 12:15:45.914 : SN 7110 : Sent: Lcx   To: /dev/tty.usbserial-B003BND8   Received: Lc,24-09-09 2 12:15:46
2024-09-09 12:15:45.917 : SN 7110 : Real Time Clock difference: 0
2024-09-09 12:15:45.930 : SN 7110 : Sent: Ldx   To: /dev/tty.usbserial-B003BND8   Received: Ld,1
2024-09-09 12:15:45.972 : SN 7110 : CheckLockVisibility()
2024-09-09 12:15:46.026 : SN 7110 : Sent: Ix   To: /dev/tty.usbserial-B003BND8   Received: 0000000000s,0000000000s,00000000.00m,00000000.00m
2024-09-09 12:15:46.030 : SN 7110 : ParseReportInterval response: 0000000000s,0000000000s,00000000.00m,00000000.00m
2024-09-09 12:15:46.035 : SN 7110 : GetVersion result: i,00000004,00000006,00000082,00007110
2024-09-09 12:15:46.035 : SN 7110 : Reading Interval Settings: 0000000000s,0000000000s,00000000.00m,00000000.00m
2024-09-09 12:15:46.074 : SN 7110 : Sent: rx   To: /dev/tty.usbserial-B003BND8   Received: r, 08.75m,0000028735Hz,0000000000c,0000000.000s, 019.3C
2024-09-09 12:16:02.519 : SN 7110 : Sent: m0x   To: /dev/tty.usbserial-B003BND8   Received: m0,255
2024-09-09 12:16:02.551 : SN 7110 : Sent: m1x   To: /dev/tty.usbserial-B003BND8   Received: m1,255
2024-09-09 12:16:02.583 : SN 7110 : Sent: m2x   To: /dev/tty.usbserial-B003BND8   Received: m2,255
2024-09-09 12:16:02.615 : SN 7110 : Sent: Lvx   To: /dev/tty.usbserial-B003BND8   Received: Lv,2
2024-09-09 12:16:02.618 : SN 7110 : ContCheck(Yx)
2024-09-09 12:16:02.646 : SN 7110 : Sent: Yx   To: /dev/tty.usbserial-B003BND8   Received: Yrcpu
2024-09-09 12:16:02.679 : SN 7110 : Sent: A5x   To: /dev/tty.usbserial-B003BND8   Received: A5,0,d
2024-09-09 12:16:02.743 : SN 7110 : Sent: LIx   To: /dev/tty.usbserial-B003BND8   Received: LI,0000000000s,0000000005m,0000000000s,0000000005m,00000000.00m,
2024-09-09 12:16:02.775 : SN 7110 : Sent: Lmx   To: /dev/tty.usbserial-B003BND8   Received: LM,2
2024-09-09 12:16:02.807 : SN 7110 : Sent: LZx   To: /dev/tty.usbserial-B003BND8   Received: LZ,0001048576
2024-09-09 12:16:02.838 : SN 7110 : Sent: L1x   To: /dev/tty.usbserial-B003BND8   Received: L1,0000001968
2024-09-09 12:16:02.871 : SN 7110 : Sent: Lcx   To: /dev/tty.usbserial-B003BND8   Received: Lc,24-09-09 2 12:16:03
2024-09-09 12:16:02.874 : SN 7110 : Real Time Clock difference: 0
2024-09-09 12:16:02.902 : SN 7110 : Sent: Ldx   To: /dev/tty.usbserial-B003BND8   Received: Ld,1
2024-09-09 12:16:02.945 : SN 7110 : CheckLockVisibility()
2024-09-09 12:16:02.998 : SN 7110 : Sent: Ix   To: /dev/tty.usbserial-B003BND8   Received: 0000000000s,0000000000s,00000000.00m,00000000.00m
2024-09-09 12:16:03.001 : SN 7110 : ParseReportInterval response: 0000000000s,0000000000s,00000000.00m,00000000.00m
2024-09-09 12:16:03.005 : SN 7110 : GetVersion result: i,00000004,00000006,00000082,00007110
2024-09-09 12:16:03.006 : SN 7110 : Reading Interval Settings: 0000000000s,0000000000s,00000000.00m,00000000.00m
2024-09-09 12:16:03.030 : SN 7110 : Sent: rx   To: /dev/tty.usbserial-B003BND8   Received: r, 08.74m,0000028975Hz,0000000000c,0000000.000s, 019.3C
2024-09-09 12:16:07.211 : SN 7110 : Sent: LIx   To: /dev/tty.usbserial-B003BND8   Received: LI,0000000000s,0000000005m,0000000000s,0000000005m,00000000.00m,
2024-09-09 12:16:07.292 : SN 7110 : Sent: Lmx   To: /dev/tty.usbserial-B003BND8   Received: LM,2
2024-09-09 12:16:07.323 : SN 7110 : Sent: LZx   To: /dev/tty.usbserial-B003BND8   Received: LZ,0001048576
2024-09-09 12:16:07.355 : SN 7110 : Sent: L1x   To: /dev/tty.usbserial-B003BND8   Received: L1,0000001968
2024-09-09 12:16:07.387 : SN 7110 : Sent: Lcx   To: /dev/tty.usbserial-B003BND8   Received: Lc,24-09-09 2 12:16:07
2024-09-09 12:16:07.391 : SN 7110 : Real Time Clock difference: 0
2024-09-09 12:16:07.419 : SN 7110 : Sent: Ldx   To: /dev/tty.usbserial-B003BND8   Received: Ld,1
2024-09-09 12:16:07.451 : SN 7110 : Sent: L1x   To: /dev/tty.usbserial-B003BND8   Received: L1,0000001968
2024-09-09 12:16:07.483 : SN 7110 : Sent: L1x   To: /dev/tty.usbserial-B003BND8   Received: L1,0000001968
2024-09-09 12:16:07.531 : SN 7110 : Sent: L40000000000x   To: /dev/tty.usbserial-B003BND8   Received: L4,24-09-02 2 16:19:05,07.61, 023.2C,226,0
2024-09-09 12:16:09.275 : SN 7110 : Sent: L1x   To: /dev/tty.usbserial-B003BND8   Received: L1,0000001968
2024-09-09 12:16:14.029 : SN 7110 : DL binary retrieve initiated.
2024-09-09 12:16:14.073 : SN 7110 : Sent: Lmx   To: /dev/tty.usbserial-B003BND8   Received: LM,2
2024-09-09 12:16:27.721 : SN 7110 : DL binary retrieve initiated.
2024-09-09 12:16:27.749 : SN 7110 : Sent: Lmx   To: /dev/tty.usbserial-B003BND8   Received: LM,2
2024-09-09 12:16:49.860 : SN 7110 : DL binary retrieve initiated.
2024-09-09 12:16:49.903 : SN 7110 : Sent: Lmx   To: /dev/tty.usbserial-B003BND8   Received: LM,2
2024-09-09 12:16:49.935 : SN 7110 : Sent: ix   To: /dev/tty.usbserial-B003BND8   Received: i,00000004,00000006,00000082,00007110
2024-09-09 12:16:49.967 : SN 7110 : Sent: rx   To: /dev/tty.usbserial-B003BND8   Received: r, 08.79m,0000027623Hz,0000000000c,0000000.000s, 019.3C
2024-09-09 12:16:50.000 : SN 7110 : Sent: cx   To: /dev/tty.usbserial-B003BND8   Received: c,00000019.89m,0000206.650s, 019.3C,00000008.71m, 019.3C
2024-09-09 12:16:50.031 : SN 7110 : Sent: Ix   To: /dev/tty.usbserial-B003BND8   Received: 0000000000s,0000000000s,00000000.00m,00000000.00m
2024-09-09 12:16:50.063 : SN 7110 : Sent: Lcx   To: /dev/tty.usbserial-B003BND8   Received: Lc,24-09-09 2 12:16:50
2024-09-09 12:16:50.105 : SN 7110 : Sent: LIx   To: /dev/tty.usbserial-B003BND8   Received: LI,0000000000s,0000000005m,0000000000s,0000000005m,00000000.00m,
2024-09-09 12:16:50.121 : SN 7110 : 1968 Packets 16 bytes long.
2024-09-13 13:37:35.265 : SN 7110 : Sent: m0x   To: /dev/tty.usbserial-B003BND8   Received: m0,255
2024-09-13 13:37:35.297 : SN 7110 : Sent: m1x   To: /dev/tty.usbserial-B003BND8   Received: m1,255
2024-09-13 13:37:35.329 : SN 7110 : Sent: m2x   To: /dev/tty.usbserial-B003BND8   Received: m2,255
2024-09-13 13:37:35.360 : SN 7110 : Sent: Lvx   To: /dev/tty.usbserial-B003BND8   Received: Lv,2
2024-09-13 13:37:35.363 : SN 7110 : ContCheck(Yx)
2024-09-13 13:37:35.376 : SN 7110 : Sent: Yx   To: /dev/tty.usbserial-B003BND8   Received: Yrcpu
2024-09-13 13:37:35.441 : SN 7110 : Sent: A5x   To: /dev/tty.usbserial-B003BND8   Received: A5,0,d
2024-09-13 13:37:35.521 : SN 7110 : Sent: LIx   To: /dev/tty.usbserial-B003BND8   Received: LI,0000000000s,0000000005m,0000000000s,0000000005m,00000000.00m,
2024-09-13 13:37:35.552 : SN 7110 : Sent: Lmx   To: /dev/tty.usbserial-B003BND8   Received: LM,2
2024-09-13 13:37:35.584 : SN 7110 : Sent: LZx   To: /dev/tty.usbserial-B003BND8   Received: LZ,0001048576
2024-09-13 13:37:35.600 : SN 7110 : Sent: L1x   To: /dev/tty.usbserial-B003BND8   Received: L1,0000003136
2024-09-13 13:37:35.633 : SN 7110 : Sent: Lcx   To: /dev/tty.usbserial-B003BND8   Received: Lc,24-09-13 6 13:37:34
2024-09-13 13:37:35.636 : SN 7110 : Real Time Clock difference: 1
2024-09-13 13:37:35.664 : SN 7110 : Sent: Ldx   To: /dev/tty.usbserial-B003BND8   Received: Ld,1
2024-09-13 13:37:35.696 : SN 7110 : Sent: LD1x   To: /dev/tty.usbserial-B003BND8   Received: Ld,1
2024-09-13 13:37:35.712 : SN 7110 : Sent: Ldx   To: /dev/tty.usbserial-B003BND8   Received: Ld,1
2024-09-13 13:37:35.753 : SN 7110 : CheckLockVisibility()
2024-09-13 13:37:35.808 : SN 7110 : Sent: Ix   To: /dev/tty.usbserial-B003BND8   Received: 0000000000s,0000000000s,00000000.00m,00000000.00m
2024-09-13 13:37:35.811 : SN 7110 : ParseReportInterval response: 0000000000s,0000000000s,00000000.00m,00000000.00m
2024-09-13 13:37:35.817 : SN 7110 : GetVersion result: i,00000004,00000006,00000082,00007110
2024-09-13 13:37:35.818 : SN 7110 : Reading Interval Settings: 0000000000s,0000000000s,00000000.00m,00000000.00m
2024-09-13 13:37:35.856 : SN 7110 : Sent: rx   To: /dev/tty.usbserial-B003BND8   Received: r, 10.01m,0000009003Hz,0000000000c,0000000.000s, 019.3C
2024-09-13 13:37:40.607 : SN 7110 : Sent: m0x   To: /dev/tty.usbserial-B003BND8   Received: m0,255
2024-09-13 13:37:40.639 : SN 7110 : Sent: m1x   To: /dev/tty.usbserial-B003BND8   Received: m1,255
2024-09-13 13:37:40.671 : SN 7110 : Sent: m2x   To: /dev/tty.usbserial-B003BND8   Received: m2,255
2024-09-13 13:37:40.686 : SN 7110 : Sent: Lvx   To: /dev/tty.usbserial-B003BND8   Received: Lv,2
2024-09-13 13:37:40.687 : SN 7110 : ContCheck(Yx)
2024-09-13 13:37:40.702 : SN 7110 : Sent: Yx   To: /dev/tty.usbserial-B003BND8   Received: Yrcpu
2024-09-13 13:37:40.718 : SN 7110 : Sent: A5x   To: /dev/tty.usbserial-B003BND8   Received: A5,0,d
2024-09-13 13:37:40.781 : SN 7110 : Sent: LIx   To: /dev/tty.usbserial-B003BND8   Received: LI,0000000000s,0000000005m,0000000000s,0000000005m,00000000.00m,
2024-09-13 13:37:40.813 : SN 7110 : Sent: Lmx   To: /dev/tty.usbserial-B003BND8   Received: LM,2
2024-09-13 13:37:40.845 : SN 7110 : Sent: LZx   To: /dev/tty.usbserial-B003BND8   Received: LZ,0001048576
2024-09-13 13:37:40.861 : SN 7110 : Sent: L1x   To: /dev/tty.usbserial-B003BND8   Received: L1,0000003136
2024-09-13 13:37:40.893 : SN 7110 : Sent: Lcx   To: /dev/tty.usbserial-B003BND8   Received: Lc,24-09-13 6 13:37:40
2024-09-13 13:37:40.895 : SN 7110 : Real Time Clock difference: 0
2024-09-13 13:37:40.908 : SN 7110 : Sent: Ldx   To: /dev/tty.usbserial-B003BND8   Received: Ld,1
2024-09-13 13:37:40.939 : SN 7110 : CheckLockVisibility()
2024-09-13 13:37:40.989 : SN 7110 : Sent: Ix   To: /dev/tty.usbserial-B003BND8   Received: 0000000000s,0000000000s,00000000.00m,00000000.00m
2024-09-13 13:37:40.991 : SN 7110 : ParseReportInterval response: 0000000000s,0000000000s,00000000.00m,00000000.00m
2024-09-13 13:37:40.996 : SN 7110 : GetVersion result: i,00000004,00000006,00000082,00007110
2024-09-13 13:37:40.996 : SN 7110 : Reading Interval Settings: 0000000000s,0000000000s,00000000.00m,00000000.00m
2024-09-13 13:37:41.021 : SN 7110 : Sent: rx   To: /dev/tty.usbserial-B003BND8   Received: r, 10.02m,0000008908Hz,0000000000c,0000000.000s, 019.0C
2024-09-13 13:37:46.548 : SN 7110 : Sent: LIx   To: /dev/tty.usbserial-B003BND8   Received: LI,0000000000s,0000000005m,0000000000s,0000000005m,00000000.00m,
2024-09-13 13:37:46.627 : SN 7110 : Sent: Lmx   To: /dev/tty.usbserial-B003BND8   Received: LM,2
2024-09-13 13:37:46.659 : SN 7110 : Sent: LZx   To: /dev/tty.usbserial-B003BND8   Received: LZ,0001048576
2024-09-13 13:37:46.691 : SN 7110 : Sent: L1x   To: /dev/tty.usbserial-B003BND8   Received: L1,0000003136
2024-09-13 13:37:46.723 : SN 7110 : Sent: Lcx   To: /dev/tty.usbserial-B003BND8   Received: Lc,24-09-13 6 13:37:45
2024-09-13 13:37:46.729 : SN 7110 : Real Time Clock difference: 1
2024-09-13 13:37:46.755 : SN 7110 : Sent: Ldx   To: /dev/tty.usbserial-B003BND8   Received: Ld,1
2024-09-13 13:37:46.788 : SN 7110 : Sent: L1x   To: /dev/tty.usbserial-B003BND8   Received: L1,0000003136
2024-09-13 13:37:46.819 : SN 7110 : Sent: L1x   To: /dev/tty.usbserial-B003BND8   Received: L1,0000003136
2024-09-13 13:37:46.867 : SN 7110 : Sent: L40000000000x   To: /dev/tty.usbserial-B003BND8   Received: L4,24-09-02 2 16:19:05,07.61, 023.2C,226,0
2024-09-13 13:37:51.218 : SN 7110 : Sent: L1x   To: /dev/tty.usbserial-B003BND8   Received: L1,0000003136
2024-09-13 13:37:53.972 : SN 7110 : DL binary retrieve initiated.
2024-09-13 13:37:54.017 : SN 7110 : Sent: Lmx   To: /dev/tty.usbserial-B003BND8   Received: LM,2
2024-09-13 13:37:54.049 : SN 7110 : Sent: ix   To: /dev/tty.usbserial-B003BND8   Received: i,00000004,00000006,00000082,00007110
2024-09-13 13:37:54.082 : SN 7110 : Sent: rx   To: /dev/tty.usbserial-B003BND8   Received: r, 10.00m,0000009109Hz,0000000000c,0000000.000s, 019.3C
2024-09-13 13:37:54.114 : SN 7110 : Sent: cx   To: /dev/tty.usbserial-B003BND8   Received: c,00000019.89m,0000206.650s, 019.3C,00000008.71m, 019.3C
2024-09-13 13:37:54.146 : SN 7110 : Sent: Ix   To: /dev/tty.usbserial-B003BND8   Received: 0000000000s,0000000000s,00000000.00m,00000000.00m
2024-09-13 13:37:54.177 : SN 7110 : Sent: Lcx   To: /dev/tty.usbserial-B003BND8   Received: Lc,24-09-13 6 13:37:53
2024-09-13 13:37:54.217 : SN 7110 : Sent: LIx   To: /dev/tty.usbserial-B003BND8   Received: LI,0000000000s,0000000005m,0000000000s,0000000005m,00000000.00m,
2024-09-13 13:37:54.233 : SN 7110 : 3136 Packets 16 bytes long.
2024-09-13 13:38:44.795 : SN 7110 : Sent: LIx   To: /dev/tty.usbserial-B003BND8   Received: LI,0000000000s,0000000005m,0000000000s,0000000005m,00000000.00m,
2024-09-13 13:38:44.875 : SN 7110 : Sent: Lmx   To: /dev/tty.usbserial-B003BND8   Received: LM,2
2024-09-13 13:38:44.907 : SN 7110 : Sent: LZx   To: /dev/tty.usbserial-B003BND8   Received: LZ,0001048576
2024-09-13 13:38:44.939 : SN 7110 : Sent: L1x   To: /dev/tty.usbserial-B003BND8   Received: L1,0000003136
2024-09-13 13:38:44.971 : SN 7110 : Sent: Lcx   To: /dev/tty.usbserial-B003BND8   Received: Lc,24-09-13 6 13:38:44
2024-09-13 13:38:44.975 : SN 7110 : Real Time Clock difference: 0
2024-09-13 13:38:45.003 : SN 7110 : Sent: Ldx   To: /dev/tty.usbserial-B003BND8   Received: Ld,1
2024-10-06 16:10:57.886 : SN 7110 : Sent: m0x   To: /dev/tty.usbserial-B003BND8   Received: m0,255
2024-10-06 16:10:57.918 : SN 7110 : Sent: m1x   To: /dev/tty.usbserial-B003BND8   Received: m1,255
2024-10-06 16:10:57.950 : SN 7110 : Sent: m2x   To: /dev/tty.usbserial-B003BND8   Received: m2,255
2024-10-06 16:10:57.982 : SN 7110 : Sent: Lvx   To: /dev/tty.usbserial-B003BND8   Received: Lv,2
2024-10-06 16:10:57.986 : SN 7110 : ContCheck(Yx)
2024-10-06 16:10:58.014 : SN 7110 : Sent: Yx   To: /dev/tty.usbserial-B003BND8   Received: Yrcpu
2024-10-06 16:10:58.030 : SN 7110 : Sent: A5x   To: /dev/tty.usbserial-B003BND8   Received: A5,0,d
2024-10-06 16:10:58.110 : SN 7110 : Sent: LIx   To: /dev/tty.usbserial-B003BND8   Received: LI,0000000000s,0000000005m,0000000000s,0000000005m,00000000.00m,
2024-10-06 16:10:58.142 : SN 7110 : Sent: Lmx   To: /dev/tty.usbserial-B003BND8   Received: LM,2
2024-10-06 16:10:58.174 : SN 7110 : Sent: LZx   To: /dev/tty.usbserial-B003BND8   Received: LZ,0001048576
2024-10-06 16:10:58.206 : SN 7110 : Sent: L1x   To: /dev/tty.usbserial-B003BND8   Received: L1,0000009790
2024-10-06 16:10:58.238 : SN 7110 : Sent: L1x   To: /dev/tty.usbserial-B003BND8   Received: L1,0000009790
2024-10-06 16:10:58.286 : SN 7110 : Sent: L40000009789x   To: /dev/tty.usbserial-B003BND8   Received: L4,24-10-06 1 16:05:05,00.00, 009.0C,226,1
2024-10-06 16:10:58.318 : SN 7110 : Sent: Lcx   To: /dev/tty.usbserial-B003BND8   Received: Lc,24-10-06 1 16:11:00
2024-10-06 16:10:58.323 : SN 7110 : Real Time Clock difference: 1
2024-10-06 16:10:58.350 : SN 7110 : Sent: Ldx   To: /dev/tty.usbserial-B003BND8   Received: Ld,1
2024-10-06 16:10:58.382 : SN 7110 : Sent: LD1x   To: /dev/tty.usbserial-B003BND8   Received: Ld,1
2024-10-06 16:10:58.398 : SN 7110 : Sent: Ldx   To: /dev/tty.usbserial-B003BND8   Received: Ld,1
2024-10-06 16:10:58.429 : SN 7110 : CheckLockVisibility()
2024-10-06 16:10:58.478 : SN 7110 : Sent: Ix   To: /dev/tty.usbserial-B003BND8   Received: 0000000000s,0000000000s,00000000.00m,00000000.00m
2024-10-06 16:10:58.483 : SN 7110 : ParseReportInterval response: 0000000000s,0000000000s,00000000.00m,00000000.00m
2024-10-06 16:10:58.492 : SN 7110 : GetVersion result: i,00000004,00000006,00000082,00007110
2024-10-06 16:10:58.493 : SN 7110 : Reading Interval Settings: 0000000000s,0000000000s,00000000.00m,00000000.00m
2024-10-06 16:10:58.526 : SN 7110 : Sent: rx   To: /dev/tty.usbserial-B003BND8   Received: r, 11.64m,0000002005Hz,0000000000c,0000000.000s, 009.6C
2024-10-06 16:11:27.490 : SN 7110 : Sent: m0x   To: /dev/tty.usbserial-B003BND8   Received: m0,255
2024-10-06 16:11:27.522 : SN 7110 : Sent: m1x   To: /dev/tty.usbserial-B003BND8   Received: m1,255
2024-10-06 16:11:27.555 : SN 7110 : Sent: m2x   To: /dev/tty.usbserial-B003BND8   Received: m2,255
2024-10-06 16:11:27.570 : SN 7110 : Sent: Lvx   To: /dev/tty.usbserial-B003BND8   Received: Lv,2
2024-10-06 16:11:27.571 : SN 7110 : ContCheck(Yx)
2024-10-06 16:11:27.586 : SN 7110 : Sent: Yx   To: /dev/tty.usbserial-B003BND8   Received: Yrcpu
2024-10-06 16:11:27.650 : SN 7110 : Sent: A5x   To: /dev/tty.usbserial-B003BND8   Received: A5,0,d
2024-10-06 16:11:27.736 : SN 7110 : Sent: LIx   To: /dev/tty.usbserial-B003BND8   Received: LI,0000000000s,0000000005m,0000000000s,0000000005m,00000000.00m,
2024-10-06 16:11:27.769 : SN 7110 : Sent: Lmx   To: /dev/tty.usbserial-B003BND8   Received: LM,2
2024-10-06 16:11:27.801 : SN 7110 : Sent: LZx   To: /dev/tty.usbserial-B003BND8   Received: LZ,0001048576
2024-10-06 16:11:27.833 : SN 7110 : Sent: L1x   To: /dev/tty.usbserial-B003BND8   Received: L1,0000009790
2024-10-06 16:11:27.865 : SN 7110 : Sent: L1x   To: /dev/tty.usbserial-B003BND8   Received: L1,0000009790
2024-10-06 16:11:27.913 : SN 7110 : Sent: L40000009789x   To: /dev/tty.usbserial-B003BND8   Received: L4,24-10-06 1 16:05:05,00.00, 009.0C,226,1
2024-10-06 16:11:27.944 : SN 7110 : Sent: Lcx   To: /dev/tty.usbserial-B003BND8   Received: Lc,24-10-06 1 16:11:30
2024-10-06 16:11:27.948 : SN 7110 : Real Time Clock difference: 2
2024-10-06 16:11:27.976 : SN 7110 : Sent: Ldx   To: /dev/tty.usbserial-B003BND8   Received: Ld,1
2024-10-06 16:11:28.008 : SN 7110 : Sent: LD1x   To: /dev/tty.usbserial-B003BND8   Received: Ld,1
2024-10-06 16:11:28.024 : SN 7110 : Sent: Ldx   To: /dev/tty.usbserial-B003BND8   Received: Ld,1
2024-10-06 16:11:28.067 : SN 7110 : CheckLockVisibility()
2024-10-06 16:11:28.121 : SN 7110 : Sent: Ix   To: /dev/tty.usbserial-B003BND8   Received: 0000000000s,0000000000s,00000000.00m,00000000.00m
2024-10-06 16:11:28.125 : SN 7110 : ParseReportInterval response: 0000000000s,0000000000s,00000000.00m,00000000.00m
2024-10-06 16:11:28.133 : SN 7110 : GetVersion result: i,00000004,00000006,00000082,00007110
2024-10-06 16:11:28.134 : SN 7110 : Reading Interval Settings: 0000000000s,0000000000s,00000000.00m,00000000.00m
2024-10-06 16:11:28.168 : SN 7110 : Sent: rx   To: /dev/tty.usbserial-B003BND8   Received: r, 11.65m,0000001990Hz,0000000000c,0000000.000s, 009.9C
2024-10-06 16:11:38.174 : SN 7110 : Sent: LIx   To: /dev/tty.usbserial-B003BND8   Received: LI,0000000000s,0000000005m,0000000000s,0000000005m,00000000.00m,
2024-10-06 16:11:38.254 : SN 7110 : Sent: Lmx   To: /dev/tty.usbserial-B003BND8   Received: LM,2
2024-10-06 16:11:38.286 : SN 7110 : Sent: LZx   To: /dev/tty.usbserial-B003BND8   Received: LZ,0001048576
2024-10-06 16:11:38.318 : SN 7110 : Sent: L1x   To: /dev/tty.usbserial-B003BND8   Received: L1,0000009790
2024-10-06 16:11:38.349 : SN 7110 : Sent: L1x   To: /dev/tty.usbserial-B003BND8   Received: L1,0000009790
2024-10-06 16:11:38.397 : SN 7110 : Sent: L40000009789x   To: /dev/tty.usbserial-B003BND8   Received: L4,24-10-06 1 16:05:05,00.00, 009.0C,226,1
2024-10-06 16:11:38.430 : SN 7110 : Sent: Lcx   To: /dev/tty.usbserial-B003BND8   Received: Lc,24-10-06 1 16:11:40
2024-10-06 16:11:38.435 : SN 7110 : Real Time Clock difference: 1
2024-10-06 16:11:38.461 : SN 7110 : Sent: Ldx   To: /dev/tty.usbserial-B003BND8   Received: Ld,1
2024-10-06 16:11:38.494 : SN 7110 : Sent: L1x   To: /dev/tty.usbserial-B003BND8   Received: L1,0000009790
2024-10-06 16:11:38.525 : SN 7110 : Sent: L1x   To: /dev/tty.usbserial-B003BND8   Received: L1,0000009790
2024-10-06 16:11:38.573 : SN 7110 : Sent: L40000000000x   To: /dev/tty.usbserial-B003BND8   Received: L4,24-09-02 2 16:19:05,07.61, 023.2C,226,0
2024-10-06 16:11:41.213 : SN 7110 : Sent: L1x   To: /dev/tty.usbserial-B003BND8   Received: L1,0000009790
2024-10-06 16:11:44.486 : SN 7110 : DL binary retrieve initiated.
2024-10-06 16:11:44.524 : SN 7110 : Sent: Lmx   To: /dev/tty.usbserial-B003BND8   Received: LM,2
2024-10-06 16:11:44.556 : SN 7110 : Sent: ix   To: /dev/tty.usbserial-B003BND8   Received: i,00000004,00000006,00000082,00007110
2024-10-06 16:11:44.588 : SN 7110 : Sent: rx   To: /dev/tty.usbserial-B003BND8   Received: r, 12.11m,0000001309Hz,0000000000c,0000000.000s, 009.9C
2024-10-06 16:11:44.620 : SN 7110 : Sent: cx   To: /dev/tty.usbserial-B003BND8   Received: c,00000019.89m,0000206.650s, 019.3C,00000008.71m, 019.3C
2024-10-06 16:11:44.652 : SN 7110 : Sent: Ix   To: /dev/tty.usbserial-B003BND8   Received: 0000000000s,0000000000s,00000000.00m,00000000.00m
2024-10-06 16:11:44.684 : SN 7110 : Sent: Lcx   To: /dev/tty.usbserial-B003BND8   Received: Lc,24-10-06 1 16:11:46
2024-10-06 16:11:44.724 : SN 7110 : Sent: LIx   To: /dev/tty.usbserial-B003BND8   Received: LI,0000000000s,0000000005m,0000000000s,0000000005m,00000000.00m,
2024-10-06 16:11:44.740 : SN 7110 : 9790 Packets 16 bytes long.
2024-11-05 14:38:36.165 : SN 7110 : Sent: m0x   To: /dev/tty.usbserial-B003BND8   Received: m0,255
2024-11-05 14:38:36.197 : SN 7110 : Sent: m1x   To: /dev/tty.usbserial-B003BND8   Received: m1,255
2024-11-05 14:38:36.229 : SN 7110 : Sent: m2x   To: /dev/tty.usbserial-B003BND8   Received: m2,255
2024-11-05 14:38:36.261 : SN 7110 : Sent: Lvx   To: /dev/tty.usbserial-B003BND8   Received: Lv,2
2024-11-05 14:38:36.266 : SN 7110 : ContCheck(Yx)
2024-11-05 14:38:36.292 : SN 7110 : Sent: Yx   To: /dev/tty.usbserial-B003BND8   Received: Yrcpu
2024-11-05 14:38:36.341 : SN 7110 : Sent: A5x   To: /dev/tty.usbserial-B003BND8   Received: A5,0,d
2024-11-05 14:38:36.435 : SN 7110 : Sent: LIx   To: /dev/tty.usbserial-B003BND8   Received: LI,0000000000s,0000000005m,0000000000s,0000000005m,00000000.00m,
2024-11-05 14:38:36.467 : SN 7110 : Sent: Lmx   To: /dev/tty.usbserial-B003BND8   Received: LM,2
2024-11-05 14:38:36.499 : SN 7110 : Sent: LZx   To: /dev/tty.usbserial-B003BND8   Received: LZ,0001048576
2024-11-05 14:38:36.531 : SN 7110 : Sent: L1x   To: /dev/tty.usbserial-B003BND8   Received: L1,0000018411
2024-11-05 14:38:36.563 : SN 7110 : Sent: L1x   To: /dev/tty.usbserial-B003BND8   Received: L1,0000018411
2024-11-05 14:38:36.611 : SN 7110 : Sent: L40000018410x   To: /dev/tty.usbserial-B003BND8   Received: L4,24-11-05 3 14:34:05,00.00, 008.3C,225,1
2024-11-05 14:38:36.643 : SN 7110 : Sent: Lcx   To: /dev/tty.usbserial-B003BND8   Received: Lc,24-11-05 3 14:38:39
2024-11-05 14:38:36.647 : SN 7110 : Real Time Clock difference: 2
2024-11-05 14:38:36.675 : SN 7110 : Sent: Ldx   To: /dev/tty.usbserial-B003BND8   Received: Ld,1
2024-11-05 14:38:36.706 : SN 7110 : Sent: LD1x   To: /dev/tty.usbserial-B003BND8   Received: Ld,1
2024-11-05 14:38:36.723 : SN 7110 : Sent: Ldx   To: /dev/tty.usbserial-B003BND8   Received: Ld,1
2024-11-05 14:38:36.752 : SN 7110 : CheckLockVisibility()
2024-11-05 14:38:36.803 : SN 7110 : Sent: Ix   To: /dev/tty.usbserial-B003BND8   Received: 0000000000s,0000000000s,00000000.00m,00000000.00m
2024-11-05 14:38:36.806 : SN 7110 : ParseReportInterval response: 0000000000s,0000000000s,00000000.00m,00000000.00m
2024-11-05 14:38:36.811 : SN 7110 : GetVersion result: i,00000004,00000006,00000082,00007110
2024-11-05 14:38:36.814 : SN 7110 : Reading Interval Settings: 0000000000s,0000000000s,00000000.00m,00000000.00m
2024-11-05 14:38:36.851 : SN 7110 : Sent: rx   To: /dev/tty.usbserial-B003BND8   Received: r, 18.14m,0000000005Hz,0000091863c,0000000.199s, 008.3C
2024-11-05 14:39:04.214 : SN 7110 : Sent: m0x   To: /dev/tty.usbserial-B003BND8   Received: m0,255
2024-11-05 14:39:04.245 : SN 7110 : Sent: m1x   To: /dev/tty.usbserial-B003BND8   Received: m1,255
2024-11-05 14:39:04.261 : SN 7110 : Sent: m2x   To: /dev/tty.usbserial-B003BND8   Received: m2,255
2024-11-05 14:39:04.277 : SN 7110 : Sent: Lvx   To: /dev/tty.usbserial-B003BND8   Received: Lv,2
2024-11-05 14:39:04.279 : SN 7110 : ContCheck(Yx)
2024-11-05 14:39:04.293 : SN 7110 : Sent: Yx   To: /dev/tty.usbserial-B003BND8   Received: Yrcpu
2024-11-05 14:39:04.309 : SN 7110 : Sent: A5x   To: /dev/tty.usbserial-B003BND8   Received: A5,0,d
2024-11-05 14:39:04.385 : SN 7110 : Sent: LIx   To: /dev/tty.usbserial-B003BND8   Received: LI,0000000000s,0000000005m,0000000000s,0000000005m,00000000.00m,
2024-11-05 14:39:04.418 : SN 7110 : Sent: Lmx   To: /dev/tty.usbserial-B003BND8   Received: LM,2
2024-11-05 14:39:04.449 : SN 7110 : Sent: LZx   To: /dev/tty.usbserial-B003BND8   Received: LZ,0001048576
2024-11-05 14:39:04.481 : SN 7110 : Sent: L1x   To: /dev/tty.usbserial-B003BND8   Received: L1,0000018411
2024-11-05 14:39:04.513 : SN 7110 : Sent: L1x   To: /dev/tty.usbserial-B003BND8   Received: L1,0000018411
2024-11-05 14:39:04.561 : SN 7110 : Sent: L40000018410x   To: /dev/tty.usbserial-B003BND8   Received: L4,24-11-05 3 14:34:05,00.00, 008.3C,225,1
2024-11-05 14:39:04.593 : SN 7110 : Sent: Lcx   To: /dev/tty.usbserial-B003BND8   Received: Lc,24-11-05 3 14:39:07
2024-11-05 14:39:04.597 : SN 7110 : Real Time Clock difference: 2
2024-11-05 14:39:04.626 : SN 7110 : Sent: Ldx   To: /dev/tty.usbserial-B003BND8   Received: Ld,1
2024-11-05 14:39:04.659 : SN 7110 : CheckLockVisibility()
2024-11-05 14:39:04.706 : SN 7110 : Sent: Ix   To: /dev/tty.usbserial-B003BND8   Received: 0000000000s,0000000000s,00000000.00m,00000000.00m
2024-11-05 14:39:04.710 : SN 7110 : ParseReportInterval response: 0000000000s,0000000000s,00000000.00m,00000000.00m
2024-11-05 14:39:04.714 : SN 7110 : GetVersion result: i,00000004,00000006,00000082,00007110
2024-11-05 14:39:04.715 : SN 7110 : Reading Interval Settings: 0000000000s,0000000000s,00000000.00m,00000000.00m
2024-11-05 14:39:04.753 : SN 7110 : Sent: rx   To: /dev/tty.usbserial-B003BND8   Received: r, 12.86m,0000000649Hz,0000000000c,0000000.000s, 008.3C
2024-11-05 14:39:13.353 : SN 7110 : Sent: LIx   To: /dev/tty.usbserial-B003BND8   Received: LI,0000000000s,0000000005m,0000000000s,0000000005m,00000000.00m,
2024-11-05 14:39:13.434 : SN 7110 : Sent: Lmx   To: /dev/tty.usbserial-B003BND8   Received: LM,2
2024-11-05 14:39:13.466 : SN 7110 : Sent: LZx   To: /dev/tty.usbserial-B003BND8   Received: LZ,0001048576
2024-11-05 14:39:13.497 : SN 7110 : Sent: L1x   To: /dev/tty.usbserial-B003BND8   Received: L1,0000018411
2024-11-05 14:39:13.530 : SN 7110 : Sent: L1x   To: /dev/tty.usbserial-B003BND8   Received: L1,0000018411
2024-11-05 14:39:13.578 : SN 7110 : Sent: L40000018410x   To: /dev/tty.usbserial-B003BND8   Received: L4,24-11-05 3 14:34:05,00.00, 008.3C,225,1
2024-11-05 14:39:13.625 : SN 7110 : Sent: Lcx   To: /dev/tty.usbserial-B003BND8   Received: Lc,24-11-05 3 14:39:16
2024-11-05 14:39:13.631 : SN 7110 : Real Time Clock difference: 2
2024-11-05 14:39:13.657 : SN 7110 : Sent: Ldx   To: /dev/tty.usbserial-B003BND8   Received: Ld,1
2024-11-05 14:39:13.690 : SN 7110 : Sent: L1x   To: /dev/tty.usbserial-B003BND8   Received: L1,0000018411
2024-11-05 14:39:13.721 : SN 7110 : Sent: L1x   To: /dev/tty.usbserial-B003BND8   Received: L1,0000018411
2024-11-05 14:39:13.770 : SN 7110 : Sent: L40000000000x   To: /dev/tty.usbserial-B003BND8   Received: L4,24-09-02 2 16:19:05,07.61, 023.2C,226,0
2024-11-05 14:39:19.832 : SN 7110 : Sent: L1x   To: /dev/tty.usbserial-B003BND8   Received: L1,0000018411
2024-11-05 14:39:25.681 : SN 7110 : DL binary retrieve initiated.
2024-11-05 14:39:25.734 : SN 7110 : Sent: Lmx   To: /dev/tty.usbserial-B003BND8   Received: LM,2
2024-11-05 14:39:25.766 : SN 7110 : Sent: ix   To: /dev/tty.usbserial-B003BND8   Received: i,00000004,00000006,00000082,00007110
2024-11-05 14:39:25.798 : SN 7110 : Sent: rx   To: /dev/tty.usbserial-B003BND8   Received: r, 12.88m,0000000641Hz,0000000000c,0000000.000s, 008.7C
2024-11-05 14:39:25.829 : SN 7110 : Sent: cx   To: /dev/tty.usbserial-B003BND8   Received: c,00000019.89m,0000206.650s, 019.3C,00000008.71m, 019.3C
2024-11-05 14:39:25.862 : SN 7110 : Sent: Ix   To: /dev/tty.usbserial-B003BND8   Received: 0000000000s,0000000000s,00000000.00m,00000000.00m
2024-11-05 14:39:25.894 : SN 7110 : Sent: Lcx   To: /dev/tty.usbserial-B003BND8   Received: Lc,24-11-05 3 14:39:28
2024-11-05 14:39:25.936 : SN 7110 : Sent: LIx   To: /dev/tty.usbserial-B003BND8   Received: LI,0000000000s,0000000005m,0000000000s,0000000005m,00000000.00m,
2024-11-05 14:39:25.952 : SN 7110 : 18411 Packets 16 bytes long.
2024-12-09 12:29:32.440 : SN 7110 : Sent: m0x   To: /dev/tty.usbserial-B003BND8   Received: m0,255
2024-12-09 12:29:32.472 : SN 7110 : Sent: m1x   To: /dev/tty.usbserial-B003BND8   Received: m1,255
2024-12-09 12:29:32.504 : SN 7110 : Sent: m2x   To: /dev/tty.usbserial-B003BND8   Received: m2,255
2024-12-09 12:29:32.520 : SN 7110 : Sent: Lvx   To: /dev/tty.usbserial-B003BND8   Received: Lv,2
2024-12-09 12:29:32.524 : SN 7110 : ContCheck(Yx)
2024-12-09 12:29:32.552 : SN 7110 : Sent: Yx   To: /dev/tty.usbserial-B003BND8   Received: Yrcpu
2024-12-09 12:29:32.616 : SN 7110 : Sent: A5x   To: /dev/tty.usbserial-B003BND8   Received: A5,0,d
2024-12-09 12:29:32.705 : SN 7110 : Sent: LIx   To: /dev/tty.usbserial-B003BND8   Received: LI,0000000000s,0000000005m,0000000000s,0000000005m,00000000.00m,
2024-12-09 12:29:32.737 : SN 7110 : Sent: Lmx   To: /dev/tty.usbserial-B003BND8   Received: LM,2
2024-12-09 12:29:32.769 : SN 7110 : Sent: LZx   To: /dev/tty.usbserial-B003BND8   Received: LZ,0001048576
2024-12-09 12:29:32.801 : SN 7110 : Sent: L1x   To: /dev/tty.usbserial-B003BND8   Received: L1,0000028177
2024-12-09 12:29:32.833 : SN 7110 : Sent: L1x   To: /dev/tty.usbserial-B003BND8   Received: L1,0000028177
2024-12-09 12:29:32.881 : SN 7110 : Sent: L40000028176x   To: /dev/tty.usbserial-B003BND8   Received: L4,24-12-09 2 12:25:05,00.00, 004.5C,226,1
2024-12-09 12:29:32.913 : SN 7110 : Sent: Lcx   To: /dev/tty.usbserial-B003BND8   Received: Lc,24-12-09 2 12:29:38
2024-12-09 12:29:32.917 : SN 7110 : Real Time Clock difference: 5
2024-12-09 12:29:32.945 : SN 7110 : Sent: Ldx   To: /dev/tty.usbserial-B003BND8   Received: Ld,1
2024-12-09 12:29:32.977 : SN 7110 : Sent: LD1x   To: /dev/tty.usbserial-B003BND8   Received: Ld,1
2024-12-09 12:29:32.993 : SN 7110 : Sent: Ldx   To: /dev/tty.usbserial-B003BND8   Received: Ld,1
2024-12-09 12:29:33.023 : SN 7110 : CheckLockVisibility()
2024-12-09 12:29:33.073 : SN 7110 : Sent: Ix   To: /dev/tty.usbserial-B003BND8   Received: 0000000000s,0000000000s,00000000.00m,00000000.00m
2024-12-09 12:29:33.075 : SN 7110 : ParseReportInterval response: 0000000000s,0000000000s,00000000.00m,00000000.00m
2024-12-09 12:29:33.081 : SN 7110 : GetVersion result: i,00000004,00000006,00000082,00007110
2024-12-09 12:29:33.083 : SN 7110 : Reading Interval Settings: 0000000000s,0000000000s,00000000.00m,00000000.00m
2024-12-09 12:29:33.121 : SN 7110 : Sent: rx   To: /dev/tty.usbserial-B003BND8   Received: r, 08.45m,0000037961Hz,0000000000c,0000000.000s, 004.1C
2024-12-09 12:29:39.024 : SN 7110 : Sent: m0x   To: /dev/tty.usbserial-B003BND8   Received: m0,255
2024-12-09 12:29:39.056 : SN 7110 : Sent: m1x   To: /dev/tty.usbserial-B003BND8   Received: m1,255
2024-12-09 12:29:39.087 : SN 7110 : Sent: m2x   To: /dev/tty.usbserial-B003BND8   Received: m2,255
2024-12-09 12:29:39.119 : SN 7110 : Sent: Lvx   To: /dev/tty.usbserial-B003BND8   Received: Lv,2
2024-12-09 12:29:39.122 : SN 7110 : ContCheck(Yx)
2024-12-09 12:29:39.135 : SN 7110 : Sent: Yx   To: /dev/tty.usbserial-B003BND8   Received: Yrcpu
2024-12-09 12:29:39.151 : SN 7110 : Sent: A5x   To: /dev/tty.usbserial-B003BND8   Received: A5,0,d
2024-12-09 12:29:39.213 : SN 7110 : Sent: LIx   To: /dev/tty.usbserial-B003BND8   Received: LI,0000000000s,0000000005m,0000000000s,0000000005m,00000000.00m,
2024-12-09 12:29:39.246 : SN 7110 : Sent: Lmx   To: /dev/tty.usbserial-B003BND8   Received: LM,2
2024-12-09 12:29:39.277 : SN 7110 : Sent: LZx   To: /dev/tty.usbserial-B003BND8   Received: LZ,0001048576
2024-12-09 12:29:39.293 : SN 7110 : Sent: L1x   To: /dev/tty.usbserial-B003BND8   Received: L1,0000028177
2024-12-09 12:29:39.325 : SN 7110 : Sent: L1x   To: /dev/tty.usbserial-B003BND8   Received: L1,0000028177
2024-12-09 12:29:39.373 : SN 7110 : Sent: L40000028176x   To: /dev/tty.usbserial-B003BND8   Received: L4,24-12-09 2 12:25:05,00.00, 004.5C,226,1
2024-12-09 12:29:39.405 : SN 7110 : Sent: Lcx   To: /dev/tty.usbserial-B003BND8   Received: Lc,24-12-09 2 12:29:45
2024-12-09 12:29:39.407 : SN 7110 : Real Time Clock difference: 5
2024-12-09 12:29:39.421 : SN 7110 : Sent: Ldx   To: /dev/tty.usbserial-B003BND8   Received: Ld,1
2024-12-09 12:29:39.469 : SN 7110 : CheckLockVisibility()
2024-12-09 12:29:39.533 : SN 7110 : Sent: Ix   To: /dev/tty.usbserial-B003BND8   Received: 0000000000s,0000000000s,00000000.00m,00000000.00m
2024-12-09 12:29:39.536 : SN 7110 : ParseReportInterval response: 0000000000s,0000000000s,00000000.00m,00000000.00m
2024-12-09 12:29:39.539 : SN 7110 : GetVersion result: i,00000004,00000006,00000082,00007110
2024-12-09 12:29:39.539 : SN 7110 : Reading Interval Settings: 0000000000s,0000000000s,00000000.00m,00000000.00m
2024-12-09 12:29:39.565 : SN 7110 : Sent: rx   To: /dev/tty.usbserial-B003BND8   Received: r, 08.46m,0000037882Hz,0000000000c,0000000.000s, 004.8C
2024-12-09 12:29:45.841 : SN 7110 : Sent: LIx   To: /dev/tty.usbserial-B003BND8   Received: LI,0000000000s,0000000005m,0000000000s,0000000005m,00000000.00m,
2024-12-09 12:29:45.905 : SN 7110 : Sent: Lmx   To: /dev/tty.usbserial-B003BND8   Received: LM,2
2024-12-09 12:29:45.937 : SN 7110 : Sent: LZx   To: /dev/tty.usbserial-B003BND8   Received: LZ,0001048576
2024-12-09 12:29:45.969 : SN 7110 : Sent: L1x   To: /dev/tty.usbserial-B003BND8   Received: L1,0000028177
2024-12-09 12:29:46.001 : SN 7110 : Sent: L1x   To: /dev/tty.usbserial-B003BND8   Received: L1,0000028177
2024-12-09 12:29:46.049 : SN 7110 : Sent: L40000028176x   To: /dev/tty.usbserial-B003BND8   Received: L4,24-12-09 2 12:25:05,00.00, 004.5C,226,1
2024-12-09 12:29:46.097 : SN 7110 : Sent: Lcx   To: /dev/tty.usbserial-B003BND8   Received: Lc,24-12-09 2 12:29:51
2024-12-09 12:29:46.103 : SN 7110 : Real Time Clock difference: 4
2024-12-09 12:29:46.129 : SN 7110 : Sent: Ldx   To: /dev/tty.usbserial-B003BND8   Received: Ld,1
2024-12-09 12:29:46.161 : SN 7110 : Sent: L1x   To: /dev/tty.usbserial-B003BND8   Received: L1,0000028177
2024-12-09 12:29:46.193 : SN 7110 : Sent: L1x   To: /dev/tty.usbserial-B003BND8   Received: L1,0000028177
2024-12-09 12:29:46.241 : SN 7110 : Sent: L40000000000x   To: /dev/tty.usbserial-B003BND8   Received: L4,24-09-02 2 16:19:05,07.61, 023.2C,226,0
2024-12-09 12:29:48.528 : SN 7110 : Sent: L1x   To: /dev/tty.usbserial-B003BND8   Received: L1,0000028177
2024-12-09 12:29:51.881 : SN 7110 : DL binary retrieve initiated.
2024-12-09 12:29:51.920 : SN 7110 : Sent: Lmx   To: /dev/tty.usbserial-B003BND8   Received: LM,2
2024-12-09 12:29:51.952 : SN 7110 : Sent: ix   To: /dev/tty.usbserial-B003BND8   Received: i,00000004,00000006,00000082,00007110
2024-12-09 12:29:51.984 : SN 7110 : Sent: rx   To: /dev/tty.usbserial-B003BND8   Received: r, 08.46m,0000037606Hz,0000000000c,0000000.000s, 004.8C
2024-12-09 12:29:52.016 : SN 7110 : Sent: cx   To: /dev/tty.usbserial-B003BND8   Received: c,00000019.89m,0000206.650s, 019.3C,00000008.71m, 019.3C
2024-12-09 12:29:52.048 : SN 7110 : Sent: Ix   To: /dev/tty.usbserial-B003BND8   Received: 0000000000s,0000000000s,00000000.00m,00000000.00m
2024-12-09 12:29:52.080 : SN 7110 : Sent: Lcx   To: /dev/tty.usbserial-B003BND8   Received: Lc,24-12-09 2 12:29:57
2024-12-09 12:29:52.122 : SN 7110 : Sent: LIx   To: /dev/tty.usbserial-B003BND8   Received: LI,0000000000s,0000000005m,0000000000s,0000000005m,00000000.00m,
2024-12-09 12:29:52.138 : SN 7110 : 28177 Packets 16 bytes long.
2025-01-03 13:36:38.531 : SN 7110 : Sent: m0x   To: /dev/tty.usbserial-B003BND8   Received: m0,255
2025-01-03 13:36:38.563 : SN 7110 : Sent: m1x   To: /dev/tty.usbserial-B003BND8   Received: m1,255
2025-01-03 13:36:38.580 : SN 7110 : Sent: m2x   To: /dev/tty.usbserial-B003BND8   Received: m2,255
2025-01-03 13:36:38.596 : SN 7110 : Sent: Lvx   To: /dev/tty.usbserial-B003BND8   Received: Lv,2
2025-01-03 13:36:38.599 : SN 7110 : ContCheck(Yx)
2025-01-03 13:36:38.628 : SN 7110 : Sent: Yx   To: /dev/tty.usbserial-B003BND8   Received: Yrcpu
2025-01-03 13:36:38.692 : SN 7110 : Sent: A5x   To: /dev/tty.usbserial-B003BND8   Received: A5,0,d
2025-01-03 13:36:38.788 : SN 7110 : Sent: LIx   To: /dev/tty.usbserial-B003BND8   Received: LI,0000000000s,0000000005m,0000000000s,0000000005m,00000000.00m,
2025-01-03 13:36:38.820 : SN 7110 : Sent: Lmx   To: /dev/tty.usbserial-B003BND8   Received: LM,2
2025-01-03 13:36:38.851 : SN 7110 : Sent: LZx   To: /dev/tty.usbserial-B003BND8   Received: LZ,0001048576
2025-01-03 13:36:38.867 : SN 7110 : Sent: L1x   To: /dev/tty.usbserial-B003BND8   Received: L1,0000035390
2025-01-03 13:36:38.883 : SN 7110 : Sent: L1x   To: /dev/tty.usbserial-B003BND8   Received: L1,0000035390
2025-01-03 13:36:38.932 : SN 7110 : Sent: L40000035389x   To: /dev/tty.usbserial-B003BND8   Received: L4,25-01-03 6 13:36:05,09.21,-000.4C,226,1
2025-01-03 13:36:38.963 : SN 7110 : Sent: Lcx   To: /dev/tty.usbserial-B003BND8   Received: Lc,25-01-03 6 13:36:49
2025-01-03 13:36:38.967 : SN 7110 : Real Time Clock difference: 10
2025-01-03 13:36:38.979 : SN 7110 : Sent: Ldx   To: /dev/tty.usbserial-B003BND8   Received: Ld,1
2025-01-03 13:36:39.011 : SN 7110 : Sent: LD1x   To: /dev/tty.usbserial-B003BND8   Received: Ld,1
2025-01-03 13:36:39.027 : SN 7110 : Sent: Ldx   To: /dev/tty.usbserial-B003BND8   Received: Ld,1
2025-01-03 13:36:39.059 : SN 7110 : CheckLockVisibility()
2025-01-03 13:36:39.108 : SN 7110 : Sent: Ix   To: /dev/tty.usbserial-B003BND8   Received: 0000000000s,0000000000s,00000000.00m,00000000.00m
2025-01-03 13:36:39.112 : SN 7110 : ParseReportInterval response: 0000000000s,0000000000s,00000000.00m,00000000.00m
2025-01-03 13:36:39.120 : SN 7110 : GetVersion result: i,00000004,00000006,00000082,00007110
2025-01-03 13:36:39.120 : SN 7110 : Reading Interval Settings: 0000000000s,0000000000s,00000000.00m,00000000.00m
2025-01-03 13:36:39.155 : SN 7110 : Sent: rx   To: /dev/tty.usbserial-B003BND8   Received: r, 10.87m,0000004093Hz,0000000000c,0000000.000s,-000.7C
2025-01-03 13:36:48.374 : SN 7110 : Sent: LIx   To: /dev/tty.usbserial-B003BND8   Received: LI,0000000000s,0000000005m,0000000000s,0000000005m,00000000.00m,
2025-01-03 13:36:48.438 : SN 7110 : Sent: Lmx   To: /dev/tty.usbserial-B003BND8   Received: LM,2
2025-01-03 13:36:48.470 : SN 7110 : Sent: LZx   To: /dev/tty.usbserial-B003BND8   Received: LZ,0001048576
2025-01-03 13:36:48.502 : SN 7110 : Sent: L1x   To: /dev/tty.usbserial-B003BND8   Received: L1,0000035390
2025-01-03 13:36:48.534 : SN 7110 : Sent: L1x   To: /dev/tty.usbserial-B003BND8   Received: L1,0000035390
2025-01-03 13:36:48.582 : SN 7110 : Sent: L40000035389x   To: /dev/tty.usbserial-B003BND8   Received: L4,25-01-03 6 13:36:05,09.21,-000.4C,226,1
2025-01-03 13:36:48.614 : SN 7110 : Sent: Lcx   To: /dev/tty.usbserial-B003BND8   Received: Lc,25-01-03 6 13:36:58
2025-01-03 13:36:48.618 : SN 7110 : Real Time Clock difference: 9
2025-01-03 13:36:48.646 : SN 7110 : Sent: Ldx   To: /dev/tty.usbserial-B003BND8   Received: Ld,1
2025-01-03 13:36:48.678 : SN 7110 : Sent: L1x   To: /dev/tty.usbserial-B003BND8   Received: L1,0000035390
2025-01-03 13:36:48.710 : SN 7110 : Sent: L1x   To: /dev/tty.usbserial-B003BND8   Received: L1,0000035390
2025-01-03 13:36:48.758 : SN 7110 : Sent: L40000000000x   To: /dev/tty.usbserial-B003BND8   Received: L4,24-09-02 2 16:19:05,07.61, 023.2C,226,0
2025-01-03 13:36:50.838 : SN 7110 : Sent: L1x   To: /dev/tty.usbserial-B003BND8   Received: L1,0000035390
2025-01-03 13:36:55.319 : SN 7110 : DL binary retrieve initiated.
2025-01-03 13:36:55.364 : SN 7110 : Sent: Lmx   To: /dev/tty.usbserial-B003BND8   Received: LM,2
2025-01-03 13:36:55.395 : SN 7110 : Sent: ix   To: /dev/tty.usbserial-B003BND8   Received: i,00000004,00000006,00000082,00007110
2025-01-03 13:36:55.428 : SN 7110 : Sent: rx   To: /dev/tty.usbserial-B003BND8   Received: r, 10.90m,0000003962Hz,0000000000c,0000000.000s,-000.7C
2025-01-03 13:36:55.459 : SN 7110 : Sent: cx   To: /dev/tty.usbserial-B003BND8   Received: c,00000019.89m,0000206.650s, 019.3C,00000008.71m, 019.3C
2025-01-03 13:36:55.491 : SN 7110 : Sent: Ix   To: /dev/tty.usbserial-B003BND8   Received: 0000000000s,0000000000s,00000000.00m,00000000.00m
2025-01-03 13:36:55.524 : SN 7110 : Sent: Lcx   To: /dev/tty.usbserial-B003BND8   Received: Lc,25-01-03 6 13:37:05
2025-01-03 13:36:55.565 : SN 7110 : Sent: LIx   To: /dev/tty.usbserial-B003BND8   Received: LI,0000000000s,0000000005m,0000000000s,0000000005m,00000000.00m,
2025-01-03 13:36:55.582 : SN 7110 : 35390 Packets 16 bytes long.
