2024-09-02 09:09:38.690 : SN 7118 : Sent: m0x   To: /dev/tty.usbserial-B003BNCW   Received: m0,255
2024-09-02 09:09:38.722 : SN 7118 : Sent: m1x   To: /dev/tty.usbserial-B003BNCW   Received: m1,255
2024-09-02 09:09:38.754 : SN 7118 : Sent: m2x   To: /dev/tty.usbserial-B003BNCW   Received: m2,255
2024-09-02 09:09:38.786 : SN 7118 : Sent: Lvx   To: /dev/tty.usbserial-B003BNCW   Received: Lv,2
2024-09-02 09:09:38.791 : SN 7118 : ContCheck(Yx)
2024-09-02 09:09:38.818 : SN 7118 : Sent: Yx   To: /dev/tty.usbserial-B003BNCW   Received: Yrcpu
2024-09-02 09:09:38.882 : SN 7118 : Sent: A5x   To: /dev/tty.usbserial-B003BNCW   Received: A5,0,d
2024-09-02 09:09:38.946 : SN 7118 : Sent: LIx   To: /dev/tty.usbserial-B003BNCW   Received: LI,0000000000s,0000000255m,0000000000s,0000000012m,00000000.00m,
2024-09-02 09:09:38.978 : SN 7118 : Sent: Lmx   To: /dev/tty.usbserial-B003BNCW   Received: LM,3
2024-09-02 09:09:39.010 : SN 7118 : Sent: LZx   To: /dev/tty.usbserial-B003BNCW   Received: LZ,0000000000
2024-09-02 09:09:39.042 : SN 7118 : Sent: L1x   To: /dev/tty.usbserial-B003BNCW   Received: L1,0000000000
2024-09-02 09:09:39.074 : SN 7118 : Sent: Lcx   To: /dev/tty.usbserial-B003BNCW   Received: Lc,00-01-01 1 00:00:00
2024-09-02 09:09:39.088 : SN 7118 : Real Time Clock difference: 778583379
2024-09-02 09:09:39.106 : SN 7118 : Sent: Ldx   To: /dev/tty.usbserial-B003BNCW   Received: Ld,1
2024-09-02 09:09:39.138 : SN 7118 : Sent: LD1x   To: /dev/tty.usbserial-B003BNCW   Received: Ld,1
2024-09-02 09:09:39.154 : SN 7118 : Sent: Ldx   To: /dev/tty.usbserial-B003BNCW   Received: Ld,1
2024-09-02 09:09:39.188 : SN 7118 : CheckLockVisibility()
2024-09-02 09:09:39.234 : SN 7118 : Sent: Ix   To: /dev/tty.usbserial-B003BNCW   Received: 0000000000s,0000000000s,00000000.00m,00000000.00m
2024-09-02 09:09:39.238 : SN 7118 : ParseReportInterval response: 0000000000s,0000000000s,00000000.00m,00000000.00m
2024-09-02 09:09:39.247 : SN 7118 : GetVersion result: i,00000004,00000006,00000082,00007118
2024-09-02 09:09:39.249 : SN 7118 : Reading Interval Settings: 0000000000s,0000000000s,00000000.00m,00000000.00m
2024-09-02 09:09:39.282 : SN 7118 : Sent: rx   To: /dev/tty.usbserial-B003BNCW   Received: r, 08.10m,0000055245Hz,0000000000c,0000000.000s, 019.0C
2024-09-02 09:12:42.203 : SN 7118 : Sent: LIx   To: /dev/tty.usbserial-B003BNCW   Received: LI,0000000000s,0000000255m,0000000000s,0000000012m,00000000.00m,
2024-09-02 09:12:42.299 : SN 7118 : Sent: Lmx   To: /dev/tty.usbserial-B003BNCW   Received: LM,3
2024-09-02 09:12:42.331 : SN 7118 : Sent: LZx   To: /dev/tty.usbserial-B003BNCW   Received: LZ,0000000000
2024-09-02 09:12:42.363 : SN 7118 : Sent: L1x   To: /dev/tty.usbserial-B003BNCW   Received: L1,0000000000
2024-09-02 09:12:42.395 : SN 7118 : Sent: Lcx   To: /dev/tty.usbserial-B003BNCW   Received: Lc,00-01-01 1 00:00:00
2024-09-02 09:12:42.401 : SN 7118 : Real Time Clock difference: 778583562
2024-09-02 09:12:42.427 : SN 7118 : Sent: Ldx   To: /dev/tty.usbserial-B003BNCW   Received: Ld,1
2024-09-02 09:12:42.459 : SN 7118 : Sent: L1x   To: /dev/tty.usbserial-B003BNCW   Received: L1,0000000000
2024-09-02 09:12:42.491 : SN 7118 : Sent: L1x   To: /dev/tty.usbserial-B003BNCW   Received: L1,0000000000
2024-09-02 10:13:06.227 : SN 7118 : Setting unit clock...
2024-09-02 10:13:06.265 : SN 7118 : Sent: LC24-09-02 2 10:13:06x   To: /dev/tty.usbserial-B003BNCW   Received: LC,24-09-02 2 10:13:06
2024-09-02 10:13:16.628 : SN 7118 : Setting unit clock...
2024-09-02 10:13:16.681 : SN 7118 : Sent: LC24-09-02 2 10:13:16x   To: /dev/tty.usbserial-B003BNCW   Received: LC,24-09-02 2 10:13:16
2024-09-02 10:13:35.362 : SN 7118 : Setting unit clock...
2024-09-02 10:13:35.418 : SN 7118 : Sent: LC24-09-02 2 10:13:35x   To: /dev/tty.usbserial-B003BNCW   Received: LC,24-09-02 2 10:13:35
2024-09-02 10:13:46.570 : SN 7118 : Sent: LIx   To: /dev/tty.usbserial-B003BNCW   Received: LI,0000000000s,0000000255m,0000000000s,0000000012m,00000000.00m,
2024-09-02 10:13:46.649 : SN 7118 : Sent: Lmx   To: /dev/tty.usbserial-B003BNCW   Received: LM,3
2024-09-02 10:13:46.682 : SN 7118 : Sent: LZx   To: /dev/tty.usbserial-B003BNCW   Received: LZ,0001048576
2024-09-02 10:13:46.714 : SN 7118 : Sent: L1x   To: /dev/tty.usbserial-B003BNCW   Received: L1,0000000010
2024-09-02 10:13:46.745 : SN 7118 : Sent: Lcx   To: /dev/tty.usbserial-B003BNCW   Received: Lc,24-09-02 2 10:13:46
2024-09-02 10:13:46.756 : SN 7118 : Real Time Clock difference: 0
2024-09-02 10:13:46.778 : SN 7118 : Sent: Ldx   To: /dev/tty.usbserial-B003BNCW   Received: Ld,1
2024-09-09 11:54:39.427 : SN 7118 : Sent: m0x   To: /dev/tty.usbserial-B003BNCW   Received: m0,255
2024-09-09 11:54:39.459 : SN 7118 : Sent: m1x   To: /dev/tty.usbserial-B003BNCW   Received: m1,255
2024-09-09 11:54:39.475 : SN 7118 : Sent: m2x   To: /dev/tty.usbserial-B003BNCW   Received: m2,255
2024-09-09 11:54:39.491 : SN 7118 : Sent: Lvx   To: /dev/tty.usbserial-B003BNCW   Received: Lv,2
2024-09-09 11:54:39.495 : SN 7118 : ContCheck(Yx)
2024-09-09 11:54:39.523 : SN 7118 : Sent: Yx   To: /dev/tty.usbserial-B003BNCW   Received: Yrcpu
2024-09-09 11:54:39.587 : SN 7118 : Sent: A5x   To: /dev/tty.usbserial-B003BNCW   Received: A5,0,d
2024-09-09 11:54:39.651 : SN 7118 : Sent: LIx   To: /dev/tty.usbserial-B003BNCW   Received: LI,0000000000s,0000000255m,0000000000s,0000000028m,00000000.00m,
2024-09-09 11:54:39.683 : SN 7118 : Sent: Lmx   To: /dev/tty.usbserial-B003BNCW   Received: LM,3
2024-09-09 11:54:39.715 : SN 7118 : Sent: LZx   To: /dev/tty.usbserial-B003BNCW   Received: LZ,0001048576
2024-09-09 11:54:39.747 : SN 7118 : Sent: L1x   To: /dev/tty.usbserial-B003BNCW   Received: L1,0000002044
2024-09-09 11:54:39.779 : SN 7118 : Sent: Lcx   To: /dev/tty.usbserial-B003BNCW   Received: Lc,24-09-09 2 11:54:39
2024-09-09 11:54:39.783 : SN 7118 : Real Time Clock difference: 0
2024-09-09 11:54:39.811 : SN 7118 : Sent: Ldx   To: /dev/tty.usbserial-B003BNCW   Received: Ld,1
2024-09-09 11:54:39.843 : SN 7118 : Sent: LD1x   To: /dev/tty.usbserial-B003BNCW   Received: Ld,1
2024-09-09 11:54:39.859 : SN 7118 : Sent: Ldx   To: /dev/tty.usbserial-B003BNCW   Received: Ld,1
2024-09-09 11:54:39.907 : SN 7118 : CheckLockVisibility()
2024-09-09 11:54:39.955 : SN 7118 : Sent: Ix   To: /dev/tty.usbserial-B003BNCW   Received: 0000000000s,0000000000s,00000000.00m,00000000.00m
2024-09-09 11:54:39.959 : SN 7118 : ParseReportInterval response: 0000000000s,0000000000s,00000000.00m,00000000.00m
2024-09-09 11:54:39.966 : SN 7118 : GetVersion result: i,00000004,00000006,00000082,00007118
2024-09-09 11:54:39.969 : SN 7118 : Reading Interval Settings: 0000000000s,0000000000s,00000000.00m,00000000.00m
2024-09-09 11:54:40.003 : SN 7118 : Sent: rx   To: /dev/tty.usbserial-B003BNCW   Received: r, 12.10m,0000001384Hz,0000000000c,0000000.000s, 018.6C
2024-09-09 11:54:44.964 : SN 7118 : Sent: LIx   To: /dev/tty.usbserial-B003BNCW   Received: LI,0000000000s,0000000255m,0000000000s,0000000028m,00000000.00m,
2024-09-09 11:54:45.028 : SN 7118 : Sent: Lmx   To: /dev/tty.usbserial-B003BNCW   Received: LM,3
2024-09-09 11:54:45.060 : SN 7118 : Sent: LZx   To: /dev/tty.usbserial-B003BNCW   Received: LZ,0001048576
2024-09-09 11:54:45.092 : SN 7118 : Sent: L1x   To: /dev/tty.usbserial-B003BNCW   Received: L1,0000002044
2024-09-09 11:54:45.124 : SN 7118 : Sent: Lcx   To: /dev/tty.usbserial-B003BNCW   Received: Lc,24-09-09 2 11:54:44
2024-09-09 11:54:45.127 : SN 7118 : Real Time Clock difference: 1
2024-09-09 11:54:45.156 : SN 7118 : Sent: Ldx   To: /dev/tty.usbserial-B003BNCW   Received: Ld,1
2024-09-09 11:54:45.188 : SN 7118 : Sent: L1x   To: /dev/tty.usbserial-B003BNCW   Received: L1,0000002044
2024-09-09 11:54:45.220 : SN 7118 : Sent: L1x   To: /dev/tty.usbserial-B003BNCW   Received: L1,0000002044
2024-09-09 11:54:45.268 : SN 7118 : Sent: L40000000000x   To: /dev/tty.usbserial-B003BNCW   Received: L4,00-01-01 1 00:00:00,09.08, 024.4C,242,0
2024-09-09 11:54:51.711 : SN 7118 : Setting unit clock...
2024-09-09 11:54:51.765 : SN 7118 : Sent: LC24-09-09 2 11:54:51x   To: /dev/tty.usbserial-B003BNCW   Received: LC,24-09-09 2 11:54:51
2024-09-09 11:54:54.209 : SN 7118 : Sent: LIx   To: /dev/tty.usbserial-B003BNCW   Received: LI,0000000000s,0000000255m,0000000000s,0000000028m,00000000.00m,
2024-09-09 11:54:54.289 : SN 7118 : Sent: Lmx   To: /dev/tty.usbserial-B003BNCW   Received: LM,3
2024-09-09 11:54:54.321 : SN 7118 : Sent: LZx   To: /dev/tty.usbserial-B003BNCW   Received: LZ,0001048576
2024-09-09 11:54:54.353 : SN 7118 : Sent: L1x   To: /dev/tty.usbserial-B003BNCW   Received: L1,0000002044
2024-09-09 11:54:54.385 : SN 7118 : Sent: Lcx   To: /dev/tty.usbserial-B003BNCW   Received: Lc,24-09-09 2 11:54:53
2024-09-09 11:54:54.389 : SN 7118 : Real Time Clock difference: 1
2024-09-09 11:54:54.417 : SN 7118 : Sent: Ldx   To: /dev/tty.usbserial-B003BNCW   Received: Ld,1
2024-09-09 11:54:59.833 : SN 7118 : DL Trigger mode button changed.
2024-09-09 11:54:59.858 : SN 7118 : Sent: Lmx   To: /dev/tty.usbserial-B003BNCW   Received: LM,3
2024-09-09 11:54:59.890 : SN 7118 : Sent: LM2x   To: /dev/tty.usbserial-B003BNCW   Received: LM,2
2024-09-09 11:54:59.893 : SN 7118 : Set trigger mode to value 2
2024-09-09 11:55:07.035 : SN 7118 : Sent: LPM0000000005x   To: /dev/tty.usbserial-B003BNCW   Received: LP,M0000000000s,0000000005m,0000000000s,0000000005m,00000000.00m,
2024-09-09 11:55:11.740 : SN 7118 : Sent: L1x   To: /dev/tty.usbserial-B003BNCW   Received: L1,0000002044
2024-09-09 11:55:33.020 : SN 7118 : DL binary retrieve initiated.
2024-09-09 11:55:33.069 : SN 7118 : Sent: Lmx   To: /dev/tty.usbserial-B003BNCW   Received: LM,2
2024-09-09 11:55:33.102 : SN 7118 : Sent: ix   To: /dev/tty.usbserial-B003BNCW   Received: i,00000004,00000006,00000082,00007118
2024-09-09 11:55:33.134 : SN 7118 : Sent: rx   To: /dev/tty.usbserial-B003BNCW   Received: r, 12.16m,0000001315Hz,0000000000c,0000000.000s, 019.0C
2024-09-09 11:55:33.166 : SN 7118 : Sent: cx   To: /dev/tty.usbserial-B003BNCW   Received: c,00000019.95m,0000183.583s, 019.0C,00000008.71m, 019.0C
2024-09-09 11:55:33.198 : SN 7118 : Sent: Ix   To: /dev/tty.usbserial-B003BNCW   Received: 0000000000s,0000000000s,00000000.00m,00000000.00m
2024-09-09 11:55:33.230 : SN 7118 : Sent: Lcx   To: /dev/tty.usbserial-B003BNCW   Received: Lc,24-09-09 2 11:55:32
2024-09-09 11:55:33.273 : SN 7118 : Sent: LIx   To: /dev/tty.usbserial-B003BNCW   Received: LI,0000000000s,0000000005m,0000000000s,0000000005m,00000000.00m,
2024-09-09 11:55:33.289 : SN 7118 : 2044 Packets 16 bytes long.
2024-09-13 14:21:44.554 : SN 7118 : Sent: m0x   To: /dev/tty.usbserial-B003BNCW   Received: m0,255
2024-09-13 14:21:44.586 : SN 7118 : Sent: m1x   To: /dev/tty.usbserial-B003BNCW   Received: m1,255
2024-09-13 14:21:44.602 : SN 7118 : Sent: m2x   To: /dev/tty.usbserial-B003BNCW   Received: m2,255
2024-09-13 14:21:44.618 : SN 7118 : Sent: Lvx   To: /dev/tty.usbserial-B003BNCW   Received: Lv,2
2024-09-13 14:21:44.621 : SN 7118 : ContCheck(Yx)
2024-09-13 14:21:44.650 : SN 7118 : Sent: Yx   To: /dev/tty.usbserial-B003BNCW   Received: Yrcpu
2024-09-13 14:21:44.714 : SN 7118 : Sent: A5x   To: /dev/tty.usbserial-B003BNCW   Received: A5,0,d
2024-09-13 14:21:44.794 : SN 7118 : Sent: LIx   To: /dev/tty.usbserial-B003BNCW   Received: LI,0000000000s,0000000005m,0000000000s,0000000005m,00000000.00m,
2024-09-13 14:21:44.826 : SN 7118 : Sent: Lmx   To: /dev/tty.usbserial-B003BNCW   Received: LM,2
2024-09-13 14:21:44.858 : SN 7118 : Sent: LZx   To: /dev/tty.usbserial-B003BNCW   Received: LZ,0001048576
2024-09-13 14:21:44.891 : SN 7118 : Sent: L1x   To: /dev/tty.usbserial-B003BNCW   Received: L1,0000003225
2024-09-13 14:21:44.922 : SN 7118 : Sent: Lcx   To: /dev/tty.usbserial-B003BNCW   Received: Lc,24-09-13 6 14:21:43
2024-09-13 14:21:44.927 : SN 7118 : Real Time Clock difference: 1
2024-09-13 14:21:44.954 : SN 7118 : Sent: Ldx   To: /dev/tty.usbserial-B003BNCW   Received: Ld,1
2024-09-13 14:21:44.986 : SN 7118 : Sent: LD1x   To: /dev/tty.usbserial-B003BNCW   Received: Ld,1
2024-09-13 14:21:45.002 : SN 7118 : Sent: Ldx   To: /dev/tty.usbserial-B003BNCW   Received: Ld,1
2024-09-13 14:21:45.034 : SN 7118 : CheckLockVisibility()
2024-09-13 14:21:45.082 : SN 7118 : Sent: Ix   To: /dev/tty.usbserial-B003BNCW   Received: 0000000000s,0000000000s,00000000.00m,00000000.00m
2024-09-13 14:21:45.085 : SN 7118 : ParseReportInterval response: 0000000000s,0000000000s,00000000.00m,00000000.00m
2024-09-13 14:21:45.090 : SN 7118 : GetVersion result: i,00000004,00000006,00000082,00007118
2024-09-13 14:21:45.091 : SN 7118 : Reading Interval Settings: 0000000000s,0000000000s,00000000.00m,00000000.00m
2024-09-13 14:21:45.130 : SN 7118 : Sent: rx   To: /dev/tty.usbserial-B003BNCW   Received: r, 09.15m,0000021020Hz,0000000000c,0000000.000s, 017.7C
2024-09-13 14:21:50.141 : SN 7118 : Sent: m0x   To: /dev/tty.usbserial-B003BNCW   Received: m0,255
2024-09-13 14:21:50.173 : SN 7118 : Sent: m1x   To: /dev/tty.usbserial-B003BNCW   Received: m1,255
2024-09-13 14:21:50.205 : SN 7118 : Sent: m2x   To: /dev/tty.usbserial-B003BNCW   Received: m2,255
2024-09-13 14:21:50.221 : SN 7118 : Sent: Lvx   To: /dev/tty.usbserial-B003BNCW   Received: Lv,2
2024-09-13 14:21:50.224 : SN 7118 : ContCheck(Yx)
2024-09-13 14:21:50.253 : SN 7118 : Sent: Yx   To: /dev/tty.usbserial-B003BNCW   Received: Yrcpu
2024-09-13 14:21:50.285 : SN 7118 : Sent: A5x   To: /dev/tty.usbserial-B003BNCW   Received: A5,0,d
2024-09-13 14:21:50.349 : SN 7118 : Sent: LIx   To: /dev/tty.usbserial-B003BNCW   Received: LI,0000000000s,0000000005m,0000000000s,0000000005m,00000000.00m,
2024-09-13 14:21:50.381 : SN 7118 : Sent: Lmx   To: /dev/tty.usbserial-B003BNCW   Received: LM,2
2024-09-13 14:21:50.413 : SN 7118 : Sent: LZx   To: /dev/tty.usbserial-B003BNCW   Received: LZ,0001048576
2024-09-13 14:21:50.445 : SN 7118 : Sent: L1x   To: /dev/tty.usbserial-B003BNCW   Received: L1,0000003225
2024-09-13 14:21:50.477 : SN 7118 : Sent: Lcx   To: /dev/tty.usbserial-B003BNCW   Received: Lc,24-09-13 6 14:21:49
2024-09-13 14:21:50.483 : SN 7118 : Real Time Clock difference: 1
2024-09-13 14:21:50.509 : SN 7118 : Sent: Ldx   To: /dev/tty.usbserial-B003BNCW   Received: Ld,1
2024-09-13 14:21:50.544 : SN 7118 : CheckLockVisibility()
2024-09-13 14:21:50.605 : SN 7118 : Sent: Ix   To: /dev/tty.usbserial-B003BNCW   Received: 0000000000s,0000000000s,00000000.00m,00000000.00m
2024-09-13 14:21:50.611 : SN 7118 : ParseReportInterval response: 0000000000s,0000000000s,00000000.00m,00000000.00m
2024-09-13 14:21:50.619 : SN 7118 : GetVersion result: i,00000004,00000006,00000082,00007118
2024-09-13 14:21:50.619 : SN 7118 : Reading Interval Settings: 0000000000s,0000000000s,00000000.00m,00000000.00m
2024-09-13 14:21:50.653 : SN 7118 : Sent: rx   To: /dev/tty.usbserial-B003BNCW   Received: r, 09.08m,0000022465Hz,0000000000c,0000000.000s, 017.7C
2024-09-13 14:22:48.113 : SN 7118 : Sent: LIx   To: /dev/tty.usbserial-B003BNCW   Received: LI,0000000000s,0000000005m,0000000000s,0000000005m,00000000.00m,
2024-09-13 14:22:48.177 : SN 7118 : Sent: Lmx   To: /dev/tty.usbserial-B003BNCW   Received: LM,2
2024-09-13 14:22:48.210 : SN 7118 : Sent: LZx   To: /dev/tty.usbserial-B003BNCW   Received: LZ,0001048576
2024-09-13 14:22:48.241 : SN 7118 : Sent: L1x   To: /dev/tty.usbserial-B003BNCW   Received: L1,0000003225
2024-09-13 14:22:48.273 : SN 7118 : Sent: Lcx   To: /dev/tty.usbserial-B003BNCW   Received: Lc,24-09-13 6 14:22:47
2024-09-13 14:22:48.279 : SN 7118 : Real Time Clock difference: 1
2024-09-13 14:22:48.305 : SN 7118 : Sent: Ldx   To: /dev/tty.usbserial-B003BNCW   Received: Ld,1
2024-09-13 14:22:48.337 : SN 7118 : Sent: L1x   To: /dev/tty.usbserial-B003BNCW   Received: L1,0000003225
2024-09-13 14:22:48.369 : SN 7118 : Sent: L1x   To: /dev/tty.usbserial-B003BNCW   Received: L1,0000003225
2024-09-13 14:22:48.417 : SN 7118 : Sent: L40000000000x   To: /dev/tty.usbserial-B003BNCW   Received: L4,00-01-01 1 00:00:00,09.08, 024.4C,242,0
2024-09-13 14:22:51.105 : SN 7118 : Sent: L1x   To: /dev/tty.usbserial-B003BNCW   Received: L1,0000003225
2024-09-13 14:22:54.348 : SN 7118 : DL binary retrieve initiated.
2024-09-13 14:22:54.386 : SN 7118 : Sent: Lmx   To: /dev/tty.usbserial-B003BNCW   Received: LM,2
2024-09-13 14:22:54.418 : SN 7118 : Sent: ix   To: /dev/tty.usbserial-B003BNCW   Received: i,00000004,00000006,00000082,00007118
2024-09-13 14:22:54.450 : SN 7118 : Sent: rx   To: /dev/tty.usbserial-B003BNCW   Received: r, 09.05m,0000023037Hz,0000000000c,0000000.000s, 017.7C
2024-09-13 14:22:54.482 : SN 7118 : Sent: cx   To: /dev/tty.usbserial-B003BNCW   Received: c,00000019.95m,0000183.583s, 019.0C,00000008.71m, 019.0C
2024-09-13 14:22:54.514 : SN 7118 : Sent: Ix   To: /dev/tty.usbserial-B003BNCW   Received: 0000000000s,0000000000s,00000000.00m,00000000.00m
2024-09-13 14:22:54.546 : SN 7118 : Sent: Lcx   To: /dev/tty.usbserial-B003BNCW   Received: Lc,24-09-13 6 14:22:53
2024-09-13 14:22:54.588 : SN 7118 : Sent: LIx   To: /dev/tty.usbserial-B003BNCW   Received: LI,0000000000s,0000000005m,0000000000s,0000000005m,00000000.00m,
2024-09-13 14:22:54.604 : SN 7118 : 3225 Packets 16 bytes long.
2024-10-06 16:34:24.480 : SN 7118 : Sent: m0x   To: /dev/tty.usbserial-B003BNCW   Received: m0,255
2024-10-06 16:34:24.512 : SN 7118 : Sent: m1x   To: /dev/tty.usbserial-B003BNCW   Received: m1,255
2024-10-06 16:34:24.544 : SN 7118 : Sent: m2x   To: /dev/tty.usbserial-B003BNCW   Received: m2,255
2024-10-06 16:34:24.560 : SN 7118 : Sent: Lvx   To: /dev/tty.usbserial-B003BNCW   Received: Lv,2
2024-10-06 16:34:24.562 : SN 7118 : ContCheck(Yx)
2024-10-06 16:34:24.575 : SN 7118 : Sent: Yx   To: /dev/tty.usbserial-B003BNCW   Received: Yrcpu
2024-10-06 16:34:24.640 : SN 7118 : Sent: A5x   To: /dev/tty.usbserial-B003BNCW   Received: A5,0,d
2024-10-06 16:34:24.727 : SN 7118 : Sent: LIx   To: /dev/tty.usbserial-B003BNCW   Received: LI,0000000000s,0000000005m,0000000000s,0000000005m,00000000.00m,
2024-10-06 16:34:24.760 : SN 7118 : Sent: Lmx   To: /dev/tty.usbserial-B003BNCW   Received: LM,2
2024-10-06 16:34:24.792 : SN 7118 : Sent: LZx   To: /dev/tty.usbserial-B003BNCW   Received: LZ,0001048576
2024-10-06 16:34:24.824 : SN 7118 : Sent: L1x   To: /dev/tty.usbserial-B003BNCW   Received: L1,0000009836
2024-10-06 16:34:24.856 : SN 7118 : Sent: L1x   To: /dev/tty.usbserial-B003BNCW   Received: L1,0000009836
2024-10-06 16:34:24.904 : SN 7118 : Sent: L40000009835x   To: /dev/tty.usbserial-B003BNCW   Received: L4,24-10-06 1 16:30:05,06.78, 009.0C,221,1
2024-10-06 16:34:24.936 : SN 7118 : Sent: Lcx   To: /dev/tty.usbserial-B003BNCW   Received: Lc,24-10-06 1 16:34:25
2024-10-06 16:34:24.938 : SN 7118 : Real Time Clock difference: 0
2024-10-06 16:34:24.952 : SN 7118 : Sent: Ldx   To: /dev/tty.usbserial-B003BNCW   Received: Ld,1
2024-10-06 16:34:24.984 : SN 7118 : Sent: LD1x   To: /dev/tty.usbserial-B003BNCW   Received: Ld,1
2024-10-06 16:34:25.016 : SN 7118 : Sent: Ldx   To: /dev/tty.usbserial-B003BNCW   Received: Ld,1
2024-10-06 16:34:25.049 : SN 7118 : CheckLockVisibility()
2024-10-06 16:34:25.096 : SN 7118 : Sent: Ix   To: /dev/tty.usbserial-B003BNCW   Received: 0000000000s,0000000000s,00000000.00m,00000000.00m
2024-10-06 16:34:25.098 : SN 7118 : ParseReportInterval response: 0000000000s,0000000000s,00000000.00m,00000000.00m
2024-10-06 16:34:25.104 : SN 7118 : GetVersion result: i,00000004,00000006,00000082,00007118
2024-10-06 16:34:25.105 : SN 7118 : Reading Interval Settings: 0000000000s,0000000000s,00000000.00m,00000000.00m
2024-10-06 16:34:25.144 : SN 7118 : Sent: rx   To: /dev/tty.usbserial-B003BNCW   Received: r, 13.38m,0000000427Hz,0000000000c,0000000.000s, 009.6C
2024-10-06 16:34:48.834 : SN 7118 : Sent: LIx   To: /dev/tty.usbserial-B003BNCW   Received: LI,0000000000s,0000000005m,0000000000s,0000000005m,00000000.00m,
2024-10-06 16:34:48.915 : SN 7118 : Sent: Lmx   To: /dev/tty.usbserial-B003BNCW   Received: LM,2
2024-10-06 16:34:48.947 : SN 7118 : Sent: LZx   To: /dev/tty.usbserial-B003BNCW   Received: LZ,0001048576
2024-10-06 16:34:48.979 : SN 7118 : Sent: L1x   To: /dev/tty.usbserial-B003BNCW   Received: L1,0000009836
2024-10-06 16:34:49.010 : SN 7118 : Sent: L1x   To: /dev/tty.usbserial-B003BNCW   Received: L1,0000009836
2024-10-06 16:34:49.058 : SN 7118 : Sent: L40000009835x   To: /dev/tty.usbserial-B003BNCW   Received: L4,24-10-06 1 16:30:05,06.78, 009.0C,221,1
2024-10-06 16:34:49.091 : SN 7118 : Sent: Lcx   To: /dev/tty.usbserial-B003BNCW   Received: Lc,24-10-06 1 16:34:49
2024-10-06 16:34:49.096 : SN 7118 : Real Time Clock difference: 0
2024-10-06 16:34:49.123 : SN 7118 : Sent: Ldx   To: /dev/tty.usbserial-B003BNCW   Received: Ld,1
2024-10-06 16:34:49.155 : SN 7118 : Sent: L1x   To: /dev/tty.usbserial-B003BNCW   Received: L1,0000009836
2024-10-06 16:34:49.187 : SN 7118 : Sent: L1x   To: /dev/tty.usbserial-B003BNCW   Received: L1,0000009836
2024-10-06 16:34:49.234 : SN 7118 : Sent: L40000000000x   To: /dev/tty.usbserial-B003BNCW   Received: L4,00-01-01 1 00:00:00,09.08, 024.4C,242,0
2024-10-06 16:34:57.186 : SN 7118 : Sent: m0x   To: /dev/tty.usbserial-B003BNCW   Received: m0,255
2024-10-06 16:34:57.218 : SN 7118 : Sent: m1x   To: /dev/tty.usbserial-B003BNCW   Received: m1,255
2024-10-06 16:34:57.250 : SN 7118 : Sent: m2x   To: /dev/tty.usbserial-B003BNCW   Received: m2,255
2024-10-06 16:34:57.282 : SN 7118 : Sent: Lvx   To: /dev/tty.usbserial-B003BNCW   Received: Lv,2
2024-10-06 16:34:57.286 : SN 7118 : ContCheck(Yx)
2024-10-06 16:34:57.314 : SN 7118 : Sent: Yx   To: /dev/tty.usbserial-B003BNCW   Received: Yrcpu
2024-10-06 16:34:57.346 : SN 7118 : Sent: A5x   To: /dev/tty.usbserial-B003BNCW   Received: A5,0,d
2024-10-06 16:34:57.410 : SN 7118 : Sent: LIx   To: /dev/tty.usbserial-B003BNCW   Received: LI,0000000000s,0000000005m,0000000000s,0000000005m,00000000.00m,
2024-10-06 16:34:57.442 : SN 7118 : Sent: Lmx   To: /dev/tty.usbserial-B003BNCW   Received: LM,2
2024-10-06 16:34:57.474 : SN 7118 : Sent: LZx   To: /dev/tty.usbserial-B003BNCW   Received: LZ,0001048576
2024-10-06 16:34:57.506 : SN 7118 : Sent: L1x   To: /dev/tty.usbserial-B003BNCW   Received: L1,0000009836
2024-10-06 16:34:57.538 : SN 7118 : Sent: L1x   To: /dev/tty.usbserial-B003BNCW   Received: L1,0000009836
2024-10-06 16:34:57.586 : SN 7118 : Sent: L40000009835x   To: /dev/tty.usbserial-B003BNCW   Received: L4,24-10-06 1 16:30:05,06.78, 009.0C,221,1
2024-10-06 16:34:57.618 : SN 7118 : Sent: Lcx   To: /dev/tty.usbserial-B003BNCW   Received: Lc,24-10-06 1 16:34:58
2024-10-06 16:34:57.622 : SN 7118 : Real Time Clock difference: 0
2024-10-06 16:34:57.650 : SN 7118 : Sent: Ldx   To: /dev/tty.usbserial-B003BNCW   Received: Ld,1
2024-10-06 16:34:57.684 : SN 7118 : CheckLockVisibility()
2024-10-06 16:34:57.730 : SN 7118 : Sent: Ix   To: /dev/tty.usbserial-B003BNCW   Received: 0000000000s,0000000000s,00000000.00m,00000000.00m
2024-10-06 16:34:57.734 : SN 7118 : ParseReportInterval response: 0000000000s,0000000000s,00000000.00m,00000000.00m
2024-10-06 16:34:57.739 : SN 7118 : GetVersion result: i,00000004,00000006,00000082,00007118
2024-10-06 16:34:57.739 : SN 7118 : Reading Interval Settings: 0000000000s,0000000000s,00000000.00m,00000000.00m
2024-10-06 16:34:57.778 : SN 7118 : Sent: rx   To: /dev/tty.usbserial-B003BNCW   Received: r, 14.63m,0000000135Hz,0000000000c,0000000.000s, 009.9C
2024-10-06 16:35:08.899 : SN 7118 : Sent: m0x   To: /dev/tty.usbserial-B003BNCW   Received: m0,255
2024-10-06 16:35:08.931 : SN 7118 : Sent: m1x   To: /dev/tty.usbserial-B003BNCW   Received: m1,255
2024-10-06 16:35:08.963 : SN 7118 : Sent: m2x   To: /dev/tty.usbserial-B003BNCW   Received: m2,255
2024-10-06 16:35:08.995 : SN 7118 : Sent: Lvx   To: /dev/tty.usbserial-B003BNCW   Received: Lv,2
2024-10-06 16:35:08.999 : SN 7118 : ContCheck(Yx)
2024-10-06 16:35:09.027 : SN 7118 : Sent: Yx   To: /dev/tty.usbserial-B003BNCW   Received: Yrcpu
2024-10-06 16:35:09.043 : SN 7118 : Sent: A5x   To: /dev/tty.usbserial-B003BNCW   Received: A5,0,d
2024-10-06 16:35:09.107 : SN 7118 : Sent: LIx   To: /dev/tty.usbserial-B003BNCW   Received: LI,0000000000s,0000000005m,0000000000s,0000000005m,00000000.00m,
2024-10-06 16:35:09.139 : SN 7118 : Sent: Lmx   To: /dev/tty.usbserial-B003BNCW   Received: LM,2
2024-10-06 16:35:09.171 : SN 7118 : Sent: LZx   To: /dev/tty.usbserial-B003BNCW   Received: LZ,0001048576
2024-10-06 16:35:09.203 : SN 7118 : Sent: L1x   To: /dev/tty.usbserial-B003BNCW   Received: L1,0000009836
2024-10-06 16:35:09.235 : SN 7118 : Sent: L1x   To: /dev/tty.usbserial-B003BNCW   Received: L1,0000009836
2024-10-06 16:35:09.283 : SN 7118 : Sent: L40000009835x   To: /dev/tty.usbserial-B003BNCW   Received: L4,24-10-06 1 16:30:05,06.78, 009.0C,221,1
2024-10-06 16:35:09.315 : SN 7118 : Sent: Lcx   To: /dev/tty.usbserial-B003BNCW   Received: Lc,24-10-06 1 16:35:09
2024-10-06 16:35:09.318 : SN 7118 : Real Time Clock difference: 0
2024-10-06 16:35:09.331 : SN 7118 : Sent: Ldx   To: /dev/tty.usbserial-B003BNCW   Received: Ld,1
2024-10-06 16:35:09.368 : SN 7118 : CheckLockVisibility()
2024-10-06 16:35:09.412 : SN 7118 : Sent: Ix   To: /dev/tty.usbserial-B003BNCW   Received: 0000000000s,0000000000s,00000000.00m,00000000.00m
2024-10-06 16:35:09.416 : SN 7118 : ParseReportInterval response: 0000000000s,0000000000s,00000000.00m,00000000.00m
2024-10-06 16:35:09.420 : SN 7118 : GetVersion result: i,00000004,00000006,00000082,00007118
2024-10-06 16:35:09.420 : SN 7118 : Reading Interval Settings: 0000000000s,0000000000s,00000000.00m,00000000.00m
2024-10-06 16:35:09.459 : SN 7118 : Sent: rx   To: /dev/tty.usbserial-B003BNCW   Received: r, 14.61m,0000000137Hz,0000000000c,0000000.000s, 009.9C
2024-10-06 16:36:03.718 : SN 7118 : Sent: m0x   To: /dev/tty.usbserial-B003BNCW   Received: m0,255
2024-10-06 16:36:03.750 : SN 7118 : Sent: m1x   To: /dev/tty.usbserial-B003BNCW   Received: m1,255
2024-10-06 16:36:03.782 : SN 7118 : Sent: m2x   To: /dev/tty.usbserial-B003BNCW   Received: m2,255
2024-10-06 16:36:03.814 : SN 7118 : Sent: Lvx   To: /dev/tty.usbserial-B003BNCW   Received: Lv,2
2024-10-06 16:36:03.818 : SN 7118 : ContCheck(Yx)
2024-10-06 16:36:03.846 : SN 7118 : Sent: Yx   To: /dev/tty.usbserial-B003BNCW   Received: Yrcpu
2024-10-06 16:36:03.910 : SN 7118 : Sent: A5x   To: /dev/tty.usbserial-B003BNCW   Received: A5,0,d
2024-10-06 16:36:03.990 : SN 7118 : Sent: LIx   To: /dev/tty.usbserial-B003BNCW   Received: LI,0000000000s,0000000005m,0000000000s,0000000005m,00000000.00m,
2024-10-06 16:36:04.022 : SN 7118 : Sent: Lmx   To: /dev/tty.usbserial-B003BNCW   Received: LM,2
2024-10-06 16:36:04.054 : SN 7118 : Sent: LZx   To: /dev/tty.usbserial-B003BNCW   Received: LZ,0001048576
2024-10-06 16:36:04.086 : SN 7118 : Sent: L1x   To: /dev/tty.usbserial-B003BNCW   Received: L1,0000009836
2024-10-06 16:36:04.118 : SN 7118 : Sent: L1x   To: /dev/tty.usbserial-B003BNCW   Received: L1,0000009836
2024-10-06 16:36:04.166 : SN 7118 : Sent: L40000009835x   To: /dev/tty.usbserial-B003BNCW   Received: L4,24-10-06 1 16:30:05,06.78, 009.0C,221,1
2024-10-06 16:36:04.198 : SN 7118 : Sent: Lcx   To: /dev/tty.usbserial-B003BNCW   Received: Lc,24-10-06 1 16:36:04
2024-10-06 16:36:04.201 : SN 7118 : Real Time Clock difference: 0
2024-10-06 16:36:04.246 : SN 7118 : Sent: Ldx   To: /dev/tty.usbserial-B003BNCW   Received: Ld,1
2024-10-06 16:36:04.278 : SN 7118 : Sent: LD1x   To: /dev/tty.usbserial-B003BNCW   Received: Ld,1
2024-10-06 16:36:04.310 : SN 7118 : Sent: Ldx   To: /dev/tty.usbserial-B003BNCW   Received: Ld,1
2024-10-06 16:36:04.352 : SN 7118 : CheckLockVisibility()
2024-10-06 16:36:04.406 : SN 7118 : Sent: Ix   To: /dev/tty.usbserial-B003BNCW   Received: 0000000000s,0000000000s,00000000.00m,00000000.00m
2024-10-06 16:36:04.409 : SN 7118 : ParseReportInterval response: 0000000000s,0000000000s,00000000.00m,00000000.00m
2024-10-06 16:36:04.418 : SN 7118 : GetVersion result: i,00000004,00000006,00000082,00007118
2024-10-06 16:36:04.419 : SN 7118 : Reading Interval Settings: 0000000000s,0000000000s,00000000.00m,00000000.00m
2024-10-06 16:36:04.454 : SN 7118 : Sent: rx   To: /dev/tty.usbserial-B003BNCW   Received: r, 13.68m,0000000324Hz,0000000000c,0000000.000s, 010.3C
2024-10-06 16:36:16.775 : SN 7118 : Sent: m0x   To: /dev/tty.usbserial-B003BNCW   Received: m0,255
2024-10-06 16:36:16.807 : SN 7118 : Sent: m1x   To: /dev/tty.usbserial-B003BNCW   Received: m1,255
2024-10-06 16:36:16.823 : SN 7118 : Sent: m2x   To: /dev/tty.usbserial-B003BNCW   Received: m2,255
2024-10-06 16:36:16.839 : SN 7118 : Sent: Lvx   To: /dev/tty.usbserial-B003BNCW   Received: Lv,2
2024-10-06 16:36:16.841 : SN 7118 : ContCheck(Yx)
2024-10-06 16:36:16.855 : SN 7118 : Sent: Yx   To: /dev/tty.usbserial-B003BNCW   Received: Yrcpu
2024-10-06 16:36:16.871 : SN 7118 : Sent: A5x   To: /dev/tty.usbserial-B003BNCW   Received: A5,0,d
2024-10-06 16:36:16.932 : SN 7118 : Sent: LIx   To: /dev/tty.usbserial-B003BNCW   Received: LI,0000000000s,0000000005m,0000000000s,0000000005m,00000000.00m,
2024-10-06 16:36:16.964 : SN 7118 : Sent: Lmx   To: /dev/tty.usbserial-B003BNCW   Received: LM,2
2024-10-06 16:36:16.996 : SN 7118 : Sent: LZx   To: /dev/tty.usbserial-B003BNCW   Received: LZ,0001048576
2024-10-06 16:36:17.028 : SN 7118 : Sent: L1x   To: /dev/tty.usbserial-B003BNCW   Received: L1,0000009836
2024-10-06 16:36:17.044 : SN 7118 : Sent: L1x   To: /dev/tty.usbserial-B003BNCW   Received: L1,0000009836
2024-10-06 16:36:17.092 : SN 7118 : Sent: L40000009835x   To: /dev/tty.usbserial-B003BNCW   Received: L4,24-10-06 1 16:30:05,06.78, 009.0C,221,1
2024-10-06 16:36:17.124 : SN 7118 : Sent: Lcx   To: /dev/tty.usbserial-B003BNCW   Received: Lc,24-10-06 1 16:36:17
2024-10-06 16:36:17.127 : SN 7118 : Real Time Clock difference: 0
2024-10-06 16:36:17.140 : SN 7118 : Sent: Ldx   To: /dev/tty.usbserial-B003BNCW   Received: Ld,1
2024-10-06 16:36:17.184 : SN 7118 : CheckLockVisibility()
2024-10-06 16:36:17.252 : SN 7118 : Sent: Ix   To: /dev/tty.usbserial-B003BNCW   Received: 0000000000s,0000000000s,00000000.00m,00000000.00m
2024-10-06 16:36:17.255 : SN 7118 : ParseReportInterval response: 0000000000s,0000000000s,00000000.00m,00000000.00m
2024-10-06 16:36:17.260 : SN 7118 : GetVersion result: i,00000004,00000006,00000082,00007118
2024-10-06 16:36:17.262 : SN 7118 : Reading Interval Settings: 0000000000s,0000000000s,00000000.00m,00000000.00m
2024-10-06 16:36:17.300 : SN 7118 : Sent: rx   To: /dev/tty.usbserial-B003BNCW   Received: r, 13.69m,0000000321Hz,0000000000c,0000000.000s, 010.6C
2024-10-06 16:36:21.386 : SN 7118 : Sent: LIx   To: /dev/tty.usbserial-B003BNCW   Received: LI,0000000000s,0000000005m,0000000000s,0000000005m,00000000.00m,
2024-10-06 16:36:21.466 : SN 7118 : Sent: Lmx   To: /dev/tty.usbserial-B003BNCW   Received: LM,2
2024-10-06 16:36:21.498 : SN 7118 : Sent: LZx   To: /dev/tty.usbserial-B003BNCW   Received: LZ,0001048576
2024-10-06 16:36:21.530 : SN 7118 : Sent: L1x   To: /dev/tty.usbserial-B003BNCW   Received: L1,0000009836
2024-10-06 16:36:21.562 : SN 7118 : Sent: L1x   To: /dev/tty.usbserial-B003BNCW   Received: L1,0000009836
2024-10-06 16:36:21.610 : SN 7118 : Sent: L40000009835x   To: /dev/tty.usbserial-B003BNCW   Received: L4,24-10-06 1 16:30:05,06.78, 009.0C,221,1
2024-10-06 16:36:21.642 : SN 7118 : Sent: Lcx   To: /dev/tty.usbserial-B003BNCW   Received: Lc,24-10-06 1 16:36:22
2024-10-06 16:36:21.650 : SN 7118 : Real Time Clock difference: 0
2024-10-06 16:36:21.674 : SN 7118 : Sent: Ldx   To: /dev/tty.usbserial-B003BNCW   Received: Ld,1
2024-10-06 16:36:21.706 : SN 7118 : Sent: L1x   To: /dev/tty.usbserial-B003BNCW   Received: L1,0000009836
2024-10-06 16:36:21.738 : SN 7118 : Sent: L1x   To: /dev/tty.usbserial-B003BNCW   Received: L1,0000009836
2024-10-06 16:36:21.786 : SN 7118 : Sent: L40000000000x   To: /dev/tty.usbserial-B003BNCW   Received: L4,00-01-01 1 00:00:00,09.08, 024.4C,242,0
2024-10-06 16:36:33.626 : SN 7118 : Sent: m0x   To: /dev/tty.usbserial-B003BNCW   Received: m0,255
2024-10-06 16:36:33.658 : SN 7118 : Sent: m1x   To: /dev/tty.usbserial-B003BNCW   Received: m1,255
2024-10-06 16:36:33.690 : SN 7118 : Sent: m2x   To: /dev/tty.usbserial-B003BNCW   Received: m2,255
2024-10-06 16:36:33.722 : SN 7118 : Sent: Lvx   To: /dev/tty.usbserial-B003BNCW   Received: Lv,2
2024-10-06 16:36:33.726 : SN 7118 : ContCheck(Yx)
2024-10-06 16:36:33.754 : SN 7118 : Sent: Yx   To: /dev/tty.usbserial-B003BNCW   Received: Yrcpu
2024-10-06 16:36:33.786 : SN 7118 : Sent: A5x   To: /dev/tty.usbserial-B003BNCW   Received: A5,0,d
2024-10-06 16:36:33.850 : SN 7118 : Sent: LIx   To: /dev/tty.usbserial-B003BNCW   Received: LI,0000000000s,0000000005m,0000000000s,0000000005m,00000000.00m,
2024-10-06 16:36:33.882 : SN 7118 : Sent: Lmx   To: /dev/tty.usbserial-B003BNCW   Received: LM,2
2024-10-06 16:36:33.914 : SN 7118 : Sent: LZx   To: /dev/tty.usbserial-B003BNCW   Received: LZ,0001048576
2024-10-06 16:36:33.946 : SN 7118 : Sent: L1x   To: /dev/tty.usbserial-B003BNCW   Received: L1,0000009836
2024-10-06 16:36:33.978 : SN 7118 : Sent: L1x   To: /dev/tty.usbserial-B003BNCW   Received: L1,0000009836
2024-10-06 16:36:34.026 : SN 7118 : Sent: L40000009835x   To: /dev/tty.usbserial-B003BNCW   Received: L4,24-10-06 1 16:30:05,06.78, 009.0C,221,1
2024-10-06 16:36:34.059 : SN 7118 : Sent: Lcx   To: /dev/tty.usbserial-B003BNCW   Received: Lc,24-10-06 1 16:36:34
2024-10-06 16:36:34.062 : SN 7118 : Real Time Clock difference: 0
2024-10-06 16:36:34.090 : SN 7118 : Sent: Ldx   To: /dev/tty.usbserial-B003BNCW   Received: Ld,1
2024-10-06 16:36:34.124 : SN 7118 : CheckLockVisibility()
2024-10-06 16:36:34.170 : SN 7118 : Sent: Ix   To: /dev/tty.usbserial-B003BNCW   Received: 0000000000s,0000000000s,00000000.00m,00000000.00m
2024-10-06 16:36:34.174 : SN 7118 : ParseReportInterval response: 0000000000s,0000000000s,00000000.00m,00000000.00m
2024-10-06 16:36:34.179 : SN 7118 : GetVersion result: i,00000004,00000006,00000082,00007118
2024-10-06 16:36:34.180 : SN 7118 : Reading Interval Settings: 0000000000s,0000000000s,00000000.00m,00000000.00m
2024-10-06 16:36:34.218 : SN 7118 : Sent: rx   To: /dev/tty.usbserial-B003BNCW   Received: r, 13.70m,0000000319Hz,0000000000c,0000000.000s, 010.6C
2024-10-06 19:44:50.055 : SN 7118 : Sent: m0x   To: /dev/tty.usbserial-B003BNCW   Received: m0,255
2024-10-06 19:44:50.086 : SN 7118 : Sent: m1x   To: /dev/tty.usbserial-B003BNCW   Received: m1,255
2024-10-06 19:44:50.118 : SN 7118 : Sent: m2x   To: /dev/tty.usbserial-B003BNCW   Received: m2,255
2024-10-06 19:44:50.134 : SN 7118 : Sent: Lvx   To: /dev/tty.usbserial-B003BNCW   Received: Lv,2
2024-10-06 19:44:50.136 : SN 7118 : ContCheck(Yx)
2024-10-06 19:44:50.150 : SN 7118 : Sent: Yx   To: /dev/tty.usbserial-B003BNCW   Received: Yrcpu
2024-10-06 19:44:50.214 : SN 7118 : Sent: A5x   To: /dev/tty.usbserial-B003BNCW   Received: A5,0,d
2024-10-06 19:44:50.302 : SN 7118 : Sent: LIx   To: /dev/tty.usbserial-B003BNCW   Received: LI,0000000000s,0000000005m,0000000000s,0000000005m,00000000.00m,
2024-10-06 19:44:50.334 : SN 7118 : Sent: Lmx   To: /dev/tty.usbserial-B003BNCW   Received: LM,2
2024-10-06 19:44:50.366 : SN 7118 : Sent: LZx   To: /dev/tty.usbserial-B003BNCW   Received: LZ,0001048576
2024-10-06 19:44:50.398 : SN 7118 : Sent: L1x   To: /dev/tty.usbserial-B003BNCW   Received: L1,0000009860
2024-10-06 19:44:50.430 : SN 7118 : Sent: L1x   To: /dev/tty.usbserial-B003BNCW   Received: L1,0000009860
2024-10-06 19:44:50.478 : SN 7118 : Sent: L40000009859x   To: /dev/tty.usbserial-B003BNCW   Received: L4,24-10-06 1 19:42:05,13.93, 017.4C,222,1
2024-10-06 19:44:50.510 : SN 7118 : Sent: Lcx   To: /dev/tty.usbserial-B003BNCW   Received: Lc,24-10-06 1 19:44:51
2024-10-06 19:44:50.514 : SN 7118 : Real Time Clock difference: 0
2024-10-06 19:44:50.542 : SN 7118 : Sent: Ldx   To: /dev/tty.usbserial-B003BNCW   Received: Ld,1
2024-10-06 19:44:50.574 : SN 7118 : Sent: LD1x   To: /dev/tty.usbserial-B003BNCW   Received: Ld,1
2024-10-06 19:44:50.606 : SN 7118 : Sent: Ldx   To: /dev/tty.usbserial-B003BNCW   Received: Ld,1
2024-10-06 19:44:50.640 : SN 7118 : CheckLockVisibility()
2024-10-06 19:44:50.686 : SN 7118 : Sent: Ix   To: /dev/tty.usbserial-B003BNCW   Received: 0000000000s,0000000000s,00000000.00m,00000000.00m
2024-10-06 19:44:50.690 : SN 7118 : ParseReportInterval response: 0000000000s,0000000000s,00000000.00m,00000000.00m
2024-10-06 19:44:50.698 : SN 7118 : GetVersion result: i,00000004,00000006,00000082,00007118
2024-10-06 19:44:50.701 : SN 7118 : Reading Interval Settings: 0000000000s,0000000000s,00000000.00m,00000000.00m
2024-10-06 19:44:50.734 : SN 7118 : Sent: rx   To: /dev/tty.usbserial-B003BNCW   Received: r, 12.57m,0000000902Hz,0000000000c,0000000.000s, 018.0C
2024-10-06 19:44:56.696 : SN 7118 : Sent: LIx   To: /dev/tty.usbserial-B003BNCW   Received: LI,0000000000s,0000000005m,0000000000s,0000000005m,00000000.00m,
2024-10-06 19:44:56.792 : SN 7118 : Sent: Lmx   To: /dev/tty.usbserial-B003BNCW   Received: LM,2
2024-10-06 19:44:56.824 : SN 7118 : Sent: LZx   To: /dev/tty.usbserial-B003BNCW   Received: LZ,0001048576
2024-10-06 19:44:56.856 : SN 7118 : Sent: L1x   To: /dev/tty.usbserial-B003BNCW   Received: L1,0000009860
2024-10-06 19:44:56.888 : SN 7118 : Sent: L1x   To: /dev/tty.usbserial-B003BNCW   Received: L1,0000009860
2024-10-06 19:44:56.936 : SN 7118 : Sent: L40000009859x   To: /dev/tty.usbserial-B003BNCW   Received: L4,24-10-06 1 19:42:05,13.93, 017.4C,222,1
2024-10-06 19:44:56.968 : SN 7118 : Sent: Lcx   To: /dev/tty.usbserial-B003BNCW   Received: Lc,24-10-06 1 19:44:57
2024-10-06 19:44:56.974 : SN 7118 : Real Time Clock difference: 0
2024-10-06 19:44:57.000 : SN 7118 : Sent: Ldx   To: /dev/tty.usbserial-B003BNCW   Received: Ld,1
2024-10-06 19:44:57.032 : SN 7118 : Sent: L1x   To: /dev/tty.usbserial-B003BNCW   Received: L1,0000009860
2024-10-06 19:44:57.064 : SN 7118 : Sent: L1x   To: /dev/tty.usbserial-B003BNCW   Received: L1,0000009860
2024-10-06 19:44:57.112 : SN 7118 : Sent: L40000000000x   To: /dev/tty.usbserial-B003BNCW   Received: L4,00-01-01 1 00:00:00,09.08, 024.4C,242,0
2024-10-06 19:44:59.560 : SN 7118 : Sent: L1x   To: /dev/tty.usbserial-B003BNCW   Received: L1,0000009860
2024-10-06 19:45:03.096 : SN 7118 : DL binary retrieve initiated.
2024-10-06 19:45:03.144 : SN 7118 : Sent: Lmx   To: /dev/tty.usbserial-B003BNCW   Received: LM,2
2024-10-06 19:45:03.176 : SN 7118 : Sent: ix   To: /dev/tty.usbserial-B003BNCW   Received: i,00000004,00000006,00000082,00007118
2024-10-06 19:45:03.209 : SN 7118 : Sent: rx   To: /dev/tty.usbserial-B003BNCW   Received: r, 12.57m,0000000899Hz,0000000000c,0000000.000s, 018.3C
2024-10-06 19:45:03.240 : SN 7118 : Sent: cx   To: /dev/tty.usbserial-B003BNCW   Received: c,00000019.95m,0000183.583s, 019.0C,00000008.71m, 019.0C
2024-10-06 19:45:03.273 : SN 7118 : Sent: Ix   To: /dev/tty.usbserial-B003BNCW   Received: 0000000000s,0000000000s,00000000.00m,00000000.00m
2024-10-06 19:45:03.304 : SN 7118 : Sent: Lcx   To: /dev/tty.usbserial-B003BNCW   Received: Lc,24-10-06 1 19:45:04
2024-10-06 19:45:03.345 : SN 7118 : Sent: LIx   To: /dev/tty.usbserial-B003BNCW   Received: LI,0000000000s,0000000005m,0000000000s,0000000005m,00000000.00m,
2024-10-06 19:45:03.362 : SN 7118 : 9860 Packets 16 bytes long.
2024-11-05 14:11:45.080 : SN 7118 : Sent: m0x   To: /dev/tty.usbserial-B003BNCW   Received: m0,255
2024-11-05 14:11:45.112 : SN 7118 : Sent: m1x   To: /dev/tty.usbserial-B003BNCW   Received: m1,255
2024-11-05 14:11:45.144 : SN 7118 : Sent: m2x   To: /dev/tty.usbserial-B003BNCW   Received: m2,255
2024-11-05 14:11:45.160 : SN 7118 : Sent: Lvx   To: /dev/tty.usbserial-B003BNCW   Received: Lv,2
2024-11-05 14:11:45.164 : SN 7118 : ContCheck(Yx)
2024-11-05 14:11:45.192 : SN 7118 : Sent: Yx   To: /dev/tty.usbserial-B003BNCW   Received: Yrcpu
2024-11-05 14:11:45.256 : SN 7118 : Sent: A5x   To: /dev/tty.usbserial-B003BNCW   Received: A5,0,d
2024-11-05 14:11:45.351 : SN 7118 : Sent: LIx   To: /dev/tty.usbserial-B003BNCW   Received: LI,0000000000s,0000000005m,0000000000s,0000000005m,00000000.00m,
2024-11-05 14:11:45.383 : SN 7118 : Sent: Lmx   To: /dev/tty.usbserial-B003BNCW   Received: LM,2
2024-11-05 14:11:45.416 : SN 7118 : Sent: LZx   To: /dev/tty.usbserial-B003BNCW   Received: LZ,0001048576
2024-11-05 14:11:45.447 : SN 7118 : Sent: L1x   To: /dev/tty.usbserial-B003BNCW   Received: L1,0000017374
2024-11-05 14:11:45.480 : SN 7118 : Sent: L1x   To: /dev/tty.usbserial-B003BNCW   Received: L1,0000017374
2024-11-05 14:11:45.527 : SN 7118 : Sent: L40000017373x   To: /dev/tty.usbserial-B003BNCW   Received: L4,24-11-05 3 14:09:05,13.36, 008.7C,221,1
2024-11-05 14:11:45.576 : SN 7118 : Sent: Lcx   To: /dev/tty.usbserial-B003BNCW   Received: Lc,24-11-05 3 14:11:48
2024-11-05 14:11:45.579 : SN 7118 : Real Time Clock difference: 2
2024-11-05 14:11:45.608 : SN 7118 : Sent: Ldx   To: /dev/tty.usbserial-B003BNCW   Received: Ld,1
2024-11-05 14:11:45.640 : SN 7118 : Sent: LD1x   To: /dev/tty.usbserial-B003BNCW   Received: Ld,1
2024-11-05 14:11:45.672 : SN 7118 : Sent: Ldx   To: /dev/tty.usbserial-B003BNCW   Received: Ld,1
2024-11-05 14:11:45.707 : SN 7118 : CheckLockVisibility()
2024-11-05 14:11:45.767 : SN 7118 : Sent: Ix   To: /dev/tty.usbserial-B003BNCW   Received: 0000000000s,0000000000s,00000000.00m,00000000.00m
2024-11-05 14:11:45.770 : SN 7118 : ParseReportInterval response: 0000000000s,0000000000s,00000000.00m,00000000.00m
2024-11-05 14:11:45.777 : SN 7118 : GetVersion result: i,00000004,00000006,00000082,00007118
2024-11-05 14:11:45.779 : SN 7118 : Reading Interval Settings: 0000000000s,0000000000s,00000000.00m,00000000.00m
2024-11-05 14:11:45.816 : SN 7118 : Sent: rx   To: /dev/tty.usbserial-B003BNCW   Received: r, 08.95m,0000025164Hz,0000000000c,0000000.000s, 009.9C
2024-11-05 14:12:01.059 : SN 7118 : Sent: LIx   To: /dev/tty.usbserial-B003BNCW   Received: LI,0000000000s,0000000005m,0000000000s,0000000005m,00000000.00m,
2024-11-05 14:12:01.171 : SN 7118 : Sent: Lmx   To: /dev/tty.usbserial-B003BNCW   Received: LM,2
2024-11-05 14:12:01.203 : SN 7118 : Sent: LZx   To: /dev/tty.usbserial-B003BNCW   Received: LZ,0001048576
2024-11-05 14:12:01.235 : SN 7118 : Sent: L1x   To: /dev/tty.usbserial-B003BNCW   Received: L1,0000017374
2024-11-05 14:12:01.267 : SN 7118 : Sent: L1x   To: /dev/tty.usbserial-B003BNCW   Received: L1,0000017374
2024-11-05 14:12:01.315 : SN 7118 : Sent: L40000017373x   To: /dev/tty.usbserial-B003BNCW   Received: L4,24-11-05 3 14:09:05,13.36, 008.7C,221,1
2024-11-05 14:12:01.347 : SN 7118 : Sent: Lcx   To: /dev/tty.usbserial-B003BNCW   Received: Lc,24-11-05 3 14:12:04
2024-11-05 14:12:01.354 : SN 7118 : Real Time Clock difference: 2
2024-11-05 14:12:01.379 : SN 7118 : Sent: Ldx   To: /dev/tty.usbserial-B003BNCW   Received: Ld,1
2024-11-05 14:12:01.411 : SN 7118 : Sent: L1x   To: /dev/tty.usbserial-B003BNCW   Received: L1,0000017374
2024-11-05 14:12:01.443 : SN 7118 : Sent: L1x   To: /dev/tty.usbserial-B003BNCW   Received: L1,0000017374
2024-11-05 14:12:01.491 : SN 7118 : Sent: L40000000000x   To: /dev/tty.usbserial-B003BNCW   Received: L4,00-01-01 1 00:00:00,09.08, 024.4C,242,0
2024-11-05 14:12:16.180 : SN 7118 : Sent: L1x   To: /dev/tty.usbserial-B003BNCW   Received: L1,0000017374
2024-11-05 14:12:20.630 : SN 7118 : DL binary retrieve initiated.
2024-11-05 14:12:20.659 : SN 7118 : Sent: Lmx   To: /dev/tty.usbserial-B003BNCW   Received: LM,2
2024-11-05 14:12:20.692 : SN 7118 : Sent: ix   To: /dev/tty.usbserial-B003BNCW   Received: i,00000004,00000006,00000082,00007118
2024-11-05 14:12:20.723 : SN 7118 : Sent: rx   To: /dev/tty.usbserial-B003BNCW   Received: r, 08.99m,0000024380Hz,0000000000c,0000000.000s, 010.3C
2024-11-05 14:12:20.755 : SN 7118 : Sent: cx   To: /dev/tty.usbserial-B003BNCW   Received: c,00000019.95m,0000183.583s, 019.0C,00000008.71m, 019.0C
2024-11-05 14:12:20.787 : SN 7118 : Sent: Ix   To: /dev/tty.usbserial-B003BNCW   Received: 0000000000s,0000000000s,00000000.00m,00000000.00m
2024-11-05 14:12:20.819 : SN 7118 : Sent: Lcx   To: /dev/tty.usbserial-B003BNCW   Received: Lc,24-11-05 3 14:12:23
2024-11-05 14:12:20.859 : SN 7118 : Sent: LIx   To: /dev/tty.usbserial-B003BNCW   Received: LI,0000000000s,0000000005m,0000000000s,0000000005m,00000000.00m,
2024-11-05 14:12:20.875 : SN 7118 : 17374 Packets 16 bytes long.
2024-12-09 12:08:59.677 : SN 7118 : Sent: m0x   To: /dev/tty.usbserial-B003BNCW   Received: m0,255
2024-12-09 12:08:59.709 : SN 7118 : Sent: m1x   To: /dev/tty.usbserial-B003BNCW   Received: m1,255
2024-12-09 12:08:59.740 : SN 7118 : Sent: m2x   To: /dev/tty.usbserial-B003BNCW   Received: m2,255
2024-12-09 12:08:59.756 : SN 7118 : Sent: Lvx   To: /dev/tty.usbserial-B003BNCW   Received: Lv,2
2024-12-09 12:08:59.759 : SN 7118 : ContCheck(Yx)
2024-12-09 12:08:59.772 : SN 7118 : Sent: Yx   To: /dev/tty.usbserial-B003BNCW   Received: Yrcpu
2024-12-09 12:08:59.821 : SN 7118 : Sent: A5x   To: /dev/tty.usbserial-B003BNCW   Received: A5,0,d
2024-12-09 12:08:59.901 : SN 7118 : Sent: LIx   To: /dev/tty.usbserial-B003BNCW   Received: LI,0000000000s,0000000005m,0000000000s,0000000005m,00000000.00m,
2024-12-09 12:08:59.932 : SN 7118 : Sent: Lmx   To: /dev/tty.usbserial-B003BNCW   Received: LM,2
2024-12-09 12:08:59.965 : SN 7118 : Sent: LZx   To: /dev/tty.usbserial-B003BNCW   Received: LZ,0000000000
2024-12-09 12:08:59.997 : SN 7118 : Sent: L1x   To: /dev/tty.usbserial-B003BNCW   Received: L1,0000000000
2024-12-09 12:09:00.029 : SN 7118 : Sent: Lcx   To: /dev/tty.usbserial-B003BNCW   Received: Lc,24-12-09 2 12:09:07
2024-12-09 12:09:00.033 : SN 7118 : Real Time Clock difference: 6
2024-12-09 12:09:00.061 : SN 7118 : Sent: Ldx   To: /dev/tty.usbserial-B003BNCW   Received: Ld,1
2024-12-09 12:09:00.093 : SN 7118 : Sent: LD1x   To: /dev/tty.usbserial-B003BNCW   Received: Ld,1
2024-12-09 12:09:00.109 : SN 7118 : Sent: Ldx   To: /dev/tty.usbserial-B003BNCW   Received: Ld,1
2024-12-09 12:09:00.141 : SN 7118 : CheckLockVisibility()
2024-12-09 12:09:00.189 : SN 7118 : Sent: Ix   To: /dev/tty.usbserial-B003BNCW   Received: 0000000000s,0000000000s,00000000.00m,00000000.00m
2024-12-09 12:09:00.193 : SN 7118 : ParseReportInterval response: 0000000000s,0000000000s,00000000.00m,00000000.00m
2024-12-09 12:09:00.201 : SN 7118 : GetVersion result: i,00000004,00000006,00000082,00007118
2024-12-09 12:09:00.201 : SN 7118 : Reading Interval Settings: 0000000000s,0000000000s,00000000.00m,00000000.00m
2024-12-09 12:09:00.236 : SN 7118 : Sent: rx   To: /dev/tty.usbserial-B003BNCW   Received: r, 08.00m,0000060789Hz,0000000000c,0000000.000s, 003.8C
2024-12-09 12:09:06.301 : SN 7118 : Sent: m0x   To: /dev/tty.usbserial-B003BNCW   Received: m0,255
2024-12-09 12:09:06.333 : SN 7118 : Sent: m1x   To: /dev/tty.usbserial-B003BNCW   Received: m1,255
2024-12-09 12:09:06.349 : SN 7118 : Sent: m2x   To: /dev/tty.usbserial-B003BNCW   Received: m2,255
2024-12-09 12:09:06.365 : SN 7118 : Sent: Lvx   To: /dev/tty.usbserial-B003BNCW   Received: Lv,2
2024-12-09 12:09:06.368 : SN 7118 : ContCheck(Yx)
2024-12-09 12:09:06.381 : SN 7118 : Sent: Yx   To: /dev/tty.usbserial-B003BNCW   Received: Yrcpu
2024-12-09 12:09:06.397 : SN 7118 : Sent: A5x   To: /dev/tty.usbserial-B003BNCW   Received: A5,0,d
2024-12-09 12:09:06.461 : SN 7118 : Sent: LIx   To: /dev/tty.usbserial-B003BNCW   Received: LI,0000000000s,0000000005m,0000000000s,0000000005m,00000000.00m,
2024-12-09 12:09:06.493 : SN 7118 : Sent: Lmx   To: /dev/tty.usbserial-B003BNCW   Received: LM,2
2024-12-09 12:09:06.525 : SN 7118 : Sent: LZx   To: /dev/tty.usbserial-B003BNCW   Received: LZ,0000000000
2024-12-09 12:09:06.557 : SN 7118 : Sent: L1x   To: /dev/tty.usbserial-B003BNCW   Received: L1,0000000000
2024-12-09 12:09:06.589 : SN 7118 : Sent: Lcx   To: /dev/tty.usbserial-B003BNCW   Received: Lc,24-12-09 2 12:09:13
2024-12-09 12:09:06.593 : SN 7118 : Real Time Clock difference: 6
2024-12-09 12:09:06.621 : SN 7118 : Sent: Ldx   To: /dev/tty.usbserial-B003BNCW   Received: Ld,1
2024-12-09 12:09:06.655 : SN 7118 : CheckLockVisibility()
2024-12-09 12:09:06.701 : SN 7118 : Sent: Ix   To: /dev/tty.usbserial-B003BNCW   Received: 0000000000s,0000000000s,00000000.00m,00000000.00m
2024-12-09 12:09:06.706 : SN 7118 : ParseReportInterval response: 0000000000s,0000000000s,00000000.00m,00000000.00m
2024-12-09 12:09:06.712 : SN 7118 : GetVersion result: i,00000004,00000006,00000082,00007118
2024-12-09 12:09:06.712 : SN 7118 : Reading Interval Settings: 0000000000s,0000000000s,00000000.00m,00000000.00m
2024-12-09 12:09:06.749 : SN 7118 : Sent: rx   To: /dev/tty.usbserial-B003BNCW   Received: r, 08.16m,0000052280Hz,0000000000c,0000000.000s, 004.1C
2024-12-09 12:09:10.051 : SN 7118 : Sent: LIx   To: /dev/tty.usbserial-B003BNCW   Received: LI,0000000000s,0000000005m,0000000000s,0000000005m,00000000.00m,
2024-12-09 12:09:10.131 : SN 7118 : Sent: Lmx   To: /dev/tty.usbserial-B003BNCW   Received: LM,2
2024-12-09 12:09:10.163 : SN 7118 : Sent: LZx   To: /dev/tty.usbserial-B003BNCW   Received: LZ,0000000000
2024-12-09 12:09:10.195 : SN 7118 : Sent: L1x   To: /dev/tty.usbserial-B003BNCW   Received: L1,0000000000
2024-12-09 12:09:10.227 : SN 7118 : Sent: Lcx   To: /dev/tty.usbserial-B003BNCW   Received: Lc,24-12-09 2 12:09:17
2024-12-09 12:09:10.231 : SN 7118 : Real Time Clock difference: 6
2024-12-09 12:09:10.259 : SN 7118 : Sent: Ldx   To: /dev/tty.usbserial-B003BNCW   Received: Ld,1
2024-12-09 12:09:10.291 : SN 7118 : Sent: L1x   To: /dev/tty.usbserial-B003BNCW   Received: L1,0000000000
2024-12-09 12:09:10.323 : SN 7118 : Sent: L1x   To: /dev/tty.usbserial-B003BNCW   Received: L1,0000000000
2024-12-09 12:09:12.515 : SN 7118 : Sent: L1x   To: /dev/tty.usbserial-B003BNCW   Received: L1,0000000000
2024-12-09 12:09:15.700 : SN 7118 : DL binary retrieve initiated.
2024-12-09 12:09:15.747 : SN 7118 : Sent: Lmx   To: /dev/tty.usbserial-B003BNCW   Received: LM,2
2024-12-09 12:09:15.779 : SN 7118 : Sent: ix   To: /dev/tty.usbserial-B003BNCW   Received: i,00000004,00000006,00000082,00007118
2024-12-09 12:09:15.811 : SN 7118 : Sent: rx   To: /dev/tty.usbserial-B003BNCW   Received: r, 08.17m,0000051753Hz,0000000000c,0000000.000s, 003.8C
2024-12-09 12:09:15.843 : SN 7118 : Sent: cx   To: /dev/tty.usbserial-B003BNCW   Received: c,00000019.95m,0000183.583s, 019.0C,00000008.71m, 019.0C
2024-12-09 12:09:15.874 : SN 7118 : Sent: Ix   To: /dev/tty.usbserial-B003BNCW   Received: 0000000000s,0000000000s,00000000.00m,00000000.00m
2024-12-09 12:09:15.906 : SN 7118 : Sent: Lcx   To: /dev/tty.usbserial-B003BNCW   Received: Lc,24-12-09 2 12:09:23
2024-12-09 12:09:15.946 : SN 7118 : Sent: LIx   To: /dev/tty.usbserial-B003BNCW   Received: LI,0000000000s,0000000005m,0000000000s,0000000005m,00000000.00m,
2024-12-09 12:09:15.962 : SN 7118 : 0 Packets 16 bytes long.
2024-12-09 12:09:19.541 : SN 7118 : DL binary retrieve initiated.
2024-12-09 12:09:19.593 : SN 7118 : Sent: Lmx   To: /dev/tty.usbserial-B003BNCW   Received: LM,2
2024-12-09 12:09:19.625 : SN 7118 : Sent: ix   To: /dev/tty.usbserial-B003BNCW   Received: i,00000004,00000006,00000082,00007118
2024-12-09 12:09:19.657 : SN 7118 : Sent: rx   To: /dev/tty.usbserial-B003BNCW   Received: r, 08.18m,0000051550Hz,0000000000c,0000000.000s, 004.1C
2024-12-09 12:09:19.689 : SN 7118 : Sent: cx   To: /dev/tty.usbserial-B003BNCW   Received: c,00000019.95m,0000183.583s, 019.0C,00000008.71m, 019.0C
2024-12-09 12:09:19.721 : SN 7118 : Sent: Ix   To: /dev/tty.usbserial-B003BNCW   Received: 0000000000s,0000000000s,00000000.00m,00000000.00m
2024-12-09 12:09:19.753 : SN 7118 : Sent: Lcx   To: /dev/tty.usbserial-B003BNCW   Received: Lc,24-12-09 2 12:09:26
2024-12-09 12:09:19.796 : SN 7118 : Sent: LIx   To: /dev/tty.usbserial-B003BNCW   Received: LI,0000000000s,0000000005m,0000000000s,0000000005m,00000000.00m,
2024-12-09 12:09:19.812 : SN 7118 : 0 Packets 16 bytes long.
2024-12-09 12:09:31.420 : SN 7118 : DL binary retrieve initiated.
2024-12-09 12:09:31.458 : SN 7118 : Sent: Lmx   To: /dev/tty.usbserial-B003BNCW   Received: LM,2
2024-12-09 12:09:31.701 : SN 7118 : DL binary retrieve initiated.
2024-12-09 12:09:31.730 : SN 7118 : Sent: Lmx   To: /dev/tty.usbserial-B003BNCW   Received: LM,2
2024-12-09 12:09:31.762 : SN 7118 : Sent: ix   To: /dev/tty.usbserial-B003BNCW   Received: i,00000004,00000006,00000082,00007118
2024-12-09 12:09:31.794 : SN 7118 : Sent: rx   To: /dev/tty.usbserial-B003BNCW   Received: r, 08.18m,0000051248Hz,0000000000c,0000000.000s, 004.5C
2024-12-09 12:09:31.826 : SN 7118 : Sent: cx   To: /dev/tty.usbserial-B003BNCW   Received: c,00000019.95m,0000183.583s, 019.0C,00000008.71m, 019.0C
2024-12-09 12:09:31.858 : SN 7118 : Sent: Ix   To: /dev/tty.usbserial-B003BNCW   Received: 0000000000s,0000000000s,00000000.00m,00000000.00m
2024-12-09 12:09:31.890 : SN 7118 : Sent: Lcx   To: /dev/tty.usbserial-B003BNCW   Received: Lc,24-12-09 2 12:09:39
2024-12-09 12:09:31.932 : SN 7118 : Sent: LIx   To: /dev/tty.usbserial-B003BNCW   Received: LI,0000000000s,0000000005m,0000000000s,0000000005m,00000000.00m,
2024-12-09 12:09:31.948 : SN 7118 : 0 Packets 16 bytes long.
2024-12-09 12:09:31.996 : SN 7118 : Sent: ix   To: /dev/tty.usbserial-B003BNCW   Received: i,00000004,00000006,00000082,00007118
2024-12-09 12:09:32.028 : SN 7118 : Sent: rx   To: /dev/tty.usbserial-B003BNCW   Received: r, 08.18m,0000051248Hz,0000000000c,0000000.000s, 004.5C
2024-12-09 12:09:32.060 : SN 7118 : Sent: cx   To: /dev/tty.usbserial-B003BNCW   Received: c,00000019.95m,0000183.583s, 019.0C,00000008.71m, 019.0C
2024-12-09 12:09:32.092 : SN 7118 : Sent: Ix   To: /dev/tty.usbserial-B003BNCW   Received: 0000000000s,0000000000s,00000000.00m,00000000.00m
2024-12-09 12:09:32.124 : SN 7118 : Sent: Lcx   To: /dev/tty.usbserial-B003BNCW   Received: Lc,24-12-09 2 12:09:39
2024-12-09 12:09:32.165 : SN 7118 : Sent: LIx   To: /dev/tty.usbserial-B003BNCW   Received: LI,0000000000s,0000000005m,0000000000s,0000000005m,00000000.00m,
2024-12-09 12:09:32.181 : SN 7118 : 0 Packets 16 bytes long.
2025-01-03 14:04:32.288 : SN 7118 : Sent: m0x   To: /dev/tty.usbserial-B003BNCW   Received: m0,255
2025-01-03 14:04:32.321 : SN 7118 : Sent: m1x   To: /dev/tty.usbserial-B003BNCW   Received: m1,255
2025-01-03 14:04:32.353 : SN 7118 : Sent: m2x   To: /dev/tty.usbserial-B003BNCW   Received: m2,255
2025-01-03 14:04:32.368 : SN 7118 : Sent: Lvx   To: /dev/tty.usbserial-B003BNCW   Received: Lv,2
2025-01-03 14:04:32.372 : SN 7118 : ContCheck(Yx)
2025-01-03 14:04:32.384 : SN 7118 : Sent: Yx   To: /dev/tty.usbserial-B003BNCW   Received: Yrcpu
2025-01-03 14:04:32.449 : SN 7118 : Sent: A5x   To: /dev/tty.usbserial-B003BNCW   Received: A5,0,d
2025-01-03 14:04:32.542 : SN 7118 : Sent: LIx   To: /dev/tty.usbserial-B003BNCW   Received: LI,0000000000s,0000000005m,0000000000s,0000000005m,00000000.00m,
2025-01-03 14:04:32.574 : SN 7118 : Sent: Lmx   To: /dev/tty.usbserial-B003BNCW   Received: LM,2
2025-01-03 14:04:32.606 : SN 7118 : Sent: LZx   To: /dev/tty.usbserial-B003BNCW   Received: LZ,0000000000
2025-01-03 14:04:32.638 : SN 7118 : Sent: L1x   To: /dev/tty.usbserial-B003BNCW   Received: L1,0000000000
2025-01-03 14:04:32.670 : SN 7118 : Sent: Lcx   To: /dev/tty.usbserial-B003BNCW   Received: Lc,25-01-03 6 14:04:43
2025-01-03 14:04:32.674 : SN 7118 : Real Time Clock difference: 10
2025-01-03 14:04:32.702 : SN 7118 : Sent: Ldx   To: /dev/tty.usbserial-B003BNCW   Received: Ld,1
2025-01-03 14:04:32.734 : SN 7118 : Sent: LD1x   To: /dev/tty.usbserial-B003BNCW   Received: Ld,1
2025-01-03 14:04:32.750 : SN 7118 : Sent: Ldx   To: /dev/tty.usbserial-B003BNCW   Received: Ld,1
2025-01-03 14:04:32.783 : SN 7118 : CheckLockVisibility()
2025-01-03 14:04:32.830 : SN 7118 : Sent: Ix   To: /dev/tty.usbserial-B003BNCW   Received: 0000000000s,0000000000s,00000000.00m,00000000.00m
2025-01-03 14:04:32.834 : SN 7118 : ParseReportInterval response: 0000000000s,0000000000s,00000000.00m,00000000.00m
2025-01-03 14:04:32.842 : SN 7118 : GetVersion result: i,00000004,00000006,00000082,00007118
2025-01-03 14:04:32.842 : SN 7118 : Reading Interval Settings: 0000000000s,0000000000s,00000000.00m,00000000.00m
2025-01-03 14:04:32.878 : SN 7118 : Sent: rx   To: /dev/tty.usbserial-B003BNCW   Received: r, 11.52m,0000002373Hz,0000000000c,0000000.000s, 000.3C
2025-01-03 14:04:38.990 : SN 7118 : Sent: m0x   To: /dev/tty.usbserial-B003BNCW   Received: m0,255
2025-01-03 14:04:39.021 : SN 7118 : Sent: m1x   To: /dev/tty.usbserial-B003BNCW   Received: m1,255
2025-01-03 14:04:39.037 : SN 7118 : Sent: m2x   To: /dev/tty.usbserial-B003BNCW   Received: m2,255
2025-01-03 14:04:39.053 : SN 7118 : Sent: Lvx   To: /dev/tty.usbserial-B003BNCW   Received: Lv,2
2025-01-03 14:04:39.056 : SN 7118 : ContCheck(Yx)
2025-01-03 14:04:39.069 : SN 7118 : Sent: Yx   To: /dev/tty.usbserial-B003BNCW   Received: Yrcpu
2025-01-03 14:04:39.086 : SN 7118 : Sent: A5x   To: /dev/tty.usbserial-B003BNCW   Received: A5,0,d
2025-01-03 14:04:39.150 : SN 7118 : Sent: LIx   To: /dev/tty.usbserial-B003BNCW   Received: LI,0000000000s,0000000005m,0000000000s,0000000005m,00000000.00m,
2025-01-03 14:04:39.182 : SN 7118 : Sent: Lmx   To: /dev/tty.usbserial-B003BNCW   Received: LM,2
2025-01-03 14:04:39.214 : SN 7118 : Sent: LZx   To: /dev/tty.usbserial-B003BNCW   Received: LZ,0000000000
2025-01-03 14:04:39.245 : SN 7118 : Sent: L1x   To: /dev/tty.usbserial-B003BNCW   Received: L1,0000000000
2025-01-03 14:04:39.278 : SN 7118 : Sent: Lcx   To: /dev/tty.usbserial-B003BNCW   Received: Lc,25-01-03 6 14:04:49
2025-01-03 14:04:39.280 : SN 7118 : Real Time Clock difference: 9
2025-01-03 14:04:39.310 : SN 7118 : Sent: Ldx   To: /dev/tty.usbserial-B003BNCW   Received: Ld,1
2025-01-03 14:04:39.343 : SN 7118 : CheckLockVisibility()
2025-01-03 14:04:39.390 : SN 7118 : Sent: Ix   To: /dev/tty.usbserial-B003BNCW   Received: 0000000000s,0000000000s,00000000.00m,00000000.00m
2025-01-03 14:04:39.394 : SN 7118 : ParseReportInterval response: 0000000000s,0000000000s,00000000.00m,00000000.00m
2025-01-03 14:04:39.400 : SN 7118 : GetVersion result: i,00000004,00000006,00000082,00007118
2025-01-03 14:04:39.403 : SN 7118 : Reading Interval Settings: 0000000000s,0000000000s,00000000.00m,00000000.00m
2025-01-03 14:04:39.437 : SN 7118 : Sent: rx   To: /dev/tty.usbserial-B003BNCW   Received: r, 11.53m,0000002360Hz,0000000000c,0000000.000s, 000.3C
2025-01-03 14:04:50.570 : SN 7118 : Sent: LIx   To: /dev/tty.usbserial-B003BNCW   Received: LI,0000000000s,0000000005m,0000000000s,0000000005m,00000000.00m,
2025-01-03 14:04:50.650 : SN 7118 : Sent: Lmx   To: /dev/tty.usbserial-B003BNCW   Received: LM,2
2025-01-03 14:04:50.682 : SN 7118 : Sent: LZx   To: /dev/tty.usbserial-B003BNCW   Received: LZ,0000000000
2025-01-03 14:04:50.714 : SN 7118 : Sent: L1x   To: /dev/tty.usbserial-B003BNCW   Received: L1,0000000000
2025-01-03 14:04:50.746 : SN 7118 : Sent: Lcx   To: /dev/tty.usbserial-B003BNCW   Received: Lc,25-01-03 6 14:05:01
2025-01-03 14:04:50.751 : SN 7118 : Real Time Clock difference: 10
2025-01-03 14:04:50.778 : SN 7118 : Sent: Ldx   To: /dev/tty.usbserial-B003BNCW   Received: Ld,1
2025-01-03 14:04:50.810 : SN 7118 : Sent: L1x   To: /dev/tty.usbserial-B003BNCW   Received: L1,0000000000
2025-01-03 14:04:50.842 : SN 7118 : Sent: L1x   To: /dev/tty.usbserial-B003BNCW   Received: L1,0000000000
2025-01-03 14:04:55.849 : SN 7118 : Sent: L1x   To: /dev/tty.usbserial-B003BNCW   Received: L1,0000000000
2025-01-03 14:04:58.571 : SN 7118 : DL binary retrieve initiated.
2025-01-03 14:04:58.601 : SN 7118 : Sent: Lmx   To: /dev/tty.usbserial-B003BNCW   Received: LM,2
2025-01-03 14:04:58.633 : SN 7118 : Sent: ix   To: /dev/tty.usbserial-B003BNCW   Received: i,00000004,00000006,00000082,00007118
2025-01-03 14:04:58.665 : SN 7118 : Sent: rx   To: /dev/tty.usbserial-B003BNCW   Received: r, 11.54m,0000002326Hz,0000000000c,0000000.000s, 000.3C
2025-01-03 14:04:58.697 : SN 7118 : Sent: cx   To: /dev/tty.usbserial-B003BNCW   Received: c,00000019.95m,0000183.583s, 019.0C,00000008.71m, 019.0C
2025-01-03 14:04:58.729 : SN 7118 : Sent: Ix   To: /dev/tty.usbserial-B003BNCW   Received: 0000000000s,0000000000s,00000000.00m,00000000.00m
2025-01-03 14:04:58.761 : SN 7118 : Sent: Lcx   To: /dev/tty.usbserial-B003BNCW   Received: Lc,25-01-03 6 14:05:09
2025-01-03 14:04:58.801 : SN 7118 : Sent: LIx   To: /dev/tty.usbserial-B003BNCW   Received: LI,0000000000s,0000000005m,0000000000s,0000000005m,00000000.00m,
2025-01-03 14:04:58.817 : SN 7118 : 0 Packets 16 bytes long.
2025-01-05 12:19:30.490 : SN 7118 : Sent: m0x   To: /dev/tty.usbserial-B003BNCW   Received: m0,255
2025-01-05 12:19:30.522 : SN 7118 : Sent: m1x   To: /dev/tty.usbserial-B003BNCW   Received: m1,255
2025-01-05 12:19:30.554 : SN 7118 : Sent: m2x   To: /dev/tty.usbserial-B003BNCW   Received: m2,255
2025-01-05 12:19:30.585 : SN 7118 : Sent: Lvx   To: /dev/tty.usbserial-B003BNCW   Received: Lv,2
2025-01-05 12:19:30.588 : SN 7118 : ContCheck(Yx)
2025-01-05 12:19:30.601 : SN 7118 : Sent: Yx   To: /dev/tty.usbserial-B003BNCW   Received: Yrcpu
2025-01-05 12:19:30.650 : SN 7118 : Sent: A5x   To: /dev/tty.usbserial-B003BNCW   Received: A5,0,d
2025-01-05 12:19:30.730 : SN 7118 : Sent: LIx   To: /dev/tty.usbserial-B003BNCW   Received: LI,0000000000s,0000000005m,0000000000s,0000000005m,00000000.00m,
2025-01-05 12:19:30.762 : SN 7118 : Sent: Lmx   To: /dev/tty.usbserial-B003BNCW   Received: LM,2
2025-01-05 12:19:30.794 : SN 7118 : Sent: LZx   To: /dev/tty.usbserial-B003BNCW   Received: LZ,0000000000
2025-01-05 12:19:30.826 : SN 7118 : Sent: L1x   To: /dev/tty.usbserial-B003BNCW   Received: L1,0000000000
2025-01-05 12:19:30.858 : SN 7118 : Sent: Lcx   To: /dev/tty.usbserial-B003BNCW   Received: Lc,25-01-05 1 12:19:41
2025-01-05 12:19:30.865 : SN 7118 : Real Time Clock difference: 10
2025-01-05 12:19:30.890 : SN 7118 : Sent: Ldx   To: /dev/tty.usbserial-B003BNCW   Received: Ld,1
2025-01-05 12:19:30.922 : SN 7118 : Sent: LD1x   To: /dev/tty.usbserial-B003BNCW   Received: Ld,1
2025-01-05 12:19:30.954 : SN 7118 : Sent: Ldx   To: /dev/tty.usbserial-B003BNCW   Received: Ld,1
2025-01-05 12:19:31.003 : SN 7118 : CheckLockVisibility()
2025-01-05 12:19:31.050 : SN 7118 : Sent: Ix   To: /dev/tty.usbserial-B003BNCW   Received: 0000000000s,0000000000s,00000000.00m,00000000.00m
2025-01-05 12:19:31.055 : SN 7118 : ParseReportInterval response: 0000000000s,0000000000s,00000000.00m,00000000.00m
2025-01-05 12:19:31.065 : SN 7118 : GetVersion result: i,00000004,00000006,00000082,00007118
2025-01-05 12:19:31.065 : SN 7118 : Reading Interval Settings: 0000000000s,0000000000s,00000000.00m,00000000.00m
2025-01-05 12:19:31.098 : SN 7118 : Sent: rx   To: /dev/tty.usbserial-B003BNCW   Received: r, 10.31m,0000007195Hz,0000000000c,0000000.000s, 019.6C
2025-01-05 12:19:58.012 : SN 7118 : Sent: LIx   To: /dev/tty.usbserial-B003BNCW   Received: LI,0000000000s,0000000005m,0000000000s,0000000005m,00000000.00m,
2025-01-05 12:19:58.092 : SN 7118 : Sent: Lmx   To: /dev/tty.usbserial-B003BNCW   Received: LM,2
2025-01-05 12:19:58.124 : SN 7118 : Sent: LZx   To: /dev/tty.usbserial-B003BNCW   Received: LZ,0000000000
2025-01-05 12:19:58.156 : SN 7118 : Sent: L1x   To: /dev/tty.usbserial-B003BNCW   Received: L1,0000000000
2025-01-05 12:19:58.188 : SN 7118 : Sent: Lcx   To: /dev/tty.usbserial-B003BNCW   Received: Lc,25-01-05 1 12:20:08
2025-01-05 12:19:58.192 : SN 7118 : Real Time Clock difference: 9
2025-01-05 12:19:58.220 : SN 7118 : Sent: Ldx   To: /dev/tty.usbserial-B003BNCW   Received: Ld,1
2025-01-05 12:19:58.252 : SN 7118 : Sent: L1x   To: /dev/tty.usbserial-B003BNCW   Received: L1,0000000000
2025-01-05 12:19:58.284 : SN 7118 : Sent: L1x   To: /dev/tty.usbserial-B003BNCW   Received: L1,0000000000
2025-01-05 12:20:10.511 : SN 7118 : Sent: L1x   To: /dev/tty.usbserial-B003BNCW   Received: L1,0000000000
2025-01-05 12:20:13.360 : SN 7118 : DL binary retrieve initiated.
2025-01-05 12:20:13.407 : SN 7118 : Sent: Lmx   To: /dev/tty.usbserial-B003BNCW   Received: LM,2
2025-01-05 12:20:13.439 : SN 7118 : Sent: ix   To: /dev/tty.usbserial-B003BNCW   Received: i,00000004,00000006,00000082,00007118
2025-01-05 12:20:13.471 : SN 7118 : Sent: rx   To: /dev/tty.usbserial-B003BNCW   Received: r, 10.34m,0000007024Hz,0000000000c,0000000.000s, 019.9C
2025-01-05 12:20:13.502 : SN 7118 : Sent: cx   To: /dev/tty.usbserial-B003BNCW   Received: c,00000019.95m,0000183.583s, 019.0C,00000008.71m, 019.0C
2025-01-05 12:20:13.535 : SN 7118 : Sent: Ix   To: /dev/tty.usbserial-B003BNCW   Received: 0000000000s,0000000000s,00000000.00m,00000000.00m
2025-01-05 12:20:13.567 : SN 7118 : Sent: Lcx   To: /dev/tty.usbserial-B003BNCW   Received: Lc,25-01-05 1 12:20:24
2025-01-05 12:20:13.609 : SN 7118 : Sent: LIx   To: /dev/tty.usbserial-B003BNCW   Received: LI,0000000000s,0000000005m,0000000000s,0000000005m,00000000.00m,
2025-01-05 12:20:13.625 : SN 7118 : 0 Packets 16 bytes long.
2025-01-05 12:21:05.102 : SN 7118 : Sent: m0x   To: /dev/tty.usbserial-B003BNCW   Received: m0,255
2025-01-05 12:21:05.134 : SN 7118 : Sent: m1x   To: /dev/tty.usbserial-B003BNCW   Received: m1,255
2025-01-05 12:21:05.166 : SN 7118 : Sent: m2x   To: /dev/tty.usbserial-B003BNCW   Received: m2,255
2025-01-05 12:21:05.197 : SN 7118 : Sent: Lvx   To: /dev/tty.usbserial-B003BNCW   Received: Lv,2
2025-01-05 12:21:05.203 : SN 7118 : ContCheck(Yx)
2025-01-05 12:21:05.230 : SN 7118 : Sent: Yx   To: /dev/tty.usbserial-B003BNCW   Received: Yrcpu
2025-01-05 12:21:05.293 : SN 7118 : Sent: A5x   To: /dev/tty.usbserial-B003BNCW   Received: A5,0,d
2025-01-05 12:21:05.385 : SN 7118 : Sent: LIx   To: /dev/tty.usbserial-B003BNCW   Received: LI,0000000000s,0000000005m,0000000000s,0000000005m,00000000.00m,
2025-01-05 12:21:05.417 : SN 7118 : Sent: Lmx   To: /dev/tty.usbserial-B003BNCW   Received: LM,2
2025-01-05 12:21:05.448 : SN 7118 : Sent: LZx   To: /dev/tty.usbserial-B003BNCW   Received: LZ,0000000000
2025-01-05 12:21:05.480 : SN 7118 : Sent: L1x   To: /dev/tty.usbserial-B003BNCW   Received: L1,0000000000
2025-01-05 12:21:05.513 : SN 7118 : Sent: Lcx   To: /dev/tty.usbserial-B003BNCW   Received: Lc,25-01-05 1 12:21:15
2025-01-05 12:21:05.517 : SN 7118 : Real Time Clock difference: 9
2025-01-05 12:21:05.544 : SN 7118 : Sent: Ldx   To: /dev/tty.usbserial-B003BNCW   Received: Ld,1
2025-01-05 12:21:05.577 : SN 7118 : Sent: LD1x   To: /dev/tty.usbserial-B003BNCW   Received: Ld,1
2025-01-05 12:21:05.608 : SN 7118 : Sent: Ldx   To: /dev/tty.usbserial-B003BNCW   Received: Ld,1
2025-01-05 12:21:05.654 : SN 7118 : CheckLockVisibility()
2025-01-05 12:21:05.705 : SN 7118 : Sent: Ix   To: /dev/tty.usbserial-B003BNCW   Received: 0000000000s,0000000000s,00000000.00m,00000000.00m
2025-01-05 12:21:05.708 : SN 7118 : ParseReportInterval response: 0000000000s,0000000000s,00000000.00m,00000000.00m
2025-01-05 12:21:05.719 : SN 7118 : GetVersion result: i,00000004,00000006,00000082,00007118
2025-01-05 12:21:05.722 : SN 7118 : Reading Interval Settings: 0000000000s,0000000000s,00000000.00m,00000000.00m
2025-01-05 12:21:05.753 : SN 7118 : Sent: rx   To: /dev/tty.usbserial-B003BNCW   Received: r, 10.31m,0000007200Hz,0000000000c,0000000.000s, 019.9C
2025-01-05 12:21:48.000 : SN 7118 : Sent: LIx   To: /dev/tty.usbserial-B003BNCW   Received: LI,0000000000s,0000000005m,0000000000s,0000000005m,00000000.00m,
2025-01-05 12:21:48.064 : SN 7118 : Sent: Lmx   To: /dev/tty.usbserial-B003BNCW   Received: LM,2
2025-01-05 12:21:48.095 : SN 7118 : Sent: LZx   To: /dev/tty.usbserial-B003BNCW   Received: LZ,0000000000
2025-01-05 12:21:48.127 : SN 7118 : Sent: L1x   To: /dev/tty.usbserial-B003BNCW   Received: L1,0000000000
2025-01-05 12:21:48.159 : SN 7118 : Sent: Lcx   To: /dev/tty.usbserial-B003BNCW   Received: Lc,25-01-05 1 12:21:58
2025-01-05 12:21:48.162 : SN 7118 : Real Time Clock difference: 9
2025-01-05 12:21:48.191 : SN 7118 : Sent: Ldx   To: /dev/tty.usbserial-B003BNCW   Received: Ld,1
2025-01-05 12:21:48.223 : SN 7118 : Sent: L1x   To: /dev/tty.usbserial-B003BNCW   Received: L1,0000000000
2025-01-05 12:21:48.255 : SN 7118 : Sent: L1x   To: /dev/tty.usbserial-B003BNCW   Received: L1,0000000000
2025-01-05 12:31:16.935 : SN 7118 : Sent: m0x   To: /dev/tty.usbserial-B003BNCW   Received: m0,255
2025-01-05 12:31:16.967 : SN 7118 : Sent: m1x   To: /dev/tty.usbserial-B003BNCW   Received: m1,255
2025-01-05 12:31:16.999 : SN 7118 : Sent: m2x   To: /dev/tty.usbserial-B003BNCW   Received: m2,255
2025-01-05 12:31:17.031 : SN 7118 : Sent: Lvx   To: /dev/tty.usbserial-B003BNCW   Received: Lv,2
2025-01-05 12:31:17.035 : SN 7118 : ContCheck(Yx)
2025-01-05 12:31:17.063 : SN 7118 : Sent: Yx   To: /dev/tty.usbserial-B003BNCW   Received: Yrcpu
2025-01-05 12:31:17.127 : SN 7118 : Sent: A5x   To: /dev/tty.usbserial-B003BNCW   Received: A5,0,d
2025-01-05 12:31:17.207 : SN 7118 : Sent: LIx   To: /dev/tty.usbserial-B003BNCW   Received: LI,0000000000s,0000000005m,0000000000s,0000000005m,00000000.00m,
2025-01-05 12:31:17.239 : SN 7118 : Sent: Lmx   To: /dev/tty.usbserial-B003BNCW   Received: LM,2
2025-01-05 12:31:17.271 : SN 7118 : Sent: LZx   To: /dev/tty.usbserial-B003BNCW   Received: LZ,0000000000
2025-01-05 12:31:17.303 : SN 7118 : Sent: L1x   To: /dev/tty.usbserial-B003BNCW   Received: L1,0000000000
2025-01-05 12:31:17.335 : SN 7118 : Sent: Lcx   To: /dev/tty.usbserial-B003BNCW   Received: Lc,25-01-05 1 12:31:27
2025-01-05 12:31:17.338 : SN 7118 : Real Time Clock difference: 9
2025-01-05 12:31:17.367 : SN 7118 : Sent: Ldx   To: /dev/tty.usbserial-B003BNCW   Received: Ld,1
2025-01-05 12:31:17.399 : SN 7118 : Sent: LD1x   To: /dev/tty.usbserial-B003BNCW   Received: Ld,1
2025-01-05 12:31:17.431 : SN 7118 : Sent: Ldx   To: /dev/tty.usbserial-B003BNCW   Received: Ld,1
2025-01-05 12:31:17.465 : SN 7118 : CheckLockVisibility()
2025-01-05 12:31:17.511 : SN 7118 : Sent: Ix   To: /dev/tty.usbserial-B003BNCW   Received: 0000000000s,0000000000s,00000000.00m,00000000.00m
2025-01-05 12:31:17.515 : SN 7118 : ParseReportInterval response: 0000000000s,0000000000s,00000000.00m,00000000.00m
2025-01-05 12:31:17.524 : SN 7118 : GetVersion result: i,00000004,00000006,00000082,00007118
2025-01-05 12:31:17.524 : SN 7118 : Reading Interval Settings: 0000000000s,0000000000s,00000000.00m,00000000.00m
2025-01-05 12:31:17.559 : SN 7118 : Sent: rx   To: /dev/tty.usbserial-B003BNCW   Received: r, 10.07m,0000009036Hz,0000000000c,0000000.000s, 020.6C
2025-01-05 12:31:26.185 : SN 7118 : Sent: cx   To: /dev/tty.usbserial-B003BNCW   Received: c,00000019.95m,0000183.583s, 019.0C,00000008.71m, 019.0C
2025-01-05 12:31:51.585 : SN 7118 : Sent: rx   To: /dev/tty.usbserial-B003BNCW   Received: r, 10.08m,0000008939Hz,0000000000c,0000000.000s, 020.6C
2025-01-05 12:31:51.649 : SN 7118 : Sent: Ix   To: /dev/tty.usbserial-B003BNCW   Received: 0000000000s,0000000000s,00000000.00m,00000000.00m
2025-01-05 12:31:51.652 : SN 7118 : ParseReportInterval response: 0000000000s,0000000000s,00000000.00m,00000000.00m
2025-01-05 12:31:51.661 : SN 7118 : ContCheck(Yx)
2025-01-05 12:31:51.680 : SN 7118 : Sent: Yx   To: /dev/tty.usbserial-B003BNCW   Received: Yrcpu
2025-01-05 12:32:00.460 : SN 7118 : Sent: LIx   To: /dev/tty.usbserial-B003BNCW   Received: LI,0000000000s,0000000005m,0000000000s,0000000005m,00000000.00m,
2025-01-05 12:32:00.540 : SN 7118 : Sent: Lmx   To: /dev/tty.usbserial-B003BNCW   Received: LM,2
2025-01-05 12:32:00.572 : SN 7118 : Sent: LZx   To: /dev/tty.usbserial-B003BNCW   Received: LZ,0000000000
2025-01-05 12:32:00.604 : SN 7118 : Sent: L1x   To: /dev/tty.usbserial-B003BNCW   Received: L1,0000000000
2025-01-05 12:32:00.636 : SN 7118 : Sent: Lcx   To: /dev/tty.usbserial-B003BNCW   Received: Lc,25-01-05 1 12:32:11
2025-01-05 12:32:00.639 : SN 7118 : Real Time Clock difference: 10
2025-01-05 12:32:00.668 : SN 7118 : Sent: Ldx   To: /dev/tty.usbserial-B003BNCW   Received: Ld,1
2025-01-05 12:32:00.699 : SN 7118 : Sent: L1x   To: /dev/tty.usbserial-B003BNCW   Received: L1,0000000000
2025-01-05 12:32:00.731 : SN 7118 : Sent: L1x   To: /dev/tty.usbserial-B003BNCW   Received: L1,0000000000
2025-01-15 21:20:11.387 : SN 7118 : Sent: m0x   To: /dev/tty.usbserial-B003BNCW   Received: m0,255
2025-01-15 21:20:11.419 : SN 7118 : Sent: m1x   To: /dev/tty.usbserial-B003BNCW   Received: m1,255
2025-01-15 21:20:11.451 : SN 7118 : Sent: m2x   To: /dev/tty.usbserial-B003BNCW   Received: m2,255
2025-01-15 21:20:11.483 : SN 7118 : Sent: Lvx   To: /dev/tty.usbserial-B003BNCW   Received: Lv,2
2025-01-15 21:20:11.490 : SN 7118 : ContCheck(Yx)
2025-01-15 21:20:11.515 : SN 7118 : Sent: Yx   To: /dev/tty.usbserial-B003BNCW   Received: Yrcpu
2025-01-15 21:20:11.579 : SN 7118 : Sent: A5x   To: /dev/tty.usbserial-B003BNCW   Received: A5,0,d
2025-01-15 21:20:11.675 : SN 7118 : Sent: LIx   To: /dev/tty.usbserial-B003BNCW   Received: LI,0000000000s,0000000005m,0000000000s,0000000005m,00000000.00m,
2025-01-15 21:20:11.707 : SN 7118 : Sent: Lmx   To: /dev/tty.usbserial-B003BNCW   Received: LM,2
2025-01-15 21:20:11.740 : SN 7118 : Sent: LZx   To: /dev/tty.usbserial-B003BNCW   Received: LZ,0000000000
2025-01-15 21:20:11.771 : SN 7118 : Sent: L1x   To: /dev/tty.usbserial-B003BNCW   Received: L1,0000000000
2025-01-15 21:20:11.803 : SN 7118 : Sent: Lcx   To: /dev/tty.usbserial-B003BNCW   Received: Lc,25-01-15 4 21:20:23
2025-01-15 21:20:11.809 : SN 7118 : Real Time Clock difference: 11
2025-01-15 21:20:11.835 : SN 7118 : Sent: Ldx   To: /dev/tty.usbserial-B003BNCW   Received: Ld,1
2025-01-15 21:20:11.868 : SN 7118 : Sent: LD1x   To: /dev/tty.usbserial-B003BNCW   Received: Ld,1
2025-01-15 21:20:11.899 : SN 7118 : Sent: Ldx   To: /dev/tty.usbserial-B003BNCW   Received: Ld,1
2025-01-15 21:20:11.936 : SN 7118 : CheckLockVisibility()
2025-01-15 21:20:11.995 : SN 7118 : Sent: Ix   To: /dev/tty.usbserial-B003BNCW   Received: 0000000000s,0000000000s,00000000.00m,00000000.00m
2025-01-15 21:20:11.998 : SN 7118 : ParseReportInterval response: 0000000000s,0000000000s,00000000.00m,00000000.00m
2025-01-15 21:20:12.007 : SN 7118 : GetVersion result: i,00000004,00000006,00000082,00007118
2025-01-15 21:20:12.008 : SN 7118 : Reading Interval Settings: 0000000000s,0000000000s,00000000.00m,00000000.00m
2025-01-15 21:20:12.043 : SN 7118 : Sent: rx   To: /dev/tty.usbserial-B003BNCW   Received: r, 11.67m,0000002068Hz,0000000000c,0000000.000s, 014.8C
2025-01-22 16:44:38.316 : SN 7118 : Sent: m0x   To: /dev/tty.usbserial-B003BNCW   Received: m0,255
2025-01-22 16:44:38.348 : SN 7118 : Sent: m1x   To: /dev/tty.usbserial-B003BNCW   Received: m1,255
2025-01-22 16:44:38.379 : SN 7118 : Sent: m2x   To: /dev/tty.usbserial-B003BNCW   Received: m2,255
2025-01-22 16:44:38.411 : SN 7118 : Sent: Lvx   To: /dev/tty.usbserial-B003BNCW   Received: Lv,2
2025-01-22 16:44:38.414 : SN 7118 : ContCheck(Yx)
2025-01-22 16:44:38.427 : SN 7118 : Sent: Yx   To: /dev/tty.usbserial-B003BNCW   Received: Yrcpu
2025-01-22 16:44:38.492 : SN 7118 : Sent: A5x   To: /dev/tty.usbserial-B003BNCW   Received: A5,0,d
2025-01-22 16:44:38.579 : SN 7118 : Sent: LIx   To: /dev/tty.usbserial-B003BNCW   Received: LI,0000000000s,0000000005m,0000000000s,0000000005m,00000000.00m,
2025-01-22 16:44:38.611 : SN 7118 : Sent: Lmx   To: /dev/tty.usbserial-B003BNCW   Received: LM,2
2025-01-22 16:44:38.643 : SN 7118 : Sent: LZx   To: /dev/tty.usbserial-B003BNCW   Received: LZ,0000000000
2025-01-22 16:44:38.675 : SN 7118 : Sent: L1x   To: /dev/tty.usbserial-B003BNCW   Received: L1,0000000000
2025-01-22 16:44:38.706 : SN 7118 : Sent: Lcx   To: /dev/tty.usbserial-B003BNCW   Received: Lc,25-01-22 4 16:44:50
2025-01-22 16:44:38.711 : SN 7118 : Real Time Clock difference: 11
2025-01-22 16:44:38.738 : SN 7118 : Sent: Ldx   To: /dev/tty.usbserial-B003BNCW   Received: Ld,1
2025-01-22 16:44:38.770 : SN 7118 : Sent: LD1x   To: /dev/tty.usbserial-B003BNCW   Received: Ld,1
2025-01-22 16:44:38.786 : SN 7118 : Sent: Ldx   To: /dev/tty.usbserial-B003BNCW   Received: Ld,1
2025-01-22 16:44:38.817 : SN 7118 : CheckLockVisibility()
2025-01-22 16:44:38.867 : SN 7118 : Sent: Ix   To: /dev/tty.usbserial-B003BNCW   Received: 0000000000s,0000000000s,00000000.00m,00000000.00m
2025-01-22 16:44:38.871 : SN 7118 : ParseReportInterval response: 0000000000s,0000000000s,00000000.00m,00000000.00m
2025-01-22 16:44:38.880 : SN 7118 : GetVersion result: i,00000004,00000006,00000082,00007118
2025-01-22 16:44:38.880 : SN 7118 : Reading Interval Settings: 0000000000s,0000000000s,00000000.00m,00000000.00m
2025-01-22 16:44:38.914 : SN 7118 : Sent: rx   To: /dev/tty.usbserial-B003BNCW   Received: r, 11.31m,0000002873Hz,0000000000c,0000000.000s, 019.9C
2025-01-22 16:44:42.555 : SN 7118 : Sent: LIx   To: /dev/tty.usbserial-B003BNCW   Received: LI,0000000000s,0000000005m,0000000000s,0000000005m,00000000.00m,
2025-01-22 16:44:42.620 : SN 7118 : Sent: Lmx   To: /dev/tty.usbserial-B003BNCW   Received: LM,2
2025-01-22 16:44:42.651 : SN 7118 : Sent: LZx   To: /dev/tty.usbserial-B003BNCW   Received: LZ,0000000000
2025-01-22 16:44:42.683 : SN 7118 : Sent: L1x   To: /dev/tty.usbserial-B003BNCW   Received: L1,0000000000
2025-01-22 16:44:42.715 : SN 7118 : Sent: Lcx   To: /dev/tty.usbserial-B003BNCW   Received: Lc,25-01-22 4 16:44:54
2025-01-22 16:44:42.718 : SN 7118 : Real Time Clock difference: 11
2025-01-22 16:44:42.747 : SN 7118 : Sent: Ldx   To: /dev/tty.usbserial-B003BNCW   Received: Ld,1
2025-01-22 16:44:42.779 : SN 7118 : Sent: L1x   To: /dev/tty.usbserial-B003BNCW   Received: L1,0000000000
2025-01-22 16:44:42.811 : SN 7118 : Sent: L1x   To: /dev/tty.usbserial-B003BNCW   Received: L1,0000000000
2025-01-22 16:44:51.133 : SN 7118 : Sent: L1x   To: /dev/tty.usbserial-B003BNCW   Received: L1,0000000000
2025-01-22 16:44:54.140 : SN 7118 : DL binary retrieve initiated.
2025-01-22 16:44:54.189 : SN 7118 : Sent: Lmx   To: /dev/tty.usbserial-B003BNCW   Received: LM,2
2025-01-22 16:44:54.221 : SN 7118 : Sent: ix   To: /dev/tty.usbserial-B003BNCW   Received: i,00000004,00000006,00000082,00007118
2025-01-22 16:44:54.253 : SN 7118 : Sent: rx   To: /dev/tty.usbserial-B003BNCW   Received: r, 11.30m,0000002889Hz,0000000000c,0000000.000s, 020.3C
2025-01-22 16:44:54.285 : SN 7118 : Sent: cx   To: /dev/tty.usbserial-B003BNCW   Received: c,00000019.95m,0000183.583s, 019.0C,00000008.71m, 019.0C
2025-01-22 16:44:54.317 : SN 7118 : Sent: Ix   To: /dev/tty.usbserial-B003BNCW   Received: 0000000000s,0000000000s,00000000.00m,00000000.00m
2025-01-22 16:44:54.349 : SN 7118 : Sent: Lcx   To: /dev/tty.usbserial-B003BNCW   Received: Lc,25-01-22 4 16:45:06
2025-01-22 16:44:54.392 : SN 7118 : Sent: LIx   To: /dev/tty.usbserial-B003BNCW   Received: LI,0000000000s,0000000005m,0000000000s,0000000005m,00000000.00m,
2025-01-22 16:44:54.408 : SN 7118 : 0 Packets 16 bytes long.
