2024-08-16 06:32:02.367 : SN 7122 : Sent: m0x   To: /dev/tty.usbserial-B003BNCD   Received: m0,255
2024-08-16 06:32:02.399 : SN 7122 : Sent: m1x   To: /dev/tty.usbserial-B003BNCD   Received: m1,255
2024-08-16 06:32:02.431 : SN 7122 : Sent: m2x   To: /dev/tty.usbserial-B003BNCD   Received: m2,255
2024-08-16 06:32:02.463 : SN 7122 : Sent: Lvx   To: /dev/tty.usbserial-B003BNCD   Received: Lv,2
2024-08-16 06:32:02.466 : SN 7122 : ContCheck(Yx)
2024-08-16 06:32:02.494 : SN 7122 : Sent: Yx   To: /dev/tty.usbserial-B003BNCD   Received: Yrcpu
2024-08-16 06:32:02.511 : SN 7122 : Sent: A5x   To: /dev/tty.usbserial-B003BNCD   Received: A5,0,d
2024-08-16 06:32:02.565 : SN 7122 : Sent: LIx   To: /dev/tty.usbserial-B003BNCD   Received: LI,0000000000s,0000000255m,0000000000s,0000000009m,00000000.00m,
2024-08-16 06:32:02.598 : SN 7122 : Sent: Lmx   To: /dev/tty.usbserial-B003BNCD   Received: LM,3
2024-08-16 06:32:02.630 : SN 7122 : Sent: LZx   To: /dev/tty.usbserial-B003BNCD   Received: LZ,0001048576
2024-08-16 06:32:02.662 : SN 7122 : Sent: L1x   To: /dev/tty.usbserial-B003BNCD   Received: L1,0000000000
2024-08-16 06:32:02.693 : SN 7122 : Sent: Lcx   To: /dev/tty.usbserial-B003BNCD   Received: Lc,00-01-01 1 00:00:00
2024-08-16 06:32:02.698 : SN 7122 : Real Time Clock difference: 777105122
2024-08-16 06:32:02.725 : SN 7122 : Sent: Ldx   To: /dev/tty.usbserial-B003BNCD   Received: Ld,1
2024-08-16 06:32:02.789 : SN 7122 : CheckLockVisibility()
2024-08-16 06:32:02.853 : SN 7122 : Sent: Ix   To: /dev/tty.usbserial-B003BNCD   Received: 0000000000s,0000000000s,00000000.00m,00000000.00m
2024-08-16 06:32:02.857 : SN 7122 : ParseReportInterval response: 0000000000s,0000000000s,00000000.00m,00000000.00m
2024-08-16 06:32:02.870 : SN 7122 : GetVersion result: i,00000004,00000006,00000082,00007122
2024-08-16 06:32:02.873 : SN 7122 : Reading Interval Settings: 0000000000s,0000000000s,00000000.00m,00000000.00m
2024-08-16 06:32:02.901 : SN 7122 : Sent: rx   To: /dev/tty.usbserial-B003BNCD   Received: r, 11.30m,0000002828Hz,0000000000c,0000000.000s, 022.5C
2024-08-16 06:32:11.089 : SN 7122 : Sent: LIx   To: /dev/tty.usbserial-B003BNCD   Received: LI,0000000000s,0000000255m,0000000000s,0000000009m,00000000.00m,
2024-08-16 06:32:11.153 : SN 7122 : Sent: Lmx   To: /dev/tty.usbserial-B003BNCD   Received: LM,3
2024-08-16 06:32:11.185 : SN 7122 : Sent: LZx   To: /dev/tty.usbserial-B003BNCD   Received: LZ,0001048576
2024-08-16 06:32:11.217 : SN 7122 : Sent: L1x   To: /dev/tty.usbserial-B003BNCD   Received: L1,0000000000
2024-08-16 06:32:11.249 : SN 7122 : Sent: Lcx   To: /dev/tty.usbserial-B003BNCD   Received: Lc,00-01-01 1 00:00:00
2024-08-16 06:32:11.251 : SN 7122 : Real Time Clock difference: 777105131
2024-08-16 06:32:11.281 : SN 7122 : Sent: Ldx   To: /dev/tty.usbserial-B003BNCD   Received: Ld,1
2024-08-16 06:32:11.313 : SN 7122 : Sent: L1x   To: /dev/tty.usbserial-B003BNCD   Received: L1,0000000000
2024-08-16 06:32:11.345 : SN 7122 : Sent: L1x   To: /dev/tty.usbserial-B003BNCD   Received: L1,0000000000
2024-08-16 06:44:59.076 : SN 7122 : Setting unit clock...
2024-08-16 06:44:59.127 : SN 7122 : Sent: LC24-08-16 6 06:44:59x   To: /dev/tty.usbserial-B003BNCD   Received: LC,24-08-16 6 06:44:59
2024-08-16 06:45:35.488 : SN 7122 : Setting unit clock...
2024-08-16 06:45:35.556 : SN 7122 : Sent: LC24-08-16 6 06:45:35x   To: /dev/tty.usbserial-B003BNCD   Received: LC,24-08-16 6 06:45:35
2024-08-16 07:16:17.021 : SN 7122 : Setting unit clock...
2024-08-16 07:16:17.056 : SN 7122 : Sent: LC24-08-16 6 07:16:17x   To: /dev/tty.usbserial-B003BNCD   Received: LC,24-08-16 6 07:16:17
2024-08-16 07:16:22.733 : SN 7122 : Sent: LIx   To: /dev/tty.usbserial-B003BNCD   Received: LI,0000000000s,0000000255m,0000000000s,0000000009m,00000000.00m,
2024-08-16 07:16:22.861 : SN 7122 : Sent: Lmx   To: /dev/tty.usbserial-B003BNCD   Received: LM,3
2024-08-16 07:16:22.893 : SN 7122 : Sent: LZx   To: /dev/tty.usbserial-B003BNCD   Received: LZ,0001048576
2024-08-16 07:16:22.925 : SN 7122 : Sent: L1x   To: /dev/tty.usbserial-B003BNCD   Received: L1,0000000003
2024-08-16 07:16:22.973 : SN 7122 : Sent: Lcx   To: /dev/tty.usbserial-B003BNCD   Received: Lc,24-08-16 6 07:16:23
2024-08-16 07:16:22.984 : SN 7122 : Real Time Clock difference: 0
2024-08-16 07:16:23.005 : SN 7122 : Sent: Ldx   To: /dev/tty.usbserial-B003BNCD   Received: Ld,1
2024-08-16 08:03:25.851 : SN 7122 : Sent: LIx   To: /dev/tty.usbserial-B003BNCD   Received: LI,0000000000s,0000000255m,0000000000s,0000000009m,00000000.00m,
2024-08-16 08:03:25.915 : SN 7122 : Sent: Lmx   To: /dev/tty.usbserial-B003BNCD   Received: LM,3
2024-08-16 08:03:25.947 : SN 7122 : Sent: LZx   To: /dev/tty.usbserial-B003BNCD   Received: LZ,0001048576
2024-08-16 08:03:25.979 : SN 7122 : Sent: L1x   To: /dev/tty.usbserial-B003BNCD   Received: L1,0000000010
2024-08-16 08:03:26.011 : SN 7122 : Sent: Lcx   To: /dev/tty.usbserial-B003BNCD   Received: Lc,24-08-16 6 08:03:26
2024-08-16 08:03:26.022 : SN 7122 : Real Time Clock difference: 0
2024-08-16 08:03:26.043 : SN 7122 : Sent: Ldx   To: /dev/tty.usbserial-B003BNCD   Received: Ld,1
2024-09-02 11:12:14.162 : SN 7122 : Sent: m0x   To: /dev/tty.usbserial-B003BNCD   Received: m0,255
2024-09-02 11:12:14.194 : SN 7122 : Sent: m1x   To: /dev/tty.usbserial-B003BNCD   Received: m1,255
2024-09-02 11:12:14.226 : SN 7122 : Sent: m2x   To: /dev/tty.usbserial-B003BNCD   Received: m2,255
2024-09-02 11:12:14.259 : SN 7122 : Sent: Lvx   To: /dev/tty.usbserial-B003BNCD   Received: Lv,2
2024-09-02 11:12:14.262 : SN 7122 : ContCheck(Yx)
2024-09-02 11:12:14.290 : SN 7122 : Sent: Yx   To: /dev/tty.usbserial-B003BNCD   Received: Yrcpu
2024-09-02 11:12:14.354 : SN 7122 : Sent: A5x   To: /dev/tty.usbserial-B003BNCD   Received: A5,0,d
2024-09-02 11:12:14.418 : SN 7122 : Sent: LIx   To: /dev/tty.usbserial-B003BNCD   Received: LI,0000000000s,0000000255m,0000000000s,0000000011m,00000000.00m,
2024-09-02 11:12:14.451 : SN 7122 : Sent: Lmx   To: /dev/tty.usbserial-B003BNCD   Received: LM,3
2024-09-02 11:12:14.482 : SN 7122 : Sent: LZx   To: /dev/tty.usbserial-B003BNCD   Received: LZ,0001048576
2024-09-02 11:12:14.514 : SN 7122 : Sent: L1x   To: /dev/tty.usbserial-B003BNCD   Received: L1,0000004944
2024-09-02 11:12:14.547 : SN 7122 : Sent: Lcx   To: /dev/tty.usbserial-B003BNCD   Received: Lc,24-09-02 2 11:12:16
2024-09-02 11:12:14.550 : SN 7122 : Real Time Clock difference: 1
2024-09-02 11:12:14.578 : SN 7122 : Sent: Ldx   To: /dev/tty.usbserial-B003BNCD   Received: Ld,1
2024-09-02 11:12:14.611 : SN 7122 : Sent: LD1x   To: /dev/tty.usbserial-B003BNCD   Received: Ld,1
2024-09-02 11:12:14.642 : SN 7122 : Sent: Ldx   To: /dev/tty.usbserial-B003BNCD   Received: Ld,1
2024-09-02 11:12:14.675 : SN 7122 : CheckLockVisibility()
2024-09-02 11:12:14.723 : SN 7122 : Sent: Ix   To: /dev/tty.usbserial-B003BNCD   Received: 0000000000s,0000000000s,00000000.00m,00000000.00m
2024-09-02 11:12:14.726 : SN 7122 : ParseReportInterval response: 0000000000s,0000000000s,00000000.00m,00000000.00m
2024-09-02 11:12:14.735 : SN 7122 : GetVersion result: i,00000004,00000006,00000082,00007122
2024-09-02 11:12:14.738 : SN 7122 : Reading Interval Settings: 0000000000s,0000000000s,00000000.00m,00000000.00m
2024-09-02 11:12:14.770 : SN 7122 : Sent: rx   To: /dev/tty.usbserial-B003BNCD   Received: r, 16.92m,0000000022Hz,0000029008c,0000000.063s,-050.0C
2024-09-02 11:12:41.752 : SN 7122 : Sent: LIx   To: /dev/tty.usbserial-B003BNCD   Received: LI,0000000000s,0000000255m,0000000000s,0000000011m,00000000.00m,
2024-09-02 11:12:41.816 : SN 7122 : Sent: Lmx   To: /dev/tty.usbserial-B003BNCD   Received: LM,3
2024-09-02 11:12:41.848 : SN 7122 : Sent: LZx   To: /dev/tty.usbserial-B003BNCD   Received: LZ,0001048576
2024-09-02 11:12:41.880 : SN 7122 : Sent: L1x   To: /dev/tty.usbserial-B003BNCD   Received: L1,0000004944
2024-09-02 11:12:41.928 : SN 7122 : Sent: Lcx   To: /dev/tty.usbserial-B003BNCD   Received: Lc,24-09-02 2 11:12:43
2024-09-02 11:12:41.931 : SN 7122 : Real Time Clock difference: 1
2024-09-02 11:12:41.960 : SN 7122 : Sent: Ldx   To: /dev/tty.usbserial-B003BNCD   Received: Ld,1
2024-09-02 11:12:41.992 : SN 7122 : Sent: L1x   To: /dev/tty.usbserial-B003BNCD   Received: L1,0000004944
2024-09-02 11:12:42.024 : SN 7122 : Sent: L1x   To: /dev/tty.usbserial-B003BNCD   Received: L1,0000004944
2024-09-02 11:12:42.072 : SN 7122 : Sent: L40000000000x   To: /dev/tty.usbserial-B003BNCD   Received: L4,24-08-16 6 06:45:35,10.67, 024.4C,237,0
2024-09-02 11:12:54.022 : SN 7122 : Sent: L1x   To: /dev/tty.usbserial-B003BNCD   Received: L1,0000004944
2024-09-02 11:13:27.425 : SN 7122 : DL binary retrieve initiated.
2024-09-02 11:13:27.473 : SN 7122 : Sent: Lmx   To: /dev/tty.usbserial-B003BNCD   Received: LM,3
2024-09-02 11:13:38.821 : SN 7122 : DL binary retrieve initiated.
2024-09-02 11:13:38.865 : SN 7122 : Sent: Lmx   To: /dev/tty.usbserial-B003BNCD   Received: LM,3
2024-09-02 11:14:51.354 : SN 7122 : DL binary retrieve initiated.
2024-09-02 11:14:51.400 : SN 7122 : Sent: Lmx   To: /dev/tty.usbserial-B003BNCD   Received: LM,3
2024-09-02 11:15:09.317 : SN 7122 : Sent: Lmx   To: /dev/tty.usbserial-B003BNCD   Received: LM,3
2024-09-02 11:15:16.501 : SN 7122 : Retrieved all ASCII
2024-09-02 11:16:26.332 : SN 7122 : Sent: Lmx   To: /dev/tty.usbserial-B003BNCD   Received: LM,3
2024-09-02 11:16:26.380 : SN 7122 : Sent: ix   To: /dev/tty.usbserial-B003BNCD   Received: i,00000004,00000006,00000082,00007122
2024-09-02 11:16:26.412 : SN 7122 : Sent: rx   To: /dev/tty.usbserial-B003BNCD   Received: r, 13.30m,0000000446Hz,0000000000c,0000000.000s, 026.1C
2024-09-02 11:16:26.444 : SN 7122 : Sent: cx   To: /dev/tty.usbserial-B003BNCD   Received: c,00000019.93m,0000300.000s, 018.6C,00000008.71m, 019.0C
2024-09-02 11:16:26.476 : SN 7122 : Sent: Ix   To: /dev/tty.usbserial-B003BNCD   Received: 0000000000s,0000000000s,00000000.00m,00000000.00m
2024-09-02 11:16:26.508 : SN 7122 : Sent: Lcx   To: /dev/tty.usbserial-B003BNCD   Received: Lc,24-09-02 2 11:16:28
2024-09-02 11:16:26.550 : SN 7122 : Sent: LIx   To: /dev/tty.usbserial-B003BNCD   Received: LI,0000000000s,0000000255m,0000000000s,0000000011m,00000000.00m,
2024-09-02 11:16:26.554 : SN 7122 : DLRetrieveRange: End record was -1, set to 4944
2024-09-02 11:20:23.867 : SN 7122 : Retrieved all ASCII
2024-09-02 11:22:29.717 : SN 7122 : Plotting file: /Users/pietdraiby/Documents/udm//20240902_131626_.dat
2024-09-02 11:22:32.782 : SN 7122 : Plotting file: /Users/pietdraiby/Documents/udm//20240818_100409_.dat
2024-09-02 11:37:49.842 : SN 7122 : Sent: Lmx   To: /dev/tty.usbserial-B003BNCD   Received: LM,3
2024-09-02 11:37:49.921 : SN 7122 : Sent: L1x   To: /dev/tty.usbserial-B003BNCD   Received: L1,0000004944
2024-09-02 11:37:49.953 : SN 7122 : Sent: LZx   To: /dev/tty.usbserial-B003BNCD   Received: LZ,0001048576
2024-09-02 11:37:49.985 : SN 7122 : Sent: L0x   To: /dev/tty.usbserial-B003BNCD   Received: L0,239,023
2024-09-02 11:37:56.076 : SN 7122 : Erasing meter database.
2024-09-02 11:37:56.113 : SN 7122 : Sent: L2x   To: /dev/tty.usbserial-B003BNCD   Received: L2
2024-09-02 11:37:56.145 : SN 7122 : Sent: L6x   To: /dev/tty.usbserial-B003BNCD   Received: L6,003
2024-09-02 11:37:57.185 : SN 7122 : Sent: L6x   To: /dev/tty.usbserial-B003BNCD   Received: L6,003
2024-09-02 11:37:58.177 : SN 7122 : Sent: L6x   To: /dev/tty.usbserial-B003BNCD   Received: L6,003
2024-09-02 11:37:59.169 : SN 7122 : Sent: L6x   To: /dev/tty.usbserial-B003BNCD   Received: L6,003
2024-09-02 11:38:00.177 : SN 7122 : Sent: L6x   To: /dev/tty.usbserial-B003BNCD   Received: L6,003
2024-09-02 11:38:01.169 : SN 7122 : Sent: L6x   To: /dev/tty.usbserial-B003BNCD   Received: L6,003
2024-09-02 11:38:02.177 : SN 7122 : Sent: L6x   To: /dev/tty.usbserial-B003BNCD   Received: L6,003
2024-09-02 11:38:03.169 : SN 7122 : Sent: L6x   To: /dev/tty.usbserial-B003BNCD   Received: L6,003
2024-09-02 11:38:04.177 : SN 7122 : Sent: L6x   To: /dev/tty.usbserial-B003BNCD   Received: L6,003
2024-09-02 11:38:05.169 : SN 7122 : Sent: L6x   To: /dev/tty.usbserial-B003BNCD   Received: L6,003
2024-09-02 11:38:06.177 : SN 7122 : Sent: L6x   To: /dev/tty.usbserial-B003BNCD   Received: L6,003
2024-09-02 11:38:07.168 : SN 7122 : Sent: L6x   To: /dev/tty.usbserial-B003BNCD   Received: L6,003
2024-09-02 11:38:08.177 : SN 7122 : Sent: L6x   To: /dev/tty.usbserial-B003BNCD   Received: L6,003
2024-09-02 11:38:09.184 : SN 7122 : Sent: L6x   To: /dev/tty.usbserial-B003BNCD   Received: L6,003
2024-09-02 11:38:10.177 : SN 7122 : Sent: L6x   To: /dev/tty.usbserial-B003BNCD   Received: L6,003
2024-09-02 11:38:11.184 : SN 7122 : Sent: L6x   To: /dev/tty.usbserial-B003BNCD   Received: L6,003
2024-09-02 11:38:12.177 : SN 7122 : Sent: L6x   To: /dev/tty.usbserial-B003BNCD   Received: L6,003
2024-09-02 11:38:13.169 : SN 7122 : Sent: L6x   To: /dev/tty.usbserial-B003BNCD   Received: L6,003
2024-09-02 11:38:14.177 : SN 7122 : Sent: L6x   To: /dev/tty.usbserial-B003BNCD   Received: L6,003
2024-09-02 11:38:15.168 : SN 7122 : Sent: L6x   To: /dev/tty.usbserial-B003BNCD   Received: L6,003
2024-09-02 11:38:16.176 : SN 7122 : Sent: L6x   To: /dev/tty.usbserial-B003BNCD   Received: L6,003
2024-09-02 11:38:17.168 : SN 7122 : Sent: L6x   To: /dev/tty.usbserial-B003BNCD   Received: L6,003
2024-09-02 11:38:18.176 : SN 7122 : Sent: L6x   To: /dev/tty.usbserial-B003BNCD   Received: L6,003
2024-09-02 11:38:19.168 : SN 7122 : Sent: L6x   To: /dev/tty.usbserial-B003BNCD   Received: L6,003
2024-09-02 11:38:20.176 : SN 7122 : Sent: L6x   To: /dev/tty.usbserial-B003BNCD   Received: L6,003
2024-09-02 11:38:21.184 : SN 7122 : Sent: L6x   To: /dev/tty.usbserial-B003BNCD   Received: L6,003
2024-09-02 11:38:22.176 : SN 7122 : Sent: L6x   To: /dev/tty.usbserial-B003BNCD   Received: L6,003
2024-09-02 11:38:23.184 : SN 7122 : Sent: L6x   To: /dev/tty.usbserial-B003BNCD   Received: L6,003
2024-09-02 11:38:24.176 : SN 7122 : Sent: L6x   To: /dev/tty.usbserial-B003BNCD   Received: L6,003
2024-09-02 11:38:25.184 : SN 7122 : Sent: L6x   To: /dev/tty.usbserial-B003BNCD   Received: L6,003
2024-09-02 11:38:26.176 : SN 7122 : Sent: L6x   To: /dev/tty.usbserial-B003BNCD   Received: L6,003
2024-09-02 11:38:27.183 : SN 7122 : Sent: L6x   To: /dev/tty.usbserial-B003BNCD   Received: L6,003
2024-09-02 11:38:28.175 : SN 7122 : Sent: L6x   To: /dev/tty.usbserial-B003BNCD   Received: L6,003
2024-09-02 11:38:29.183 : SN 7122 : Sent: L6x   To: /dev/tty.usbserial-B003BNCD   Received: L6,003
2024-09-02 11:38:30.175 : SN 7122 : Sent: L6x   To: /dev/tty.usbserial-B003BNCD   Received: L6,003
2024-09-02 11:38:31.183 : SN 7122 : Sent: L6x   To: /dev/tty.usbserial-B003BNCD   Received: L6,003
2024-09-02 11:38:32.175 : SN 7122 : Sent: L6x   To: /dev/tty.usbserial-B003BNCD   Received: L6,003
2024-09-02 11:38:33.183 : SN 7122 : Sent: L6x   To: /dev/tty.usbserial-B003BNCD   Received: L6,003
2024-09-02 11:38:34.175 : SN 7122 : Sent: L6x   To: /dev/tty.usbserial-B003BNCD   Received: L6,003
2024-09-02 11:38:35.183 : SN 7122 : Sent: L6x   To: /dev/tty.usbserial-B003BNCD   Received: L6,003
2024-09-02 11:38:36.175 : SN 7122 : Sent: L6x   To: /dev/tty.usbserial-B003BNCD   Received: L6,003
2024-09-02 11:38:37.183 : SN 7122 : Sent: L6x   To: /dev/tty.usbserial-B003BNCD   Received: L6,003
2024-09-02 11:38:38.174 : SN 7122 : Sent: L6x   To: /dev/tty.usbserial-B003BNCD   Received: L6,003
2024-09-02 11:38:39.182 : SN 7122 : Sent: L6x   To: /dev/tty.usbserial-B003BNCD   Received: L6,003
2024-09-02 11:38:40.174 : SN 7122 : Sent: L6x   To: /dev/tty.usbserial-B003BNCD   Received: L6,003
2024-09-02 11:38:41.182 : SN 7122 : Sent: L6x   To: /dev/tty.usbserial-B003BNCD   Received: L6,003
2024-09-02 11:38:42.174 : SN 7122 : Sent: L6x   To: /dev/tty.usbserial-B003BNCD   Received: L6,003
2024-09-02 11:38:43.182 : SN 7122 : Sent: L6x   To: /dev/tty.usbserial-B003BNCD   Received: L6,000
2024-09-02 11:38:48.755 : SN 7122 : Sent: LIx   To: /dev/tty.usbserial-B003BNCD   Received: LI,0000000000s,0000000255m,0000000000s,0000000011m,00000000.00m,
2024-09-02 11:38:48.819 : SN 7122 : Sent: Lmx   To: /dev/tty.usbserial-B003BNCD   Received: LM,3
2024-09-02 11:38:48.851 : SN 7122 : Sent: LZx   To: /dev/tty.usbserial-B003BNCD   Received: LZ,0001048576
2024-09-02 11:38:48.883 : SN 7122 : Sent: L1x   To: /dev/tty.usbserial-B003BNCD   Received: L1,0000000000
2024-09-02 11:38:48.915 : SN 7122 : Sent: Lcx   To: /dev/tty.usbserial-B003BNCD   Received: Lc,24-09-02 2 11:38:50
2024-09-02 11:38:48.927 : SN 7122 : Real Time Clock difference: 1
2024-09-02 11:38:48.947 : SN 7122 : Sent: Ldx   To: /dev/tty.usbserial-B003BNCD   Received: Ld,1
2024-09-02 11:38:48.979 : SN 7122 : Sent: L1x   To: /dev/tty.usbserial-B003BNCD   Received: L1,0000000000
2024-09-02 11:38:49.011 : SN 7122 : Sent: L1x   To: /dev/tty.usbserial-B003BNCD   Received: L1,0000000000
2024-09-02 11:39:59.061 : SN 7122 : Sent: m0x   To: /dev/tty.usbserial-B003BNCD   Received: m0,255
2024-09-02 11:39:59.093 : SN 7122 : Sent: m1x   To: /dev/tty.usbserial-B003BNCD   Received: m1,255
2024-09-02 11:39:59.125 : SN 7122 : Sent: m2x   To: /dev/tty.usbserial-B003BNCD   Received: m2,255
2024-09-02 11:39:59.157 : SN 7122 : Sent: Lvx   To: /dev/tty.usbserial-B003BNCD   Received: Lv,2
2024-09-02 11:39:59.161 : SN 7122 : ContCheck(Yx)
2024-09-02 11:39:59.189 : SN 7122 : Sent: Yx   To: /dev/tty.usbserial-B003BNCD   Received: Yrcpu
2024-09-02 11:39:59.253 : SN 7122 : Sent: A5x   To: /dev/tty.usbserial-B003BNCD   Received: A5,0,d
2024-09-02 11:39:59.333 : SN 7122 : Sent: LIx   To: /dev/tty.usbserial-B003BNCD   Received: LI,0000000000s,0000000255m,0000000000s,0000000041m,00000000.00m,
2024-09-02 11:39:59.365 : SN 7122 : Sent: Lmx   To: /dev/tty.usbserial-B003BNCD   Received: LM,3
2024-09-02 11:39:59.397 : SN 7122 : Sent: LZx   To: /dev/tty.usbserial-B003BNCD   Received: LZ,0001048576
2024-09-02 11:39:59.429 : SN 7122 : Sent: L1x   To: /dev/tty.usbserial-B003BNCD   Received: L1,0000000000
2024-09-02 11:39:59.460 : SN 7122 : Sent: Lcx   To: /dev/tty.usbserial-B003BNCD   Received: Lc,24-09-02 2 11:40:01
2024-09-02 11:39:59.464 : SN 7122 : Real Time Clock difference: 1
2024-09-02 11:39:59.493 : SN 7122 : Sent: Ldx   To: /dev/tty.usbserial-B003BNCD   Received: Ld,1
2024-09-02 11:39:59.525 : SN 7122 : Sent: LD1x   To: /dev/tty.usbserial-B003BNCD   Received: Ld,1
2024-09-02 11:39:59.557 : SN 7122 : Sent: Ldx   To: /dev/tty.usbserial-B003BNCD   Received: Ld,1
2024-09-02 11:39:59.588 : SN 7122 : CheckLockVisibility()
2024-09-02 11:39:59.637 : SN 7122 : Sent: Ix   To: /dev/tty.usbserial-B003BNCD   Received: 0000000000s,0000000000s,00000000.00m,00000000.00m
2024-09-02 11:39:59.640 : SN 7122 : ParseReportInterval response: 0000000000s,0000000000s,00000000.00m,00000000.00m
2024-09-02 11:39:59.649 : SN 7122 : GetVersion result: i,00000004,00000006,00000082,00007122
2024-09-02 11:39:59.651 : SN 7122 : Reading Interval Settings: 0000000000s,0000000000s,00000000.00m,00000000.00m
2024-09-02 11:39:59.685 : SN 7122 : Sent: rx   To: /dev/tty.usbserial-B003BNCD   Received: r, 09.86m,0000010721Hz,0000000000c,0000000.000s,-050.0C
2024-09-13 11:39:14.104 : SN 7122 : Sent: m0x   To: /dev/tty.usbserial-B003BNCD   Received: m0,255
2024-09-13 11:39:14.135 : SN 7122 : Sent: m1x   To: /dev/tty.usbserial-B003BNCD   Received: m1,255
2024-09-13 11:39:14.167 : SN 7122 : Sent: m2x   To: /dev/tty.usbserial-B003BNCD   Received: m2,255
2024-09-13 11:39:14.199 : SN 7122 : Sent: Lvx   To: /dev/tty.usbserial-B003BNCD   Received: Lv,2
2024-09-13 11:39:14.203 : SN 7122 : ContCheck(Yx)
2024-09-13 11:39:14.231 : SN 7122 : Sent: Yx   To: /dev/tty.usbserial-B003BNCD   Received: Yrcpu
2024-09-13 11:39:14.295 : SN 7122 : Sent: A5x   To: /dev/tty.usbserial-B003BNCD   Received: A5,0,d
2024-09-13 11:39:14.380 : SN 7122 : Sent: LIx   To: /dev/tty.usbserial-B003BNCD   Received: LI,0000000000s,0000000255m,0000000000s,0000000009m,00000000.00m,
2024-09-13 11:39:14.412 : SN 7122 : Sent: Lmx   To: /dev/tty.usbserial-B003BNCD   Received: LM,3
2024-09-13 11:39:14.444 : SN 7122 : Sent: LZx   To: /dev/tty.usbserial-B003BNCD   Received: LZ,0001048576
2024-09-13 11:39:14.476 : SN 7122 : Sent: L1x   To: /dev/tty.usbserial-B003BNCD   Received: L1,0000003168
2024-09-13 11:39:14.508 : SN 7122 : Sent: Lcx   To: /dev/tty.usbserial-B003BNCD   Received: Lc,24-09-13 6 11:39:17
2024-09-13 11:39:14.512 : SN 7122 : Real Time Clock difference: 2
2024-09-13 11:39:14.540 : SN 7122 : Sent: Ldx   To: /dev/tty.usbserial-B003BNCD   Received: Ld,1
2024-09-13 11:39:14.572 : SN 7122 : Sent: LD1x   To: /dev/tty.usbserial-B003BNCD   Received: Ld,1
2024-09-13 11:39:14.588 : SN 7122 : Sent: Ldx   To: /dev/tty.usbserial-B003BNCD   Received: Ld,1
2024-09-13 11:39:14.616 : SN 7122 : CheckLockVisibility()
2024-09-13 11:39:14.668 : SN 7122 : Sent: Ix   To: /dev/tty.usbserial-B003BNCD   Received: 0000000000s,0000000000s,00000000.00m,00000000.00m
2024-09-13 11:39:14.672 : SN 7122 : ParseReportInterval response: 0000000000s,0000000000s,00000000.00m,00000000.00m
2024-09-13 11:39:14.680 : SN 7122 : GetVersion result: i,00000004,00000006,00000082,00007122
2024-09-13 11:39:14.680 : SN 7122 : Reading Interval Settings: 0000000000s,0000000000s,00000000.00m,00000000.00m
2024-09-13 11:39:14.716 : SN 7122 : Sent: rx   To: /dev/tty.usbserial-B003BNCD   Received: r, 06.97m,0000152576Hz,0000000000c,0000000.000s,-050.0C
2024-09-13 11:39:19.316 : SN 7122 : Sent: LIx   To: /dev/tty.usbserial-B003BNCD   Received: LI,0000000000s,0000000255m,0000000000s,0000000009m,00000000.00m,
2024-09-13 11:39:19.380 : SN 7122 : Sent: Lmx   To: /dev/tty.usbserial-B003BNCD   Received: LM,3
2024-09-13 11:39:19.412 : SN 7122 : Sent: LZx   To: /dev/tty.usbserial-B003BNCD   Received: LZ,0001048576
2024-09-13 11:39:19.444 : SN 7122 : Sent: L1x   To: /dev/tty.usbserial-B003BNCD   Received: L1,0000003168
2024-09-13 11:39:19.476 : SN 7122 : Sent: Lcx   To: /dev/tty.usbserial-B003BNCD   Received: Lc,24-09-13 6 11:39:22
2024-09-13 11:39:19.480 : SN 7122 : Real Time Clock difference: 2
2024-09-13 11:39:19.508 : SN 7122 : Sent: Ldx   To: /dev/tty.usbserial-B003BNCD   Received: Ld,1
2024-09-13 11:39:19.540 : SN 7122 : Sent: L1x   To: /dev/tty.usbserial-B003BNCD   Received: L1,0000003168
2024-09-13 11:39:19.572 : SN 7122 : Sent: L1x   To: /dev/tty.usbserial-B003BNCD   Received: L1,0000003168
2024-09-13 11:39:19.620 : SN 7122 : Sent: L40000000000x   To: /dev/tty.usbserial-B003BNCD   Received: L4,24-09-02 2 11:40:37,09.65, 024.8C,228,0
2024-09-13 11:39:28.626 : SN 7122 : Sent: L1x   To: /dev/tty.usbserial-B003BNCD   Received: L1,0000003168
2024-09-13 11:39:47.006 : SN 7122 : DL Trigger mode button changed.
2024-09-13 11:39:47.057 : SN 7122 : Sent: Lmx   To: /dev/tty.usbserial-B003BNCD   Received: LM,3
2024-09-13 11:39:47.089 : SN 7122 : Sent: LM2x   To: /dev/tty.usbserial-B003BNCD   Received: LM,2
2024-09-13 11:39:47.093 : SN 7122 : Set trigger mode to value 2
2024-09-13 11:39:53.406 : SN 7122 : Sent: LPM0000000005x   To: /dev/tty.usbserial-B003BNCD   Received: LP,M0000000000s,0000000005m,0000000000s,0000000005m,00000000.00m,
2024-09-13 11:40:01.911 : SN 7122 : Setting unit clock...
2024-09-13 11:40:01.949 : SN 7122 : Sent: LC24-09-13 6 11:40:01x   To: /dev/tty.usbserial-B003BNCD   Received: LC,24-09-13 6 11:40:01
2024-09-13 11:40:03.741 : SN 7122 : Sent: LIx   To: /dev/tty.usbserial-B003BNCD   Received: LI,0000000000s,0000000005m,0000000000s,0000000005m,00000000.00m,
2024-09-13 11:40:03.822 : SN 7122 : Sent: Lmx   To: /dev/tty.usbserial-B003BNCD   Received: LM,2
2024-09-13 11:40:03.854 : SN 7122 : Sent: LZx   To: /dev/tty.usbserial-B003BNCD   Received: LZ,0001048576
2024-09-13 11:40:03.886 : SN 7122 : Sent: L1x   To: /dev/tty.usbserial-B003BNCD   Received: L1,0000003168
2024-09-13 11:40:03.918 : SN 7122 : Sent: Lcx   To: /dev/tty.usbserial-B003BNCD   Received: Lc,24-09-13 6 11:40:03
2024-09-13 11:40:03.922 : SN 7122 : Real Time Clock difference: 0
2024-09-13 11:40:03.950 : SN 7122 : Sent: Ldx   To: /dev/tty.usbserial-B003BNCD   Received: Ld,1
2024-09-13 11:40:43.636 : SN 7122 : Sent: LIx   To: /dev/tty.usbserial-B003BNCD   Received: LI,0000000000s,0000000005m,0000000000s,0000000005m,00000000.00m,
2024-09-13 11:40:43.699 : SN 7122 : Sent: Lmx   To: /dev/tty.usbserial-B003BNCD   Received: LM,2
2024-09-13 11:40:43.731 : SN 7122 : Sent: LZx   To: /dev/tty.usbserial-B003BNCD   Received: LZ,0001048576
2024-09-13 11:40:43.763 : SN 7122 : Sent: L1x   To: /dev/tty.usbserial-B003BNCD   Received: L1,0000003168
2024-09-13 11:40:43.795 : SN 7122 : Sent: Lcx   To: /dev/tty.usbserial-B003BNCD   Received: Lc,24-09-13 6 11:40:43
2024-09-13 11:40:43.800 : SN 7122 : Real Time Clock difference: 0
2024-09-13 11:40:43.828 : SN 7122 : Sent: Ldx   To: /dev/tty.usbserial-B003BNCD   Received: Ld,1
2024-09-13 11:40:43.860 : SN 7122 : Sent: L1x   To: /dev/tty.usbserial-B003BNCD   Received: L1,0000003168
2024-09-13 11:40:43.891 : SN 7122 : Sent: L1x   To: /dev/tty.usbserial-B003BNCD   Received: L1,0000003168
2024-09-13 11:40:43.940 : SN 7122 : Sent: L40000000000x   To: /dev/tty.usbserial-B003BNCD   Received: L4,24-09-02 2 11:40:37,09.65, 024.8C,228,0
2024-09-13 11:40:54.355 : SN 7122 : Sent: L1x   To: /dev/tty.usbserial-B003BNCD   Received: L1,0000003168
2024-09-13 11:40:57.450 : SN 7122 : DL binary retrieve initiated.
2024-09-13 11:40:57.491 : SN 7122 : Sent: Lmx   To: /dev/tty.usbserial-B003BNCD   Received: LM,2
2024-09-13 11:40:57.523 : SN 7122 : Sent: ix   To: /dev/tty.usbserial-B003BNCD   Received: i,00000004,00000006,00000082,00007122
2024-09-13 11:40:57.555 : SN 7122 : Sent: rx   To: /dev/tty.usbserial-B003BNCD   Received: r, 06.96m,0000153681Hz,0000000000c,0000000.000s, 019.9C
2024-09-13 11:40:57.587 : SN 7122 : Sent: cx   To: /dev/tty.usbserial-B003BNCD   Received: c,00000019.93m,0000300.000s, 018.6C,00000008.71m, 019.0C
2024-09-13 11:40:57.619 : SN 7122 : Sent: Ix   To: /dev/tty.usbserial-B003BNCD   Received: 0000000000s,0000000000s,00000000.00m,00000000.00m
2024-09-13 11:40:57.651 : SN 7122 : Sent: Lcx   To: /dev/tty.usbserial-B003BNCD   Received: Lc,24-09-13 6 11:40:57
2024-09-13 11:40:57.692 : SN 7122 : Sent: LIx   To: /dev/tty.usbserial-B003BNCD   Received: LI,0000000000s,0000000005m,0000000000s,0000000005m,00000000.00m,
2024-09-13 11:40:57.708 : SN 7122 : 3168 Packets 16 bytes long.
2024-09-13 11:41:40.402 : SN 7122 : Plotting file: /Users/pietdraiby/Documents/udm//20240913_134057_Almindingen.dat
2024-09-13 11:42:25.057 : SN 7122 : Sent: LPM0000000005x   To: /dev/tty.usbserial-B003BNCD   Received: LP,M0000000000s,0000000005m,0000000000s,0000000005m,00000000.00m,
2024-09-13 11:42:34.614 : SN 7122 : Plotter: PlotFilesStringGridCompareCells exception
2024-09-13 11:42:34.772 : SN 7122 : Plotter: PlotFilesStringGridCompareCells exception
2024-09-13 11:42:34.773 : SN 7122 : Plotter: PlotFilesStringGridCompareCells exception
2024-09-13 11:42:34.773 : SN 7122 : Plotter: PlotFilesStringGridCompareCells exception
2024-09-13 11:42:34.774 : SN 7122 : Plotter: PlotFilesStringGridCompareCells exception
2024-09-13 11:42:34.774 : SN 7122 : Plotter: PlotFilesStringGridCompareCells exception
2024-09-13 11:42:34.774 : SN 7122 : Plotter: PlotFilesStringGridCompareCells exception
2024-09-13 11:42:34.775 : SN 7122 : Plotter: PlotFilesStringGridCompareCells exception
2024-09-13 11:42:34.775 : SN 7122 : Plotter: PlotFilesStringGridCompareCells exception
2024-09-13 11:42:34.775 : SN 7122 : Plotter: PlotFilesStringGridCompareCells exception
2024-09-13 11:42:34.776 : SN 7122 : Plotter: PlotFilesStringGridCompareCells exception
2024-09-13 11:42:34.776 : SN 7122 : Plotter: PlotFilesStringGridCompareCells exception
2024-09-13 11:42:34.776 : SN 7122 : Plotter: PlotFilesStringGridCompareCells exception
2024-09-13 11:42:34.776 : SN 7122 : Plotter: PlotFilesStringGridCompareCells exception
2024-09-13 11:42:34.777 : SN 7122 : Plotter: PlotFilesStringGridCompareCells exception
2024-09-13 11:42:34.777 : SN 7122 : Plotter: PlotFilesStringGridCompareCells exception
2024-09-13 11:42:34.777 : SN 7122 : Plotter: PlotFilesStringGridCompareCells exception
2024-09-13 11:42:34.777 : SN 7122 : Plotter: PlotFilesStringGridCompareCells exception
2024-09-13 11:42:34.777 : SN 7122 : Plotter: PlotFilesStringGridCompareCells exception
2024-09-13 11:42:34.778 : SN 7122 : Plotter: PlotFilesStringGridCompareCells exception
2024-09-13 11:42:34.778 : SN 7122 : Plotter: PlotFilesStringGridCompareCells exception
2024-09-13 11:42:34.778 : SN 7122 : Plotter: PlotFilesStringGridCompareCells exception
2024-09-13 11:42:34.778 : SN 7122 : Plotter: PlotFilesStringGridCompareCells exception
2024-09-13 11:42:34.778 : SN 7122 : Plotter: PlotFilesStringGridCompareCells exception
2024-09-13 11:42:34.779 : SN 7122 : Plotter: PlotFilesStringGridCompareCells exception
2024-09-13 11:42:34.779 : SN 7122 : Plotter: PlotFilesStringGridCompareCells exception
2024-09-13 11:42:34.779 : SN 7122 : Plotter: PlotFilesStringGridCompareCells exception
2024-09-13 11:42:34.779 : SN 7122 : Plotter: PlotFilesStringGridCompareCells exception
2024-09-13 11:42:34.780 : SN 7122 : Plotter: PlotFilesStringGridCompareCells exception
2024-09-13 11:42:34.780 : SN 7122 : Plotter: PlotFilesStringGridCompareCells exception
2024-09-13 11:42:34.780 : SN 7122 : Plotter: PlotFilesStringGridCompareCells exception
2024-09-13 11:42:34.780 : SN 7122 : Plotter: PlotFilesStringGridCompareCells exception
2024-09-13 11:42:34.780 : SN 7122 : Plotter: PlotFilesStringGridCompareCells exception
2024-09-13 11:42:34.781 : SN 7122 : Plotter: PlotFilesStringGridCompareCells exception
2024-09-13 11:42:34.781 : SN 7122 : Plotter: PlotFilesStringGridCompareCells exception
2024-09-13 11:42:34.781 : SN 7122 : Plotter: PlotFilesStringGridCompareCells exception
2024-09-13 11:42:34.781 : SN 7122 : Plotter: PlotFilesStringGridCompareCells exception
2024-09-13 11:42:34.781 : SN 7122 : Plotter: PlotFilesStringGridCompareCells exception
2024-09-13 11:42:34.782 : SN 7122 : Plotter: PlotFilesStringGridCompareCells exception
2024-09-13 11:42:34.782 : SN 7122 : Plotter: PlotFilesStringGridCompareCells exception
2024-09-13 11:42:34.782 : SN 7122 : Plotter: PlotFilesStringGridCompareCells exception
2024-09-13 11:42:34.782 : SN 7122 : Plotter: PlotFilesStringGridCompareCells exception
2024-09-13 11:42:34.783 : SN 7122 : Plotter: PlotFilesStringGridCompareCells exception
2024-09-13 11:42:34.783 : SN 7122 : Plotter: PlotFilesStringGridCompareCells exception
2024-09-13 11:42:34.783 : SN 7122 : Plotter: PlotFilesStringGridCompareCells exception
2024-09-13 11:42:34.783 : SN 7122 : Plotter: PlotFilesStringGridCompareCells exception
2024-09-13 11:42:34.783 : SN 7122 : Plotter: PlotFilesStringGridCompareCells exception
2024-09-13 11:42:34.784 : SN 7122 : Plotter: PlotFilesStringGridCompareCells exception
2024-09-13 11:42:34.784 : SN 7122 : Plotter: PlotFilesStringGridCompareCells exception
2024-09-13 11:42:34.784 : SN 7122 : Plotter: PlotFilesStringGridCompareCells exception
2024-09-13 11:42:34.784 : SN 7122 : Plotter: PlotFilesStringGridCompareCells exception
2024-09-13 11:42:34.784 : SN 7122 : Plotter: PlotFilesStringGridCompareCells exception
2024-09-13 11:42:34.785 : SN 7122 : Plotter: PlotFilesStringGridCompareCells exception
2024-09-13 11:42:34.785 : SN 7122 : Plotter: PlotFilesStringGridCompareCells exception
2024-09-13 11:42:34.785 : SN 7122 : Plotter: PlotFilesStringGridCompareCells exception
2024-09-13 11:42:34.785 : SN 7122 : Plotter: PlotFilesStringGridCompareCells exception
2024-09-13 11:42:34.785 : SN 7122 : Plotter: PlotFilesStringGridCompareCells exception
2024-09-13 11:42:34.786 : SN 7122 : Plotter: PlotFilesStringGridCompareCells exception
2024-09-13 11:42:34.786 : SN 7122 : Plotter: PlotFilesStringGridCompareCells exception
2024-09-13 11:42:34.786 : SN 7122 : Plotter: PlotFilesStringGridCompareCells exception
2024-09-13 11:42:34.786 : SN 7122 : Plotter: PlotFilesStringGridCompareCells exception
2024-09-13 11:42:34.786 : SN 7122 : Plotter: PlotFilesStringGridCompareCells exception
2024-09-13 11:42:34.786 : SN 7122 : Plotter: PlotFilesStringGridCompareCells exception
2024-09-13 11:42:34.787 : SN 7122 : Plotter: PlotFilesStringGridCompareCells exception
2024-09-13 11:42:34.787 : SN 7122 : Plotter: PlotFilesStringGridCompareCells exception
2024-09-13 11:42:34.787 : SN 7122 : Plotter: PlotFilesStringGridCompareCells exception
2024-09-13 11:42:34.787 : SN 7122 : Plotter: PlotFilesStringGridCompareCells exception
2024-09-13 11:42:34.788 : SN 7122 : Plotter: PlotFilesStringGridCompareCells exception
2024-09-13 11:42:34.788 : SN 7122 : Plotter: PlotFilesStringGridCompareCells exception
2024-09-13 11:42:34.788 : SN 7122 : Plotter: PlotFilesStringGridCompareCells exception
2024-09-13 11:42:34.789 : SN 7122 : Plotter: PlotFilesStringGridCompareCells exception
2024-09-13 11:42:34.789 : SN 7122 : Plotter: PlotFilesStringGridCompareCells exception
2024-09-13 11:42:34.789 : SN 7122 : Plotter: PlotFilesStringGridCompareCells exception
2024-09-13 11:42:34.790 : SN 7122 : Plotter: PlotFilesStringGridCompareCells exception
2024-09-13 11:42:34.790 : SN 7122 : Plotter: PlotFilesStringGridCompareCells exception
2024-09-13 11:42:34.790 : SN 7122 : Plotter: PlotFilesStringGridCompareCells exception
2024-09-13 11:42:34.791 : SN 7122 : Plotter: PlotFilesStringGridCompareCells exception
2024-09-13 11:42:34.791 : SN 7122 : Plotter: PlotFilesStringGridCompareCells exception
2024-09-13 11:42:34.791 : SN 7122 : Plotter: PlotFilesStringGridCompareCells exception
2024-09-13 11:42:34.791 : SN 7122 : Plotter: PlotFilesStringGridCompareCells exception
2024-09-13 11:42:34.792 : SN 7122 : Plotter: PlotFilesStringGridCompareCells exception
2024-09-13 11:42:34.792 : SN 7122 : Plotter: PlotFilesStringGridCompareCells exception
2024-09-13 11:42:34.792 : SN 7122 : Plotter: PlotFilesStringGridCompareCells exception
2024-09-13 11:42:34.792 : SN 7122 : Plotter: PlotFilesStringGridCompareCells exception
2024-09-13 11:42:34.792 : SN 7122 : Plotter: PlotFilesStringGridCompareCells exception
2024-09-13 11:42:34.793 : SN 7122 : Plotter: PlotFilesStringGridCompareCells exception
2024-09-13 11:42:34.793 : SN 7122 : Plotter: PlotFilesStringGridCompareCells exception
2024-09-13 11:42:34.793 : SN 7122 : Plotter: PlotFilesStringGridCompareCells exception
2024-09-13 11:42:34.793 : SN 7122 : Plotter: PlotFilesStringGridCompareCells exception
2024-09-13 11:42:34.794 : SN 7122 : Plotter: PlotFilesStringGridCompareCells exception
2024-09-13 11:42:34.794 : SN 7122 : Plotter: PlotFilesStringGridCompareCells exception
2024-09-13 11:42:34.794 : SN 7122 : Plotter: PlotFilesStringGridCompareCells exception
2024-09-13 11:42:34.794 : SN 7122 : Plotter: PlotFilesStringGridCompareCells exception
2024-09-13 11:42:34.794 : SN 7122 : Plotter: PlotFilesStringGridCompareCells exception
2024-09-13 11:42:34.795 : SN 7122 : Plotter: PlotFilesStringGridCompareCells exception
2024-09-13 11:42:34.795 : SN 7122 : Plotter: PlotFilesStringGridCompareCells exception
2024-09-13 11:42:34.795 : SN 7122 : Plotter: PlotFilesStringGridCompareCells exception
2024-09-13 11:42:34.795 : SN 7122 : Plotter: PlotFilesStringGridCompareCells exception
2024-09-13 11:42:34.795 : SN 7122 : Plotter: PlotFilesStringGridCompareCells exception
2024-09-13 11:42:34.796 : SN 7122 : Plotter: PlotFilesStringGridCompareCells exception
2024-09-13 11:42:34.796 : SN 7122 : Plotter: PlotFilesStringGridCompareCells exception
2024-09-13 11:42:34.796 : SN 7122 : Plotter: PlotFilesStringGridCompareCells exception
2024-09-13 11:42:34.796 : SN 7122 : Plotter: PlotFilesStringGridCompareCells exception
2024-09-13 11:42:34.796 : SN 7122 : Plotter: PlotFilesStringGridCompareCells exception
2024-09-13 11:42:34.797 : SN 7122 : Plotter: PlotFilesStringGridCompareCells exception
2024-09-13 11:42:34.797 : SN 7122 : Plotter: PlotFilesStringGridCompareCells exception
2024-09-13 11:42:34.797 : SN 7122 : Plotter: PlotFilesStringGridCompareCells exception
2024-09-13 11:42:34.797 : SN 7122 : Plotter: PlotFilesStringGridCompareCells exception
2024-09-13 11:42:34.797 : SN 7122 : Plotter: PlotFilesStringGridCompareCells exception
2024-09-13 11:42:34.798 : SN 7122 : Plotter: PlotFilesStringGridCompareCells exception
2024-09-13 11:42:34.798 : SN 7122 : Plotter: PlotFilesStringGridCompareCells exception
2024-09-13 11:42:34.798 : SN 7122 : Plotter: PlotFilesStringGridCompareCells exception
2024-09-13 11:42:34.798 : SN 7122 : Plotter: PlotFilesStringGridCompareCells exception
2024-09-13 11:42:34.798 : SN 7122 : Plotter: PlotFilesStringGridCompareCells exception
2024-09-13 11:42:34.799 : SN 7122 : Plotter: PlotFilesStringGridCompareCells exception
2024-09-13 11:42:34.799 : SN 7122 : Plotter: PlotFilesStringGridCompareCells exception
2024-09-13 11:42:34.799 : SN 7122 : Plotter: PlotFilesStringGridCompareCells exception
2024-09-13 11:42:34.799 : SN 7122 : Plotter: PlotFilesStringGridCompareCells exception
2024-09-13 11:42:34.799 : SN 7122 : Plotter: PlotFilesStringGridCompareCells exception
2024-09-13 11:42:34.800 : SN 7122 : Plotter: PlotFilesStringGridCompareCells exception
2024-09-13 11:42:34.800 : SN 7122 : Plotter: PlotFilesStringGridCompareCells exception
2024-09-13 11:42:34.800 : SN 7122 : Plotter: PlotFilesStringGridCompareCells exception
2024-09-13 11:42:34.800 : SN 7122 : Plotter: PlotFilesStringGridCompareCells exception
2024-09-13 11:42:34.801 : SN 7122 : Plotter: PlotFilesStringGridCompareCells exception
2024-09-13 11:42:34.801 : SN 7122 : Plotter: PlotFilesStringGridCompareCells exception
2024-09-13 11:42:34.801 : SN 7122 : Plotter: PlotFilesStringGridCompareCells exception
2024-09-13 11:42:34.801 : SN 7122 : Plotter: PlotFilesStringGridCompareCells exception
2024-09-13 11:42:34.801 : SN 7122 : Plotter: PlotFilesStringGridCompareCells exception
2024-09-13 11:42:34.802 : SN 7122 : Plotter: PlotFilesStringGridCompareCells exception
2024-09-13 11:42:34.802 : SN 7122 : Plotter: PlotFilesStringGridCompareCells exception
2024-09-13 11:42:34.802 : SN 7122 : Plotter: PlotFilesStringGridCompareCells exception
2024-09-13 11:42:34.802 : SN 7122 : Plotter: PlotFilesStringGridCompareCells exception
2024-09-13 11:42:34.802 : SN 7122 : Plotter: PlotFilesStringGridCompareCells exception
2024-09-13 11:42:34.803 : SN 7122 : Plotter: PlotFilesStringGridCompareCells exception
2024-09-13 11:42:34.803 : SN 7122 : Plotter: PlotFilesStringGridCompareCells exception
2024-09-13 11:42:34.803 : SN 7122 : Plotter: PlotFilesStringGridCompareCells exception
2024-09-13 11:42:34.803 : SN 7122 : Plotter: PlotFilesStringGridCompareCells exception
2024-09-13 11:42:34.803 : SN 7122 : Plotter: PlotFilesStringGridCompareCells exception
2024-09-13 11:42:34.804 : SN 7122 : Plotter: PlotFilesStringGridCompareCells exception
2024-09-13 11:42:34.804 : SN 7122 : Plotter: PlotFilesStringGridCompareCells exception
2024-09-13 11:42:34.804 : SN 7122 : Plotter: PlotFilesStringGridCompareCells exception
2024-09-13 11:42:34.804 : SN 7122 : Plotter: PlotFilesStringGridCompareCells exception
2024-09-13 11:42:34.805 : SN 7122 : Plotter: PlotFilesStringGridCompareCells exception
2024-09-13 11:42:34.805 : SN 7122 : Plotter: PlotFilesStringGridCompareCells exception
2024-09-13 11:42:34.805 : SN 7122 : Plotter: PlotFilesStringGridCompareCells exception
2024-09-13 11:42:34.805 : SN 7122 : Plotter: PlotFilesStringGridCompareCells exception
2024-09-13 11:42:34.805 : SN 7122 : Plotter: PlotFilesStringGridCompareCells exception
2024-09-13 11:42:34.806 : SN 7122 : Plotter: PlotFilesStringGridCompareCells exception
2024-09-13 11:42:34.806 : SN 7122 : Plotter: PlotFilesStringGridCompareCells exception
2024-09-13 11:42:34.806 : SN 7122 : Plotter: PlotFilesStringGridCompareCells exception
2024-09-13 11:42:34.806 : SN 7122 : Plotter: PlotFilesStringGridCompareCells exception
2024-09-13 11:42:34.806 : SN 7122 : Plotter: PlotFilesStringGridCompareCells exception
2024-09-13 11:42:34.807 : SN 7122 : Plotter: PlotFilesStringGridCompareCells exception
2024-09-13 11:42:34.807 : SN 7122 : Plotter: PlotFilesStringGridCompareCells exception
2024-09-13 11:42:34.807 : SN 7122 : Plotter: PlotFilesStringGridCompareCells exception
2024-09-13 11:42:34.807 : SN 7122 : Plotter: PlotFilesStringGridCompareCells exception
2024-09-13 11:42:34.807 : SN 7122 : Plotter: PlotFilesStringGridCompareCells exception
2024-09-13 11:42:34.808 : SN 7122 : Plotter: PlotFilesStringGridCompareCells exception
2024-09-13 11:42:34.808 : SN 7122 : Plotter: PlotFilesStringGridCompareCells exception
2024-09-13 11:42:34.808 : SN 7122 : Plotter: PlotFilesStringGridCompareCells exception
2024-09-13 11:42:34.808 : SN 7122 : Plotter: PlotFilesStringGridCompareCells exception
2024-09-13 11:42:34.808 : SN 7122 : Plotter: PlotFilesStringGridCompareCells exception
2024-09-13 11:42:34.809 : SN 7122 : Plotter: PlotFilesStringGridCompareCells exception
2024-09-13 11:42:34.809 : SN 7122 : Plotter: PlotFilesStringGridCompareCells exception
2024-09-13 11:42:34.809 : SN 7122 : Plotter: PlotFilesStringGridCompareCells exception
2024-09-13 11:42:34.809 : SN 7122 : Plotter: PlotFilesStringGridCompareCells exception
2024-09-13 11:42:58.104 : SN 7122 : Plotting file: /Users/pietdraiby/Documents/udm//20240913_134057_Almindingen.dat
2024-10-08 16:16:17.498 : SN 7122 : Sent: m0x   To: /dev/tty.usbserial-B003BNCD   Received: m0,255
2024-10-08 16:16:17.529 : SN 7122 : Sent: m1x   To: /dev/tty.usbserial-B003BNCD   Received: m1,255
2024-10-08 16:16:17.561 : SN 7122 : Sent: m2x   To: /dev/tty.usbserial-B003BNCD   Received: m2,255
2024-10-08 16:16:17.593 : SN 7122 : Sent: Lvx   To: /dev/tty.usbserial-B003BNCD   Received: Lv,2
2024-10-08 16:16:17.596 : SN 7122 : ContCheck(Yx)
2024-10-08 16:16:17.609 : SN 7122 : Sent: Yx   To: /dev/tty.usbserial-B003BNCD   Received: Yrcpu
2024-10-08 16:16:17.673 : SN 7122 : Sent: A5x   To: /dev/tty.usbserial-B003BNCD   Received: A5,0,d
2024-10-08 16:16:17.762 : SN 7122 : Sent: LIx   To: /dev/tty.usbserial-B003BNCD   Received: LI,0000000000s,0000000005m,0000000000s,0000000005m,00000000.00m,
2024-10-08 16:16:17.795 : SN 7122 : Sent: Lmx   To: /dev/tty.usbserial-B003BNCD   Received: LM,2
2024-10-08 16:16:17.826 : SN 7122 : Sent: LZx   To: /dev/tty.usbserial-B003BNCD   Received: LZ,0001048576
2024-10-08 16:16:17.859 : SN 7122 : Sent: L1x   To: /dev/tty.usbserial-B003BNCD   Received: L1,0000010423
2024-10-08 16:16:17.890 : SN 7122 : Sent: L1x   To: /dev/tty.usbserial-B003BNCD   Received: L1,0000010423
2024-10-08 16:16:17.938 : SN 7122 : Sent: L40000010422x   To: /dev/tty.usbserial-B003BNCD   Received: L4,24-10-08 3 16:14:05,12.82, 013.8C,227,1
2024-10-08 16:16:17.970 : SN 7122 : Sent: Lcx   To: /dev/tty.usbserial-B003BNCD   Received: Lc,24-10-08 3 16:16:18
2024-10-08 16:16:17.973 : SN 7122 : Real Time Clock difference: 0
2024-10-08 16:16:18.002 : SN 7122 : Sent: Ldx   To: /dev/tty.usbserial-B003BNCD   Received: Ld,1
2024-10-08 16:16:18.034 : SN 7122 : Sent: LD1x   To: /dev/tty.usbserial-B003BNCD   Received: Ld,1
2024-10-08 16:16:18.066 : SN 7122 : Sent: Ldx   To: /dev/tty.usbserial-B003BNCD   Received: Ld,1
2024-10-08 16:16:18.097 : SN 7122 : CheckLockVisibility()
2024-10-08 16:16:18.147 : SN 7122 : Sent: Ix   To: /dev/tty.usbserial-B003BNCD   Received: 0000000000s,0000000000s,00000000.00m,00000000.00m
2024-10-08 16:16:18.151 : SN 7122 : ParseReportInterval response: 0000000000s,0000000000s,00000000.00m,00000000.00m
2024-10-08 16:16:18.159 : SN 7122 : GetVersion result: i,00000004,00000006,00000082,00007122
2024-10-08 16:16:18.159 : SN 7122 : Reading Interval Settings: 0000000000s,0000000000s,00000000.00m,00000000.00m
2024-10-08 16:16:18.195 : SN 7122 : Sent: rx   To: /dev/tty.usbserial-B003BNCD   Received: r, 10.02m,0000009232Hz,0000000000c,0000000.000s, 014.5C
2024-10-08 16:16:31.134 : SN 7122 : Sent: LIx   To: /dev/tty.usbserial-B003BNCD   Received: LI,0000000000s,0000000005m,0000000000s,0000000005m,00000000.00m,
2024-10-08 16:16:31.214 : SN 7122 : Sent: Lmx   To: /dev/tty.usbserial-B003BNCD   Received: LM,2
2024-10-08 16:16:31.246 : SN 7122 : Sent: LZx   To: /dev/tty.usbserial-B003BNCD   Received: LZ,0001048576
2024-10-08 16:16:31.278 : SN 7122 : Sent: L1x   To: /dev/tty.usbserial-B003BNCD   Received: L1,0000010423
2024-10-08 16:16:31.310 : SN 7122 : Sent: L1x   To: /dev/tty.usbserial-B003BNCD   Received: L1,0000010423
2024-10-08 16:16:31.358 : SN 7122 : Sent: L40000010422x   To: /dev/tty.usbserial-B003BNCD   Received: L4,24-10-08 3 16:14:05,12.82, 013.8C,227,1
2024-10-08 16:16:31.390 : SN 7122 : Sent: Lcx   To: /dev/tty.usbserial-B003BNCD   Received: Lc,24-10-08 3 16:16:31
2024-10-08 16:16:31.396 : SN 7122 : Real Time Clock difference: 0
2024-10-08 16:16:31.422 : SN 7122 : Sent: Ldx   To: /dev/tty.usbserial-B003BNCD   Received: Ld,1
2024-10-08 16:16:31.454 : SN 7122 : Sent: L1x   To: /dev/tty.usbserial-B003BNCD   Received: L1,0000010423
2024-10-08 16:16:31.486 : SN 7122 : Sent: L1x   To: /dev/tty.usbserial-B003BNCD   Received: L1,0000010423
2024-10-08 16:16:31.534 : SN 7122 : Sent: L40000000000x   To: /dev/tty.usbserial-B003BNCD   Received: L4,24-09-02 2 11:40:37,09.65, 024.8C,228,0
2024-10-08 16:16:39.499 : SN 7122 : Sent: L1x   To: /dev/tty.usbserial-B003BNCD   Received: L1,0000010423
2024-10-08 16:16:43.677 : SN 7122 : DL binary retrieve initiated.
2024-10-08 16:16:43.722 : SN 7122 : Sent: Lmx   To: /dev/tty.usbserial-B003BNCD   Received: LM,2
2024-10-08 16:16:43.754 : SN 7122 : Sent: ix   To: /dev/tty.usbserial-B003BNCD   Received: i,00000004,00000006,00000082,00007122
2024-10-08 16:16:43.786 : SN 7122 : Sent: rx   To: /dev/tty.usbserial-B003BNCD   Received: r, 09.99m,0000009482Hz,0000000000c,0000000.000s, 014.8C
2024-10-08 16:16:43.818 : SN 7122 : Sent: cx   To: /dev/tty.usbserial-B003BNCD   Received: c,00000019.93m,0000300.000s, 018.6C,00000008.71m, 019.0C
2024-10-08 16:16:43.850 : SN 7122 : Sent: Ix   To: /dev/tty.usbserial-B003BNCD   Received: 0000000000s,0000000000s,00000000.00m,00000000.00m
2024-10-08 16:16:43.882 : SN 7122 : Sent: Lcx   To: /dev/tty.usbserial-B003BNCD   Received: Lc,24-10-08 3 16:16:43
2024-10-08 16:16:43.924 : SN 7122 : Sent: LIx   To: /dev/tty.usbserial-B003BNCD   Received: LI,0000000000s,0000000005m,0000000000s,0000000005m,00000000.00m,
2024-10-08 16:16:43.940 : SN 7122 : 10423 Packets 16 bytes long.
2024-11-05 15:57:44.508 : SN 7122 : Sent: m0x   To: /dev/tty.usbserial-B003BNCD   Received: m0,255
2024-11-05 15:57:44.540 : SN 7122 : Sent: m1x   To: /dev/tty.usbserial-B003BNCD   Received: m1,255
2024-11-05 15:57:44.556 : SN 7122 : Sent: m2x   To: /dev/tty.usbserial-B003BNCD   Received: m2,255
2024-11-05 15:57:44.572 : SN 7122 : Sent: Lvx   To: /dev/tty.usbserial-B003BNCD   Received: Lv,2
2024-11-05 15:57:44.575 : SN 7122 : ContCheck(Yx)
2024-11-05 15:57:44.588 : SN 7122 : Sent: Yx   To: /dev/tty.usbserial-B003BNCD   Received: Yrcpu
2024-11-05 15:57:44.652 : SN 7122 : Sent: A5x   To: /dev/tty.usbserial-B003BNCD   Received: A5,0,d
2024-11-05 15:57:44.740 : SN 7122 : Sent: LIx   To: /dev/tty.usbserial-B003BNCD   Received: LI,0000000000s,0000000005m,0000000000s,0000000005m,00000000.00m,
2024-11-05 15:57:44.772 : SN 7122 : Sent: Lmx   To: /dev/tty.usbserial-B003BNCD   Received: LM,2
2024-11-05 15:57:44.804 : SN 7122 : Sent: LZx   To: /dev/tty.usbserial-B003BNCD   Received: LZ,0001048576
2024-11-05 15:57:44.836 : SN 7122 : Sent: L1x   To: /dev/tty.usbserial-B003BNCD   Received: L1,0000018481
2024-11-05 15:57:44.868 : SN 7122 : Sent: L1x   To: /dev/tty.usbserial-B003BNCD   Received: L1,0000018481
2024-11-05 15:57:44.916 : SN 7122 : Sent: L40000018480x   To: /dev/tty.usbserial-B003BNCD   Received: L4,24-11-05 3 15:57:05,13.38, 006.7C,227,1
2024-11-05 15:57:44.948 : SN 7122 : Sent: Lcx   To: /dev/tty.usbserial-B003BNCD   Received: Lc,24-11-05 3 15:57:44
2024-11-05 15:57:44.951 : SN 7122 : Real Time Clock difference: 0
2024-11-05 15:57:44.980 : SN 7122 : Sent: Ldx   To: /dev/tty.usbserial-B003BNCD   Received: Ld,1
2024-11-05 15:57:45.012 : SN 7122 : Sent: LD1x   To: /dev/tty.usbserial-B003BNCD   Received: Ld,1
2024-11-05 15:57:45.028 : SN 7122 : Sent: Ldx   To: /dev/tty.usbserial-B003BNCD   Received: Ld,1
2024-11-05 15:57:45.071 : SN 7122 : CheckLockVisibility()
2024-11-05 15:57:45.124 : SN 7122 : Sent: Ix   To: /dev/tty.usbserial-B003BNCD   Received: 0000000000s,0000000000s,00000000.00m,00000000.00m
2024-11-05 15:57:45.128 : SN 7122 : ParseReportInterval response: 0000000000s,0000000000s,00000000.00m,00000000.00m
2024-11-05 15:57:45.136 : SN 7122 : GetVersion result: i,00000004,00000006,00000082,00007122
2024-11-05 15:57:45.138 : SN 7122 : Reading Interval Settings: 0000000000s,0000000000s,00000000.00m,00000000.00m
2024-11-05 15:57:45.172 : SN 7122 : Sent: rx   To: /dev/tty.usbserial-B003BNCD   Received: r, 15.47m,0000000062Hz,0000007648c,0000000.017s, 006.7C
2024-11-05 15:57:51.650 : SN 7122 : Sent: m0x   To: /dev/tty.usbserial-B003BNCD   Received: m0,255
2024-11-05 15:57:51.682 : SN 7122 : Sent: m1x   To: /dev/tty.usbserial-B003BNCD   Received: m1,255
2024-11-05 15:57:51.698 : SN 7122 : Sent: m2x   To: /dev/tty.usbserial-B003BNCD   Received: m2,255
2024-11-05 15:57:51.714 : SN 7122 : Sent: Lvx   To: /dev/tty.usbserial-B003BNCD   Received: Lv,2
2024-11-05 15:57:51.716 : SN 7122 : ContCheck(Yx)
2024-11-05 15:57:51.729 : SN 7122 : Sent: Yx   To: /dev/tty.usbserial-B003BNCD   Received: Yrcpu
2024-11-05 15:57:51.746 : SN 7122 : Sent: A5x   To: /dev/tty.usbserial-B003BNCD   Received: A5,0,d
2024-11-05 15:57:51.810 : SN 7122 : Sent: LIx   To: /dev/tty.usbserial-B003BNCD   Received: LI,0000000000s,0000000005m,0000000000s,0000000005m,00000000.00m,
2024-11-05 15:57:51.842 : SN 7122 : Sent: Lmx   To: /dev/tty.usbserial-B003BNCD   Received: LM,2
2024-11-05 15:57:51.874 : SN 7122 : Sent: LZx   To: /dev/tty.usbserial-B003BNCD   Received: LZ,0001048576
2024-11-05 15:57:51.906 : SN 7122 : Sent: L1x   To: /dev/tty.usbserial-B003BNCD   Received: L1,0000018481
2024-11-05 15:57:51.938 : SN 7122 : Sent: L1x   To: /dev/tty.usbserial-B003BNCD   Received: L1,0000018481
2024-11-05 15:57:51.986 : SN 7122 : Sent: L40000018480x   To: /dev/tty.usbserial-B003BNCD   Received: L4,24-11-05 3 15:57:05,13.38, 006.7C,227,1
2024-11-05 15:57:52.018 : SN 7122 : Sent: Lcx   To: /dev/tty.usbserial-B003BNCD   Received: Lc,24-11-05 3 15:57:51
2024-11-05 15:57:52.022 : SN 7122 : Real Time Clock difference: 1
2024-11-05 15:57:52.050 : SN 7122 : Sent: Ldx   To: /dev/tty.usbserial-B003BNCD   Received: Ld,1
2024-11-05 15:57:52.084 : SN 7122 : CheckLockVisibility()
2024-11-05 15:57:52.130 : SN 7122 : Sent: Ix   To: /dev/tty.usbserial-B003BNCD   Received: 0000000000s,0000000000s,00000000.00m,00000000.00m
2024-11-05 15:57:52.132 : SN 7122 : ParseReportInterval response: 0000000000s,0000000000s,00000000.00m,00000000.00m
2024-11-05 15:57:52.136 : SN 7122 : GetVersion result: i,00000004,00000006,00000082,00007122
2024-11-05 15:57:52.137 : SN 7122 : Reading Interval Settings: 0000000000s,0000000000s,00000000.00m,00000000.00m
2024-11-05 15:57:52.178 : SN 7122 : Sent: rx   To: /dev/tty.usbserial-B003BNCD   Received: r, 15.57m,0000000058Hz,0000008373c,0000000.018s, 006.7C
2024-11-05 15:58:01.083 : SN 7122 : Sent: LIx   To: /dev/tty.usbserial-B003BNCD   Received: LI,0000000000s,0000000005m,0000000000s,0000000005m,00000000.00m,
2024-11-05 15:58:01.147 : SN 7122 : Sent: Lmx   To: /dev/tty.usbserial-B003BNCD   Received: LM,2
2024-11-05 15:58:01.179 : SN 7122 : Sent: LZx   To: /dev/tty.usbserial-B003BNCD   Received: LZ,0001048576
2024-11-05 15:58:01.211 : SN 7122 : Sent: L1x   To: /dev/tty.usbserial-B003BNCD   Received: L1,0000018481
2024-11-05 15:58:01.243 : SN 7122 : Sent: L1x   To: /dev/tty.usbserial-B003BNCD   Received: L1,0000018481
2024-11-05 15:58:01.291 : SN 7122 : Sent: L40000018480x   To: /dev/tty.usbserial-B003BNCD   Received: L4,24-11-05 3 15:57:05,13.38, 006.7C,227,1
2024-11-05 15:58:01.323 : SN 7122 : Sent: Lcx   To: /dev/tty.usbserial-B003BNCD   Received: Lc,24-11-05 3 15:58:00
2024-11-05 15:58:01.327 : SN 7122 : Real Time Clock difference: 1
2024-11-05 15:58:01.355 : SN 7122 : Sent: Ldx   To: /dev/tty.usbserial-B003BNCD   Received: Ld,1
2024-11-05 15:58:01.387 : SN 7122 : Sent: L1x   To: /dev/tty.usbserial-B003BNCD   Received: L1,0000018481
2024-11-05 15:58:01.419 : SN 7122 : Sent: L1x   To: /dev/tty.usbserial-B003BNCD   Received: L1,0000018481
2024-11-05 15:58:01.467 : SN 7122 : Sent: L40000000000x   To: /dev/tty.usbserial-B003BNCD   Received: L4,24-09-02 2 11:40:37,09.65, 024.8C,228,0
2024-11-05 15:58:05.803 : SN 7122 : Sent: L1x   To: /dev/tty.usbserial-B003BNCD   Received: L1,0000018481
2024-11-05 15:58:09.309 : SN 7122 : DL binary retrieve initiated.
2024-11-05 15:58:09.355 : SN 7122 : Sent: Lmx   To: /dev/tty.usbserial-B003BNCD   Received: LM,2
2024-11-05 15:58:09.387 : SN 7122 : Sent: ix   To: /dev/tty.usbserial-B003BNCD   Received: i,00000004,00000006,00000082,00007122
2024-11-05 15:58:09.419 : SN 7122 : Sent: rx   To: /dev/tty.usbserial-B003BNCD   Received: r, 15.83m,0000000044Hz,0000010626c,0000000.023s, 006.7C
2024-11-05 15:58:09.451 : SN 7122 : Sent: cx   To: /dev/tty.usbserial-B003BNCD   Received: c,00000019.93m,0000300.000s, 018.6C,00000008.71m, 019.0C
2024-11-05 15:58:09.483 : SN 7122 : Sent: Ix   To: /dev/tty.usbserial-B003BNCD   Received: 0000000000s,0000000000s,00000000.00m,00000000.00m
2024-11-05 15:58:09.515 : SN 7122 : Sent: Lcx   To: /dev/tty.usbserial-B003BNCD   Received: Lc,24-11-05 3 15:58:09
2024-11-05 15:58:09.557 : SN 7122 : Sent: LIx   To: /dev/tty.usbserial-B003BNCD   Received: LI,0000000000s,0000000005m,0000000000s,0000000005m,00000000.00m,
2024-11-05 15:58:09.573 : SN 7122 : 18481 Packets 16 bytes long.
2024-12-09 10:59:57.633 : SN 7122 : Sent: m0x   To: /dev/tty.usbserial-B003BNCD   Received: m0,255
2024-12-09 10:59:57.665 : SN 7122 : Sent: m1x   To: /dev/tty.usbserial-B003BNCD   Received: m1,255
2024-12-09 10:59:57.697 : SN 7122 : Sent: m2x   To: /dev/tty.usbserial-B003BNCD   Received: m2,255
2024-12-09 10:59:57.729 : SN 7122 : Sent: Lvx   To: /dev/tty.usbserial-B003BNCD   Received: Lv,2
2024-12-09 10:59:57.732 : SN 7122 : ContCheck(Yx)
2024-12-09 10:59:57.760 : SN 7122 : Sent: Yx   To: /dev/tty.usbserial-B003BNCD   Received: Yrcpu
2024-12-09 10:59:57.825 : SN 7122 : Sent: A5x   To: /dev/tty.usbserial-B003BNCD   Received: A5,0,d
2024-12-09 10:59:57.916 : SN 7122 : Sent: LIx   To: /dev/tty.usbserial-B003BNCD   Received: LI,0000000000s,0000000005m,0000000000s,0000000005m,00000000.00m,
2024-12-09 10:59:57.947 : SN 7122 : Sent: Lmx   To: /dev/tty.usbserial-B003BNCD   Received: LM,2
2024-12-09 10:59:57.980 : SN 7122 : Sent: LZx   To: /dev/tty.usbserial-B003BNCD   Received: LZ,0001048576
2024-12-09 10:59:58.012 : SN 7122 : Sent: L1x   To: /dev/tty.usbserial-B003BNCD   Received: L1,0000028213
2024-12-09 10:59:58.044 : SN 7122 : Sent: L1x   To: /dev/tty.usbserial-B003BNCD   Received: L1,0000028213
2024-12-09 10:59:58.092 : SN 7122 : Sent: L40000028212x   To: /dev/tty.usbserial-B003BNCD   Received: L4,24-12-09 2 10:56:05,00.00, 004.5C,227,1
2024-12-09 10:59:58.124 : SN 7122 : Sent: Lcx   To: /dev/tty.usbserial-B003BNCD   Received: Lc,24-12-09 2 10:59:56
2024-12-09 10:59:58.128 : SN 7122 : Real Time Clock difference: 2
2024-12-09 10:59:58.156 : SN 7122 : Sent: Ldx   To: /dev/tty.usbserial-B003BNCD   Received: Ld,1
2024-12-09 10:59:58.187 : SN 7122 : Sent: LD1x   To: /dev/tty.usbserial-B003BNCD   Received: Ld,1
2024-12-09 10:59:58.204 : SN 7122 : Sent: Ldx   To: /dev/tty.usbserial-B003BNCD   Received: Ld,1
2024-12-09 10:59:58.237 : SN 7122 : CheckLockVisibility()
2024-12-09 10:59:58.284 : SN 7122 : Sent: Ix   To: /dev/tty.usbserial-B003BNCD   Received: 0000000000s,0000000000s,00000000.00m,00000000.00m
2024-12-09 10:59:58.288 : SN 7122 : ParseReportInterval response: 0000000000s,0000000000s,00000000.00m,00000000.00m
2024-12-09 10:59:58.297 : SN 7122 : GetVersion result: i,00000004,00000006,00000082,00007122
2024-12-09 10:59:58.300 : SN 7122 : Reading Interval Settings: 0000000000s,0000000000s,00000000.00m,00000000.00m
2024-12-09 10:59:58.331 : SN 7122 : Sent: rx   To: /dev/tty.usbserial-B003BNCD   Received: r, 09.19m,0000019764Hz,0000000000c,0000000.000s, 003.8C
2024-12-09 11:00:01.308 : SN 7122 : Sent: LIx   To: /dev/tty.usbserial-B003BNCD   Received: LI,0000000000s,0000000005m,0000000000s,0000000005m,00000000.00m,
2024-12-09 11:00:01.404 : SN 7122 : Sent: Lmx   To: /dev/tty.usbserial-B003BNCD   Received: LM,2
2024-12-09 11:00:01.436 : SN 7122 : Sent: LZx   To: /dev/tty.usbserial-B003BNCD   Received: LZ,0001048576
2024-12-09 11:00:01.468 : SN 7122 : Sent: L1x   To: /dev/tty.usbserial-B003BNCD   Received: L1,0000028213
2024-12-09 11:00:01.500 : SN 7122 : Sent: L1x   To: /dev/tty.usbserial-B003BNCD   Received: L1,0000028213
2024-12-09 11:00:01.548 : SN 7122 : Sent: L40000028212x   To: /dev/tty.usbserial-B003BNCD   Received: L4,24-12-09 2 10:56:05,00.00, 004.5C,227,1
2024-12-09 11:00:01.580 : SN 7122 : Sent: Lcx   To: /dev/tty.usbserial-B003BNCD   Received: Lc,24-12-09 2 10:59:59
2024-12-09 11:00:01.584 : SN 7122 : Real Time Clock difference: 2
2024-12-09 11:00:01.612 : SN 7122 : Sent: Ldx   To: /dev/tty.usbserial-B003BNCD   Received: Ld,1
2024-12-09 11:00:01.644 : SN 7122 : Sent: L1x   To: /dev/tty.usbserial-B003BNCD   Received: L1,0000028213
2024-12-09 11:00:01.676 : SN 7122 : Sent: L1x   To: /dev/tty.usbserial-B003BNCD   Received: L1,0000028213
2024-12-09 11:00:01.724 : SN 7122 : Sent: L40000000000x   To: /dev/tty.usbserial-B003BNCD   Received: L4,24-09-02 2 11:40:37,09.65, 024.8C,228,0
2024-12-09 11:00:04.491 : SN 7122 : Sent: L1x   To: /dev/tty.usbserial-B003BNCD   Received: L1,0000028213
2024-12-09 11:00:07.190 : SN 7122 : DL binary retrieve initiated.
2024-12-09 11:00:07.227 : SN 7122 : Sent: Lmx   To: /dev/tty.usbserial-B003BNCD   Received: LM,2
2024-12-09 11:00:07.259 : SN 7122 : Sent: ix   To: /dev/tty.usbserial-B003BNCD   Received: i,00000004,00000006,00000082,00007122
2024-12-09 11:00:07.291 : SN 7122 : Sent: rx   To: /dev/tty.usbserial-B003BNCD   Received: r, 09.21m,0000019362Hz,0000000000c,0000000.000s, 003.8C
2024-12-09 11:00:07.323 : SN 7122 : Sent: cx   To: /dev/tty.usbserial-B003BNCD   Received: c,00000019.93m,0000300.000s, 018.6C,00000008.71m, 019.0C
2024-12-09 11:00:07.355 : SN 7122 : Sent: Ix   To: /dev/tty.usbserial-B003BNCD   Received: 0000000000s,0000000000s,00000000.00m,00000000.00m
2024-12-09 11:00:07.387 : SN 7122 : Sent: Lcx   To: /dev/tty.usbserial-B003BNCD   Received: Lc,24-12-09 2 11:00:05
2024-12-09 11:00:07.429 : SN 7122 : Sent: LIx   To: /dev/tty.usbserial-B003BNCD   Received: LI,0000000000s,0000000005m,0000000000s,0000000005m,00000000.00m,
2024-12-09 11:00:07.445 : SN 7122 : 28213 Packets 16 bytes long.
2025-01-03 11:26:17.482 : SN 7122 : Sent: m0x   To: /dev/tty.usbserial-B003BNCD   Received: m0,255
2025-01-03 11:26:17.514 : SN 7122 : Sent: m1x   To: /dev/tty.usbserial-B003BNCD   Received: m1,255
2025-01-03 11:26:17.546 : SN 7122 : Sent: m2x   To: /dev/tty.usbserial-B003BNCD   Received: m2,255
2025-01-03 11:26:17.578 : SN 7122 : Sent: Lvx   To: /dev/tty.usbserial-B003BNCD   Received: Lv,2
2025-01-03 11:26:17.582 : SN 7122 : ContCheck(Yx)
2025-01-03 11:26:17.610 : SN 7122 : Sent: Yx   To: /dev/tty.usbserial-B003BNCD   Received: Yrcpu
2025-01-03 11:26:17.674 : SN 7122 : Sent: A5x   To: /dev/tty.usbserial-B003BNCD   Received: A5,0,d
2025-01-03 11:26:17.762 : SN 7122 : Sent: LIx   To: /dev/tty.usbserial-B003BNCD   Received: LI,0000000000s,0000000005m,0000000000s,0000000005m,00000000.00m,
2025-01-03 11:26:17.794 : SN 7122 : Sent: Lmx   To: /dev/tty.usbserial-B003BNCD   Received: LM,2
2025-01-03 11:26:17.826 : SN 7122 : Sent: LZx   To: /dev/tty.usbserial-B003BNCD   Received: LZ,0001048576
2025-01-03 11:26:17.858 : SN 7122 : Sent: L1x   To: /dev/tty.usbserial-B003BNCD   Received: L1,0000035418
2025-01-03 11:26:17.890 : SN 7122 : Sent: L1x   To: /dev/tty.usbserial-B003BNCD   Received: L1,0000035418
2025-01-03 11:26:17.938 : SN 7122 : Sent: L40000035417x   To: /dev/tty.usbserial-B003BNCD   Received: L4,25-01-03 6 11:24:05,00.00, 000.9C,227,1
2025-01-03 11:26:17.970 : SN 7122 : Sent: Lcx   To: /dev/tty.usbserial-B003BNCD   Received: Lc,25-01-03 6 11:26:14
2025-01-03 11:26:17.972 : SN 7122 : Real Time Clock difference: 3
2025-01-03 11:26:17.986 : SN 7122 : Sent: Ldx   To: /dev/tty.usbserial-B003BNCD   Received: Ld,1
2025-01-03 11:26:18.018 : SN 7122 : Sent: LD1x   To: /dev/tty.usbserial-B003BNCD   Received: Ld,1
2025-01-03 11:26:18.034 : SN 7122 : Sent: Ldx   To: /dev/tty.usbserial-B003BNCD   Received: Ld,1
2025-01-03 11:26:18.069 : SN 7122 : CheckLockVisibility()
2025-01-03 11:26:18.130 : SN 7122 : Sent: Ix   To: /dev/tty.usbserial-B003BNCD   Received: 0000000000s,0000000000s,00000000.00m,00000000.00m
2025-01-03 11:26:18.134 : SN 7122 : ParseReportInterval response: 0000000000s,0000000000s,00000000.00m,00000000.00m
2025-01-03 11:26:18.142 : SN 7122 : GetVersion result: i,00000004,00000006,00000082,00007122
2025-01-03 11:26:18.143 : SN 7122 : Reading Interval Settings: 0000000000s,0000000000s,00000000.00m,00000000.00m
2025-01-03 11:26:18.178 : SN 7122 : Sent: rx   To: /dev/tty.usbserial-B003BNCD   Received: r, 09.20m,0000019553Hz,0000000000c,0000000.000s, 000.6C
2025-01-03 11:26:23.169 : SN 7122 : Sent: m0x   To: /dev/tty.usbserial-B003BNCD   Received: m0,255
2025-01-03 11:26:23.201 : SN 7122 : Sent: m1x   To: /dev/tty.usbserial-B003BNCD   Received: m1,255
2025-01-03 11:26:23.233 : SN 7122 : Sent: m2x   To: /dev/tty.usbserial-B003BNCD   Received: m2,255
2025-01-03 11:26:23.265 : SN 7122 : Sent: Lvx   To: /dev/tty.usbserial-B003BNCD   Received: Lv,2
2025-01-03 11:26:23.268 : SN 7122 : ContCheck(Yx)
2025-01-03 11:26:23.281 : SN 7122 : Sent: Yx   To: /dev/tty.usbserial-B003BNCD   Received: Yrcpu
2025-01-03 11:26:23.297 : SN 7122 : Sent: A5x   To: /dev/tty.usbserial-B003BNCD   Received: A5,0,d
2025-01-03 11:26:23.360 : SN 7122 : Sent: LIx   To: /dev/tty.usbserial-B003BNCD   Received: LI,0000000000s,0000000005m,0000000000s,0000000005m,00000000.00m,
2025-01-03 11:26:23.392 : SN 7122 : Sent: Lmx   To: /dev/tty.usbserial-B003BNCD   Received: LM,2
2025-01-03 11:26:23.424 : SN 7122 : Sent: LZx   To: /dev/tty.usbserial-B003BNCD   Received: LZ,0001048576
2025-01-03 11:26:23.440 : SN 7122 : Sent: L1x   To: /dev/tty.usbserial-B003BNCD   Received: L1,0000035418
2025-01-03 11:26:23.456 : SN 7122 : Sent: L1x   To: /dev/tty.usbserial-B003BNCD   Received: L1,0000035418
2025-01-03 11:26:23.504 : SN 7122 : Sent: L40000035417x   To: /dev/tty.usbserial-B003BNCD   Received: L4,25-01-03 6 11:24:05,00.00, 000.9C,227,1
2025-01-03 11:26:23.536 : SN 7122 : Sent: Lcx   To: /dev/tty.usbserial-B003BNCD   Received: Lc,25-01-03 6 11:26:20
2025-01-03 11:26:23.540 : SN 7122 : Real Time Clock difference: 3
2025-01-03 11:26:23.568 : SN 7122 : Sent: Ldx   To: /dev/tty.usbserial-B003BNCD   Received: Ld,1
2025-01-03 11:26:23.619 : SN 7122 : CheckLockVisibility()
2025-01-03 11:26:23.680 : SN 7122 : Sent: Ix   To: /dev/tty.usbserial-B003BNCD   Received: 0000000000s,0000000000s,00000000.00m,00000000.00m
2025-01-03 11:26:23.683 : SN 7122 : ParseReportInterval response: 0000000000s,0000000000s,00000000.00m,00000000.00m
2025-01-03 11:26:23.688 : SN 7122 : GetVersion result: i,00000004,00000006,00000082,00007122
2025-01-03 11:26:23.689 : SN 7122 : Reading Interval Settings: 0000000000s,0000000000s,00000000.00m,00000000.00m
2025-01-03 11:26:23.728 : SN 7122 : Sent: rx   To: /dev/tty.usbserial-B003BNCD   Received: r, 09.17m,0000020222Hz,0000000000c,0000000.000s, 000.6C
2025-01-03 11:26:42.745 : SN 7122 : Sent: LIx   To: /dev/tty.usbserial-B003BNCD   Received: LI,0000000000s,0000000005m,0000000000s,0000000005m,00000000.00m,
2025-01-03 11:26:42.824 : SN 7122 : Sent: Lmx   To: /dev/tty.usbserial-B003BNCD   Received: LM,2
2025-01-03 11:26:42.840 : SN 7122 : Sent: LZx   To: /dev/tty.usbserial-B003BNCD   Received: LZ,0001048576
2025-01-03 11:26:42.873 : SN 7122 : Sent: L1x   To: /dev/tty.usbserial-B003BNCD   Received: L1,0000035418
2025-01-03 11:26:42.905 : SN 7122 : Sent: L1x   To: /dev/tty.usbserial-B003BNCD   Received: L1,0000035418
2025-01-03 11:26:42.952 : SN 7122 : Sent: L40000035417x   To: /dev/tty.usbserial-B003BNCD   Received: L4,25-01-03 6 11:24:05,00.00, 000.9C,227,1
2025-01-03 11:26:42.984 : SN 7122 : Sent: Lcx   To: /dev/tty.usbserial-B003BNCD   Received: Lc,25-01-03 6 11:26:39
2025-01-03 11:26:42.988 : SN 7122 : Real Time Clock difference: 3
2025-01-03 11:26:43.017 : SN 7122 : Sent: Ldx   To: /dev/tty.usbserial-B003BNCD   Received: Ld,1
2025-01-03 11:26:43.048 : SN 7122 : Sent: L1x   To: /dev/tty.usbserial-B003BNCD   Received: L1,0000035418
2025-01-03 11:26:43.080 : SN 7122 : Sent: L1x   To: /dev/tty.usbserial-B003BNCD   Received: L1,0000035418
2025-01-03 11:26:43.128 : SN 7122 : Sent: L40000000000x   To: /dev/tty.usbserial-B003BNCD   Received: L4,24-09-02 2 11:40:37,09.65, 024.8C,228,0
2025-01-03 11:26:46.185 : SN 7122 : Sent: L1x   To: /dev/tty.usbserial-B003BNCD   Received: L1,0000035418
2025-01-03 11:26:50.978 : SN 7122 : DL binary retrieve initiated.
2025-01-03 11:26:51.032 : SN 7122 : Sent: Lmx   To: /dev/tty.usbserial-B003BNCD   Received: LM,2
2025-01-03 11:26:51.064 : SN 7122 : Sent: ix   To: /dev/tty.usbserial-B003BNCD   Received: i,00000004,00000006,00000082,00007122
2025-01-03 11:26:51.096 : SN 7122 : Sent: rx   To: /dev/tty.usbserial-B003BNCD   Received: r, 09.28m,0000018188Hz,0000000000c,0000000.000s, 000.6C
2025-01-03 11:26:51.128 : SN 7122 : Sent: cx   To: /dev/tty.usbserial-B003BNCD   Received: c,00000019.93m,0000300.000s, 018.6C,00000008.71m, 019.0C
2025-01-03 11:26:51.160 : SN 7122 : Sent: Ix   To: /dev/tty.usbserial-B003BNCD   Received: 0000000000s,0000000000s,00000000.00m,00000000.00m
2025-01-03 11:26:51.192 : SN 7122 : Sent: Lcx   To: /dev/tty.usbserial-B003BNCD   Received: Lc,25-01-03 6 11:26:47
2025-01-03 11:26:51.235 : SN 7122 : Sent: LIx   To: /dev/tty.usbserial-B003BNCD   Received: LI,0000000000s,0000000005m,0000000000s,0000000005m,00000000.00m,
2025-01-03 11:26:51.251 : SN 7122 : 35418 Packets 16 bytes long.
2025-02-06 17:57:17.957 : SN 7122 : Sent: m0x   To: /dev/cu.usbserial-B003BNCD   Received: m0,255
2025-02-06 17:57:17.988 : SN 7122 : Sent: m1x   To: /dev/cu.usbserial-B003BNCD   Received: m1,255
2025-02-06 17:57:18.020 : SN 7122 : Sent: m2x   To: /dev/cu.usbserial-B003BNCD   Received: m2,255
2025-02-06 17:57:18.052 : SN 7122 : Sent: Lvx   To: /dev/cu.usbserial-B003BNCD   Received: Lv,2
2025-02-06 17:57:18.055 : SN 7122 : ContCheck(Yx)
2025-02-06 17:57:18.084 : SN 7122 : Sent: Yx   To: /dev/cu.usbserial-B003BNCD   Received: Yrcpu
2025-02-06 17:57:18.148 : SN 7122 : Sent: A5x   To: /dev/cu.usbserial-B003BNCD   Received: A5,0,d
2025-02-06 17:57:18.224 : SN 7122 : Sent: LIx   To: /dev/cu.usbserial-B003BNCD   Received: LI,0000000000s,0000000005m,0000000000s,0000000005m,00000000.00m,
2025-02-06 17:57:18.256 : SN 7122 : Sent: Lmx   To: /dev/cu.usbserial-B003BNCD   Received: LM,2
2025-02-06 17:57:18.288 : SN 7122 : Sent: LZx   To: /dev/cu.usbserial-B003BNCD   Received: LZ,0001048576
2025-02-06 17:57:18.320 : SN 7122 : Sent: L1x   To: /dev/cu.usbserial-B003BNCD   Received: L1,0000045288
2025-02-06 17:57:18.352 : SN 7122 : Sent: L1x   To: /dev/cu.usbserial-B003BNCD   Received: L1,0000045288
2025-02-06 17:57:18.400 : SN 7122 : Sent: L40000045287x   To: /dev/cu.usbserial-B003BNCD   Received: L4,25-02-06 5 17:56:05,13.42, 002.2C,226,1
2025-02-06 17:57:18.432 : SN 7122 : Sent: Lcx   To: /dev/cu.usbserial-B003BNCD   Received: Lc,25-02-06 5 17:57:12
2025-02-06 17:57:18.435 : SN 7122 : Real Time Clock difference: 6
2025-02-06 17:57:18.448 : SN 7122 : Sent: Ldx   To: /dev/cu.usbserial-B003BNCD   Received: Ld,1
2025-02-06 17:57:18.464 : SN 7122 : Sent: LD1x   To: /dev/cu.usbserial-B003BNCD   Received: Ld,1
2025-02-06 17:57:18.496 : SN 7122 : Sent: Ldx   To: /dev/cu.usbserial-B003BNCD   Received: Ld,1
2025-02-06 17:57:18.525 : SN 7122 : CheckLockVisibility()
2025-02-06 17:57:18.561 : SN 7122 : Sent: Ix   To: /dev/cu.usbserial-B003BNCD   Received: 0000000000s,0000000000s,00000000.00m,00000000.00m
2025-02-06 17:57:18.564 : SN 7122 : ParseReportInterval response: 0000000000s,0000000000s,00000000.00m,00000000.00m
2025-02-06 17:57:18.572 : SN 7122 : GetVersion result: i,00000004,00000006,00000082,00007122
2025-02-06 17:57:18.575 : SN 7122 : Reading Interval Settings: 0000000000s,0000000000s,00000000.00m,00000000.00m
2025-02-06 17:57:18.608 : SN 7122 : Sent: rx   To: /dev/cu.usbserial-B003BNCD   Received: r, 11.81m,0000001771Hz,0000000000c,0000000.000s, 002.9C
2025-02-06 17:57:34.885 : SN 7122 : Sent: LIx   To: /dev/cu.usbserial-B003BNCD   Received: LI,0000000000s,0000000005m,0000000000s,0000000005m,00000000.00m,
2025-02-06 17:57:34.996 : SN 7122 : Sent: Lmx   To: /dev/cu.usbserial-B003BNCD   Received: LM,2
2025-02-06 17:57:35.028 : SN 7122 : Sent: LZx   To: /dev/cu.usbserial-B003BNCD   Received: LZ,0001048576
2025-02-06 17:57:35.061 : SN 7122 : Sent: L1x   To: /dev/cu.usbserial-B003BNCD   Received: L1,0000045288
2025-02-06 17:57:35.092 : SN 7122 : Sent: L1x   To: /dev/cu.usbserial-B003BNCD   Received: L1,0000045288
2025-02-06 17:57:35.141 : SN 7122 : Sent: L40000045287x   To: /dev/cu.usbserial-B003BNCD   Received: L4,25-02-06 5 17:56:05,13.42, 002.2C,226,1
2025-02-06 17:57:35.173 : SN 7122 : Sent: Lcx   To: /dev/cu.usbserial-B003BNCD   Received: Lc,25-02-06 5 17:57:29
2025-02-06 17:57:35.179 : SN 7122 : Real Time Clock difference: 6
2025-02-06 17:57:35.205 : SN 7122 : Sent: Ldx   To: /dev/cu.usbserial-B003BNCD   Received: Ld,1
2025-02-06 17:57:35.237 : SN 7122 : Sent: L1x   To: /dev/cu.usbserial-B003BNCD   Received: L1,0000045288
2025-02-06 17:57:35.269 : SN 7122 : Sent: L1x   To: /dev/cu.usbserial-B003BNCD   Received: L1,0000045288
2025-02-06 17:57:35.317 : SN 7122 : Sent: L40000000000x   To: /dev/cu.usbserial-B003BNCD   Received: L4,24-09-02 2 11:40:37,09.65, 024.8C,228,0
2025-02-06 17:57:36.901 : SN 7122 : Sent: L1x   To: /dev/cu.usbserial-B003BNCD   Received: L1,0000045288
2025-02-06 17:57:43.262 : SN 7122 : DL binary retrieve initiated.
2025-02-06 17:57:43.299 : SN 7122 : Sent: Lmx   To: /dev/cu.usbserial-B003BNCD   Received: LM,2
2025-02-06 17:57:43.331 : SN 7122 : Sent: ix   To: /dev/cu.usbserial-B003BNCD   Received: i,00000004,00000006,00000082,00007122
2025-02-06 17:57:43.363 : SN 7122 : Sent: rx   To: /dev/cu.usbserial-B003BNCD   Received: r, 11.84m,0000001725Hz,0000000000c,0000000.000s, 003.5C
2025-02-06 17:57:43.395 : SN 7122 : Sent: cx   To: /dev/cu.usbserial-B003BNCD   Received: c,00000019.93m,0000300.000s, 018.6C,00000008.71m, 019.0C
2025-02-06 17:57:43.427 : SN 7122 : Sent: Ix   To: /dev/cu.usbserial-B003BNCD   Received: 0000000000s,0000000000s,00000000.00m,00000000.00m
2025-02-06 17:57:43.459 : SN 7122 : Sent: Lcx   To: /dev/cu.usbserial-B003BNCD   Received: Lc,25-02-06 5 17:57:37
2025-02-06 17:57:43.475 : SN 7122 : Sent: Lmx   To: /dev/cu.usbserial-B003BNCD   Received: LM,2
2025-02-06 17:57:43.515 : SN 7122 : Sent: LIx   To: /dev/cu.usbserial-B003BNCD   Received: LI,0000000000s,0000000005m,0000000000s,0000000005m,00000000.00m,
2025-02-06 17:57:43.531 : SN 7122 : 45288 Packets 16 bytes long.
2025-02-06 18:03:49.136 : SN 7122 : Error receiving data: Timeout during operation at record #: 41907
2025-02-06 18:03:58.594 : SN 7122 : Sent: Lmx   To: /dev/cu.usbserial-B003BNCD   Received: Error: Timeout during operation
2025-02-06 18:04:31.954 : SN 7122 : Sent: Lmx   To: /dev/cu.usbserial-B003BNCD   Received: LM,2
2025-02-06 18:04:32.002 : SN 7122 : Sent: ix   To: /dev/cu.usbserial-B003BNCD   Received: i,00000004,00000006,00000082,00007122
2025-02-06 18:04:32.034 : SN 7122 : Sent: rx   To: /dev/cu.usbserial-B003BNCD   Received: r, 12.61m,0000000844Hz,0000000000c,0000000.000s, 011.9C
2025-02-06 18:04:32.066 : SN 7122 : Sent: cx   To: /dev/cu.usbserial-B003BNCD   Received: c,00000019.93m,0000300.000s, 018.6C,00000008.71m, 019.0C
2025-02-06 18:04:32.099 : SN 7122 : Sent: Ix   To: /dev/cu.usbserial-B003BNCD   Received: 0000000000s,0000000000s,00000000.00m,00000000.00m
2025-02-06 18:04:32.130 : SN 7122 : Sent: Lcx   To: /dev/cu.usbserial-B003BNCD   Received: Lc,25-02-06 5 18:04:26
2025-02-06 18:04:32.146 : SN 7122 : Sent: Lmx   To: /dev/cu.usbserial-B003BNCD   Received: LM,2
2025-02-06 18:04:32.186 : SN 7122 : Sent: LIx   To: /dev/cu.usbserial-B003BNCD   Received: LI,0000000000s,0000000005m,0000000000s,0000000004m,00000000.00m,
2025-02-06 18:04:32.190 : SN 7122 : DLRetrieveRange: End record was -1, set to 45288
2025-02-06 18:04:57.140 : SN 7122 : DL Retrieve cancelled.
2025-02-06 18:04:57.141 : SN 7122 : Retrieved all ASCII
2025-02-06 18:04:59.777 : SN 7122 : Sent: Lmx   To: /dev/cu.usbserial-B003BNCD   Received: LM,2
2025-02-06 18:04:59.825 : SN 7122 : Sent: ix   To: /dev/cu.usbserial-B003BNCD   Received: i,00000004,00000006,00000082,00007122
2025-02-06 18:04:59.857 : SN 7122 : Sent: rx   To: /dev/cu.usbserial-B003BNCD   Received: r, 12.62m,0000000840Hz,0000000000c,0000000.000s, 012.2C
2025-02-06 18:04:59.889 : SN 7122 : Sent: cx   To: /dev/cu.usbserial-B003BNCD   Received: c,00000019.93m,0000300.000s, 018.6C,00000008.71m, 019.0C
2025-02-06 18:04:59.921 : SN 7122 : Sent: Ix   To: /dev/cu.usbserial-B003BNCD   Received: 0000000000s,0000000000s,00000000.00m,00000000.00m
2025-02-06 18:04:59.953 : SN 7122 : Sent: Lcx   To: /dev/cu.usbserial-B003BNCD   Received: Lc,25-02-06 5 18:04:54
2025-02-06 18:04:59.985 : SN 7122 : Sent: Lmx   To: /dev/cu.usbserial-B003BNCD   Received: LM,2
2025-02-06 18:05:00.027 : SN 7122 : Sent: LIx   To: /dev/cu.usbserial-B003BNCD   Received: LI,0000000000s,0000000005m,0000000000s,0000000004m,00000000.00m,
2025-02-06 18:05:00.032 : SN 7122 : DLRetrieveRange: End record was -1, set to 45288
2025-02-06 18:05:21.884 : SN 7122 : DL Retrieve cancelled.
2025-02-06 18:05:21.894 : SN 7122 : Retrieved range ASCII: 42000 to -1
