2025-01-22 16:40:08.239 : SN 7111 : Sent: m0x   To: /dev/tty.usbserial-B003BNDG   Received: m0,255
2025-01-22 16:40:08.270 : SN 7111 : Sent: m1x   To: /dev/tty.usbserial-B003BNDG   Received: m1,255
2025-01-22 16:40:08.302 : SN 7111 : Sent: m2x   To: /dev/tty.usbserial-B003BNDG   Received: m2,255
2025-01-22 16:40:08.318 : SN 7111 : Sent: Lvx   To: /dev/tty.usbserial-B003BNDG   Received: Lv,2
2025-01-22 16:40:08.320 : SN 7111 : ContCheck(Yx)
2025-01-22 16:40:08.334 : SN 7111 : Sent: Yx   To: /dev/tty.usbserial-B003BNDG   Received: Yrcpu
2025-01-22 16:40:08.399 : SN 7111 : Sent: A5x   To: /dev/tty.usbserial-B003BNDG   Received: A5,0,d
2025-01-22 16:40:08.467 : SN 7111 : Sent: LIx   To: /dev/tty.usbserial-B003BNDG   Received: LI,0000000000s,0000000255m,0000000000s,0000000208m,00000000.00m,
2025-01-22 16:40:08.500 : SN 7111 : Sent: Lmx   To: /dev/tty.usbserial-B003BNDG   Received: LM,3
2025-01-22 16:40:08.532 : SN 7111 : Sent: LZx   To: /dev/tty.usbserial-B003BNDG   Received: LZ,0001048576
2025-01-22 16:40:08.563 : SN 7111 : Sent: L1x   To: /dev/tty.usbserial-B003BNDG   Received: L1,0000000351
2025-01-22 16:40:08.596 : SN 7111 : Sent: Lcx   To: /dev/tty.usbserial-B003BNDG   Received: Lc,00-01-01 1 00:01:20
2025-01-22 16:40:08.602 : SN 7111 : Real Time Clock difference: 790879128
2025-01-22 16:40:08.627 : SN 7111 : Sent: Ldx   To: /dev/tty.usbserial-B003BNDG   Received: Ld,1
2025-01-22 16:40:08.660 : SN 7111 : Sent: LD1x   To: /dev/tty.usbserial-B003BNDG   Received: Ld,1
2025-01-22 16:40:08.691 : SN 7111 : Sent: Ldx   To: /dev/tty.usbserial-B003BNDG   Received: Ld,1
2025-01-22 16:40:08.719 : SN 7111 : CheckLockVisibility()
2025-01-22 16:40:08.771 : SN 7111 : Sent: Ix   To: /dev/tty.usbserial-B003BNDG   Received: 0000000000s,0000000000s,00000000.00m,00000000.00m
2025-01-22 16:40:08.774 : SN 7111 : ParseReportInterval response: 0000000000s,0000000000s,00000000.00m,00000000.00m
2025-01-22 16:40:08.782 : SN 7111 : GetVersion result: i,00000004,00000006,00000082,00007111
2025-01-22 16:40:08.782 : SN 7111 : Reading Interval Settings: 0000000000s,0000000000s,00000000.00m,00000000.00m
2025-01-22 16:40:08.819 : SN 7111 : Sent: rx   To: /dev/tty.usbserial-B003BNDG   Received: r, 12.86m,0000000679Hz,0000000000c,0000000.000s, 022.5C
2025-01-22 16:40:16.770 : SN 7111 : Sent: LIx   To: /dev/tty.usbserial-B003BNDG   Received: LI,0000000000s,0000000255m,0000000000s,0000000208m,00000000.00m,
2025-01-22 16:40:16.850 : SN 7111 : Sent: Lmx   To: /dev/tty.usbserial-B003BNDG   Received: LM,3
2025-01-22 16:40:16.882 : SN 7111 : Sent: LZx   To: /dev/tty.usbserial-B003BNDG   Received: LZ,0001048576
2025-01-22 16:40:16.914 : SN 7111 : Sent: L1x   To: /dev/tty.usbserial-B003BNDG   Received: L1,0000000351
2025-01-22 16:40:16.946 : SN 7111 : Sent: Lcx   To: /dev/tty.usbserial-B003BNDG   Received: Lc,00-01-01 1 00:01:28
2025-01-22 16:40:16.950 : SN 7111 : Real Time Clock difference: 790879128
2025-01-22 16:40:16.978 : SN 7111 : Sent: Ldx   To: /dev/tty.usbserial-B003BNDG   Received: Ld,1
2025-01-22 16:40:17.011 : SN 7111 : Sent: L1x   To: /dev/tty.usbserial-B003BNDG   Received: L1,0000000351
2025-01-22 16:40:17.042 : SN 7111 : Sent: L1x   To: /dev/tty.usbserial-B003BNDG   Received: L1,0000000351
2025-01-22 16:40:17.090 : SN 7111 : Sent: L40000000000x   To: /dev/tty.usbserial-B003BNDG   Received: L4,00-01-01 1 00:00:00,11.91, 016.4C,201,0
2025-01-22 16:40:18.914 : SN 7111 : Sent: L1x   To: /dev/tty.usbserial-B003BNDG   Received: L1,0000000351
2025-01-22 16:40:23.012 : SN 7111 : DL binary retrieve initiated.
2025-01-22 16:40:23.059 : SN 7111 : Sent: Lmx   To: /dev/tty.usbserial-B003BNDG   Received: LM,3
2025-01-22 16:41:33.410 : SN 7111 : DL binary retrieve initiated.
2025-01-22 16:41:33.460 : SN 7111 : Sent: Lmx   To: /dev/tty.usbserial-B003BNDG   Received: LM,3
2025-01-22 16:41:33.492 : SN 7111 : Sent: ix   To: /dev/tty.usbserial-B003BNDG   Received: i,00000004,00000006,00000082,00007111
2025-01-22 16:41:33.524 : SN 7111 : Sent: rx   To: /dev/tty.usbserial-B003BNDG   Received: r, 12.26m,0000001186Hz,0000000000c,0000000.000s, 022.5C
2025-01-22 16:41:33.556 : SN 7111 : Sent: cx   To: /dev/tty.usbserial-B003BNDG   Received: c,00000019.94m,0000145.855s, 018.6C,00000008.71m, 018.3C
2025-01-22 16:41:33.588 : SN 7111 : Sent: Ix   To: /dev/tty.usbserial-B003BNDG   Received: 0000000000s,0000000000s,00000000.00m,00000000.00m
2025-01-22 16:41:33.620 : SN 7111 : Sent: Lcx   To: /dev/tty.usbserial-B003BNDG   Received: Lc,00-01-01 1 00:02:45
2025-01-22 16:41:33.662 : SN 7111 : Sent: LIx   To: /dev/tty.usbserial-B003BNDG   Received: LI,0000000000s,0000000255m,0000000000s,0000000208m,00000000.00m,
2025-01-22 16:41:33.678 : SN 7111 : 351 Packets 16 bytes long.
2025-01-22 16:42:45.124 : SN 7111 : DL Trigger mode button changed.
2025-01-22 16:42:45.162 : SN 7111 : Sent: Lmx   To: /dev/tty.usbserial-B003BNDG   Received: LM,3
2025-01-22 16:42:45.194 : SN 7111 : Sent: LM2x   To: /dev/tty.usbserial-B003BNDG   Received: LM,2
2025-01-22 16:42:45.198 : SN 7111 : Set trigger mode to value 2
2025-01-22 16:43:08.443 : SN 7111 : Sent: LPM0000000005x   To: /dev/tty.usbserial-B003BNDG   Received: LP,M0000000000s,0000000005m,0000000000s,0000000005m,00000000.00m,
2025-01-22 16:43:40.258 : SN 7111 : Sent: LPM0000000005x   To: /dev/tty.usbserial-B003BNDG   Received: LP,M0000000000s,0000000005m,0000000000s,0000000005m,00000000.00m,
