2025-03-08 17:11:48.265 : UDM Started. Local time: 2025-03-08 18:11:48
2025-03-08 17:11:48.767 : Looking for .goto files here: /Applications/udm.app/Contents/Resources//*.goto
2025-03-08 17:11:48.770 : 0: default.goto
2025-03-08 17:11:49.051 : UDM Version: 1.0.0.358
2025-03-08 17:11:49.052 : Operating system: MacOSX (Darwin)
2025-03-08 17:11:49.052 : Started at: 2025-03-08 18:11:49
2025-03-08 17:11:49.052 : Started as:  /Applications/udm.app/Contents/MacOS/udm
2025-03-08 17:11:49.053 : ConfigFilePath: /Users/pietdraiby//Documents/udm/udm.cfg
2025-03-08 17:11:49.057 : Press the Version or Reading button to see results from the selected device.
2025-03-08 17:11:49.078 : Finished USB search. Found 1 matches
2025-03-08 17:11:49.078 : Looking for Ethernet connections on this machine.
2025-03-08 17:11:49.078 : This machine uses IP: 0.0.0.0 , will use a broadcast to: 255.255.255.255
2025-03-08 17:11:51.080 : Finished looking for Ethernet devices.
2025-03-08 17:11:51.097 : Getting InstrumentIDs.
2025-03-08 17:11:51.104 : Populated FoundDevices window.
2025-03-08 17:11:51.105 : Press the Version or Reading button to see results from the selected device.
2025-03-08 17:11:51.106 : ItemSelected: row 0.
2025-03-08 17:11:51.109 : USB SN: 001XNU8 Device: /dev/cu.usbserial-B001XNU8 has been selected.
2025-03-08 17:11:51.127 : Only one device found, selecting it.
2025-03-08 17:11:51.127 : Press the Version or Reading button to see results from the selected device.
2025-03-08 17:11:51.129 : ItemSelected: row 0.
2025-03-08 17:11:51.131 : USB SN: 001XNU8 Device: /dev/cu.usbserial-B001XNU8 has been selected.
2025-03-08 17:11:51.131 : GetVersion called.
2025-03-08 17:11:51.168 : Sent: ix   To: /dev/cu.usbserial-B001XNU8   Received: i,00000004,00000006,00000084,00006851
2025-03-08 17:11:56.855 : Press the Version or Reading button to see results from the selected device.
2025-03-08 17:11:56.888 : Finished USB search. Found 1 matches
2025-03-08 17:11:56.888 : Looking for Ethernet connections on this machine.
2025-03-08 17:11:56.889 : This machine uses IP: 0.0.0.0 , will use a broadcast to: 255.255.255.255
2025-03-08 17:11:58.891 : Finished looking for Ethernet devices.
2025-03-08 17:11:58.924 : Getting InstrumentIDs.
2025-03-08 17:11:58.932 : Populated FoundDevices window.
2025-03-08 17:11:58.954 : Press the Version or Reading button to see results from the selected device.
2025-03-08 17:11:58.979 : ItemSelected: row 0.
2025-03-08 17:11:58.993 : USB SN: 001XNU8 Device: /dev/cu.usbserial-B001XNU8 has been selected.
2025-03-08 17:11:58.994 : Only one device found, selecting it.
2025-03-08 17:11:58.994 : Press the Version or Reading button to see results from the selected device.
2025-03-08 17:11:58.996 : ItemSelected: row 0.
2025-03-08 17:11:59.006 : USB SN: 001XNU8 Device: /dev/cu.usbserial-B001XNU8 has been selected.
2025-03-08 17:11:59.007 : GetVersion called.
2025-03-08 17:11:59.037 : Sent: ix   To: /dev/cu.usbserial-B001XNU8   Received: i,00000004,00000006,00000084,00006851
